[5.939s] Invoking command in '/home/yvxaiver/f1tenth_ws/src/f1tenth_system/planned_path': PYTHONPATH=/home/yvxaiver/f1tenth_ws/install/planned_path/lib/python3.8/site-packages:${PYTHONPATH} /usr/bin/python3 setup.py egg_info --egg-base ../../../build/planned_path build --build-base /home/yvxaiver/f1tenth_ws/build/planned_path/build install --prefix /home/yvxaiver/f1tenth_ws/install/planned_path --record /home/yvxaiver/f1tenth_ws/build/planned_path/install.log --single-version-externally-managed
[7.118s] running egg_info
[7.120s] writing ../../../build/planned_path/planned_path.egg-info/PKG-INFO
[7.124s] writing dependency_links to ../../../build/planned_path/planned_path.egg-info/dependency_links.txt
[7.124s] writing entry points to ../../../build/planned_path/planned_path.egg-info/entry_points.txt
[7.137s] writing requirements to ../../../build/planned_path/planned_path.egg-info/requires.txt
[7.139s] writing top-level names to ../../../build/planned_path/planned_path.egg-info/top_level.txt
[7.305s] reading manifest file '../../../build/planned_path/planned_path.egg-info/SOURCES.txt'
[7.312s] writing manifest file '../../../build/planned_path/planned_path.egg-info/SOURCES.txt'
[7.313s] running build
[7.313s] running build_py
[7.321s] running install
[7.322s] running install_lib
[7.328s] running install_data
[7.330s] running install_egg_info
[7.338s] removing '/home/yvxaiver/f1tenth_ws/install/planned_path/lib/python3.8/site-packages/planned_path-0.0.0-py3.8.egg-info' (and everything under it)
[7.339s] Copying ../../../build/planned_path/planned_path.egg-info to /home/yvxaiver/f1tenth_ws/install/planned_path/lib/python3.8/site-packages/planned_path-0.0.0-py3.8.egg-info
[7.344s] running install_scripts
[7.406s] Installing ppath script to /home/yvxaiver/f1tenth_ws/install/planned_path/lib/planned_path
[7.410s] writing list of installed files to '/home/yvxaiver/f1tenth_ws/build/planned_path/install.log'
[7.509s] Invoked command in '/home/yvxaiver/f1tenth_ws/src/f1tenth_system/planned_path' returned '0': PYTHONPATH=/home/yvxaiver/f1tenth_ws/install/planned_path/lib/python3.8/site-packages:${PYTHONPATH} /usr/bin/python3 setup.py egg_info --egg-base ../../../build/planned_path build --build-base /home/yvxaiver/f1tenth_ws/build/planned_path/build install --prefix /home/yvxaiver/f1tenth_ws/install/planned_path --record /home/yvxaiver/f1tenth_ws/build/planned_path/install.log --single-version-externally-managed
