[5.151s] Invoking command in '/home/yvxaiver/f1tenth_ws/src/f1tenth_system/f1tenth_stack': AMENT_PREFIX_PATH=/home/yvxaiver/f1tenth_ws/install/joy_teleop:/home/yvxaiver/f1tenth_ws/install/f1tenth_stack:/home/yvxaiver/f1tenth_ws/install/vesc:/home/yvxaiver/f1tenth_ws/install/vesc_driver:/home/yvxaiver/f1tenth_ws/install/vesc_ackermann:/home/yvxaiver/f1tenth_ws/install/vesc_msgs:/home/yvxaiver/f1tenth_ws/install/teleop_tools:/home/yvxaiver/f1tenth_ws/install/teleop_tools_msgs:/home/yvxaiver/f1tenth_ws/install/planned_path:/home/yvxaiver/f1tenth_ws/install/mouse_teleop:/home/yvxaiver/f1tenth_ws/install/key_teleop:/home/yvxaiver/f1tenth_ws/install/ackermann_mux:/opt/ros/foxy CMAKE_PREFIX_PATH=/home/yvxaiver/f1tenth_ws/install/vesc:/home/yvxaiver/f1tenth_ws/install/vesc_driver:/home/yvxaiver/f1tenth_ws/install/vesc_ackermann:/home/yvxaiver/f1tenth_ws/install/vesc_msgs:/home/yvxaiver/f1tenth_ws/install/teleop_tools_msgs:/home/yvxaiver/f1tenth_ws/install/ackermann_mux:/home/yvxaiver/f1tenth_ws/install/teleop_tools LD_LIBRARY_PATH=/home/yvxaiver/f1tenth_ws/install/vesc_driver/lib:/home/yvxaiver/f1tenth_ws/install/vesc_ackermann/lib:/home/yvxaiver/f1tenth_ws/install/vesc_msgs/lib:/home/yvxaiver/f1tenth_ws/install/teleop_tools_msgs/lib:/opt/ros/foxy/opt/yaml_cpp_vendor/lib:/opt/ros/foxy/opt/rviz_ogre_vendor/lib:/opt/ros/foxy/lib/aarch64-linux-gnu:/opt/ros/foxy/lib:/usr/local/cuda-11.4/lib64 PYTHONPATH=/home/yvxaiver/f1tenth_ws/install/f1tenth_stack/lib/python3.8/site-packages:/home/yvxaiver/f1tenth_ws/install/joy_teleop/lib/python3.8/site-packages:/home/yvxaiver/f1tenth_ws/install/vesc_msgs/lib/python3.8/site-packages:/home/yvxaiver/f1tenth_ws/install/teleop_tools_msgs/lib/python3.8/site-packages:/home/yvxaiver/f1tenth_ws/install/f1tenth_stack/lib/python3.8/site-packages:/home/yvxaiver/f1tenth_ws/install/planned_path/lib/python3.8/site-packages:/home/yvxaiver/f1tenth_ws/install/mouse_teleop/lib/python3.8/site-packages:/home/yvxaiver/f1tenth_ws/install/key_teleop/lib/python3.8/site-packages:/opt/ros/foxy/lib/python3.8/site-packages /usr/bin/python3 setup.py egg_info --egg-base ../../../build/f1tenth_stack build --build-base /home/yvxaiver/f1tenth_ws/build/f1tenth_stack/build install --prefix /home/yvxaiver/f1tenth_ws/install/f1tenth_stack --record /home/yvxaiver/f1tenth_ws/build/f1tenth_stack/install.log --single-version-externally-managed
[6.461s] running egg_info
[6.465s] writing ../../../build/f1tenth_stack/f1tenth_stack.egg-info/PKG-INFO
[6.468s] writing dependency_links to ../../../build/f1tenth_stack/f1tenth_stack.egg-info/dependency_links.txt
[6.470s] writing entry points to ../../../build/f1tenth_stack/f1tenth_stack.egg-info/entry_points.txt
[6.471s] writing requirements to ../../../build/f1tenth_stack/f1tenth_stack.egg-info/requires.txt
[6.472s] writing top-level names to ../../../build/f1tenth_stack/f1tenth_stack.egg-info/top_level.txt
[6.662s] reading manifest file '../../../build/f1tenth_stack/f1tenth_stack.egg-info/SOURCES.txt'
[6.670s] writing manifest file '../../../build/f1tenth_stack/f1tenth_stack.egg-info/SOURCES.txt'
[6.672s] running build
[6.673s] running build_py
[6.676s] running install
[6.680s] running install_lib
[6.688s] running install_data
[6.692s] running install_egg_info
[6.702s] removing '/home/yvxaiver/f1tenth_ws/install/f1tenth_stack/lib/python3.8/site-packages/f1tenth_stack-0.0.1-py3.8.egg-info' (and everything under it)
[6.703s] Copying ../../../build/f1tenth_stack/f1tenth_stack.egg-info to /home/yvxaiver/f1tenth_ws/install/f1tenth_stack/lib/python3.8/site-packages/f1tenth_stack-0.0.1-py3.8.egg-info
[6.712s] running install_scripts
[6.810s] Installing tf_publisher script to /home/yvxaiver/f1tenth_ws/install/f1tenth_stack/lib/f1tenth_stack
[6.814s] Installing throttle_interpolator script to /home/yvxaiver/f1tenth_ws/install/f1tenth_stack/lib/f1tenth_stack
[6.822s] writing list of installed files to '/home/yvxaiver/f1tenth_ws/build/f1tenth_stack/install.log'
[6.970s] Invoked command in '/home/yvxaiver/f1tenth_ws/src/f1tenth_system/f1tenth_stack' returned '0': AMENT_PREFIX_PATH=/home/yvxaiver/f1tenth_ws/install/joy_teleop:/home/yvxaiver/f1tenth_ws/install/f1tenth_stack:/home/yvxaiver/f1tenth_ws/install/vesc:/home/yvxaiver/f1tenth_ws/install/vesc_driver:/home/yvxaiver/f1tenth_ws/install/vesc_ackermann:/home/yvxaiver/f1tenth_ws/install/vesc_msgs:/home/yvxaiver/f1tenth_ws/install/teleop_tools:/home/yvxaiver/f1tenth_ws/install/teleop_tools_msgs:/home/yvxaiver/f1tenth_ws/install/planned_path:/home/yvxaiver/f1tenth_ws/install/mouse_teleop:/home/yvxaiver/f1tenth_ws/install/key_teleop:/home/yvxaiver/f1tenth_ws/install/ackermann_mux:/opt/ros/foxy CMAKE_PREFIX_PATH=/home/yvxaiver/f1tenth_ws/install/vesc:/home/yvxaiver/f1tenth_ws/install/vesc_driver:/home/yvxaiver/f1tenth_ws/install/vesc_ackermann:/home/yvxaiver/f1tenth_ws/install/vesc_msgs:/home/yvxaiver/f1tenth_ws/install/teleop_tools_msgs:/home/yvxaiver/f1tenth_ws/install/ackermann_mux:/home/yvxaiver/f1tenth_ws/install/teleop_tools LD_LIBRARY_PATH=/home/yvxaiver/f1tenth_ws/install/vesc_driver/lib:/home/yvxaiver/f1tenth_ws/install/vesc_ackermann/lib:/home/yvxaiver/f1tenth_ws/install/vesc_msgs/lib:/home/yvxaiver/f1tenth_ws/install/teleop_tools_msgs/lib:/opt/ros/foxy/opt/yaml_cpp_vendor/lib:/opt/ros/foxy/opt/rviz_ogre_vendor/lib:/opt/ros/foxy/lib/aarch64-linux-gnu:/opt/ros/foxy/lib:/usr/local/cuda-11.4/lib64 PYTHONPATH=/home/yvxaiver/f1tenth_ws/install/f1tenth_stack/lib/python3.8/site-packages:/home/yvxaiver/f1tenth_ws/install/joy_teleop/lib/python3.8/site-packages:/home/yvxaiver/f1tenth_ws/install/vesc_msgs/lib/python3.8/site-packages:/home/yvxaiver/f1tenth_ws/install/teleop_tools_msgs/lib/python3.8/site-packages:/home/yvxaiver/f1tenth_ws/install/f1tenth_stack/lib/python3.8/site-packages:/home/yvxaiver/f1tenth_ws/install/planned_path/lib/python3.8/site-packages:/home/yvxaiver/f1tenth_ws/install/mouse_teleop/lib/python3.8/site-packages:/home/yvxaiver/f1tenth_ws/install/key_teleop/lib/python3.8/site-packages:/opt/ros/foxy/lib/python3.8/site-packages /usr/bin/python3 setup.py egg_info --egg-base ../../../build/f1tenth_stack build --build-base /home/yvxaiver/f1tenth_ws/build/f1tenth_stack/build install --prefix /home/yvxaiver/f1tenth_ws/install/f1tenth_stack --record /home/yvxaiver/f1tenth_ws/build/f1tenth_stack/install.log --single-version-externally-managed
