[0.526s] Invoking command in '/home/yvxaiver/Desktop/f1tenth_ws/build/teleop_tools_msgs': CMAKE_PREFIX_PATH=${CMAKE_PREFIX_PATH}:/home/yvxaiver/f1tenth_ws/install/f1tenth_stack:/home/yvxaiver/f1tenth_ws/install/joy_teleop:/home/yvxaiver/f1tenth_ws/install/planned_path:/home/yvxaiver/f1tenth_ws/install/mouse_teleop:/home/yvxaiver/f1tenth_ws/install/lanenet_driver:/home/yvxaiver/f1tenth_ws/install/key_teleop:/home/yvxaiver/camera_ws/install/lanenet_postprocess:/home/yvxaiver/camera_ws/install/image_processor:/home/yvxaiver/camera_ws/install/inv_mux:/opt/ros/foxy /usr/bin/cmake --build /home/yvxaiver/Desktop/f1tenth_ws/build/teleop_tools_msgs -- -j6 -l6
[5.735s] [  3%] Built target teleop_tools_msgs__cpp
[5.746s] [ 12%] Built target teleop_tools_msgs__rosidl_generator_c
[5.747s] [ 22%] Built target teleop_tools_msgs__rosidl_typesupport_c
[5.747s] [ 32%] Built target teleop_tools_msgs__rosidl_typesupport_fastrtps_cpp
[5.748s] [ 41%] Built target teleop_tools_msgs__rosidl_typesupport_cpp
[5.751s] [ 51%] Built target teleop_tools_msgs__rosidl_typesupport_introspection_cpp
[5.751s] [ 61%] Built target teleop_tools_msgs__rosidl_typesupport_introspection_c
[5.752s] [ 70%] Built target teleop_tools_msgs__rosidl_typesupport_fastrtps_c
[5.752s] [ 70%] Built target teleop_tools_msgs
[5.753s] [ 74%] Built target teleop_tools_msgs__py
[5.753s] [ 80%] Built target teleop_tools_msgs__python
[5.753s] [ 87%] Built target teleop_tools_msgs__rosidl_typesupport_fastrtps_c__pyext
[5.754s] [ 93%] Built target teleop_tools_msgs__rosidl_typesupport_introspection_c__pyext
[5.754s] [100%] Built target teleop_tools_msgs__rosidl_typesupport_c__pyext
[5.774s] Invoked command in '/home/yvxaiver/Desktop/f1tenth_ws/build/teleop_tools_msgs' returned '0': CMAKE_PREFIX_PATH=${CMAKE_PREFIX_PATH}:/home/yvxaiver/f1tenth_ws/install/f1tenth_stack:/home/yvxaiver/f1tenth_ws/install/joy_teleop:/home/yvxaiver/f1tenth_ws/install/planned_path:/home/yvxaiver/f1tenth_ws/install/mouse_teleop:/home/yvxaiver/f1tenth_ws/install/lanenet_driver:/home/yvxaiver/f1tenth_ws/install/key_teleop:/home/yvxaiver/camera_ws/install/lanenet_postprocess:/home/yvxaiver/camera_ws/install/image_processor:/home/yvxaiver/camera_ws/install/inv_mux:/opt/ros/foxy /usr/bin/cmake --build /home/yvxaiver/Desktop/f1tenth_ws/build/teleop_tools_msgs -- -j6 -l6
[6.431s] Invoking command in '/home/yvxaiver/Desktop/f1tenth_ws/build/teleop_tools_msgs': CMAKE_PREFIX_PATH=${CMAKE_PREFIX_PATH}:/home/yvxaiver/f1tenth_ws/install/f1tenth_stack:/home/yvxaiver/f1tenth_ws/install/joy_teleop:/home/yvxaiver/f1tenth_ws/install/planned_path:/home/yvxaiver/f1tenth_ws/install/mouse_teleop:/home/yvxaiver/f1tenth_ws/install/lanenet_driver:/home/yvxaiver/f1tenth_ws/install/key_teleop:/home/yvxaiver/camera_ws/install/lanenet_postprocess:/home/yvxaiver/camera_ws/install/image_processor:/home/yvxaiver/camera_ws/install/inv_mux:/opt/ros/foxy /usr/bin/cmake --install /home/yvxaiver/Desktop/f1tenth_ws/build/teleop_tools_msgs
[6.529s] -- Install configuration: ""
[6.530s] -- Up-to-date: /home/yvxaiver/Desktop/f1tenth_ws/install/teleop_tools_msgs/share/ament_index/resource_index/rosidl_interfaces/teleop_tools_msgs
[6.532s] -- Up-to-date: /home/yvxaiver/Desktop/f1tenth_ws/install/teleop_tools_msgs/include/teleop_tools_msgs
[6.533s] -- Up-to-date: /home/yvxaiver/Desktop/f1tenth_ws/install/teleop_tools_msgs/include/teleop_tools_msgs/action
[6.534s] -- Up-to-date: /home/yvxaiver/Desktop/f1tenth_ws/install/teleop_tools_msgs/include/teleop_tools_msgs/action/increment.h
[6.534s] -- Up-to-date: /home/yvxaiver/Desktop/f1tenth_ws/install/teleop_tools_msgs/include/teleop_tools_msgs/action/detail
[6.535s] -- Up-to-date: /home/yvxaiver/Desktop/f1tenth_ws/install/teleop_tools_msgs/include/teleop_tools_msgs/action/detail/increment__functions.c
[6.551s] -- Up-to-date: /home/yvxaiver/Desktop/f1tenth_ws/install/teleop_tools_msgs/include/teleop_tools_msgs/action/detail/increment__functions.h
[6.552s] -- Up-to-date: /home/yvxaiver/Desktop/f1tenth_ws/install/teleop_tools_msgs/include/teleop_tools_msgs/action/detail/increment__type_support.h
[6.553s] -- Up-to-date: /home/yvxaiver/Desktop/f1tenth_ws/install/teleop_tools_msgs/include/teleop_tools_msgs/action/detail/increment__struct.h
[6.554s] -- Up-to-date: /home/yvxaiver/Desktop/f1tenth_ws/install/teleop_tools_msgs/include/teleop_tools_msgs/msg
[6.555s] -- Up-to-date: /home/yvxaiver/Desktop/f1tenth_ws/install/teleop_tools_msgs/include/teleop_tools_msgs/msg/rosidl_generator_c__visibility_control.h
[6.555s] -- Up-to-date: /home/yvxaiver/Desktop/f1tenth_ws/install/teleop_tools_msgs/share/teleop_tools_msgs/environment/library_path.sh
[6.556s] -- Up-to-date: /home/yvxaiver/Desktop/f1tenth_ws/install/teleop_tools_msgs/share/teleop_tools_msgs/environment/library_path.dsv
[6.556s] -- Up-to-date: /home/yvxaiver/Desktop/f1tenth_ws/install/teleop_tools_msgs/lib/libteleop_tools_msgs__rosidl_generator_c.so
[6.557s] -- Up-to-date: /home/yvxaiver/Desktop/f1tenth_ws/install/teleop_tools_msgs/include/teleop_tools_msgs
[6.557s] -- Up-to-date: /home/yvxaiver/Desktop/f1tenth_ws/install/teleop_tools_msgs/include/teleop_tools_msgs/action
[6.558s] -- Up-to-date: /home/yvxaiver/Desktop/f1tenth_ws/install/teleop_tools_msgs/include/teleop_tools_msgs/action/detail
[6.558s] -- Up-to-date: /home/yvxaiver/Desktop/f1tenth_ws/install/teleop_tools_msgs/include/teleop_tools_msgs/action/detail/increment__rosidl_typesupport_fastrtps_c.h
[6.559s] -- Up-to-date: /home/yvxaiver/Desktop/f1tenth_ws/install/teleop_tools_msgs/include/teleop_tools_msgs/msg
[6.561s] -- Up-to-date: /home/yvxaiver/Desktop/f1tenth_ws/install/teleop_tools_msgs/include/teleop_tools_msgs/msg/rosidl_typesupport_fastrtps_c__visibility_control.h
[6.562s] -- Up-to-date: /home/yvxaiver/Desktop/f1tenth_ws/install/teleop_tools_msgs/lib/libteleop_tools_msgs__rosidl_typesupport_fastrtps_c.so
[6.564s] -- Up-to-date: /home/yvxaiver/Desktop/f1tenth_ws/install/teleop_tools_msgs/include/teleop_tools_msgs
[6.564s] -- Up-to-date: /home/yvxaiver/Desktop/f1tenth_ws/install/teleop_tools_msgs/include/teleop_tools_msgs/action
[6.565s] -- Up-to-date: /home/yvxaiver/Desktop/f1tenth_ws/install/teleop_tools_msgs/include/teleop_tools_msgs/action/detail
[6.565s] -- Up-to-date: /home/yvxaiver/Desktop/f1tenth_ws/install/teleop_tools_msgs/include/teleop_tools_msgs/action/detail/increment__rosidl_typesupport_fastrtps_cpp.hpp
[6.566s] -- Up-to-date: /home/yvxaiver/Desktop/f1tenth_ws/install/teleop_tools_msgs/include/teleop_tools_msgs/action/detail/dds_fastrtps
[6.566s] -- Up-to-date: /home/yvxaiver/Desktop/f1tenth_ws/install/teleop_tools_msgs/include/teleop_tools_msgs/msg
[6.567s] -- Up-to-date: /home/yvxaiver/Desktop/f1tenth_ws/install/teleop_tools_msgs/include/teleop_tools_msgs/msg/rosidl_typesupport_fastrtps_cpp__visibility_control.h
[6.567s] -- Up-to-date: /home/yvxaiver/Desktop/f1tenth_ws/install/teleop_tools_msgs/lib/libteleop_tools_msgs__rosidl_typesupport_fastrtps_cpp.so
[6.568s] -- Up-to-date: /home/yvxaiver/Desktop/f1tenth_ws/install/teleop_tools_msgs/include/teleop_tools_msgs
[6.568s] -- Up-to-date: /home/yvxaiver/Desktop/f1tenth_ws/install/teleop_tools_msgs/include/teleop_tools_msgs/action
[6.569s] -- Up-to-date: /home/yvxaiver/Desktop/f1tenth_ws/install/teleop_tools_msgs/include/teleop_tools_msgs/action/detail
[6.569s] -- Up-to-date: /home/yvxaiver/Desktop/f1tenth_ws/install/teleop_tools_msgs/include/teleop_tools_msgs/action/detail/increment__rosidl_typesupport_introspection_c.h
[6.569s] -- Up-to-date: /home/yvxaiver/Desktop/f1tenth_ws/install/teleop_tools_msgs/include/teleop_tools_msgs/action/detail/increment__type_support.c
[6.572s] -- Up-to-date: /home/yvxaiver/Desktop/f1tenth_ws/install/teleop_tools_msgs/include/teleop_tools_msgs/msg
[6.573s] -- Up-to-date: /home/yvxaiver/Desktop/f1tenth_ws/install/teleop_tools_msgs/include/teleop_tools_msgs/msg/rosidl_typesupport_introspection_c__visibility_control.h
[6.573s] -- Up-to-date: /home/yvxaiver/Desktop/f1tenth_ws/install/teleop_tools_msgs/lib/libteleop_tools_msgs__rosidl_typesupport_introspection_c.so
[6.574s] -- Up-to-date: /home/yvxaiver/Desktop/f1tenth_ws/install/teleop_tools_msgs/lib/libteleop_tools_msgs__rosidl_typesupport_c.so
[6.574s] -- Up-to-date: /home/yvxaiver/Desktop/f1tenth_ws/install/teleop_tools_msgs/include/teleop_tools_msgs
[6.575s] -- Up-to-date: /home/yvxaiver/Desktop/f1tenth_ws/install/teleop_tools_msgs/include/teleop_tools_msgs/action
[6.576s] -- Up-to-date: /home/yvxaiver/Desktop/f1tenth_ws/install/teleop_tools_msgs/include/teleop_tools_msgs/action/detail
[6.576s] -- Up-to-date: /home/yvxaiver/Desktop/f1tenth_ws/install/teleop_tools_msgs/include/teleop_tools_msgs/action/detail/increment__traits.hpp
[6.577s] -- Up-to-date: /home/yvxaiver/Desktop/f1tenth_ws/install/teleop_tools_msgs/include/teleop_tools_msgs/action/detail/increment__type_support.hpp
[6.577s] -- Up-to-date: /home/yvxaiver/Desktop/f1tenth_ws/install/teleop_tools_msgs/include/teleop_tools_msgs/action/detail/increment__struct.hpp
[6.578s] -- Up-to-date: /home/yvxaiver/Desktop/f1tenth_ws/install/teleop_tools_msgs/include/teleop_tools_msgs/action/detail/increment__builder.hpp
[6.578s] -- Up-to-date: /home/yvxaiver/Desktop/f1tenth_ws/install/teleop_tools_msgs/include/teleop_tools_msgs/action/increment.hpp
[6.578s] -- Up-to-date: /home/yvxaiver/Desktop/f1tenth_ws/install/teleop_tools_msgs/include/teleop_tools_msgs/msg
[6.580s] -- Up-to-date: /home/yvxaiver/Desktop/f1tenth_ws/install/teleop_tools_msgs/include/teleop_tools_msgs/msg/rosidl_generator_cpp__visibility_control.hpp
[6.581s] -- Up-to-date: /home/yvxaiver/Desktop/f1tenth_ws/install/teleop_tools_msgs/include/teleop_tools_msgs
[6.581s] -- Up-to-date: /home/yvxaiver/Desktop/f1tenth_ws/install/teleop_tools_msgs/include/teleop_tools_msgs/action
[6.581s] -- Up-to-date: /home/yvxaiver/Desktop/f1tenth_ws/install/teleop_tools_msgs/include/teleop_tools_msgs/action/detail
[6.582s] -- Up-to-date: /home/yvxaiver/Desktop/f1tenth_ws/install/teleop_tools_msgs/include/teleop_tools_msgs/action/detail/increment__type_support.cpp
[6.582s] -- Up-to-date: /home/yvxaiver/Desktop/f1tenth_ws/install/teleop_tools_msgs/include/teleop_tools_msgs/action/detail/increment__rosidl_typesupport_introspection_cpp.hpp
[6.583s] -- Up-to-date: /home/yvxaiver/Desktop/f1tenth_ws/install/teleop_tools_msgs/lib/libteleop_tools_msgs__rosidl_typesupport_introspection_cpp.so
[6.583s] -- Up-to-date: /home/yvxaiver/Desktop/f1tenth_ws/install/teleop_tools_msgs/lib/libteleop_tools_msgs__rosidl_typesupport_cpp.so
[6.584s] -- Up-to-date: /home/yvxaiver/Desktop/f1tenth_ws/install/teleop_tools_msgs/share/teleop_tools_msgs/environment/pythonpath.sh
[6.584s] -- Up-to-date: /home/yvxaiver/Desktop/f1tenth_ws/install/teleop_tools_msgs/share/teleop_tools_msgs/environment/pythonpath.dsv
[6.584s] -- Up-to-date: /home/yvxaiver/Desktop/f1tenth_ws/install/teleop_tools_msgs/lib/python3.8/site-packages/teleop_tools_msgs/__init__.py
[6.826s] -- Up-to-date: /home/yvxaiver/Desktop/f1tenth_ws/install/teleop_tools_msgs/lib/python3.8/site-packages/teleop_tools_msgs/action
[6.827s] -- Up-to-date: /home/yvxaiver/Desktop/f1tenth_ws/install/teleop_tools_msgs/lib/python3.8/site-packages/teleop_tools_msgs/action/__init__.py
[6.828s] -- Up-to-date: /home/yvxaiver/Desktop/f1tenth_ws/install/teleop_tools_msgs/lib/python3.8/site-packages/teleop_tools_msgs/action/_increment.py
[6.829s] -- Up-to-date: /home/yvxaiver/Desktop/f1tenth_ws/install/teleop_tools_msgs/lib/python3.8/site-packages/teleop_tools_msgs/action/_increment_s.c
[6.829s] -- Up-to-date: /home/yvxaiver/Desktop/f1tenth_ws/install/teleop_tools_msgs/lib/python3.8/site-packages/teleop_tools_msgs/teleop_tools_msgs_s__rosidl_typesupport_fastrtps_c.cpython-38-aarch64-linux-gnu.so
[6.830s] -- Up-to-date: /home/yvxaiver/Desktop/f1tenth_ws/install/teleop_tools_msgs/lib/python3.8/site-packages/teleop_tools_msgs/teleop_tools_msgs_s__rosidl_typesupport_introspection_c.cpython-38-aarch64-linux-gnu.so
[6.831s] -- Up-to-date: /home/yvxaiver/Desktop/f1tenth_ws/install/teleop_tools_msgs/lib/python3.8/site-packages/teleop_tools_msgs/teleop_tools_msgs_s__rosidl_typesupport_c.cpython-38-aarch64-linux-gnu.so
[6.832s] -- Up-to-date: /home/yvxaiver/Desktop/f1tenth_ws/install/teleop_tools_msgs/lib/libteleop_tools_msgs__python.so
[6.833s] -- Up-to-date: /home/yvxaiver/Desktop/f1tenth_ws/install/teleop_tools_msgs/share/teleop_tools_msgs/action/Increment.idl
[6.835s] -- Up-to-date: /home/yvxaiver/Desktop/f1tenth_ws/install/teleop_tools_msgs/share/teleop_tools_msgs/action/Increment.action
[6.836s] -- Up-to-date: /home/yvxaiver/Desktop/f1tenth_ws/install/teleop_tools_msgs/share/ament_index/resource_index/package_run_dependencies/teleop_tools_msgs
[6.839s] -- Up-to-date: /home/yvxaiver/Desktop/f1tenth_ws/install/teleop_tools_msgs/share/ament_index/resource_index/parent_prefix_path/teleop_tools_msgs
[6.840s] -- Up-to-date: /home/yvxaiver/Desktop/f1tenth_ws/install/teleop_tools_msgs/share/teleop_tools_msgs/environment/ament_prefix_path.sh
[6.840s] -- Up-to-date: /home/yvxaiver/Desktop/f1tenth_ws/install/teleop_tools_msgs/share/teleop_tools_msgs/environment/ament_prefix_path.dsv
[6.841s] -- Up-to-date: /home/yvxaiver/Desktop/f1tenth_ws/install/teleop_tools_msgs/share/teleop_tools_msgs/environment/path.sh
[6.841s] -- Up-to-date: /home/yvxaiver/Desktop/f1tenth_ws/install/teleop_tools_msgs/share/teleop_tools_msgs/environment/path.dsv
[6.842s] -- Up-to-date: /home/yvxaiver/Desktop/f1tenth_ws/install/teleop_tools_msgs/share/teleop_tools_msgs/local_setup.bash
[6.843s] -- Up-to-date: /home/yvxaiver/Desktop/f1tenth_ws/install/teleop_tools_msgs/share/teleop_tools_msgs/local_setup.sh
[6.843s] -- Up-to-date: /home/yvxaiver/Desktop/f1tenth_ws/install/teleop_tools_msgs/share/teleop_tools_msgs/local_setup.zsh
[6.844s] -- Up-to-date: /home/yvxaiver/Desktop/f1tenth_ws/install/teleop_tools_msgs/share/teleop_tools_msgs/local_setup.dsv
[6.844s] -- Installing: /home/yvxaiver/Desktop/f1tenth_ws/install/teleop_tools_msgs/share/teleop_tools_msgs/package.dsv
[6.846s] -- Up-to-date: /home/yvxaiver/Desktop/f1tenth_ws/install/teleop_tools_msgs/share/ament_index/resource_index/packages/teleop_tools_msgs
[6.849s] -- Up-to-date: /home/yvxaiver/Desktop/f1tenth_ws/install/teleop_tools_msgs/share/teleop_tools_msgs/cmake/teleop_tools_msgs__rosidl_generator_cExport.cmake
[6.850s] -- Up-to-date: /home/yvxaiver/Desktop/f1tenth_ws/install/teleop_tools_msgs/share/teleop_tools_msgs/cmake/teleop_tools_msgs__rosidl_generator_cExport-noconfig.cmake
[6.850s] -- Up-to-date: /home/yvxaiver/Desktop/f1tenth_ws/install/teleop_tools_msgs/share/teleop_tools_msgs/cmake/teleop_tools_msgs__rosidl_typesupport_introspection_cExport.cmake
[6.852s] -- Up-to-date: /home/yvxaiver/Desktop/f1tenth_ws/install/teleop_tools_msgs/share/teleop_tools_msgs/cmake/teleop_tools_msgs__rosidl_typesupport_introspection_cExport-noconfig.cmake
[6.853s] -- Up-to-date: /home/yvxaiver/Desktop/f1tenth_ws/install/teleop_tools_msgs/share/teleop_tools_msgs/cmake/teleop_tools_msgs__rosidl_typesupport_cExport.cmake
[6.853s] -- Up-to-date: /home/yvxaiver/Desktop/f1tenth_ws/install/teleop_tools_msgs/share/teleop_tools_msgs/cmake/teleop_tools_msgs__rosidl_typesupport_cExport-noconfig.cmake
[6.854s] -- Up-to-date: /home/yvxaiver/Desktop/f1tenth_ws/install/teleop_tools_msgs/share/teleop_tools_msgs/cmake/teleop_tools_msgs__rosidl_generator_cppExport.cmake
[6.854s] -- Up-to-date: /home/yvxaiver/Desktop/f1tenth_ws/install/teleop_tools_msgs/share/teleop_tools_msgs/cmake/teleop_tools_msgs__rosidl_typesupport_introspection_cppExport.cmake
[6.855s] -- Up-to-date: /home/yvxaiver/Desktop/f1tenth_ws/install/teleop_tools_msgs/share/teleop_tools_msgs/cmake/teleop_tools_msgs__rosidl_typesupport_introspection_cppExport-noconfig.cmake
[6.874s] -- Up-to-date: /home/yvxaiver/Desktop/f1tenth_ws/install/teleop_tools_msgs/share/teleop_tools_msgs/cmake/teleop_tools_msgs__rosidl_typesupport_cppExport.cmake
[6.878s] -- Up-to-date: /home/yvxaiver/Desktop/f1tenth_ws/install/teleop_tools_msgs/share/teleop_tools_msgs/cmake/teleop_tools_msgs__rosidl_typesupport_cppExport-noconfig.cmake
[6.880s] -- Up-to-date: /home/yvxaiver/Desktop/f1tenth_ws/install/teleop_tools_msgs/share/teleop_tools_msgs/cmake/rosidl_cmake-extras.cmake
[6.881s] -- Up-to-date: /home/yvxaiver/Desktop/f1tenth_ws/install/teleop_tools_msgs/share/teleop_tools_msgs/cmake/ament_cmake_export_dependencies-extras.cmake
[6.881s] -- Up-to-date: /home/yvxaiver/Desktop/f1tenth_ws/install/teleop_tools_msgs/share/teleop_tools_msgs/cmake/ament_cmake_export_libraries-extras.cmake
[6.882s] -- Up-to-date: /home/yvxaiver/Desktop/f1tenth_ws/install/teleop_tools_msgs/share/teleop_tools_msgs/cmake/ament_cmake_export_targets-extras.cmake
[6.882s] -- Up-to-date: /home/yvxaiver/Desktop/f1tenth_ws/install/teleop_tools_msgs/share/teleop_tools_msgs/cmake/ament_cmake_export_include_directories-extras.cmake
[6.885s] -- Up-to-date: /home/yvxaiver/Desktop/f1tenth_ws/install/teleop_tools_msgs/share/teleop_tools_msgs/cmake/rosidl_cmake_export_typesupport_libraries-extras.cmake
[6.885s] -- Up-to-date: /home/yvxaiver/Desktop/f1tenth_ws/install/teleop_tools_msgs/share/teleop_tools_msgs/cmake/rosidl_cmake_export_typesupport_targets-extras.cmake
[6.886s] -- Up-to-date: /home/yvxaiver/Desktop/f1tenth_ws/install/teleop_tools_msgs/share/teleop_tools_msgs/cmake/teleop_tools_msgsConfig.cmake
[6.886s] -- Up-to-date: /home/yvxaiver/Desktop/f1tenth_ws/install/teleop_tools_msgs/share/teleop_tools_msgs/cmake/teleop_tools_msgsConfig-version.cmake
[6.887s] -- Up-to-date: /home/yvxaiver/Desktop/f1tenth_ws/install/teleop_tools_msgs/share/teleop_tools_msgs/package.xml
[7.047s] Invoked command in '/home/yvxaiver/Desktop/f1tenth_ws/build/teleop_tools_msgs' returned '0': CMAKE_PREFIX_PATH=${CMAKE_PREFIX_PATH}:/home/yvxaiver/f1tenth_ws/install/f1tenth_stack:/home/yvxaiver/f1tenth_ws/install/joy_teleop:/home/yvxaiver/f1tenth_ws/install/planned_path:/home/yvxaiver/f1tenth_ws/install/mouse_teleop:/home/yvxaiver/f1tenth_ws/install/lanenet_driver:/home/yvxaiver/f1tenth_ws/install/key_teleop:/home/yvxaiver/camera_ws/install/lanenet_postprocess:/home/yvxaiver/camera_ws/install/image_processor:/home/yvxaiver/camera_ws/install/inv_mux:/opt/ros/foxy /usr/bin/cmake --install /home/yvxaiver/Desktop/f1tenth_ws/build/teleop_tools_msgs
