[3.183s] Invoking command in '/home/yvxaiver/f1tenth_ws/src/f1tenth_system/lanenet_driver': PYTHONPATH=/home/yvxaiver/f1tenth_ws/install/lanenet_driver/lib/python3.8/site-packages:${PYTHONPATH} /usr/bin/python3 setup.py egg_info --egg-base ../../../build/lanenet_driver build --build-base /home/yvxaiver/f1tenth_ws/build/lanenet_driver/build install --prefix /home/yvxaiver/f1tenth_ws/install/lanenet_driver --record /home/yvxaiver/f1tenth_ws/build/lanenet_driver/install.log --single-version-externally-managed
[4.328s] running egg_info
[4.328s] writing ../../../build/lanenet_driver/lanenet_driver.egg-info/PKG-INFO
[4.329s] writing dependency_links to ../../../build/lanenet_driver/lanenet_driver.egg-info/dependency_links.txt
[4.330s] writing entry points to ../../../build/lanenet_driver/lanenet_driver.egg-info/entry_points.txt
[4.330s] writing requirements to ../../../build/lanenet_driver/lanenet_driver.egg-info/requires.txt
[4.331s] writing top-level names to ../../../build/lanenet_driver/lanenet_driver.egg-info/top_level.txt
[4.506s] reading manifest file '../../../build/lanenet_driver/lanenet_driver.egg-info/SOURCES.txt'
[4.510s] writing manifest file '../../../build/lanenet_driver/lanenet_driver.egg-info/SOURCES.txt'
[4.512s] running build
[4.513s] running build_py
[4.514s] copying lanenet_driver/lanenet_driver_node.py -> /home/yvxaiver/f1tenth_ws/build/lanenet_driver/build/lib/lanenet_driver
[4.515s] running install
[4.519s] running install_lib
[4.523s] copying /home/yvxaiver/f1tenth_ws/build/lanenet_driver/build/lib/lanenet_driver/lanenet_driver_node.py -> /home/yvxaiver/f1tenth_ws/install/lanenet_driver/lib/python3.8/site-packages/lanenet_driver
[4.527s] byte-compiling /home/yvxaiver/f1tenth_ws/install/lanenet_driver/lib/python3.8/site-packages/lanenet_driver/lanenet_driver_node.py to lanenet_driver_node.cpython-38.pyc
[4.531s] running install_data
[4.533s] running install_egg_info
[4.540s] removing '/home/yvxaiver/f1tenth_ws/install/lanenet_driver/lib/python3.8/site-packages/lanenet_driver-0.0.0-py3.8.egg-info' (and everything under it)
[4.542s] Copying ../../../build/lanenet_driver/lanenet_driver.egg-info to /home/yvxaiver/f1tenth_ws/install/lanenet_driver/lib/python3.8/site-packages/lanenet_driver-0.0.0-py3.8.egg-info
[4.546s] running install_scripts
[4.608s] Installing lanenet_driver_node script to /home/yvxaiver/f1tenth_ws/install/lanenet_driver/lib/lanenet_driver
[4.611s] writing list of installed files to '/home/yvxaiver/f1tenth_ws/build/lanenet_driver/install.log'
[4.707s] Invoked command in '/home/yvxaiver/f1tenth_ws/src/f1tenth_system/lanenet_driver' returned '0': PYTHONPATH=/home/yvxaiver/f1tenth_ws/install/lanenet_driver/lib/python3.8/site-packages:${PYTHONPATH} /usr/bin/python3 setup.py egg_info --egg-base ../../../build/lanenet_driver build --build-base /home/yvxaiver/f1tenth_ws/build/lanenet_driver/build install --prefix /home/yvxaiver/f1tenth_ws/install/lanenet_driver --record /home/yvxaiver/f1tenth_ws/build/lanenet_driver/install.log --single-version-externally-managed
