[10.836s] Invoking command in '/home/yvxaiver/f1tenth_ws/src/f1tenth_system/teleop_tools/key_teleop': PYTHONPATH=/home/yvxaiver/f1tenth_ws/build/key_teleop/prefix_override:/home/yvxaiver/f1tenth_ws/install/key_teleop/lib/python3.8/site-packages:${PYTHONPATH} /usr/bin/python3 setup.py egg_info --egg-base ../../../../build/key_teleop build --build-base /home/yvxaiver/f1tenth_ws/build/key_teleop/build install --record /home/yvxaiver/f1tenth_ws/build/key_teleop/install.log --install-scripts $base/lib/key_teleop --single-version-externally-managed
[13.124s] running egg_info
[13.127s] writing ../../../../build/key_teleop/key_teleop.egg-info/PKG-INFO
[13.129s] writing dependency_links to ../../../../build/key_teleop/key_teleop.egg-info/dependency_links.txt
[13.140s] writing entry points to ../../../../build/key_teleop/key_teleop.egg-info/entry_points.txt
[13.140s] writing requirements to ../../../../build/key_teleop/key_teleop.egg-info/requires.txt
[13.141s] writing top-level names to ../../../../build/key_teleop/key_teleop.egg-info/top_level.txt
[13.385s] reading manifest file '../../../../build/key_teleop/key_teleop.egg-info/SOURCES.txt'
[13.388s] writing manifest file '../../../../build/key_teleop/key_teleop.egg-info/SOURCES.txt'
[13.389s] running build
[13.390s] running build_py
[13.393s] running install
[13.401s] running install_lib
[13.414s] running install_data
[13.416s] running install_egg_info
[13.425s] removing '/home/yvxaiver/f1tenth_ws/install/key_teleop/lib/python3.8/site-packages/key_teleop-0.3.0-py3.8.egg-info' (and everything under it)
[13.426s] Copying ../../../../build/key_teleop/key_teleop.egg-info to /home/yvxaiver/f1tenth_ws/install/key_teleop/lib/python3.8/site-packages/key_teleop-0.3.0-py3.8.egg-info
[13.437s] running install_scripts
[13.523s] Installing key_teleop script to /home/yvxaiver/f1tenth_ws/install/key_teleop/lib/key_teleop
[13.526s] writing list of installed files to '/home/yvxaiver/f1tenth_ws/build/key_teleop/install.log'
[14.017s] Invoked command in '/home/yvxaiver/f1tenth_ws/src/f1tenth_system/teleop_tools/key_teleop' returned '0': PYTHONPATH=/home/yvxaiver/f1tenth_ws/build/key_teleop/prefix_override:/home/yvxaiver/f1tenth_ws/install/key_teleop/lib/python3.8/site-packages:${PYTHONPATH} /usr/bin/python3 setup.py egg_info --egg-base ../../../../build/key_teleop build --build-base /home/yvxaiver/f1tenth_ws/build/key_teleop/build install --record /home/yvxaiver/f1tenth_ws/build/key_teleop/install.log --install-scripts $base/lib/key_teleop --single-version-externally-managed
