[8.845s] Invoking command in '/home/yvxaiver/f1tenth_ws/src/f1tenth_system/teleop_tools/key_teleop': PYTHONPATH=/home/yvxaiver/f1tenth_ws/build/key_teleop/prefix_override:/home/yvxaiver/f1tenth_ws/install/key_teleop/lib/python3.8/site-packages:${PYTHONPATH} /usr/bin/python3 setup.py egg_info --egg-base ../../../../build/key_teleop build --build-base /home/yvxaiver/f1tenth_ws/build/key_teleop/build install --record /home/yvxaiver/f1tenth_ws/build/key_teleop/install.log --install-scripts $base/lib/key_teleop --single-version-externally-managed
[10.422s] running egg_info
[10.426s] writing ../../../../build/key_teleop/key_teleop.egg-info/PKG-INFO
[10.432s] writing dependency_links to ../../../../build/key_teleop/key_teleop.egg-info/dependency_links.txt
[10.433s] writing entry points to ../../../../build/key_teleop/key_teleop.egg-info/entry_points.txt
[10.433s] writing requirements to ../../../../build/key_teleop/key_teleop.egg-info/requires.txt
[10.434s] writing top-level names to ../../../../build/key_teleop/key_teleop.egg-info/top_level.txt
[10.684s] reading manifest file '../../../../build/key_teleop/key_teleop.egg-info/SOURCES.txt'
[10.699s] writing manifest file '../../../../build/key_teleop/key_teleop.egg-info/SOURCES.txt'
[10.700s] running build
[10.700s] running build_py
[10.705s] running install
[10.706s] running install_lib
[10.787s] running install_data
[10.788s] running install_egg_info
[10.790s] removing '/home/yvxaiver/f1tenth_ws/install/key_teleop/lib/python3.8/site-packages/key_teleop-0.3.0-py3.8.egg-info' (and everything under it)
[10.792s] Copying ../../../../build/key_teleop/key_teleop.egg-info to /home/yvxaiver/f1tenth_ws/install/key_teleop/lib/python3.8/site-packages/key_teleop-0.3.0-py3.8.egg-info
[10.799s] running install_scripts
[10.893s] Installing key_teleop script to /home/yvxaiver/f1tenth_ws/install/key_teleop/lib/key_teleop
[10.895s] writing list of installed files to '/home/yvxaiver/f1tenth_ws/build/key_teleop/install.log'
[11.287s] Invoked command in '/home/yvxaiver/f1tenth_ws/src/f1tenth_system/teleop_tools/key_teleop' returned '0': PYTHONPATH=/home/yvxaiver/f1tenth_ws/build/key_teleop/prefix_override:/home/yvxaiver/f1tenth_ws/install/key_teleop/lib/python3.8/site-packages:${PYTHONPATH} /usr/bin/python3 setup.py egg_info --egg-base ../../../../build/key_teleop build --build-base /home/yvxaiver/f1tenth_ws/build/key_teleop/build install --record /home/yvxaiver/f1tenth_ws/build/key_teleop/install.log --install-scripts $base/lib/key_teleop --single-version-externally-managed
