[9.341s] Invoking command in '/home/yvxaiver/f1tenth_ws/src/f1tenth_system/teleop_tools/mouse_teleop': PYTHONPATH=/home/yvxaiver/f1tenth_ws/build/mouse_teleop/prefix_override:/home/yvxaiver/f1tenth_ws/install/mouse_teleop/lib/python3.8/site-packages:${PYTHONPATH} /usr/bin/python3 setup.py egg_info --egg-base ../../../../build/mouse_teleop build --build-base /home/yvxaiver/f1tenth_ws/build/mouse_teleop/build install --record /home/yvxaiver/f1tenth_ws/build/mouse_teleop/install.log --install-scripts $base/lib/mouse_teleop --single-version-externally-managed
[11.189s] running egg_info
[11.192s] writing ../../../../build/mouse_teleop/mouse_teleop.egg-info/PKG-INFO
[11.196s] writing dependency_links to ../../../../build/mouse_teleop/mouse_teleop.egg-info/dependency_links.txt
[11.198s] writing entry points to ../../../../build/mouse_teleop/mouse_teleop.egg-info/entry_points.txt
[11.200s] writing requirements to ../../../../build/mouse_teleop/mouse_teleop.egg-info/requires.txt
[11.202s] writing top-level names to ../../../../build/mouse_teleop/mouse_teleop.egg-info/top_level.txt
[11.495s] reading manifest file '../../../../build/mouse_teleop/mouse_teleop.egg-info/SOURCES.txt'
[11.504s] writing manifest file '../../../../build/mouse_teleop/mouse_teleop.egg-info/SOURCES.txt'
[11.507s] running build
[11.508s] running build_py
[11.514s] running install
[11.520s] running install_lib
[11.532s] running install_data
[11.536s] running install_egg_info
[11.549s] removing '/home/yvxaiver/f1tenth_ws/install/mouse_teleop/lib/python3.8/site-packages/mouse_teleop-0.3.0-py3.8.egg-info' (and everything under it)
[11.552s] Copying ../../../../build/mouse_teleop/mouse_teleop.egg-info to /home/yvxaiver/f1tenth_ws/install/mouse_teleop/lib/python3.8/site-packages/mouse_teleop-0.3.0-py3.8.egg-info
[11.561s] running install_scripts
[11.683s] Installing mouse_teleop script to /home/yvxaiver/f1tenth_ws/install/mouse_teleop/lib/mouse_teleop
[11.685s] writing list of installed files to '/home/yvxaiver/f1tenth_ws/build/mouse_teleop/install.log'
[12.004s] Invoked command in '/home/yvxaiver/f1tenth_ws/src/f1tenth_system/teleop_tools/mouse_teleop' returned '0': PYTHONPATH=/home/yvxaiver/f1tenth_ws/build/mouse_teleop/prefix_override:/home/yvxaiver/f1tenth_ws/install/mouse_teleop/lib/python3.8/site-packages:${PYTHONPATH} /usr/bin/python3 setup.py egg_info --egg-base ../../../../build/mouse_teleop build --build-base /home/yvxaiver/f1tenth_ws/build/mouse_teleop/build install --record /home/yvxaiver/f1tenth_ws/build/mouse_teleop/install.log --install-scripts $base/lib/mouse_teleop --single-version-externally-managed
