[4.329s] Invoking command in '/home/yvxaiver/Desktop/f1tenth_ws/src/f1tenth_system/f1tenth_stack': AMENT_PREFIX_PATH=/home/yvxaiver/Desktop/f1tenth_ws/install/vesc:/home/yvxaiver/Desktop/f1tenth_ws/install/vesc_driver:/home/yvxaiver/Desktop/f1tenth_ws/install/vesc_ackermann:/home/yvxaiver/Desktop/f1tenth_ws/install/joy_teleop:/home/yvxaiver/Desktop/f1tenth_ws/install/vesc_msgs:/home/yvxaiver/Desktop/f1tenth_ws/install/teleop_tools_msgs:/home/yvxaiver/Desktop/f1tenth_ws/install/ackermann_mux:${AMENT_PREFIX_PATH} CMAKE_PREFIX_PATH=/home/yvxaiver/Desktop/f1tenth_ws/install/vesc:/home/yvxaiver/Desktop/f1tenth_ws/install/vesc_driver:/home/yvxaiver/Desktop/f1tenth_ws/install/vesc_ackermann:/home/yvxaiver/Desktop/f1tenth_ws/install/vesc_msgs:/home/yvxaiver/Desktop/f1tenth_ws/install/teleop_tools_msgs:/home/yvxaiver/Desktop/f1tenth_ws/install/ackermann_mux:${CMAKE_PREFIX_PATH} LD_LIBRARY_PATH=/home/yvxaiver/Desktop/f1tenth_ws/install/vesc_driver/lib:/home/yvxaiver/Desktop/f1tenth_ws/install/vesc_ackermann/lib:/home/yvxaiver/Desktop/f1tenth_ws/install/vesc_msgs/lib:/home/yvxaiver/Desktop/f1tenth_ws/install/teleop_tools_msgs/lib:/home/yvxaiver/f1tenth_ws/install/vesc_driver/lib:/home/yvxaiver/f1tenth_ws/install/vesc_ackermann/lib:/home/yvxaiver/f1tenth_ws/install/vesc_msgs/lib:/home/yvxaiver/f1tenth_ws/install/v4l2_camera/lib:/home/yvxaiver/f1tenth_ws/install/teleop_tools_msgs/lib:/home/yvxaiver/camera_ws/install/usb_camera_driver/lib:/home/yvxaiver/camera_ws/install/usb_cam/lib:/home/yvxaiver/camera_ws/install/points_vector/lib:/home/yvxaiver/camera_ws/install/lanenet_out/lib:/opt/ros/foxy/opt/yaml_cpp_vendor/lib:/opt/ros/foxy/opt/rviz_ogre_vendor/lib:/opt/ros/foxy/lib/aarch64-linux-gnu:/opt/ros/foxy/lib:/usr/local/cuda-11.4/lib64 PYTHONPATH=/home/yvxaiver/Desktop/f1tenth_ws/build/f1tenth_stack/prefix_override:/home/yvxaiver/Desktop/f1tenth_ws/install/f1tenth_stack/lib/python3.8/site-packages:/home/yvxaiver/Desktop/f1tenth_ws/install/joy_teleop/lib/python3.8/site-packages:/home/yvxaiver/Desktop/f1tenth_ws/install/vesc_msgs/lib/python3.8/site-packages:/home/yvxaiver/Desktop/f1tenth_ws/install/teleop_tools_msgs/lib/python3.8/site-packages:${PYTHONPATH} /usr/bin/python3 setup.py egg_info --egg-base ../../../build/f1tenth_stack build --build-base /home/yvxaiver/Desktop/f1tenth_ws/build/f1tenth_stack/build install --record /home/yvxaiver/Desktop/f1tenth_ws/build/f1tenth_stack/install.log --install-scripts $base/lib/f1tenth_stack --single-version-externally-managed
[5.700s] running egg_info
[5.702s] creating ../../../build/f1tenth_stack/f1tenth_stack.egg-info
[5.703s] writing ../../../build/f1tenth_stack/f1tenth_stack.egg-info/PKG-INFO
[5.704s] writing dependency_links to ../../../build/f1tenth_stack/f1tenth_stack.egg-info/dependency_links.txt
[5.705s] writing entry points to ../../../build/f1tenth_stack/f1tenth_stack.egg-info/entry_points.txt
[5.706s] writing requirements to ../../../build/f1tenth_stack/f1tenth_stack.egg-info/requires.txt
[5.706s] writing top-level names to ../../../build/f1tenth_stack/f1tenth_stack.egg-info/top_level.txt
[5.741s] writing manifest file '../../../build/f1tenth_stack/f1tenth_stack.egg-info/SOURCES.txt'
[5.910s] reading manifest file '../../../build/f1tenth_stack/f1tenth_stack.egg-info/SOURCES.txt'
[5.914s] writing manifest file '../../../build/f1tenth_stack/f1tenth_stack.egg-info/SOURCES.txt'
[5.915s] running build
[5.915s] running build_py
[5.916s] creating /home/yvxaiver/Desktop/f1tenth_ws/build/f1tenth_stack/build
[5.917s] creating /home/yvxaiver/Desktop/f1tenth_ws/build/f1tenth_stack/build/lib
[5.917s] creating /home/yvxaiver/Desktop/f1tenth_ws/build/f1tenth_stack/build/lib/f1tenth_stack
[5.918s] copying f1tenth_stack/throttle_interpolator.py -> /home/yvxaiver/Desktop/f1tenth_ws/build/f1tenth_stack/build/lib/f1tenth_stack
[5.919s] copying f1tenth_stack/tf_publisher.py -> /home/yvxaiver/Desktop/f1tenth_ws/build/f1tenth_stack/build/lib/f1tenth_stack
[5.920s] copying f1tenth_stack/__init__.py -> /home/yvxaiver/Desktop/f1tenth_ws/build/f1tenth_stack/build/lib/f1tenth_stack
[5.921s] running install
[5.926s] running install_lib
[5.930s] creating /home/yvxaiver/Desktop/f1tenth_ws/install/f1tenth_stack/lib/python3.8/site-packages/f1tenth_stack
[5.931s] copying /home/yvxaiver/Desktop/f1tenth_ws/build/f1tenth_stack/build/lib/f1tenth_stack/throttle_interpolator.py -> /home/yvxaiver/Desktop/f1tenth_ws/install/f1tenth_stack/lib/python3.8/site-packages/f1tenth_stack
[5.932s] copying /home/yvxaiver/Desktop/f1tenth_ws/build/f1tenth_stack/build/lib/f1tenth_stack/tf_publisher.py -> /home/yvxaiver/Desktop/f1tenth_ws/install/f1tenth_stack/lib/python3.8/site-packages/f1tenth_stack
[5.932s] copying /home/yvxaiver/Desktop/f1tenth_ws/build/f1tenth_stack/build/lib/f1tenth_stack/__init__.py -> /home/yvxaiver/Desktop/f1tenth_ws/install/f1tenth_stack/lib/python3.8/site-packages/f1tenth_stack
[5.935s] byte-compiling /home/yvxaiver/Desktop/f1tenth_ws/install/f1tenth_stack/lib/python3.8/site-packages/f1tenth_stack/throttle_interpolator.py to throttle_interpolator.cpython-38.pyc
[5.940s] byte-compiling /home/yvxaiver/Desktop/f1tenth_ws/install/f1tenth_stack/lib/python3.8/site-packages/f1tenth_stack/tf_publisher.py to tf_publisher.cpython-38.pyc
[5.942s] byte-compiling /home/yvxaiver/Desktop/f1tenth_ws/install/f1tenth_stack/lib/python3.8/site-packages/f1tenth_stack/__init__.py to __init__.cpython-38.pyc
[5.942s] running install_data
[5.945s] creating /home/yvxaiver/Desktop/f1tenth_ws/install/f1tenth_stack/share/ament_index
[5.945s] creating /home/yvxaiver/Desktop/f1tenth_ws/install/f1tenth_stack/share/ament_index/resource_index
[5.946s] creating /home/yvxaiver/Desktop/f1tenth_ws/install/f1tenth_stack/share/ament_index/resource_index/packages
[5.946s] copying resource/f1tenth_stack -> /home/yvxaiver/Desktop/f1tenth_ws/install/f1tenth_stack/share/ament_index/resource_index/packages
[5.947s] copying package.xml -> /home/yvxaiver/Desktop/f1tenth_ws/install/f1tenth_stack/share/f1tenth_stack
[5.947s] creating /home/yvxaiver/Desktop/f1tenth_ws/install/f1tenth_stack/share/f1tenth_stack/launch
[5.948s] copying launch/bringup_launch.py -> /home/yvxaiver/Desktop/f1tenth_ws/install/f1tenth_stack/share/f1tenth_stack/launch
[5.951s] creating /home/yvxaiver/Desktop/f1tenth_ws/install/f1tenth_stack/share/f1tenth_stack/config
[5.952s] copying config/f1tenth_online_async.yaml -> /home/yvxaiver/Desktop/f1tenth_ws/install/f1tenth_stack/share/f1tenth_stack/config
[5.952s] copying config/vesc.yaml -> /home/yvxaiver/Desktop/f1tenth_ws/install/f1tenth_stack/share/f1tenth_stack/config
[5.953s] copying config/joy_teleop.yaml -> /home/yvxaiver/Desktop/f1tenth_ws/install/f1tenth_stack/share/f1tenth_stack/config
[5.953s] copying config/sensors.yaml -> /home/yvxaiver/Desktop/f1tenth_ws/install/f1tenth_stack/share/f1tenth_stack/config
[5.954s] copying config/mux.yaml -> /home/yvxaiver/Desktop/f1tenth_ws/install/f1tenth_stack/share/f1tenth_stack/config
[5.954s] running install_egg_info
[5.961s] Copying ../../../build/f1tenth_stack/f1tenth_stack.egg-info to /home/yvxaiver/Desktop/f1tenth_ws/install/f1tenth_stack/lib/python3.8/site-packages/f1tenth_stack-0.0.1-py3.8.egg-info
[5.966s] running install_scripts
[6.043s] Installing tf_publisher script to /home/yvxaiver/Desktop/f1tenth_ws/install/f1tenth_stack/lib/f1tenth_stack
[6.044s] Installing throttle_interpolator script to /home/yvxaiver/Desktop/f1tenth_ws/install/f1tenth_stack/lib/f1tenth_stack
[6.046s] writing list of installed files to '/home/yvxaiver/Desktop/f1tenth_ws/build/f1tenth_stack/install.log'
[6.176s] Invoked command in '/home/yvxaiver/Desktop/f1tenth_ws/src/f1tenth_system/f1tenth_stack' returned '0': AMENT_PREFIX_PATH=/home/yvxaiver/Desktop/f1tenth_ws/install/vesc:/home/yvxaiver/Desktop/f1tenth_ws/install/vesc_driver:/home/yvxaiver/Desktop/f1tenth_ws/install/vesc_ackermann:/home/yvxaiver/Desktop/f1tenth_ws/install/joy_teleop:/home/yvxaiver/Desktop/f1tenth_ws/install/vesc_msgs:/home/yvxaiver/Desktop/f1tenth_ws/install/teleop_tools_msgs:/home/yvxaiver/Desktop/f1tenth_ws/install/ackermann_mux:${AMENT_PREFIX_PATH} CMAKE_PREFIX_PATH=/home/yvxaiver/Desktop/f1tenth_ws/install/vesc:/home/yvxaiver/Desktop/f1tenth_ws/install/vesc_driver:/home/yvxaiver/Desktop/f1tenth_ws/install/vesc_ackermann:/home/yvxaiver/Desktop/f1tenth_ws/install/vesc_msgs:/home/yvxaiver/Desktop/f1tenth_ws/install/teleop_tools_msgs:/home/yvxaiver/Desktop/f1tenth_ws/install/ackermann_mux:${CMAKE_PREFIX_PATH} LD_LIBRARY_PATH=/home/yvxaiver/Desktop/f1tenth_ws/install/vesc_driver/lib:/home/yvxaiver/Desktop/f1tenth_ws/install/vesc_ackermann/lib:/home/yvxaiver/Desktop/f1tenth_ws/install/vesc_msgs/lib:/home/yvxaiver/Desktop/f1tenth_ws/install/teleop_tools_msgs/lib:/home/yvxaiver/f1tenth_ws/install/vesc_driver/lib:/home/yvxaiver/f1tenth_ws/install/vesc_ackermann/lib:/home/yvxaiver/f1tenth_ws/install/vesc_msgs/lib:/home/yvxaiver/f1tenth_ws/install/v4l2_camera/lib:/home/yvxaiver/f1tenth_ws/install/teleop_tools_msgs/lib:/home/yvxaiver/camera_ws/install/usb_camera_driver/lib:/home/yvxaiver/camera_ws/install/usb_cam/lib:/home/yvxaiver/camera_ws/install/points_vector/lib:/home/yvxaiver/camera_ws/install/lanenet_out/lib:/opt/ros/foxy/opt/yaml_cpp_vendor/lib:/opt/ros/foxy/opt/rviz_ogre_vendor/lib:/opt/ros/foxy/lib/aarch64-linux-gnu:/opt/ros/foxy/lib:/usr/local/cuda-11.4/lib64 PYTHONPATH=/home/yvxaiver/Desktop/f1tenth_ws/build/f1tenth_stack/prefix_override:/home/yvxaiver/Desktop/f1tenth_ws/install/f1tenth_stack/lib/python3.8/site-packages:/home/yvxaiver/Desktop/f1tenth_ws/install/joy_teleop/lib/python3.8/site-packages:/home/yvxaiver/Desktop/f1tenth_ws/install/vesc_msgs/lib/python3.8/site-packages:/home/yvxaiver/Desktop/f1tenth_ws/install/teleop_tools_msgs/lib/python3.8/site-packages:${PYTHONPATH} /usr/bin/python3 setup.py egg_info --egg-base ../../../build/f1tenth_stack build --build-base /home/yvxaiver/Desktop/f1tenth_ws/build/f1tenth_stack/build install --record /home/yvxaiver/Desktop/f1tenth_ws/build/f1tenth_stack/install.log --install-scripts $base/lib/f1tenth_stack --single-version-externally-managed
