[4.261s] Invoking command in '/home/yvxaiver/f1tenth_ws/src/f1tenth_system/lanenet_driver': PYTHONPATH=/home/yvxaiver/f1tenth_ws/build/lanenet_driver/prefix_override:/home/yvxaiver/f1tenth_ws/install/lanenet_driver/lib/python3.8/site-packages:${PYTHONPATH} /usr/bin/python3 setup.py egg_info --egg-base ../../../build/lanenet_driver build --build-base /home/yvxaiver/f1tenth_ws/build/lanenet_driver/build install --record /home/yvxaiver/f1tenth_ws/build/lanenet_driver/install.log --install-scripts $base/lib/lanenet_driver --single-version-externally-managed
[5.650s] running egg_info
[5.652s] writing ../../../build/lanenet_driver/lanenet_driver.egg-info/PKG-INFO
[5.654s] writing dependency_links to ../../../build/lanenet_driver/lanenet_driver.egg-info/dependency_links.txt
[5.655s] writing entry points to ../../../build/lanenet_driver/lanenet_driver.egg-info/entry_points.txt
[5.656s] writing requirements to ../../../build/lanenet_driver/lanenet_driver.egg-info/requires.txt
[5.657s] writing top-level names to ../../../build/lanenet_driver/lanenet_driver.egg-info/top_level.txt
[5.879s] reading manifest file '../../../build/lanenet_driver/lanenet_driver.egg-info/SOURCES.txt'
[5.890s] writing manifest file '../../../build/lanenet_driver/lanenet_driver.egg-info/SOURCES.txt'
[5.891s] running build
[5.892s] running build_py
[5.892s] copying lanenet_driver/lanenet_driver_node.py -> /home/yvxaiver/f1tenth_ws/build/lanenet_driver/build/lib/lanenet_driver
[5.895s] running install
[5.900s] running install_lib
[5.904s] copying /home/yvxaiver/f1tenth_ws/build/lanenet_driver/build/lib/lanenet_driver/lanenet_driver_node.py -> /home/yvxaiver/f1tenth_ws/install/lanenet_driver/lib/python3.8/site-packages/lanenet_driver
[5.908s] byte-compiling /home/yvxaiver/f1tenth_ws/install/lanenet_driver/lib/python3.8/site-packages/lanenet_driver/lanenet_driver_node.py to lanenet_driver_node.cpython-38.pyc
[5.913s] running install_data
[5.916s] running install_egg_info
[5.924s] removing '/home/yvxaiver/f1tenth_ws/install/lanenet_driver/lib/python3.8/site-packages/lanenet_driver-0.0.0-py3.8.egg-info' (and everything under it)
[5.925s] Copying ../../../build/lanenet_driver/lanenet_driver.egg-info to /home/yvxaiver/f1tenth_ws/install/lanenet_driver/lib/python3.8/site-packages/lanenet_driver-0.0.0-py3.8.egg-info
[5.933s] running install_scripts
[6.005s] Installing lanenet_driver_node script to /home/yvxaiver/f1tenth_ws/install/lanenet_driver/lib/lanenet_driver
[6.008s] writing list of installed files to '/home/yvxaiver/f1tenth_ws/build/lanenet_driver/install.log'
[6.110s] Invoked command in '/home/yvxaiver/f1tenth_ws/src/f1tenth_system/lanenet_driver' returned '0': PYTHONPATH=/home/yvxaiver/f1tenth_ws/build/lanenet_driver/prefix_override:/home/yvxaiver/f1tenth_ws/install/lanenet_driver/lib/python3.8/site-packages:${PYTHONPATH} /usr/bin/python3 setup.py egg_info --egg-base ../../../build/lanenet_driver build --build-base /home/yvxaiver/f1tenth_ws/build/lanenet_driver/build install --record /home/yvxaiver/f1tenth_ws/build/lanenet_driver/install.log --install-scripts $base/lib/lanenet_driver --single-version-externally-managed
