[2.647s] Invoking command in '/home/yvxaiver/f1tenth_ws/src/f1tenth_system/f1tenth_stack': AMENT_PREFIX_PATH=/home/yvxaiver/f1tenth_ws/install/vesc:/home/yvxaiver/f1tenth_ws/install/vesc_driver:/home/yvxaiver/f1tenth_ws/install/vesc_ackermann:/home/yvxaiver/f1tenth_ws/install/joy_teleop:/home/yvxaiver/f1tenth_ws/install/vesc_msgs:/home/yvxaiver/f1tenth_ws/install/teleop_tools_msgs:/home/yvxaiver/f1tenth_ws/install/ackermann_mux:${AMENT_PREFIX_PATH} CMAKE_PREFIX_PATH=/home/yvxaiver/f1tenth_ws/install/vesc:/home/yvxaiver/f1tenth_ws/install/vesc_driver:/home/yvxaiver/f1tenth_ws/install/vesc_ackermann:/home/yvxaiver/f1tenth_ws/install/vesc_msgs:/home/yvxaiver/f1tenth_ws/install/teleop_tools_msgs:/home/yvxaiver/f1tenth_ws/install/ackermann_mux LD_LIBRARY_PATH=/home/yvxaiver/f1tenth_ws/install/vesc_driver/lib:/home/yvxaiver/f1tenth_ws/install/vesc_ackermann/lib:/home/yvxaiver/f1tenth_ws/install/vesc_msgs/lib:/home/yvxaiver/f1tenth_ws/install/teleop_tools_msgs/lib:/usr/local/cuda-11.4/lib64:/opt/ros/foxy/opt/yaml_cpp_vendor/lib:/opt/ros/foxy/opt/rviz_ogre_vendor/lib:/opt/ros/foxy/lib/aarch64-linux-gnu:/opt/ros/foxy/lib:/usr/local/cuda-11.4/lib64:/usr/local/cuda-11.4/lib64 PYTHONPATH=/home/yvxaiver/f1tenth_ws/install/f1tenth_stack/lib/python3.8/site-packages:/home/yvxaiver/f1tenth_ws/install/joy_teleop/lib/python3.8/site-packages:/home/yvxaiver/f1tenth_ws/install/vesc_msgs/lib/python3.8/site-packages:/home/yvxaiver/f1tenth_ws/install/teleop_tools_msgs/lib/python3.8/site-packages:${PYTHONPATH} /usr/bin/python3 setup.py egg_info --egg-base ../../../build/f1tenth_stack build --build-base /home/yvxaiver/f1tenth_ws/build/f1tenth_stack/build install --prefix /home/yvxaiver/f1tenth_ws/install/f1tenth_stack --record /home/yvxaiver/f1tenth_ws/build/f1tenth_stack/install.log --single-version-externally-managed
[3.578s] running egg_info
[3.579s] creating ../../../build/f1tenth_stack/f1tenth_stack.egg-info
[3.580s] writing ../../../build/f1tenth_stack/f1tenth_stack.egg-info/PKG-INFO
[3.581s] writing dependency_links to ../../../build/f1tenth_stack/f1tenth_stack.egg-info/dependency_links.txt
[3.582s] writing entry points to ../../../build/f1tenth_stack/f1tenth_stack.egg-info/entry_points.txt
[3.582s] writing requirements to ../../../build/f1tenth_stack/f1tenth_stack.egg-info/requires.txt
[3.583s] writing top-level names to ../../../build/f1tenth_stack/f1tenth_stack.egg-info/top_level.txt
[3.608s] writing manifest file '../../../build/f1tenth_stack/f1tenth_stack.egg-info/SOURCES.txt'
[3.728s] reading manifest file '../../../build/f1tenth_stack/f1tenth_stack.egg-info/SOURCES.txt'
[3.730s] writing manifest file '../../../build/f1tenth_stack/f1tenth_stack.egg-info/SOURCES.txt'
[3.731s] running build
[3.731s] running build_py
[3.732s] creating /home/yvxaiver/f1tenth_ws/build/f1tenth_stack/build
[3.732s] creating /home/yvxaiver/f1tenth_ws/build/f1tenth_stack/build/lib
[3.733s] creating /home/yvxaiver/f1tenth_ws/build/f1tenth_stack/build/lib/f1tenth_stack
[3.733s] copying f1tenth_stack/throttle_interpolator.py -> /home/yvxaiver/f1tenth_ws/build/f1tenth_stack/build/lib/f1tenth_stack
[3.734s] copying f1tenth_stack/tf_publisher.py -> /home/yvxaiver/f1tenth_ws/build/f1tenth_stack/build/lib/f1tenth_stack
[3.734s] copying f1tenth_stack/__init__.py -> /home/yvxaiver/f1tenth_ws/build/f1tenth_stack/build/lib/f1tenth_stack
[3.735s] running install
[3.737s] running install_lib
[3.741s] creating /home/yvxaiver/f1tenth_ws/install/f1tenth_stack/lib/python3.8/site-packages/f1tenth_stack
[3.741s] copying /home/yvxaiver/f1tenth_ws/build/f1tenth_stack/build/lib/f1tenth_stack/throttle_interpolator.py -> /home/yvxaiver/f1tenth_ws/install/f1tenth_stack/lib/python3.8/site-packages/f1tenth_stack
[3.742s] copying /home/yvxaiver/f1tenth_ws/build/f1tenth_stack/build/lib/f1tenth_stack/tf_publisher.py -> /home/yvxaiver/f1tenth_ws/install/f1tenth_stack/lib/python3.8/site-packages/f1tenth_stack
[3.742s] copying /home/yvxaiver/f1tenth_ws/build/f1tenth_stack/build/lib/f1tenth_stack/__init__.py -> /home/yvxaiver/f1tenth_ws/install/f1tenth_stack/lib/python3.8/site-packages/f1tenth_stack
[3.744s] byte-compiling /home/yvxaiver/f1tenth_ws/install/f1tenth_stack/lib/python3.8/site-packages/f1tenth_stack/throttle_interpolator.py to throttle_interpolator.cpython-38.pyc
[3.747s] byte-compiling /home/yvxaiver/f1tenth_ws/install/f1tenth_stack/lib/python3.8/site-packages/f1tenth_stack/tf_publisher.py to tf_publisher.cpython-38.pyc
[3.749s] byte-compiling /home/yvxaiver/f1tenth_ws/install/f1tenth_stack/lib/python3.8/site-packages/f1tenth_stack/__init__.py to __init__.cpython-38.pyc
[3.749s] running install_data
[3.751s] creating /home/yvxaiver/f1tenth_ws/install/f1tenth_stack/share/ament_index
[3.752s] creating /home/yvxaiver/f1tenth_ws/install/f1tenth_stack/share/ament_index/resource_index
[3.752s] creating /home/yvxaiver/f1tenth_ws/install/f1tenth_stack/share/ament_index/resource_index/packages
[3.753s] copying resource/f1tenth_stack -> /home/yvxaiver/f1tenth_ws/install/f1tenth_stack/share/ament_index/resource_index/packages
[3.754s] copying package.xml -> /home/yvxaiver/f1tenth_ws/install/f1tenth_stack/share/f1tenth_stack
[3.754s] creating /home/yvxaiver/f1tenth_ws/install/f1tenth_stack/share/f1tenth_stack/launch
[3.755s] copying launch/bringup_launch.py -> /home/yvxaiver/f1tenth_ws/install/f1tenth_stack/share/f1tenth_stack/launch
[3.755s] creating /home/yvxaiver/f1tenth_ws/install/f1tenth_stack/share/f1tenth_stack/config
[3.756s] copying config/f1tenth_online_async.yaml -> /home/yvxaiver/f1tenth_ws/install/f1tenth_stack/share/f1tenth_stack/config
[3.756s] copying config/vesc.yaml -> /home/yvxaiver/f1tenth_ws/install/f1tenth_stack/share/f1tenth_stack/config
[3.756s] copying config/joy_teleop.yaml -> /home/yvxaiver/f1tenth_ws/install/f1tenth_stack/share/f1tenth_stack/config
[3.757s] copying config/sensors.yaml -> /home/yvxaiver/f1tenth_ws/install/f1tenth_stack/share/f1tenth_stack/config
[3.757s] copying config/mux.yaml -> /home/yvxaiver/f1tenth_ws/install/f1tenth_stack/share/f1tenth_stack/config
[3.757s] running install_egg_info
[3.762s] Copying ../../../build/f1tenth_stack/f1tenth_stack.egg-info to /home/yvxaiver/f1tenth_ws/install/f1tenth_stack/lib/python3.8/site-packages/f1tenth_stack-0.0.1-py3.8.egg-info
[3.766s] running install_scripts
[3.818s] Installing tf_publisher script to /home/yvxaiver/f1tenth_ws/install/f1tenth_stack/lib/f1tenth_stack
[3.818s] Installing throttle_interpolator script to /home/yvxaiver/f1tenth_ws/install/f1tenth_stack/lib/f1tenth_stack
[3.819s] writing list of installed files to '/home/yvxaiver/f1tenth_ws/build/f1tenth_stack/install.log'
[3.912s] Invoked command in '/home/yvxaiver/f1tenth_ws/src/f1tenth_system/f1tenth_stack' returned '0': AMENT_PREFIX_PATH=/home/yvxaiver/f1tenth_ws/install/vesc:/home/yvxaiver/f1tenth_ws/install/vesc_driver:/home/yvxaiver/f1tenth_ws/install/vesc_ackermann:/home/yvxaiver/f1tenth_ws/install/joy_teleop:/home/yvxaiver/f1tenth_ws/install/vesc_msgs:/home/yvxaiver/f1tenth_ws/install/teleop_tools_msgs:/home/yvxaiver/f1tenth_ws/install/ackermann_mux:${AMENT_PREFIX_PATH} CMAKE_PREFIX_PATH=/home/yvxaiver/f1tenth_ws/install/vesc:/home/yvxaiver/f1tenth_ws/install/vesc_driver:/home/yvxaiver/f1tenth_ws/install/vesc_ackermann:/home/yvxaiver/f1tenth_ws/install/vesc_msgs:/home/yvxaiver/f1tenth_ws/install/teleop_tools_msgs:/home/yvxaiver/f1tenth_ws/install/ackermann_mux LD_LIBRARY_PATH=/home/yvxaiver/f1tenth_ws/install/vesc_driver/lib:/home/yvxaiver/f1tenth_ws/install/vesc_ackermann/lib:/home/yvxaiver/f1tenth_ws/install/vesc_msgs/lib:/home/yvxaiver/f1tenth_ws/install/teleop_tools_msgs/lib:/usr/local/cuda-11.4/lib64:/opt/ros/foxy/opt/yaml_cpp_vendor/lib:/opt/ros/foxy/opt/rviz_ogre_vendor/lib:/opt/ros/foxy/lib/aarch64-linux-gnu:/opt/ros/foxy/lib:/usr/local/cuda-11.4/lib64:/usr/local/cuda-11.4/lib64 PYTHONPATH=/home/yvxaiver/f1tenth_ws/install/f1tenth_stack/lib/python3.8/site-packages:/home/yvxaiver/f1tenth_ws/install/joy_teleop/lib/python3.8/site-packages:/home/yvxaiver/f1tenth_ws/install/vesc_msgs/lib/python3.8/site-packages:/home/yvxaiver/f1tenth_ws/install/teleop_tools_msgs/lib/python3.8/site-packages:${PYTHONPATH} /usr/bin/python3 setup.py egg_info --egg-base ../../../build/f1tenth_stack build --build-base /home/yvxaiver/f1tenth_ws/build/f1tenth_stack/build install --prefix /home/yvxaiver/f1tenth_ws/install/f1tenth_stack --record /home/yvxaiver/f1tenth_ws/build/f1tenth_stack/install.log --single-version-externally-managed
