[9.380s] Invoking command in '/home/yvxaiver/Desktop/f1tenth_ws/src/f1tenth_system/lanenet_driver': PYTHONPATH=/home/yvxaiver/Desktop/f1tenth_ws/build/lanenet_driver/prefix_override:/home/yvxaiver/Desktop/f1tenth_ws/install/lanenet_driver/lib/python3.8/site-packages:${PYTHONPATH} /usr/bin/python3 setup.py egg_info --egg-base ../../../build/lanenet_driver build --build-base /home/yvxaiver/Desktop/f1tenth_ws/build/lanenet_driver/build install --record /home/yvxaiver/Desktop/f1tenth_ws/build/lanenet_driver/install.log --install-scripts $base/lib/lanenet_driver --single-version-externally-managed
[11.170s] running egg_info
[11.172s] writing ../../../build/lanenet_driver/lanenet_driver.egg-info/PKG-INFO
[11.173s] writing dependency_links to ../../../build/lanenet_driver/lanenet_driver.egg-info/dependency_links.txt
[11.175s] writing entry points to ../../../build/lanenet_driver/lanenet_driver.egg-info/entry_points.txt
[11.176s] writing requirements to ../../../build/lanenet_driver/lanenet_driver.egg-info/requires.txt
[11.177s] writing top-level names to ../../../build/lanenet_driver/lanenet_driver.egg-info/top_level.txt
[11.411s] reading manifest file '../../../build/lanenet_driver/lanenet_driver.egg-info/SOURCES.txt'
[11.416s] writing manifest file '../../../build/lanenet_driver/lanenet_driver.egg-info/SOURCES.txt'
[11.416s] running build
[11.417s] running build_py
[11.420s] running install
[11.430s] running install_lib
[11.438s] running install_data
[11.441s] running install_egg_info
[11.449s] removing '/home/yvxaiver/Desktop/f1tenth_ws/install/lanenet_driver/lib/python3.8/site-packages/lanenet_driver-0.0.0-py3.8.egg-info' (and everything under it)
[11.451s] Copying ../../../build/lanenet_driver/lanenet_driver.egg-info to /home/yvxaiver/Desktop/f1tenth_ws/install/lanenet_driver/lib/python3.8/site-packages/lanenet_driver-0.0.0-py3.8.egg-info
[11.461s] running install_scripts
[11.540s] Installing lanenet_driver_node script to /home/yvxaiver/Desktop/f1tenth_ws/install/lanenet_driver/lib/lanenet_driver
[11.544s] writing list of installed files to '/home/yvxaiver/Desktop/f1tenth_ws/build/lanenet_driver/install.log'
[12.185s] Invoked command in '/home/yvxaiver/Desktop/f1tenth_ws/src/f1tenth_system/lanenet_driver' returned '0': PYTHONPATH=/home/yvxaiver/Desktop/f1tenth_ws/build/lanenet_driver/prefix_override:/home/yvxaiver/Desktop/f1tenth_ws/install/lanenet_driver/lib/python3.8/site-packages:${PYTHONPATH} /usr/bin/python3 setup.py egg_info --egg-base ../../../build/lanenet_driver build --build-base /home/yvxaiver/Desktop/f1tenth_ws/build/lanenet_driver/build install --record /home/yvxaiver/Desktop/f1tenth_ws/build/lanenet_driver/install.log --install-scripts $base/lib/lanenet_driver --single-version-externally-managed
