-- Found ament_cmake_auto: 0.9.11 (/opt/ros/foxy/share/ament_cmake_auto/cmake)
-- Using PYTHON_EXECUTABLE: /usr/bin/python3
-- Configuring done
-- Generating done
-- Build files have been written to: /home/yvxaiver/f1tenth_ws/build/vesc
-- Install configuration: ""
-- Up-to-date: /home/yvxaiver/f1tenth_ws/install/vesc/share/ament_index/resource_index/package_run_dependencies/vesc
-- Installing: /home/yvxaiver/f1tenth_ws/install/vesc/share/ament_index/resource_index/parent_prefix_path/vesc
-- Installing: /home/yvxaiver/f1tenth_ws/install/vesc/share/vesc/environment/ament_prefix_path.sh
-- Installing: /home/yvxaiver/f1tenth_ws/install/vesc/share/vesc/environment/ament_prefix_path.dsv
-- Installing: /home/yvxaiver/f1tenth_ws/install/vesc/share/vesc/environment/path.sh
-- Installing: /home/yvxaiver/f1tenth_ws/install/vesc/share/vesc/environment/path.dsv
-- Up-to-date: /home/yvxaiver/f1tenth_ws/install/vesc/share/vesc/local_setup.bash
-- Up-to-date: /home/yvxaiver/f1tenth_ws/install/vesc/share/vesc/local_setup.sh
-- Up-to-date: /home/yvxaiver/f1tenth_ws/install/vesc/share/vesc/local_setup.zsh
-- Installing: /home/yvxaiver/f1tenth_ws/install/vesc/share/vesc/local_setup.dsv
-- Installing: /home/yvxaiver/f1tenth_ws/install/vesc/share/vesc/package.dsv
-- Up-to-date: /home/yvxaiver/f1tenth_ws/install/vesc/share/ament_index/resource_index/packages/vesc
-- Up-to-date: /home/yvxaiver/f1tenth_ws/install/vesc/share/vesc/cmake/vescConfig.cmake
-- Up-to-date: /home/yvxaiver/f1tenth_ws/install/vesc/share/vesc/cmake/vescConfig-version.cmake
-- Up-to-date: /home/yvxaiver/f1tenth_ws/install/vesc/share/vesc/package.xml
