[9.339s] Invoking command in '/home/yvxaiver/Desktop/f1tenth_ws/src/f1tenth_system/teleop_tools/mouse_teleop': PYTHONPATH=/home/yvxaiver/Desktop/f1tenth_ws/build/mouse_teleop/prefix_override:/home/yvxaiver/Desktop/f1tenth_ws/install/mouse_teleop/lib/python3.8/site-packages:${PYTHONPATH} /usr/bin/python3 setup.py egg_info --egg-base ../../../../build/mouse_teleop build --build-base /home/yvxaiver/Desktop/f1tenth_ws/build/mouse_teleop/build install --record /home/yvxaiver/Desktop/f1tenth_ws/build/mouse_teleop/install.log --install-scripts $base/lib/mouse_teleop --single-version-externally-managed
[11.178s] running egg_info
[11.181s] writing ../../../../build/mouse_teleop/mouse_teleop.egg-info/PKG-INFO
[11.183s] writing dependency_links to ../../../../build/mouse_teleop/mouse_teleop.egg-info/dependency_links.txt
[11.184s] writing entry points to ../../../../build/mouse_teleop/mouse_teleop.egg-info/entry_points.txt
[11.185s] writing requirements to ../../../../build/mouse_teleop/mouse_teleop.egg-info/requires.txt
[11.186s] writing top-level names to ../../../../build/mouse_teleop/mouse_teleop.egg-info/top_level.txt
[11.431s] reading manifest file '../../../../build/mouse_teleop/mouse_teleop.egg-info/SOURCES.txt'
[11.439s] writing manifest file '../../../../build/mouse_teleop/mouse_teleop.egg-info/SOURCES.txt'
[11.440s] running build
[11.441s] running build_py
[11.441s] running install
[11.447s] running install_lib
[11.458s] running install_data
[11.462s] running install_egg_info
[11.471s] removing '/home/yvxaiver/Desktop/f1tenth_ws/install/mouse_teleop/lib/python3.8/site-packages/mouse_teleop-0.3.0-py3.8.egg-info' (and everything under it)
[11.473s] Copying ../../../../build/mouse_teleop/mouse_teleop.egg-info to /home/yvxaiver/Desktop/f1tenth_ws/install/mouse_teleop/lib/python3.8/site-packages/mouse_teleop-0.3.0-py3.8.egg-info
[11.482s] running install_scripts
[11.570s] Installing mouse_teleop script to /home/yvxaiver/Desktop/f1tenth_ws/install/mouse_teleop/lib/mouse_teleop
[11.574s] writing list of installed files to '/home/yvxaiver/Desktop/f1tenth_ws/build/mouse_teleop/install.log'
[12.201s] Invoked command in '/home/yvxaiver/Desktop/f1tenth_ws/src/f1tenth_system/teleop_tools/mouse_teleop' returned '0': PYTHONPATH=/home/yvxaiver/Desktop/f1tenth_ws/build/mouse_teleop/prefix_override:/home/yvxaiver/Desktop/f1tenth_ws/install/mouse_teleop/lib/python3.8/site-packages:${PYTHONPATH} /usr/bin/python3 setup.py egg_info --egg-base ../../../../build/mouse_teleop build --build-base /home/yvxaiver/Desktop/f1tenth_ws/build/mouse_teleop/build install --record /home/yvxaiver/Desktop/f1tenth_ws/build/mouse_teleop/install.log --install-scripts $base/lib/mouse_teleop --single-version-externally-managed
