[3.734s] Invoking command in '/home/yvxaiver/f1tenth_ws/src/f1tenth_system/planned_path': PYTHONPATH=/home/yvxaiver/f1tenth_ws/install/planned_path/lib/python3.8/site-packages:${PYTHONPATH} /usr/bin/python3 setup.py egg_info --egg-base ../../../build/planned_path build --build-base /home/yvxaiver/f1tenth_ws/build/planned_path/build install --prefix /home/yvxaiver/f1tenth_ws/install/planned_path --record /home/yvxaiver/f1tenth_ws/build/planned_path/install.log --single-version-externally-managed
[4.956s] running egg_info
[4.958s] writing ../../../build/planned_path/planned_path.egg-info/PKG-INFO
[4.962s] writing dependency_links to ../../../build/planned_path/planned_path.egg-info/dependency_links.txt
[4.965s] writing entry points to ../../../build/planned_path/planned_path.egg-info/entry_points.txt
[4.966s] writing requirements to ../../../build/planned_path/planned_path.egg-info/requires.txt
[4.967s] writing top-level names to ../../../build/planned_path/planned_path.egg-info/top_level.txt
[5.169s] reading manifest file '../../../build/planned_path/planned_path.egg-info/SOURCES.txt'
[5.173s] writing manifest file '../../../build/planned_path/planned_path.egg-info/SOURCES.txt'
[5.174s] running build
[5.174s] running build_py
[5.188s] copying planned_path/ppath_control.py -> /home/yvxaiver/f1tenth_ws/build/planned_path/build/lib/planned_path
[5.190s] running install
[5.197s] running install_lib
[5.199s] copying /home/yvxaiver/f1tenth_ws/build/planned_path/build/lib/planned_path/ppath_control.py -> /home/yvxaiver/f1tenth_ws/install/planned_path/lib/python3.8/site-packages/planned_path
[5.211s] byte-compiling /home/yvxaiver/f1tenth_ws/install/planned_path/lib/python3.8/site-packages/planned_path/ppath_control.py to ppath_control.cpython-38.pyc
[5.212s] running install_data
[5.212s] running install_egg_info
[5.219s] removing '/home/yvxaiver/f1tenth_ws/install/planned_path/lib/python3.8/site-packages/planned_path-0.0.0-py3.8.egg-info' (and everything under it)
[5.221s] Copying ../../../build/planned_path/planned_path.egg-info to /home/yvxaiver/f1tenth_ws/install/planned_path/lib/python3.8/site-packages/planned_path-0.0.0-py3.8.egg-info
[5.227s] running install_scripts
[5.291s] Installing ppath script to /home/yvxaiver/f1tenth_ws/install/planned_path/lib/planned_path
[5.295s] writing list of installed files to '/home/yvxaiver/f1tenth_ws/build/planned_path/install.log'
[5.400s] Invoked command in '/home/yvxaiver/f1tenth_ws/src/f1tenth_system/planned_path' returned '0': PYTHONPATH=/home/yvxaiver/f1tenth_ws/install/planned_path/lib/python3.8/site-packages:${PYTHONPATH} /usr/bin/python3 setup.py egg_info --egg-base ../../../build/planned_path build --build-base /home/yvxaiver/f1tenth_ws/build/planned_path/build install --prefix /home/yvxaiver/f1tenth_ws/install/planned_path --record /home/yvxaiver/f1tenth_ws/build/planned_path/install.log --single-version-externally-managed
