[9.649s] Invoking command in '/home/yvxaiver/f1tenth_ws/src/f1tenth_system/teleop_tools/key_teleop': PYTHONPATH=/home/yvxaiver/f1tenth_ws/build/key_teleop/prefix_override:/home/yvxaiver/f1tenth_ws/install/key_teleop/lib/python3.8/site-packages:${PYTHONPATH} /usr/bin/python3 setup.py egg_info --egg-base ../../../../build/key_teleop build --build-base /home/yvxaiver/f1tenth_ws/build/key_teleop/build install --record /home/yvxaiver/f1tenth_ws/build/key_teleop/install.log --install-scripts $base/lib/key_teleop --single-version-externally-managed
[11.857s] running egg_info
[11.869s] writing ../../../../build/key_teleop/key_teleop.egg-info/PKG-INFO
[11.878s] writing dependency_links to ../../../../build/key_teleop/key_teleop.egg-info/dependency_links.txt
[11.881s] writing entry points to ../../../../build/key_teleop/key_teleop.egg-info/entry_points.txt
[11.882s] writing requirements to ../../../../build/key_teleop/key_teleop.egg-info/requires.txt
[11.882s] writing top-level names to ../../../../build/key_teleop/key_teleop.egg-info/top_level.txt
[12.134s] reading manifest file '../../../../build/key_teleop/key_teleop.egg-info/SOURCES.txt'
[12.136s] writing manifest file '../../../../build/key_teleop/key_teleop.egg-info/SOURCES.txt'
[12.137s] running build
[12.137s] running build_py
[12.139s] running install
[12.139s] running install_lib
[12.148s] running install_data
[12.166s] running install_egg_info
[12.168s] removing '/home/yvxaiver/f1tenth_ws/install/key_teleop/lib/python3.8/site-packages/key_teleop-0.3.0-py3.8.egg-info' (and everything under it)
[12.174s] Copying ../../../../build/key_teleop/key_teleop.egg-info to /home/yvxaiver/f1tenth_ws/install/key_teleop/lib/python3.8/site-packages/key_teleop-0.3.0-py3.8.egg-info
[12.174s] running install_scripts
[12.268s] Installing key_teleop script to /home/yvxaiver/f1tenth_ws/install/key_teleop/lib/key_teleop
[12.269s] writing list of installed files to '/home/yvxaiver/f1tenth_ws/build/key_teleop/install.log'
[12.620s] Invoked command in '/home/yvxaiver/f1tenth_ws/src/f1tenth_system/teleop_tools/key_teleop' returned '0': PYTHONPATH=/home/yvxaiver/f1tenth_ws/build/key_teleop/prefix_override:/home/yvxaiver/f1tenth_ws/install/key_teleop/lib/python3.8/site-packages:${PYTHONPATH} /usr/bin/python3 setup.py egg_info --egg-base ../../../../build/key_teleop build --build-base /home/yvxaiver/f1tenth_ws/build/key_teleop/build install --record /home/yvxaiver/f1tenth_ws/build/key_teleop/install.log --install-scripts $base/lib/key_teleop --single-version-externally-managed
