[0.541s] Invoking command in '/home/yvxaiver/f1tenth_ws/build/teleop_tools_msgs': CMAKE_PREFIX_PATH=${CMAKE_PREFIX_PATH}:/home/yvxaiver/f1tenth_ws/install/f1tenth_stack:/home/yvxaiver/f1tenth_ws/install/joy_teleop:/home/yvxaiver/f1tenth_ws/install/planned_path:/home/yvxaiver/f1tenth_ws/install/mouse_teleop:/home/yvxaiver/f1tenth_ws/install/lanenet_driver:/home/yvxaiver/f1tenth_ws/install/key_teleop:/home/yvxaiver/camera_ws/install/lanenet_postprocess:/home/yvxaiver/camera_ws/install/image_processor:/home/yvxaiver/camera_ws/install/inv_mux:/opt/ros/foxy /usr/bin/cmake --build /home/yvxaiver/f1tenth_ws/build/teleop_tools_msgs -- -j6 -l6
[4.226s] [  3%] Built target teleop_tools_msgs__cpp
[4.226s] [ 12%] Built target teleop_tools_msgs__rosidl_generator_c
[4.226s] [ 22%] Built target teleop_tools_msgs__rosidl_typesupport_introspection_cpp
[4.227s] [ 32%] Built target teleop_tools_msgs__rosidl_typesupport_cpp
[4.227s] [ 41%] Built target teleop_tools_msgs__rosidl_typesupport_introspection_c
[4.228s] [ 51%] Built target teleop_tools_msgs__rosidl_typesupport_fastrtps_cpp
[4.228s] [ 61%] Built target teleop_tools_msgs__rosidl_typesupport_c
[4.228s] [ 70%] Built target teleop_tools_msgs__rosidl_typesupport_fastrtps_c
[4.229s] [ 70%] Built target teleop_tools_msgs
[4.229s] [ 74%] Built target teleop_tools_msgs__py
[4.230s] [ 80%] Built target teleop_tools_msgs__python
[4.230s] [ 87%] Built target teleop_tools_msgs__rosidl_typesupport_fastrtps_c__pyext
[4.230s] [ 93%] Built target teleop_tools_msgs__rosidl_typesupport_c__pyext
[4.231s] [100%] Built target teleop_tools_msgs__rosidl_typesupport_introspection_c__pyext
[5.833s] Invoked command in '/home/yvxaiver/f1tenth_ws/build/teleop_tools_msgs' returned '0': CMAKE_PREFIX_PATH=${CMAKE_PREFIX_PATH}:/home/yvxaiver/f1tenth_ws/install/f1tenth_stack:/home/yvxaiver/f1tenth_ws/install/joy_teleop:/home/yvxaiver/f1tenth_ws/install/planned_path:/home/yvxaiver/f1tenth_ws/install/mouse_teleop:/home/yvxaiver/f1tenth_ws/install/lanenet_driver:/home/yvxaiver/f1tenth_ws/install/key_teleop:/home/yvxaiver/camera_ws/install/lanenet_postprocess:/home/yvxaiver/camera_ws/install/image_processor:/home/yvxaiver/camera_ws/install/inv_mux:/opt/ros/foxy /usr/bin/cmake --build /home/yvxaiver/f1tenth_ws/build/teleop_tools_msgs -- -j6 -l6
[6.358s] Invoking command in '/home/yvxaiver/f1tenth_ws/build/teleop_tools_msgs': CMAKE_PREFIX_PATH=${CMAKE_PREFIX_PATH}:/home/yvxaiver/f1tenth_ws/install/f1tenth_stack:/home/yvxaiver/f1tenth_ws/install/joy_teleop:/home/yvxaiver/f1tenth_ws/install/planned_path:/home/yvxaiver/f1tenth_ws/install/mouse_teleop:/home/yvxaiver/f1tenth_ws/install/lanenet_driver:/home/yvxaiver/f1tenth_ws/install/key_teleop:/home/yvxaiver/camera_ws/install/lanenet_postprocess:/home/yvxaiver/camera_ws/install/image_processor:/home/yvxaiver/camera_ws/install/inv_mux:/opt/ros/foxy /usr/bin/cmake --install /home/yvxaiver/f1tenth_ws/build/teleop_tools_msgs
[6.448s] -- Install configuration: ""
[6.449s] -- Up-to-date: /home/yvxaiver/f1tenth_ws/install/teleop_tools_msgs/share/ament_index/resource_index/rosidl_interfaces/teleop_tools_msgs
[6.450s] -- Up-to-date: /home/yvxaiver/f1tenth_ws/install/teleop_tools_msgs/include/teleop_tools_msgs
[6.450s] -- Up-to-date: /home/yvxaiver/f1tenth_ws/install/teleop_tools_msgs/include/teleop_tools_msgs/action
[6.451s] -- Up-to-date: /home/yvxaiver/f1tenth_ws/install/teleop_tools_msgs/include/teleop_tools_msgs/action/increment.h
[6.451s] -- Up-to-date: /home/yvxaiver/f1tenth_ws/install/teleop_tools_msgs/include/teleop_tools_msgs/action/detail
[6.452s] -- Up-to-date: /home/yvxaiver/f1tenth_ws/install/teleop_tools_msgs/include/teleop_tools_msgs/action/detail/increment__functions.c
[6.452s] -- Up-to-date: /home/yvxaiver/f1tenth_ws/install/teleop_tools_msgs/include/teleop_tools_msgs/action/detail/increment__functions.h
[6.453s] -- Up-to-date: /home/yvxaiver/f1tenth_ws/install/teleop_tools_msgs/include/teleop_tools_msgs/action/detail/increment__type_support.h
[6.454s] -- Up-to-date: /home/yvxaiver/f1tenth_ws/install/teleop_tools_msgs/include/teleop_tools_msgs/action/detail/increment__struct.h
[6.454s] -- Up-to-date: /home/yvxaiver/f1tenth_ws/install/teleop_tools_msgs/include/teleop_tools_msgs/msg
[6.455s] -- Up-to-date: /home/yvxaiver/f1tenth_ws/install/teleop_tools_msgs/include/teleop_tools_msgs/msg/rosidl_generator_c__visibility_control.h
[6.455s] -- Up-to-date: /home/yvxaiver/f1tenth_ws/install/teleop_tools_msgs/share/teleop_tools_msgs/environment/library_path.sh
[6.456s] -- Up-to-date: /home/yvxaiver/f1tenth_ws/install/teleop_tools_msgs/share/teleop_tools_msgs/environment/library_path.dsv
[6.456s] -- Up-to-date: /home/yvxaiver/f1tenth_ws/install/teleop_tools_msgs/lib/libteleop_tools_msgs__rosidl_generator_c.so
[6.456s] -- Up-to-date: /home/yvxaiver/f1tenth_ws/install/teleop_tools_msgs/include/teleop_tools_msgs
[6.457s] -- Up-to-date: /home/yvxaiver/f1tenth_ws/install/teleop_tools_msgs/include/teleop_tools_msgs/action
[6.457s] -- Up-to-date: /home/yvxaiver/f1tenth_ws/install/teleop_tools_msgs/include/teleop_tools_msgs/action/detail
[6.458s] -- Up-to-date: /home/yvxaiver/f1tenth_ws/install/teleop_tools_msgs/include/teleop_tools_msgs/action/detail/increment__rosidl_typesupport_fastrtps_c.h
[6.460s] -- Up-to-date: /home/yvxaiver/f1tenth_ws/install/teleop_tools_msgs/include/teleop_tools_msgs/msg
[6.463s] -- Up-to-date: /home/yvxaiver/f1tenth_ws/install/teleop_tools_msgs/include/teleop_tools_msgs/msg/rosidl_typesupport_fastrtps_c__visibility_control.h
[6.464s] -- Up-to-date: /home/yvxaiver/f1tenth_ws/install/teleop_tools_msgs/lib/libteleop_tools_msgs__rosidl_typesupport_fastrtps_c.so
[6.468s] -- Up-to-date: /home/yvxaiver/f1tenth_ws/install/teleop_tools_msgs/include/teleop_tools_msgs
[6.469s] -- Up-to-date: /home/yvxaiver/f1tenth_ws/install/teleop_tools_msgs/include/teleop_tools_msgs/action
[6.469s] -- Up-to-date: /home/yvxaiver/f1tenth_ws/install/teleop_tools_msgs/include/teleop_tools_msgs/action/detail
[6.478s] -- Up-to-date: /home/yvxaiver/f1tenth_ws/install/teleop_tools_msgs/include/teleop_tools_msgs/action/detail/increment__rosidl_typesupport_fastrtps_cpp.hpp
[6.479s] -- Up-to-date: /home/yvxaiver/f1tenth_ws/install/teleop_tools_msgs/include/teleop_tools_msgs/action/detail/dds_fastrtps
[6.481s] -- Up-to-date: /home/yvxaiver/f1tenth_ws/install/teleop_tools_msgs/include/teleop_tools_msgs/msg
[6.482s] -- Up-to-date: /home/yvxaiver/f1tenth_ws/install/teleop_tools_msgs/include/teleop_tools_msgs/msg/rosidl_typesupport_fastrtps_cpp__visibility_control.h
[6.482s] -- Up-to-date: /home/yvxaiver/f1tenth_ws/install/teleop_tools_msgs/lib/libteleop_tools_msgs__rosidl_typesupport_fastrtps_cpp.so
[6.483s] -- Up-to-date: /home/yvxaiver/f1tenth_ws/install/teleop_tools_msgs/include/teleop_tools_msgs
[6.483s] -- Up-to-date: /home/yvxaiver/f1tenth_ws/install/teleop_tools_msgs/include/teleop_tools_msgs/action
[6.484s] -- Up-to-date: /home/yvxaiver/f1tenth_ws/install/teleop_tools_msgs/include/teleop_tools_msgs/action/detail
[6.484s] -- Up-to-date: /home/yvxaiver/f1tenth_ws/install/teleop_tools_msgs/include/teleop_tools_msgs/action/detail/increment__rosidl_typesupport_introspection_c.h
[6.484s] -- Up-to-date: /home/yvxaiver/f1tenth_ws/install/teleop_tools_msgs/include/teleop_tools_msgs/action/detail/increment__type_support.c
[6.485s] -- Up-to-date: /home/yvxaiver/f1tenth_ws/install/teleop_tools_msgs/include/teleop_tools_msgs/msg
[6.485s] -- Up-to-date: /home/yvxaiver/f1tenth_ws/install/teleop_tools_msgs/include/teleop_tools_msgs/msg/rosidl_typesupport_introspection_c__visibility_control.h
[6.486s] -- Up-to-date: /home/yvxaiver/f1tenth_ws/install/teleop_tools_msgs/lib/libteleop_tools_msgs__rosidl_typesupport_introspection_c.so
[6.486s] -- Up-to-date: /home/yvxaiver/f1tenth_ws/install/teleop_tools_msgs/lib/libteleop_tools_msgs__rosidl_typesupport_c.so
[6.486s] -- Up-to-date: /home/yvxaiver/f1tenth_ws/install/teleop_tools_msgs/include/teleop_tools_msgs
[6.487s] -- Up-to-date: /home/yvxaiver/f1tenth_ws/install/teleop_tools_msgs/include/teleop_tools_msgs/action
[6.487s] -- Up-to-date: /home/yvxaiver/f1tenth_ws/install/teleop_tools_msgs/include/teleop_tools_msgs/action/detail
[6.488s] -- Up-to-date: /home/yvxaiver/f1tenth_ws/install/teleop_tools_msgs/include/teleop_tools_msgs/action/detail/increment__traits.hpp
[6.488s] -- Up-to-date: /home/yvxaiver/f1tenth_ws/install/teleop_tools_msgs/include/teleop_tools_msgs/action/detail/increment__struct.hpp
[6.488s] -- Up-to-date: /home/yvxaiver/f1tenth_ws/install/teleop_tools_msgs/include/teleop_tools_msgs/action/detail/increment__builder.hpp
[6.489s] -- Up-to-date: /home/yvxaiver/f1tenth_ws/install/teleop_tools_msgs/include/teleop_tools_msgs/action/increment.hpp
[6.499s] -- Up-to-date: /home/yvxaiver/f1tenth_ws/install/teleop_tools_msgs/include/teleop_tools_msgs
[6.499s] -- Up-to-date: /home/yvxaiver/f1tenth_ws/install/teleop_tools_msgs/include/teleop_tools_msgs/action
[6.500s] -- Up-to-date: /home/yvxaiver/f1tenth_ws/install/teleop_tools_msgs/include/teleop_tools_msgs/action/detail
[6.500s] -- Up-to-date: /home/yvxaiver/f1tenth_ws/install/teleop_tools_msgs/include/teleop_tools_msgs/action/detail/increment__type_support.cpp
[6.501s] -- Up-to-date: /home/yvxaiver/f1tenth_ws/install/teleop_tools_msgs/include/teleop_tools_msgs/action/detail/increment__rosidl_typesupport_introspection_cpp.hpp
[6.501s] -- Up-to-date: /home/yvxaiver/f1tenth_ws/install/teleop_tools_msgs/lib/libteleop_tools_msgs__rosidl_typesupport_introspection_cpp.so
[6.501s] -- Up-to-date: /home/yvxaiver/f1tenth_ws/install/teleop_tools_msgs/lib/libteleop_tools_msgs__rosidl_typesupport_cpp.so
[6.503s] -- Up-to-date: /home/yvxaiver/f1tenth_ws/install/teleop_tools_msgs/share/teleop_tools_msgs/environment/pythonpath.sh
[6.503s] -- Up-to-date: /home/yvxaiver/f1tenth_ws/install/teleop_tools_msgs/share/teleop_tools_msgs/environment/pythonpath.dsv
[6.504s] -- Up-to-date: /home/yvxaiver/f1tenth_ws/install/teleop_tools_msgs/lib/python3.8/site-packages/teleop_tools_msgs/__init__.py
[6.788s] -- Up-to-date: /home/yvxaiver/f1tenth_ws/install/teleop_tools_msgs/lib/python3.8/site-packages/teleop_tools_msgs/action
[6.790s] -- Up-to-date: /home/yvxaiver/f1tenth_ws/install/teleop_tools_msgs/lib/python3.8/site-packages/teleop_tools_msgs/action/__init__.py
[6.790s] -- Up-to-date: /home/yvxaiver/f1tenth_ws/install/teleop_tools_msgs/lib/python3.8/site-packages/teleop_tools_msgs/action/_increment.py
[6.791s] -- Up-to-date: /home/yvxaiver/f1tenth_ws/install/teleop_tools_msgs/lib/python3.8/site-packages/teleop_tools_msgs/action/_increment_s.c
[6.791s] -- Up-to-date: /home/yvxaiver/f1tenth_ws/install/teleop_tools_msgs/lib/python3.8/site-packages/teleop_tools_msgs/teleop_tools_msgs_s__rosidl_typesupport_fastrtps_c.cpython-38-aarch64-linux-gnu.so
[6.796s] -- Up-to-date: /home/yvxaiver/f1tenth_ws/install/teleop_tools_msgs/lib/python3.8/site-packages/teleop_tools_msgs/teleop_tools_msgs_s__rosidl_typesupport_introspection_c.cpython-38-aarch64-linux-gnu.so
[6.801s] -- Up-to-date: /home/yvxaiver/f1tenth_ws/install/teleop_tools_msgs/lib/python3.8/site-packages/teleop_tools_msgs/teleop_tools_msgs_s__rosidl_typesupport_c.cpython-38-aarch64-linux-gnu.so
[6.804s] -- Up-to-date: /home/yvxaiver/f1tenth_ws/install/teleop_tools_msgs/lib/libteleop_tools_msgs__python.so
[6.805s] -- Up-to-date: /home/yvxaiver/f1tenth_ws/install/teleop_tools_msgs/share/teleop_tools_msgs/action/Increment.idl
[6.808s] -- Up-to-date: /home/yvxaiver/f1tenth_ws/install/teleop_tools_msgs/share/teleop_tools_msgs/action/Increment.action
[6.808s] -- Up-to-date: /home/yvxaiver/f1tenth_ws/install/teleop_tools_msgs/share/ament_index/resource_index/package_run_dependencies/teleop_tools_msgs
[6.809s] -- Up-to-date: /home/yvxaiver/f1tenth_ws/install/teleop_tools_msgs/share/ament_index/resource_index/parent_prefix_path/teleop_tools_msgs
[6.810s] -- Up-to-date: /home/yvxaiver/f1tenth_ws/install/teleop_tools_msgs/share/teleop_tools_msgs/environment/ament_prefix_path.sh
[6.811s] -- Up-to-date: /home/yvxaiver/f1tenth_ws/install/teleop_tools_msgs/share/teleop_tools_msgs/environment/ament_prefix_path.dsv
[6.816s] -- Up-to-date: /home/yvxaiver/f1tenth_ws/install/teleop_tools_msgs/share/teleop_tools_msgs/environment/path.sh
[6.835s] -- Up-to-date: /home/yvxaiver/f1tenth_ws/install/teleop_tools_msgs/share/teleop_tools_msgs/environment/path.dsv
[6.837s] -- Up-to-date: /home/yvxaiver/f1tenth_ws/install/teleop_tools_msgs/share/teleop_tools_msgs/local_setup.bash
[6.844s] -- Up-to-date: /home/yvxaiver/f1tenth_ws/install/teleop_tools_msgs/share/teleop_tools_msgs/local_setup.sh
[6.856s] -- Up-to-date: /home/yvxaiver/f1tenth_ws/install/teleop_tools_msgs/share/teleop_tools_msgs/local_setup.zsh
[6.857s] -- Up-to-date: /home/yvxaiver/f1tenth_ws/install/teleop_tools_msgs/share/teleop_tools_msgs/local_setup.dsv
[6.858s] -- Installing: /home/yvxaiver/f1tenth_ws/install/teleop_tools_msgs/share/teleop_tools_msgs/package.dsv
[6.858s] -- Up-to-date: /home/yvxaiver/f1tenth_ws/install/teleop_tools_msgs/share/ament_index/resource_index/packages/teleop_tools_msgs
[6.859s] -- Up-to-date: /home/yvxaiver/f1tenth_ws/install/teleop_tools_msgs/share/teleop_tools_msgs/cmake/teleop_tools_msgs__rosidl_generator_cExport.cmake
[6.860s] -- Up-to-date: /home/yvxaiver/f1tenth_ws/install/teleop_tools_msgs/share/teleop_tools_msgs/cmake/teleop_tools_msgs__rosidl_generator_cExport-noconfig.cmake
[6.862s] -- Up-to-date: /home/yvxaiver/f1tenth_ws/install/teleop_tools_msgs/share/teleop_tools_msgs/cmake/teleop_tools_msgs__rosidl_typesupport_introspection_cExport.cmake
[6.863s] -- Up-to-date: /home/yvxaiver/f1tenth_ws/install/teleop_tools_msgs/share/teleop_tools_msgs/cmake/teleop_tools_msgs__rosidl_typesupport_introspection_cExport-noconfig.cmake
[6.864s] -- Up-to-date: /home/yvxaiver/f1tenth_ws/install/teleop_tools_msgs/share/teleop_tools_msgs/cmake/teleop_tools_msgs__rosidl_typesupport_cExport.cmake
[6.864s] -- Up-to-date: /home/yvxaiver/f1tenth_ws/install/teleop_tools_msgs/share/teleop_tools_msgs/cmake/teleop_tools_msgs__rosidl_typesupport_cExport-noconfig.cmake
[6.865s] -- Up-to-date: /home/yvxaiver/f1tenth_ws/install/teleop_tools_msgs/share/teleop_tools_msgs/cmake/teleop_tools_msgs__rosidl_generator_cppExport.cmake
[6.881s] -- Up-to-date: /home/yvxaiver/f1tenth_ws/install/teleop_tools_msgs/share/teleop_tools_msgs/cmake/teleop_tools_msgs__rosidl_typesupport_introspection_cppExport.cmake
[6.881s] -- Up-to-date: /home/yvxaiver/f1tenth_ws/install/teleop_tools_msgs/share/teleop_tools_msgs/cmake/teleop_tools_msgs__rosidl_typesupport_introspection_cppExport-noconfig.cmake
[6.882s] -- Up-to-date: /home/yvxaiver/f1tenth_ws/install/teleop_tools_msgs/share/teleop_tools_msgs/cmake/teleop_tools_msgs__rosidl_typesupport_cppExport.cmake
[6.882s] -- Up-to-date: /home/yvxaiver/f1tenth_ws/install/teleop_tools_msgs/share/teleop_tools_msgs/cmake/teleop_tools_msgs__rosidl_typesupport_cppExport-noconfig.cmake
[6.883s] -- Up-to-date: /home/yvxaiver/f1tenth_ws/install/teleop_tools_msgs/share/teleop_tools_msgs/cmake/rosidl_cmake-extras.cmake
[6.884s] -- Up-to-date: /home/yvxaiver/f1tenth_ws/install/teleop_tools_msgs/share/teleop_tools_msgs/cmake/ament_cmake_export_dependencies-extras.cmake
[6.885s] -- Up-to-date: /home/yvxaiver/f1tenth_ws/install/teleop_tools_msgs/share/teleop_tools_msgs/cmake/ament_cmake_export_libraries-extras.cmake
[6.886s] -- Up-to-date: /home/yvxaiver/f1tenth_ws/install/teleop_tools_msgs/share/teleop_tools_msgs/cmake/ament_cmake_export_targets-extras.cmake
[6.886s] -- Up-to-date: /home/yvxaiver/f1tenth_ws/install/teleop_tools_msgs/share/teleop_tools_msgs/cmake/ament_cmake_export_include_directories-extras.cmake
[6.887s] -- Up-to-date: /home/yvxaiver/f1tenth_ws/install/teleop_tools_msgs/share/teleop_tools_msgs/cmake/rosidl_cmake_export_typesupport_libraries-extras.cmake
[6.887s] -- Up-to-date: /home/yvxaiver/f1tenth_ws/install/teleop_tools_msgs/share/teleop_tools_msgs/cmake/rosidl_cmake_export_typesupport_targets-extras.cmake
[6.888s] -- Up-to-date: /home/yvxaiver/f1tenth_ws/install/teleop_tools_msgs/share/teleop_tools_msgs/cmake/teleop_tools_msgsConfig.cmake
[6.888s] -- Up-to-date: /home/yvxaiver/f1tenth_ws/install/teleop_tools_msgs/share/teleop_tools_msgs/cmake/teleop_tools_msgsConfig-version.cmake
[6.889s] -- Up-to-date: /home/yvxaiver/f1tenth_ws/install/teleop_tools_msgs/share/teleop_tools_msgs/package.xml
[6.944s] Invoked command in '/home/yvxaiver/f1tenth_ws/build/teleop_tools_msgs' returned '0': CMAKE_PREFIX_PATH=${CMAKE_PREFIX_PATH}:/home/yvxaiver/f1tenth_ws/install/f1tenth_stack:/home/yvxaiver/f1tenth_ws/install/joy_teleop:/home/yvxaiver/f1tenth_ws/install/planned_path:/home/yvxaiver/f1tenth_ws/install/mouse_teleop:/home/yvxaiver/f1tenth_ws/install/lanenet_driver:/home/yvxaiver/f1tenth_ws/install/key_teleop:/home/yvxaiver/camera_ws/install/lanenet_postprocess:/home/yvxaiver/camera_ws/install/image_processor:/home/yvxaiver/camera_ws/install/inv_mux:/opt/ros/foxy /usr/bin/cmake --install /home/yvxaiver/f1tenth_ws/build/teleop_tools_msgs
