[6.258s] Invoking command in '/home/yvxaiver/f1tenth_ws/src/f1tenth_system/planned_path': PYTHONPATH=/home/yvxaiver/f1tenth_ws/install/planned_path/lib/python3.8/site-packages:${PYTHONPATH} /usr/bin/python3 setup.py egg_info --egg-base ../../../build/planned_path build --build-base /home/yvxaiver/f1tenth_ws/build/planned_path/build install --prefix /home/yvxaiver/f1tenth_ws/install/planned_path --record /home/yvxaiver/f1tenth_ws/build/planned_path/install.log --single-version-externally-managed
[7.966s] running egg_info
[7.968s] writing ../../../build/planned_path/planned_path.egg-info/PKG-INFO
[7.974s] writing dependency_links to ../../../build/planned_path/planned_path.egg-info/dependency_links.txt
[7.975s] writing entry points to ../../../build/planned_path/planned_path.egg-info/entry_points.txt
[7.976s] writing requirements to ../../../build/planned_path/planned_path.egg-info/requires.txt
[7.977s] writing top-level names to ../../../build/planned_path/planned_path.egg-info/top_level.txt
[8.330s] reading manifest file '../../../build/planned_path/planned_path.egg-info/SOURCES.txt'
[8.336s] writing manifest file '../../../build/planned_path/planned_path.egg-info/SOURCES.txt'
[8.336s] running build
[8.337s] running build_py
[8.343s] running install
[8.347s] running install_lib
[8.361s] running install_data
[8.386s] running install_egg_info
[8.392s] removing '/home/yvxaiver/f1tenth_ws/install/planned_path/lib/python3.8/site-packages/planned_path-0.0.0-py3.8.egg-info' (and everything under it)
[8.393s] Copying ../../../build/planned_path/planned_path.egg-info to /home/yvxaiver/f1tenth_ws/install/planned_path/lib/python3.8/site-packages/planned_path-0.0.0-py3.8.egg-info
[8.399s] running install_scripts
[8.521s] Installing ppath script to /home/yvxaiver/f1tenth_ws/install/planned_path/lib/planned_path
[8.523s] writing list of installed files to '/home/yvxaiver/f1tenth_ws/build/planned_path/install.log'
[8.750s] Invoked command in '/home/yvxaiver/f1tenth_ws/src/f1tenth_system/planned_path' returned '0': PYTHONPATH=/home/yvxaiver/f1tenth_ws/install/planned_path/lib/python3.8/site-packages:${PYTHONPATH} /usr/bin/python3 setup.py egg_info --egg-base ../../../build/planned_path build --build-base /home/yvxaiver/f1tenth_ws/build/planned_path/build install --prefix /home/yvxaiver/f1tenth_ws/install/planned_path --record /home/yvxaiver/f1tenth_ws/build/planned_path/install.log --single-version-externally-managed
