-- Found ament_cmake: 0.9.11 (/opt/ros/foxy/share/ament_cmake/cmake)
-- Using PYTHON_EXECUTABLE: /usr/bin/python3
-- Configuring done
-- Generating done
-- Build files have been written to: /home/yvxaiver/f1tenth_ws/build/teleop_tools
-- Install configuration: ""
-- Up-to-date: /home/yvxaiver/f1tenth_ws/install/teleop_tools/share/ament_index/resource_index/package_run_dependencies/teleop_tools
-- Installing: /home/yvxaiver/f1tenth_ws/install/teleop_tools/share/ament_index/resource_index/parent_prefix_path/teleop_tools
-- Installing: /home/yvxaiver/f1tenth_ws/install/teleop_tools/share/teleop_tools/environment/ament_prefix_path.sh
-- Installing: /home/yvxaiver/f1tenth_ws/install/teleop_tools/share/teleop_tools/environment/ament_prefix_path.dsv
-- Installing: /home/yvxaiver/f1tenth_ws/install/teleop_tools/share/teleop_tools/environment/path.sh
-- Installing: /home/yvxaiver/f1tenth_ws/install/teleop_tools/share/teleop_tools/environment/path.dsv
-- Up-to-date: /home/yvxaiver/f1tenth_ws/install/teleop_tools/share/teleop_tools/local_setup.bash
-- Up-to-date: /home/yvxaiver/f1tenth_ws/install/teleop_tools/share/teleop_tools/local_setup.sh
-- Up-to-date: /home/yvxaiver/f1tenth_ws/install/teleop_tools/share/teleop_tools/local_setup.zsh
-- Installing: /home/yvxaiver/f1tenth_ws/install/teleop_tools/share/teleop_tools/local_setup.dsv
-- Installing: /home/yvxaiver/f1tenth_ws/install/teleop_tools/share/teleop_tools/package.dsv
-- Up-to-date: /home/yvxaiver/f1tenth_ws/install/teleop_tools/share/ament_index/resource_index/packages/teleop_tools
-- Up-to-date: /home/yvxaiver/f1tenth_ws/install/teleop_tools/share/teleop_tools/cmake/teleop_toolsConfig.cmake
-- Up-to-date: /home/yvxaiver/f1tenth_ws/install/teleop_tools/share/teleop_tools/cmake/teleop_toolsConfig-version.cmake
-- Up-to-date: /home/yvxaiver/f1tenth_ws/install/teleop_tools/share/teleop_tools/package.xml
