[0.066s] Invoking command in '/home/yvxaiver/f1tenth_ws/build/teleop_tools': AMENT_PREFIX_PATH=/home/yvxaiver/f1tenth_ws/install/joy_teleop:/home/yvxaiver/f1tenth_ws/install/teleop_tools_msgs:/home/yvxaiver/f1tenth_ws/install/key_teleop:${AMENT_PREFIX_PATH} CMAKE_PREFIX_PATH=/home/yvxaiver/f1tenth_ws/install/teleop_tools_msgs:/opt/ros/foxy LD_LIBRARY_PATH=/home/yvxaiver/f1tenth_ws/install/teleop_tools_msgs/lib:/usr/local/cuda-11.4/lib64:/opt/ros/foxy/opt/yaml_cpp_vendor/lib:/opt/ros/foxy/opt/rviz_ogre_vendor/lib:/opt/ros/foxy/lib/aarch64-linux-gnu:/opt/ros/foxy/lib:/usr/local/cuda-11.4/lib64:/usr/local/cuda-11.4/lib64 PYTHONPATH=/home/yvxaiver/f1tenth_ws/install/joy_teleop/lib/python3.8/site-packages:/home/yvxaiver/f1tenth_ws/install/teleop_tools_msgs/lib/python3.8/site-packages:/home/yvxaiver/f1tenth_ws/install/key_teleop/lib/python3.8/site-packages:${PYTHONPATH} /usr/bin/cmake /home/yvxaiver/f1tenth_ws/src/f1tenth_system/teleop_tools/teleop_tools -DCMAKE_INSTALL_PREFIX=/home/yvxaiver/f1tenth_ws/install/teleop_tools
[0.155s] -- Found ament_cmake: 0.9.9 (/opt/ros/foxy/share/ament_cmake/cmake)
[0.270s] -- Found PythonInterp: /usr/bin/python3 (found suitable version "3.8.10", minimum required is "3") 
[0.271s] -- Using PYTHON_EXECUTABLE: /usr/bin/python3
[1.575s] -- Configuring done
[1.591s] -- Generating done
[1.595s] -- Build files have been written to: /home/yvxaiver/f1tenth_ws/build/teleop_tools
[1.616s] Invoked command in '/home/yvxaiver/f1tenth_ws/build/teleop_tools' returned '0': AMENT_PREFIX_PATH=/home/yvxaiver/f1tenth_ws/install/joy_teleop:/home/yvxaiver/f1tenth_ws/install/teleop_tools_msgs:/home/yvxaiver/f1tenth_ws/install/key_teleop:${AMENT_PREFIX_PATH} CMAKE_PREFIX_PATH=/home/yvxaiver/f1tenth_ws/install/teleop_tools_msgs:/opt/ros/foxy LD_LIBRARY_PATH=/home/yvxaiver/f1tenth_ws/install/teleop_tools_msgs/lib:/usr/local/cuda-11.4/lib64:/opt/ros/foxy/opt/yaml_cpp_vendor/lib:/opt/ros/foxy/opt/rviz_ogre_vendor/lib:/opt/ros/foxy/lib/aarch64-linux-gnu:/opt/ros/foxy/lib:/usr/local/cuda-11.4/lib64:/usr/local/cuda-11.4/lib64 PYTHONPATH=/home/yvxaiver/f1tenth_ws/install/joy_teleop/lib/python3.8/site-packages:/home/yvxaiver/f1tenth_ws/install/teleop_tools_msgs/lib/python3.8/site-packages:/home/yvxaiver/f1tenth_ws/install/key_teleop/lib/python3.8/site-packages:${PYTHONPATH} /usr/bin/cmake /home/yvxaiver/f1tenth_ws/src/f1tenth_system/teleop_tools/teleop_tools -DCMAKE_INSTALL_PREFIX=/home/yvxaiver/f1tenth_ws/install/teleop_tools
[1.622s] Invoking command in '/home/yvxaiver/f1tenth_ws/build/teleop_tools': AMENT_PREFIX_PATH=/home/yvxaiver/f1tenth_ws/install/joy_teleop:/home/yvxaiver/f1tenth_ws/install/teleop_tools_msgs:/home/yvxaiver/f1tenth_ws/install/key_teleop:${AMENT_PREFIX_PATH} CMAKE_PREFIX_PATH=/home/yvxaiver/f1tenth_ws/install/teleop_tools_msgs:/opt/ros/foxy LD_LIBRARY_PATH=/home/yvxaiver/f1tenth_ws/install/teleop_tools_msgs/lib:/usr/local/cuda-11.4/lib64:/opt/ros/foxy/opt/yaml_cpp_vendor/lib:/opt/ros/foxy/opt/rviz_ogre_vendor/lib:/opt/ros/foxy/lib/aarch64-linux-gnu:/opt/ros/foxy/lib:/usr/local/cuda-11.4/lib64:/usr/local/cuda-11.4/lib64 PYTHONPATH=/home/yvxaiver/f1tenth_ws/install/joy_teleop/lib/python3.8/site-packages:/home/yvxaiver/f1tenth_ws/install/teleop_tools_msgs/lib/python3.8/site-packages:/home/yvxaiver/f1tenth_ws/install/key_teleop/lib/python3.8/site-packages:${PYTHONPATH} /usr/bin/cmake --build /home/yvxaiver/f1tenth_ws/build/teleop_tools -- -j4 -l4
[1.792s] Invoked command in '/home/yvxaiver/f1tenth_ws/build/teleop_tools' returned '0': AMENT_PREFIX_PATH=/home/yvxaiver/f1tenth_ws/install/joy_teleop:/home/yvxaiver/f1tenth_ws/install/teleop_tools_msgs:/home/yvxaiver/f1tenth_ws/install/key_teleop:${AMENT_PREFIX_PATH} CMAKE_PREFIX_PATH=/home/yvxaiver/f1tenth_ws/install/teleop_tools_msgs:/opt/ros/foxy LD_LIBRARY_PATH=/home/yvxaiver/f1tenth_ws/install/teleop_tools_msgs/lib:/usr/local/cuda-11.4/lib64:/opt/ros/foxy/opt/yaml_cpp_vendor/lib:/opt/ros/foxy/opt/rviz_ogre_vendor/lib:/opt/ros/foxy/lib/aarch64-linux-gnu:/opt/ros/foxy/lib:/usr/local/cuda-11.4/lib64:/usr/local/cuda-11.4/lib64 PYTHONPATH=/home/yvxaiver/f1tenth_ws/install/joy_teleop/lib/python3.8/site-packages:/home/yvxaiver/f1tenth_ws/install/teleop_tools_msgs/lib/python3.8/site-packages:/home/yvxaiver/f1tenth_ws/install/key_teleop/lib/python3.8/site-packages:${PYTHONPATH} /usr/bin/cmake --build /home/yvxaiver/f1tenth_ws/build/teleop_tools -- -j4 -l4
[1.899s] Invoking command in '/home/yvxaiver/f1tenth_ws/build/teleop_tools': AMENT_PREFIX_PATH=/home/yvxaiver/f1tenth_ws/install/joy_teleop:/home/yvxaiver/f1tenth_ws/install/teleop_tools_msgs:/home/yvxaiver/f1tenth_ws/install/key_teleop:${AMENT_PREFIX_PATH} CMAKE_PREFIX_PATH=/home/yvxaiver/f1tenth_ws/install/teleop_tools_msgs:/opt/ros/foxy LD_LIBRARY_PATH=/home/yvxaiver/f1tenth_ws/install/teleop_tools_msgs/lib:/usr/local/cuda-11.4/lib64:/opt/ros/foxy/opt/yaml_cpp_vendor/lib:/opt/ros/foxy/opt/rviz_ogre_vendor/lib:/opt/ros/foxy/lib/aarch64-linux-gnu:/opt/ros/foxy/lib:/usr/local/cuda-11.4/lib64:/usr/local/cuda-11.4/lib64 PYTHONPATH=/home/yvxaiver/f1tenth_ws/install/joy_teleop/lib/python3.8/site-packages:/home/yvxaiver/f1tenth_ws/install/teleop_tools_msgs/lib/python3.8/site-packages:/home/yvxaiver/f1tenth_ws/install/key_teleop/lib/python3.8/site-packages:${PYTHONPATH} /usr/bin/cmake --install /home/yvxaiver/f1tenth_ws/build/teleop_tools
[1.941s] -- Install configuration: ""
[1.945s] -- Installing: /home/yvxaiver/f1tenth_ws/install/teleop_tools/share/ament_index/resource_index/package_run_dependencies/teleop_tools
[1.947s] -- Installing: /home/yvxaiver/f1tenth_ws/install/teleop_tools/share/ament_index/resource_index/parent_prefix_path/teleop_tools
[1.949s] -- Installing: /home/yvxaiver/f1tenth_ws/install/teleop_tools/share/teleop_tools/environment/ament_prefix_path.sh
[1.951s] -- Installing: /home/yvxaiver/f1tenth_ws/install/teleop_tools/share/teleop_tools/environment/ament_prefix_path.dsv
[1.952s] -- Installing: /home/yvxaiver/f1tenth_ws/install/teleop_tools/share/teleop_tools/environment/path.sh
[1.953s] -- Installing: /home/yvxaiver/f1tenth_ws/install/teleop_tools/share/teleop_tools/environment/path.dsv
[1.955s] -- Installing: /home/yvxaiver/f1tenth_ws/install/teleop_tools/share/teleop_tools/local_setup.bash
[1.956s] -- Installing: /home/yvxaiver/f1tenth_ws/install/teleop_tools/share/teleop_tools/local_setup.sh
[1.958s] -- Installing: /home/yvxaiver/f1tenth_ws/install/teleop_tools/share/teleop_tools/local_setup.zsh
[1.960s] -- Installing: /home/yvxaiver/f1tenth_ws/install/teleop_tools/share/teleop_tools/local_setup.dsv
[1.960s] -- Installing: /home/yvxaiver/f1tenth_ws/install/teleop_tools/share/teleop_tools/package.dsv
[1.962s] -- Installing: /home/yvxaiver/f1tenth_ws/install/teleop_tools/share/ament_index/resource_index/packages/teleop_tools
[1.963s] -- Installing: /home/yvxaiver/f1tenth_ws/install/teleop_tools/share/teleop_tools/cmake/teleop_toolsConfig.cmake
[1.965s] -- Installing: /home/yvxaiver/f1tenth_ws/install/teleop_tools/share/teleop_tools/cmake/teleop_toolsConfig-version.cmake
[1.966s] -- Installing: /home/yvxaiver/f1tenth_ws/install/teleop_tools/share/teleop_tools/package.xml
[1.982s] Invoked command in '/home/yvxaiver/f1tenth_ws/build/teleop_tools' returned '0': AMENT_PREFIX_PATH=/home/yvxaiver/f1tenth_ws/install/joy_teleop:/home/yvxaiver/f1tenth_ws/install/teleop_tools_msgs:/home/yvxaiver/f1tenth_ws/install/key_teleop:${AMENT_PREFIX_PATH} CMAKE_PREFIX_PATH=/home/yvxaiver/f1tenth_ws/install/teleop_tools_msgs:/opt/ros/foxy LD_LIBRARY_PATH=/home/yvxaiver/f1tenth_ws/install/teleop_tools_msgs/lib:/usr/local/cuda-11.4/lib64:/opt/ros/foxy/opt/yaml_cpp_vendor/lib:/opt/ros/foxy/opt/rviz_ogre_vendor/lib:/opt/ros/foxy/lib/aarch64-linux-gnu:/opt/ros/foxy/lib:/usr/local/cuda-11.4/lib64:/usr/local/cuda-11.4/lib64 PYTHONPATH=/home/yvxaiver/f1tenth_ws/install/joy_teleop/lib/python3.8/site-packages:/home/yvxaiver/f1tenth_ws/install/teleop_tools_msgs/lib/python3.8/site-packages:/home/yvxaiver/f1tenth_ws/install/key_teleop/lib/python3.8/site-packages:${PYTHONPATH} /usr/bin/cmake --install /home/yvxaiver/f1tenth_ws/build/teleop_tools
