[0.000000] (-) TimerEvent: {}
[0.001589] (-) JobUnselected: {'identifier': 'ackermann_mux'}
[0.001929] (-) JobUnselected: {'identifier': 'f1tenth_stack'}
[0.002027] (-) JobUnselected: {'identifier': 'joy_teleop'}
[0.002101] (-) JobUnselected: {'identifier': 'key_teleop'}
[0.002171] (-) JobUnselected: {'identifier': 'mouse_teleop'}
[0.002241] (-) JobUnselected: {'identifier': 'planned_path'}
[0.002308] (-) JobUnselected: {'identifier': 'teleop_tools'}
[0.002374] (-) JobUnselected: {'identifier': 'teleop_tools_msgs'}
[0.002440] (-) JobUnselected: {'identifier': 'vesc'}
[0.002508] (-) JobUnselected: {'identifier': 'vesc_ackermann'}
[0.002575] (-) JobUnselected: {'identifier': 'vesc_driver'}
[0.002641] (-) JobUnselected: {'identifier': 'vesc_msgs'}
[0.002716] (lanenet_driver) JobQueued: {'identifier': 'lanenet_driver', 'dependencies': OrderedDict()}
[0.002825] (lanenet_driver) JobStarted: {'identifier': 'lanenet_driver'}
[0.090993] (-) TimerEvent: {}
[0.193341] (-) TimerEvent: {}
[0.294486] (-) TimerEvent: {}
[0.395483] (-) TimerEvent: {}
[0.498730] (-) TimerEvent: {}
[0.600018] (-) TimerEvent: {}
[0.700974] (-) TimerEvent: {}
[0.803488] (-) TimerEvent: {}
[0.904806] (-) TimerEvent: {}
[1.005650] (-) TimerEvent: {}
[1.068063] (lanenet_driver) JobEnded: {'identifier': 'lanenet_driver', 'rc': 0}
[1.073043] (-) EventReactorShutdown: {}
