[10.154s] Invoking command in '/home/yvxaiver/f1tenth_ws/src/f1tenth_system/planned_path': PYTHONPATH=/home/yvxaiver/f1tenth_ws/build/planned_path/prefix_override:/home/yvxaiver/f1tenth_ws/install/planned_path/lib/python3.8/site-packages:${PYTHONPATH} /usr/bin/python3 setup.py egg_info --egg-base ../../../build/planned_path build --build-base /home/yvxaiver/f1tenth_ws/build/planned_path/build install --record /home/yvxaiver/f1tenth_ws/build/planned_path/install.log --install-scripts $base/lib/planned_path --single-version-externally-managed
[13.163s] running egg_info
[13.166s] writing ../../../build/planned_path/planned_path.egg-info/PKG-INFO
[13.174s] writing dependency_links to ../../../build/planned_path/planned_path.egg-info/dependency_links.txt
[13.175s] writing entry points to ../../../build/planned_path/planned_path.egg-info/entry_points.txt
[13.177s] writing requirements to ../../../build/planned_path/planned_path.egg-info/requires.txt
[13.180s] writing top-level names to ../../../build/planned_path/planned_path.egg-info/top_level.txt
[13.522s] reading manifest file '../../../build/planned_path/planned_path.egg-info/SOURCES.txt'
[13.523s] writing manifest file '../../../build/planned_path/planned_path.egg-info/SOURCES.txt'
[13.524s] running build
[13.524s] running build_py
[13.525s] running install
[13.542s] running install_lib
[13.546s] running install_data
[13.564s] running install_egg_info
[13.565s] removing '/home/yvxaiver/f1tenth_ws/install/planned_path/lib/python3.8/site-packages/planned_path-0.0.0-py3.8.egg-info' (and everything under it)
[13.580s] Copying ../../../build/planned_path/planned_path.egg-info to /home/yvxaiver/f1tenth_ws/install/planned_path/lib/python3.8/site-packages/planned_path-0.0.0-py3.8.egg-info
[13.683s] running install_scripts
[13.990s] Installing ppath script to /home/yvxaiver/f1tenth_ws/install/planned_path/lib/planned_path
[13.999s] writing list of installed files to '/home/yvxaiver/f1tenth_ws/build/planned_path/install.log'
[14.186s] Invoked command in '/home/yvxaiver/f1tenth_ws/src/f1tenth_system/planned_path' returned '0': PYTHONPATH=/home/yvxaiver/f1tenth_ws/build/planned_path/prefix_override:/home/yvxaiver/f1tenth_ws/install/planned_path/lib/python3.8/site-packages:${PYTHONPATH} /usr/bin/python3 setup.py egg_info --egg-base ../../../build/planned_path build --build-base /home/yvxaiver/f1tenth_ws/build/planned_path/build install --record /home/yvxaiver/f1tenth_ws/build/planned_path/install.log --install-scripts $base/lib/planned_path --single-version-externally-managed
