[10.747s] Invoking command in '/home/yvxaiver/f1tenth_ws/src/f1tenth_system/teleop_tools/key_teleop': PYTHONPATH=/home/yvxaiver/f1tenth_ws/build/key_teleop/prefix_override:/home/yvxaiver/f1tenth_ws/install/key_teleop/lib/python3.8/site-packages:${PYTHONPATH} /usr/bin/python3 setup.py egg_info --egg-base ../../../../build/key_teleop build --build-base /home/yvxaiver/f1tenth_ws/build/key_teleop/build install --record /home/yvxaiver/f1tenth_ws/build/key_teleop/install.log --install-scripts $base/lib/key_teleop --single-version-externally-managed
[13.048s] running egg_info
[13.052s] writing ../../../../build/key_teleop/key_teleop.egg-info/PKG-INFO
[13.058s] writing dependency_links to ../../../../build/key_teleop/key_teleop.egg-info/dependency_links.txt
[13.060s] writing entry points to ../../../../build/key_teleop/key_teleop.egg-info/entry_points.txt
[13.062s] writing requirements to ../../../../build/key_teleop/key_teleop.egg-info/requires.txt
[13.062s] writing top-level names to ../../../../build/key_teleop/key_teleop.egg-info/top_level.txt
[13.445s] reading manifest file '../../../../build/key_teleop/key_teleop.egg-info/SOURCES.txt'
[13.456s] writing manifest file '../../../../build/key_teleop/key_teleop.egg-info/SOURCES.txt'
[13.457s] running build
[13.457s] running build_py
[13.460s] running install
[13.476s] running install_lib
[13.493s] running install_data
[13.587s] running install_egg_info
[13.589s] removing '/home/yvxaiver/f1tenth_ws/install/key_teleop/lib/python3.8/site-packages/key_teleop-0.3.0-py3.8.egg-info' (and everything under it)
[13.590s] Copying ../../../../build/key_teleop/key_teleop.egg-info to /home/yvxaiver/f1tenth_ws/install/key_teleop/lib/python3.8/site-packages/key_teleop-0.3.0-py3.8.egg-info
[13.606s] running install_scripts
[13.760s] Installing key_teleop script to /home/yvxaiver/f1tenth_ws/install/key_teleop/lib/key_teleop
[13.774s] writing list of installed files to '/home/yvxaiver/f1tenth_ws/build/key_teleop/install.log'
[14.496s] Invoked command in '/home/yvxaiver/f1tenth_ws/src/f1tenth_system/teleop_tools/key_teleop' returned '0': PYTHONPATH=/home/yvxaiver/f1tenth_ws/build/key_teleop/prefix_override:/home/yvxaiver/f1tenth_ws/install/key_teleop/lib/python3.8/site-packages:${PYTHONPATH} /usr/bin/python3 setup.py egg_info --egg-base ../../../../build/key_teleop build --build-base /home/yvxaiver/f1tenth_ws/build/key_teleop/build install --record /home/yvxaiver/f1tenth_ws/build/key_teleop/install.log --install-scripts $base/lib/key_teleop --single-version-externally-managed
