[3.223s] Invoking command in '/home/yvxaiver/f1tenth_ws/src/f1tenth_system/planned_path': PYTHONPATH=/home/yvxaiver/f1tenth_ws/install/planned_path/lib/python3.8/site-packages:${PYTHONPATH} /usr/bin/python3 setup.py egg_info --egg-base ../../../build/planned_path build --build-base /home/yvxaiver/f1tenth_ws/build/planned_path/build install --prefix /home/yvxaiver/f1tenth_ws/install/planned_path --record /home/yvxaiver/f1tenth_ws/build/planned_path/install.log --single-version-externally-managed
[4.459s] running egg_info
[4.461s] writing ../../../build/planned_path/planned_path.egg-info/PKG-INFO
[4.462s] writing dependency_links to ../../../build/planned_path/planned_path.egg-info/dependency_links.txt
[4.463s] writing entry points to ../../../build/planned_path/planned_path.egg-info/entry_points.txt
[4.464s] writing requirements to ../../../build/planned_path/planned_path.egg-info/requires.txt
[4.465s] writing top-level names to ../../../build/planned_path/planned_path.egg-info/top_level.txt
[4.659s] reading manifest file '../../../build/planned_path/planned_path.egg-info/SOURCES.txt'
[4.662s] writing manifest file '../../../build/planned_path/planned_path.egg-info/SOURCES.txt'
[4.663s] running build
[4.664s] running build_py
[4.664s] copying planned_path/ppath_control.py -> /home/yvxaiver/f1tenth_ws/build/planned_path/build/lib/planned_path
[4.666s] running install
[4.669s] running install_lib
[4.673s] copying /home/yvxaiver/f1tenth_ws/build/planned_path/build/lib/planned_path/ppath_control.py -> /home/yvxaiver/f1tenth_ws/install/planned_path/lib/python3.8/site-packages/planned_path
[4.675s] byte-compiling /home/yvxaiver/f1tenth_ws/install/planned_path/lib/python3.8/site-packages/planned_path/ppath_control.py to ppath_control.cpython-38.pyc
[4.678s] running install_data
[4.680s] running install_egg_info
[4.688s] removing '/home/yvxaiver/f1tenth_ws/install/planned_path/lib/python3.8/site-packages/planned_path-0.0.0-py3.8.egg-info' (and everything under it)
[4.689s] Copying ../../../build/planned_path/planned_path.egg-info to /home/yvxaiver/f1tenth_ws/install/planned_path/lib/python3.8/site-packages/planned_path-0.0.0-py3.8.egg-info
[4.696s] running install_scripts
[4.760s] Installing ppath script to /home/yvxaiver/f1tenth_ws/install/planned_path/lib/planned_path
[4.762s] writing list of installed files to '/home/yvxaiver/f1tenth_ws/build/planned_path/install.log'
[4.863s] Invoked command in '/home/yvxaiver/f1tenth_ws/src/f1tenth_system/planned_path' returned '0': PYTHONPATH=/home/yvxaiver/f1tenth_ws/install/planned_path/lib/python3.8/site-packages:${PYTHONPATH} /usr/bin/python3 setup.py egg_info --egg-base ../../../build/planned_path build --build-base /home/yvxaiver/f1tenth_ws/build/planned_path/build install --prefix /home/yvxaiver/f1tenth_ws/install/planned_path --record /home/yvxaiver/f1tenth_ws/build/planned_path/install.log --single-version-externally-managed
