[3.490s] Invoking command in '/home/yvxaiver/f1tenth_ws/src/f1tenth_system/planned_path': PYTHONPATH=/home/yvxaiver/f1tenth_ws/install/planned_path/lib/python3.8/site-packages:${PYTHONPATH} /usr/bin/python3 setup.py egg_info --egg-base ../../../build/planned_path build --build-base /home/yvxaiver/f1tenth_ws/build/planned_path/build install --prefix /home/yvxaiver/f1tenth_ws/install/planned_path --record /home/yvxaiver/f1tenth_ws/build/planned_path/install.log --single-version-externally-managed
[4.744s] running egg_info
[4.751s] writing ../../../build/planned_path/planned_path.egg-info/PKG-INFO
[4.752s] writing dependency_links to ../../../build/planned_path/planned_path.egg-info/dependency_links.txt
[4.752s] writing entry points to ../../../build/planned_path/planned_path.egg-info/entry_points.txt
[4.752s] writing requirements to ../../../build/planned_path/planned_path.egg-info/requires.txt
[4.753s] writing top-level names to ../../../build/planned_path/planned_path.egg-info/top_level.txt
[4.944s] reading manifest file '../../../build/planned_path/planned_path.egg-info/SOURCES.txt'
[4.947s] writing manifest file '../../../build/planned_path/planned_path.egg-info/SOURCES.txt'
[4.947s] running build
[4.948s] running build_py
[4.949s] copying planned_path/ppath_control.py -> /home/yvxaiver/f1tenth_ws/build/planned_path/build/lib/planned_path
[4.950s] running install
[4.953s] running install_lib
[4.957s] copying /home/yvxaiver/f1tenth_ws/build/planned_path/build/lib/planned_path/ppath_control.py -> /home/yvxaiver/f1tenth_ws/install/planned_path/lib/python3.8/site-packages/planned_path
[4.960s] byte-compiling /home/yvxaiver/f1tenth_ws/install/planned_path/lib/python3.8/site-packages/planned_path/ppath_control.py to ppath_control.cpython-38.pyc
[4.963s] running install_data
[4.965s] running install_egg_info
[4.971s] removing '/home/yvxaiver/f1tenth_ws/install/planned_path/lib/python3.8/site-packages/planned_path-0.0.0-py3.8.egg-info' (and everything under it)
[4.973s] Copying ../../../build/planned_path/planned_path.egg-info to /home/yvxaiver/f1tenth_ws/install/planned_path/lib/python3.8/site-packages/planned_path-0.0.0-py3.8.egg-info
[4.978s] running install_scripts
[5.050s] Installing ppath script to /home/yvxaiver/f1tenth_ws/install/planned_path/lib/planned_path
[5.051s] writing list of installed files to '/home/yvxaiver/f1tenth_ws/build/planned_path/install.log'
[5.180s] Invoked command in '/home/yvxaiver/f1tenth_ws/src/f1tenth_system/planned_path' returned '0': PYTHONPATH=/home/yvxaiver/f1tenth_ws/install/planned_path/lib/python3.8/site-packages:${PYTHONPATH} /usr/bin/python3 setup.py egg_info --egg-base ../../../build/planned_path build --build-base /home/yvxaiver/f1tenth_ws/build/planned_path/build install --prefix /home/yvxaiver/f1tenth_ws/install/planned_path --record /home/yvxaiver/f1tenth_ws/build/planned_path/install.log --single-version-externally-managed
