[0.523s] Invoking command in '/home/yvxaiver/f1tenth_ws/build/ackermann_mux': CMAKE_PREFIX_PATH=${CMAKE_PREFIX_PATH}:/home/yvxaiver/f1tenth_ws/install/f1tenth_stack:/home/yvxaiver/f1tenth_ws/install/joy_teleop:/home/yvxaiver/f1tenth_ws/install/planned_path:/home/yvxaiver/f1tenth_ws/install/mouse_teleop:/home/yvxaiver/f1tenth_ws/install/lanenet_driver:/home/yvxaiver/f1tenth_ws/install/key_teleop:/home/yvxaiver/camera_ws/install/lanenet_postprocess:/home/yvxaiver/camera_ws/install/image_processor:/home/yvxaiver/camera_ws/install/inv_mux:/opt/ros/foxy /usr/bin/cmake --build /home/yvxaiver/f1tenth_ws/build/ackermann_mux -- -j6 -l6
[5.860s] [100%] Built target ackermann_mux
[5.888s] Invoked command in '/home/yvxaiver/f1tenth_ws/build/ackermann_mux' returned '0': CMAKE_PREFIX_PATH=${CMAKE_PREFIX_PATH}:/home/yvxaiver/f1tenth_ws/install/f1tenth_stack:/home/yvxaiver/f1tenth_ws/install/joy_teleop:/home/yvxaiver/f1tenth_ws/install/planned_path:/home/yvxaiver/f1tenth_ws/install/mouse_teleop:/home/yvxaiver/f1tenth_ws/install/lanenet_driver:/home/yvxaiver/f1tenth_ws/install/key_teleop:/home/yvxaiver/camera_ws/install/lanenet_postprocess:/home/yvxaiver/camera_ws/install/image_processor:/home/yvxaiver/camera_ws/install/inv_mux:/opt/ros/foxy /usr/bin/cmake --build /home/yvxaiver/f1tenth_ws/build/ackermann_mux -- -j6 -l6
[6.183s] Invoking command in '/home/yvxaiver/f1tenth_ws/build/ackermann_mux': CMAKE_PREFIX_PATH=${CMAKE_PREFIX_PATH}:/home/yvxaiver/f1tenth_ws/install/f1tenth_stack:/home/yvxaiver/f1tenth_ws/install/joy_teleop:/home/yvxaiver/f1tenth_ws/install/planned_path:/home/yvxaiver/f1tenth_ws/install/mouse_teleop:/home/yvxaiver/f1tenth_ws/install/lanenet_driver:/home/yvxaiver/f1tenth_ws/install/key_teleop:/home/yvxaiver/camera_ws/install/lanenet_postprocess:/home/yvxaiver/camera_ws/install/image_processor:/home/yvxaiver/camera_ws/install/inv_mux:/opt/ros/foxy /usr/bin/cmake --install /home/yvxaiver/f1tenth_ws/build/ackermann_mux
[6.251s] -- Install configuration: ""
[6.253s] -- Up-to-date: /home/yvxaiver/f1tenth_ws/install/ackermann_mux/lib/ackermann_mux/ackermann_mux
[6.254s] -- Up-to-date: /home/yvxaiver/f1tenth_ws/install/ackermann_mux/share/ackermann_mux/launch
[6.258s] -- Up-to-date: /home/yvxaiver/f1tenth_ws/install/ackermann_mux/share/ackermann_mux/launch/ackermann_mux_launch.py
[6.259s] -- Up-to-date: /home/yvxaiver/f1tenth_ws/install/ackermann_mux/share/ackermann_mux/config
[6.260s] -- Up-to-date: /home/yvxaiver/f1tenth_ws/install/ackermann_mux/share/ackermann_mux/config/joystick.yaml
[6.262s] -- Up-to-date: /home/yvxaiver/f1tenth_ws/install/ackermann_mux/share/ackermann_mux/config/ackermann_mux_topics.yaml
[6.262s] -- Up-to-date: /home/yvxaiver/f1tenth_ws/install/ackermann_mux/share/ackermann_mux/config/ackermann_mux_locks.yaml
[6.264s] -- Up-to-date: /home/yvxaiver/f1tenth_ws/install/ackermann_mux/include
[6.265s] -- Up-to-date: /home/yvxaiver/f1tenth_ws/install/ackermann_mux/include/ackermann_mux
[6.266s] -- Up-to-date: /home/yvxaiver/f1tenth_ws/install/ackermann_mux/include/ackermann_mux/ackermann_mux_diagnostics_status.hpp
[6.266s] -- Up-to-date: /home/yvxaiver/f1tenth_ws/install/ackermann_mux/include/ackermann_mux/params_helpers.hpp
[6.268s] -- Up-to-date: /home/yvxaiver/f1tenth_ws/install/ackermann_mux/include/ackermann_mux/ackermann_mux.hpp
[6.270s] -- Up-to-date: /home/yvxaiver/f1tenth_ws/install/ackermann_mux/include/ackermann_mux/ackermann_mux_diagnostics.hpp
[6.270s] -- Up-to-date: /home/yvxaiver/f1tenth_ws/install/ackermann_mux/include/ackermann_mux/utils.hpp
[6.272s] -- Up-to-date: /home/yvxaiver/f1tenth_ws/install/ackermann_mux/include/ackermann_mux/topic_handle.hpp
[6.274s] -- Up-to-date: /home/yvxaiver/f1tenth_ws/install/ackermann_mux/share/ament_index/resource_index/package_run_dependencies/ackermann_mux
[6.275s] -- Up-to-date: /home/yvxaiver/f1tenth_ws/install/ackermann_mux/share/ament_index/resource_index/parent_prefix_path/ackermann_mux
[6.276s] -- Up-to-date: /home/yvxaiver/f1tenth_ws/install/ackermann_mux/share/ackermann_mux/environment/ament_prefix_path.sh
[6.277s] -- Up-to-date: /home/yvxaiver/f1tenth_ws/install/ackermann_mux/share/ackermann_mux/environment/ament_prefix_path.dsv
[6.278s] -- Up-to-date: /home/yvxaiver/f1tenth_ws/install/ackermann_mux/share/ackermann_mux/environment/path.sh
[6.279s] -- Up-to-date: /home/yvxaiver/f1tenth_ws/install/ackermann_mux/share/ackermann_mux/environment/path.dsv
[6.279s] -- Up-to-date: /home/yvxaiver/f1tenth_ws/install/ackermann_mux/share/ackermann_mux/local_setup.bash
[6.280s] -- Up-to-date: /home/yvxaiver/f1tenth_ws/install/ackermann_mux/share/ackermann_mux/local_setup.sh
[6.280s] -- Up-to-date: /home/yvxaiver/f1tenth_ws/install/ackermann_mux/share/ackermann_mux/local_setup.zsh
[6.281s] -- Up-to-date: /home/yvxaiver/f1tenth_ws/install/ackermann_mux/share/ackermann_mux/local_setup.dsv
[6.281s] -- Installing: /home/yvxaiver/f1tenth_ws/install/ackermann_mux/share/ackermann_mux/package.dsv
[6.282s] -- Up-to-date: /home/yvxaiver/f1tenth_ws/install/ackermann_mux/share/ament_index/resource_index/packages/ackermann_mux
[6.284s] -- Up-to-date: /home/yvxaiver/f1tenth_ws/install/ackermann_mux/share/ackermann_mux/cmake/ament_cmake_export_include_directories-extras.cmake
[6.284s] -- Up-to-date: /home/yvxaiver/f1tenth_ws/install/ackermann_mux/share/ackermann_mux/cmake/ament_cmake_export_dependencies-extras.cmake
[6.284s] -- Up-to-date: /home/yvxaiver/f1tenth_ws/install/ackermann_mux/share/ackermann_mux/cmake/ackermann_muxConfig.cmake
[6.290s] -- Up-to-date: /home/yvxaiver/f1tenth_ws/install/ackermann_mux/share/ackermann_mux/cmake/ackermann_muxConfig-version.cmake
[6.291s] -- Up-to-date: /home/yvxaiver/f1tenth_ws/install/ackermann_mux/share/ackermann_mux/package.xml
[6.307s] Invoked command in '/home/yvxaiver/f1tenth_ws/build/ackermann_mux' returned '0': CMAKE_PREFIX_PATH=${CMAKE_PREFIX_PATH}:/home/yvxaiver/f1tenth_ws/install/f1tenth_stack:/home/yvxaiver/f1tenth_ws/install/joy_teleop:/home/yvxaiver/f1tenth_ws/install/planned_path:/home/yvxaiver/f1tenth_ws/install/mouse_teleop:/home/yvxaiver/f1tenth_ws/install/lanenet_driver:/home/yvxaiver/f1tenth_ws/install/key_teleop:/home/yvxaiver/camera_ws/install/lanenet_postprocess:/home/yvxaiver/camera_ws/install/image_processor:/home/yvxaiver/camera_ws/install/inv_mux:/opt/ros/foxy /usr/bin/cmake --install /home/yvxaiver/f1tenth_ws/build/ackermann_mux
