[0.535s] Invoking command in '/home/yvxaiver/f1tenth_ws/build/teleop_tools_msgs': CMAKE_PREFIX_PATH=${CMAKE_PREFIX_PATH}:/home/yvxaiver/f1tenth_ws/install/f1tenth_stack:/home/yvxaiver/f1tenth_ws/install/joy_teleop:/home/yvxaiver/f1tenth_ws/install/planned_path:/home/yvxaiver/f1tenth_ws/install/mouse_teleop:/home/yvxaiver/f1tenth_ws/install/lanenet_driver:/home/yvxaiver/f1tenth_ws/install/key_teleop:/home/yvxaiver/camera_ws/install/lanenet_postprocess:/home/yvxaiver/camera_ws/install/image_processor:/home/yvxaiver/camera_ws/install/inv_mux:/opt/ros/foxy /usr/bin/cmake --build /home/yvxaiver/f1tenth_ws/build/teleop_tools_msgs -- -j6 -l6
[5.496s] [  3%] Built target teleop_tools_msgs__cpp
[5.497s] [ 12%] Built target teleop_tools_msgs__rosidl_generator_c
[5.498s] [ 22%] Built target teleop_tools_msgs__rosidl_typesupport_cpp
[5.498s] [ 32%] Built target teleop_tools_msgs__rosidl_typesupport_introspection_cpp
[5.498s] [ 41%] Built target teleop_tools_msgs__rosidl_typesupport_fastrtps_cpp
[5.499s] [ 51%] Built target teleop_tools_msgs__rosidl_typesupport_introspection_c
[5.499s] [ 61%] Built target teleop_tools_msgs__rosidl_typesupport_c
[5.500s] [ 70%] Built target teleop_tools_msgs__rosidl_typesupport_fastrtps_c
[5.500s] [ 70%] Built target teleop_tools_msgs
[5.501s] [ 74%] Built target teleop_tools_msgs__py
[5.501s] [ 80%] Built target teleop_tools_msgs__python
[5.504s] [ 87%] Built target teleop_tools_msgs__rosidl_typesupport_fastrtps_c__pyext
[5.505s] [ 93%] Built target teleop_tools_msgs__rosidl_typesupport_c__pyext
[5.505s] [100%] Built target teleop_tools_msgs__rosidl_typesupport_introspection_c__pyext
[5.525s] Invoked command in '/home/yvxaiver/f1tenth_ws/build/teleop_tools_msgs' returned '0': CMAKE_PREFIX_PATH=${CMAKE_PREFIX_PATH}:/home/yvxaiver/f1tenth_ws/install/f1tenth_stack:/home/yvxaiver/f1tenth_ws/install/joy_teleop:/home/yvxaiver/f1tenth_ws/install/planned_path:/home/yvxaiver/f1tenth_ws/install/mouse_teleop:/home/yvxaiver/f1tenth_ws/install/lanenet_driver:/home/yvxaiver/f1tenth_ws/install/key_teleop:/home/yvxaiver/camera_ws/install/lanenet_postprocess:/home/yvxaiver/camera_ws/install/image_processor:/home/yvxaiver/camera_ws/install/inv_mux:/opt/ros/foxy /usr/bin/cmake --build /home/yvxaiver/f1tenth_ws/build/teleop_tools_msgs -- -j6 -l6
[6.073s] Invoking command in '/home/yvxaiver/f1tenth_ws/build/teleop_tools_msgs': CMAKE_PREFIX_PATH=${CMAKE_PREFIX_PATH}:/home/yvxaiver/f1tenth_ws/install/f1tenth_stack:/home/yvxaiver/f1tenth_ws/install/joy_teleop:/home/yvxaiver/f1tenth_ws/install/planned_path:/home/yvxaiver/f1tenth_ws/install/mouse_teleop:/home/yvxaiver/f1tenth_ws/install/lanenet_driver:/home/yvxaiver/f1tenth_ws/install/key_teleop:/home/yvxaiver/camera_ws/install/lanenet_postprocess:/home/yvxaiver/camera_ws/install/image_processor:/home/yvxaiver/camera_ws/install/inv_mux:/opt/ros/foxy /usr/bin/cmake --install /home/yvxaiver/f1tenth_ws/build/teleop_tools_msgs
[6.153s] -- Install configuration: ""
[6.154s] -- Up-to-date: /home/yvxaiver/f1tenth_ws/install/teleop_tools_msgs/share/ament_index/resource_index/rosidl_interfaces/teleop_tools_msgs
[6.155s] -- Up-to-date: /home/yvxaiver/f1tenth_ws/install/teleop_tools_msgs/include/teleop_tools_msgs
[6.157s] -- Up-to-date: /home/yvxaiver/f1tenth_ws/install/teleop_tools_msgs/include/teleop_tools_msgs/action
[6.158s] -- Up-to-date: /home/yvxaiver/f1tenth_ws/install/teleop_tools_msgs/include/teleop_tools_msgs/action/increment.h
[6.158s] -- Up-to-date: /home/yvxaiver/f1tenth_ws/install/teleop_tools_msgs/include/teleop_tools_msgs/action/detail
[6.161s] -- Up-to-date: /home/yvxaiver/f1tenth_ws/install/teleop_tools_msgs/include/teleop_tools_msgs/action/detail/increment__functions.c
[6.162s] -- Up-to-date: /home/yvxaiver/f1tenth_ws/install/teleop_tools_msgs/include/teleop_tools_msgs/action/detail/increment__functions.h
[6.163s] -- Up-to-date: /home/yvxaiver/f1tenth_ws/install/teleop_tools_msgs/include/teleop_tools_msgs/action/detail/increment__type_support.h
[6.163s] -- Up-to-date: /home/yvxaiver/f1tenth_ws/install/teleop_tools_msgs/include/teleop_tools_msgs/action/detail/increment__struct.h
[6.164s] -- Up-to-date: /home/yvxaiver/f1tenth_ws/install/teleop_tools_msgs/include/teleop_tools_msgs/msg
[6.165s] -- Up-to-date: /home/yvxaiver/f1tenth_ws/install/teleop_tools_msgs/include/teleop_tools_msgs/msg/rosidl_generator_c__visibility_control.h
[6.165s] -- Up-to-date: /home/yvxaiver/f1tenth_ws/install/teleop_tools_msgs/share/teleop_tools_msgs/environment/library_path.sh
[6.165s] -- Up-to-date: /home/yvxaiver/f1tenth_ws/install/teleop_tools_msgs/share/teleop_tools_msgs/environment/library_path.dsv
[6.168s] -- Up-to-date: /home/yvxaiver/f1tenth_ws/install/teleop_tools_msgs/lib/libteleop_tools_msgs__rosidl_generator_c.so
[6.173s] -- Up-to-date: /home/yvxaiver/f1tenth_ws/install/teleop_tools_msgs/include/teleop_tools_msgs
[6.174s] -- Up-to-date: /home/yvxaiver/f1tenth_ws/install/teleop_tools_msgs/include/teleop_tools_msgs/action
[6.175s] -- Up-to-date: /home/yvxaiver/f1tenth_ws/install/teleop_tools_msgs/include/teleop_tools_msgs/action/detail
[6.175s] -- Up-to-date: /home/yvxaiver/f1tenth_ws/install/teleop_tools_msgs/include/teleop_tools_msgs/action/detail/increment__rosidl_typesupport_fastrtps_c.h
[6.177s] -- Up-to-date: /home/yvxaiver/f1tenth_ws/install/teleop_tools_msgs/include/teleop_tools_msgs/msg
[6.178s] -- Up-to-date: /home/yvxaiver/f1tenth_ws/install/teleop_tools_msgs/include/teleop_tools_msgs/msg/rosidl_typesupport_fastrtps_c__visibility_control.h
[6.178s] -- Up-to-date: /home/yvxaiver/f1tenth_ws/install/teleop_tools_msgs/lib/libteleop_tools_msgs__rosidl_typesupport_fastrtps_c.so
[6.179s] -- Up-to-date: /home/yvxaiver/f1tenth_ws/install/teleop_tools_msgs/include/teleop_tools_msgs
[6.179s] -- Up-to-date: /home/yvxaiver/f1tenth_ws/install/teleop_tools_msgs/include/teleop_tools_msgs/action
[6.179s] -- Up-to-date: /home/yvxaiver/f1tenth_ws/install/teleop_tools_msgs/include/teleop_tools_msgs/action/detail
[6.180s] -- Up-to-date: /home/yvxaiver/f1tenth_ws/install/teleop_tools_msgs/include/teleop_tools_msgs/action/detail/increment__rosidl_typesupport_fastrtps_cpp.hpp
[6.180s] -- Up-to-date: /home/yvxaiver/f1tenth_ws/install/teleop_tools_msgs/include/teleop_tools_msgs/action/detail/dds_fastrtps
[6.181s] -- Up-to-date: /home/yvxaiver/f1tenth_ws/install/teleop_tools_msgs/include/teleop_tools_msgs/msg
[6.182s] -- Up-to-date: /home/yvxaiver/f1tenth_ws/install/teleop_tools_msgs/include/teleop_tools_msgs/msg/rosidl_typesupport_fastrtps_cpp__visibility_control.h
[6.191s] -- Up-to-date: /home/yvxaiver/f1tenth_ws/install/teleop_tools_msgs/lib/libteleop_tools_msgs__rosidl_typesupport_fastrtps_cpp.so
[6.193s] -- Up-to-date: /home/yvxaiver/f1tenth_ws/install/teleop_tools_msgs/include/teleop_tools_msgs
[6.196s] -- Up-to-date: /home/yvxaiver/f1tenth_ws/install/teleop_tools_msgs/include/teleop_tools_msgs/action
[6.197s] -- Up-to-date: /home/yvxaiver/f1tenth_ws/install/teleop_tools_msgs/include/teleop_tools_msgs/action/detail
[6.199s] -- Up-to-date: /home/yvxaiver/f1tenth_ws/install/teleop_tools_msgs/include/teleop_tools_msgs/action/detail/increment__rosidl_typesupport_introspection_c.h
[6.200s] -- Up-to-date: /home/yvxaiver/f1tenth_ws/install/teleop_tools_msgs/include/teleop_tools_msgs/action/detail/increment__type_support.c
[6.201s] -- Up-to-date: /home/yvxaiver/f1tenth_ws/install/teleop_tools_msgs/include/teleop_tools_msgs/msg
[6.203s] -- Up-to-date: /home/yvxaiver/f1tenth_ws/install/teleop_tools_msgs/include/teleop_tools_msgs/msg/rosidl_typesupport_introspection_c__visibility_control.h
[6.209s] -- Up-to-date: /home/yvxaiver/f1tenth_ws/install/teleop_tools_msgs/lib/libteleop_tools_msgs__rosidl_typesupport_introspection_c.so
[6.215s] -- Up-to-date: /home/yvxaiver/f1tenth_ws/install/teleop_tools_msgs/lib/libteleop_tools_msgs__rosidl_typesupport_c.so
[6.217s] -- Up-to-date: /home/yvxaiver/f1tenth_ws/install/teleop_tools_msgs/include/teleop_tools_msgs
[6.219s] -- Up-to-date: /home/yvxaiver/f1tenth_ws/install/teleop_tools_msgs/include/teleop_tools_msgs/action
[6.220s] -- Up-to-date: /home/yvxaiver/f1tenth_ws/install/teleop_tools_msgs/include/teleop_tools_msgs/action/detail
[6.220s] -- Up-to-date: /home/yvxaiver/f1tenth_ws/install/teleop_tools_msgs/include/teleop_tools_msgs/action/detail/increment__traits.hpp
[6.221s] -- Up-to-date: /home/yvxaiver/f1tenth_ws/install/teleop_tools_msgs/include/teleop_tools_msgs/action/detail/increment__struct.hpp
[6.221s] -- Up-to-date: /home/yvxaiver/f1tenth_ws/install/teleop_tools_msgs/include/teleop_tools_msgs/action/detail/increment__builder.hpp
[6.222s] -- Up-to-date: /home/yvxaiver/f1tenth_ws/install/teleop_tools_msgs/include/teleop_tools_msgs/action/increment.hpp
[6.223s] -- Up-to-date: /home/yvxaiver/f1tenth_ws/install/teleop_tools_msgs/include/teleop_tools_msgs
[6.223s] -- Up-to-date: /home/yvxaiver/f1tenth_ws/install/teleop_tools_msgs/include/teleop_tools_msgs/action
[6.224s] -- Up-to-date: /home/yvxaiver/f1tenth_ws/install/teleop_tools_msgs/include/teleop_tools_msgs/action/detail
[6.224s] -- Up-to-date: /home/yvxaiver/f1tenth_ws/install/teleop_tools_msgs/include/teleop_tools_msgs/action/detail/increment__type_support.cpp
[6.225s] -- Up-to-date: /home/yvxaiver/f1tenth_ws/install/teleop_tools_msgs/include/teleop_tools_msgs/action/detail/increment__rosidl_typesupport_introspection_cpp.hpp
[6.226s] -- Up-to-date: /home/yvxaiver/f1tenth_ws/install/teleop_tools_msgs/lib/libteleop_tools_msgs__rosidl_typesupport_introspection_cpp.so
[6.230s] -- Up-to-date: /home/yvxaiver/f1tenth_ws/install/teleop_tools_msgs/lib/libteleop_tools_msgs__rosidl_typesupport_cpp.so
[6.232s] -- Up-to-date: /home/yvxaiver/f1tenth_ws/install/teleop_tools_msgs/share/teleop_tools_msgs/environment/pythonpath.sh
[6.232s] -- Up-to-date: /home/yvxaiver/f1tenth_ws/install/teleop_tools_msgs/share/teleop_tools_msgs/environment/pythonpath.dsv
[6.233s] -- Up-to-date: /home/yvxaiver/f1tenth_ws/install/teleop_tools_msgs/lib/python3.8/site-packages/teleop_tools_msgs/__init__.py
[6.557s] -- Up-to-date: /home/yvxaiver/f1tenth_ws/install/teleop_tools_msgs/lib/python3.8/site-packages/teleop_tools_msgs/action
[6.557s] -- Up-to-date: /home/yvxaiver/f1tenth_ws/install/teleop_tools_msgs/lib/python3.8/site-packages/teleop_tools_msgs/action/__init__.py
[6.558s] -- Up-to-date: /home/yvxaiver/f1tenth_ws/install/teleop_tools_msgs/lib/python3.8/site-packages/teleop_tools_msgs/action/_increment.py
[6.558s] -- Up-to-date: /home/yvxaiver/f1tenth_ws/install/teleop_tools_msgs/lib/python3.8/site-packages/teleop_tools_msgs/action/_increment_s.c
[6.559s] -- Up-to-date: /home/yvxaiver/f1tenth_ws/install/teleop_tools_msgs/lib/python3.8/site-packages/teleop_tools_msgs/teleop_tools_msgs_s__rosidl_typesupport_fastrtps_c.cpython-38-aarch64-linux-gnu.so
[6.559s] -- Up-to-date: /home/yvxaiver/f1tenth_ws/install/teleop_tools_msgs/lib/python3.8/site-packages/teleop_tools_msgs/teleop_tools_msgs_s__rosidl_typesupport_introspection_c.cpython-38-aarch64-linux-gnu.so
[6.559s] -- Up-to-date: /home/yvxaiver/f1tenth_ws/install/teleop_tools_msgs/lib/python3.8/site-packages/teleop_tools_msgs/teleop_tools_msgs_s__rosidl_typesupport_c.cpython-38-aarch64-linux-gnu.so
[6.560s] -- Up-to-date: /home/yvxaiver/f1tenth_ws/install/teleop_tools_msgs/lib/libteleop_tools_msgs__python.so
[6.561s] -- Up-to-date: /home/yvxaiver/f1tenth_ws/install/teleop_tools_msgs/share/teleop_tools_msgs/action/Increment.idl
[6.561s] -- Up-to-date: /home/yvxaiver/f1tenth_ws/install/teleop_tools_msgs/share/teleop_tools_msgs/action/Increment.action
[6.561s] -- Up-to-date: /home/yvxaiver/f1tenth_ws/install/teleop_tools_msgs/share/ament_index/resource_index/package_run_dependencies/teleop_tools_msgs
[6.562s] -- Up-to-date: /home/yvxaiver/f1tenth_ws/install/teleop_tools_msgs/share/ament_index/resource_index/parent_prefix_path/teleop_tools_msgs
[6.562s] -- Up-to-date: /home/yvxaiver/f1tenth_ws/install/teleop_tools_msgs/share/teleop_tools_msgs/environment/ament_prefix_path.sh
[6.563s] -- Up-to-date: /home/yvxaiver/f1tenth_ws/install/teleop_tools_msgs/share/teleop_tools_msgs/environment/ament_prefix_path.dsv
[6.564s] -- Up-to-date: /home/yvxaiver/f1tenth_ws/install/teleop_tools_msgs/share/teleop_tools_msgs/environment/path.sh
[6.564s] -- Up-to-date: /home/yvxaiver/f1tenth_ws/install/teleop_tools_msgs/share/teleop_tools_msgs/environment/path.dsv
[6.565s] -- Up-to-date: /home/yvxaiver/f1tenth_ws/install/teleop_tools_msgs/share/teleop_tools_msgs/local_setup.bash
[6.565s] -- Up-to-date: /home/yvxaiver/f1tenth_ws/install/teleop_tools_msgs/share/teleop_tools_msgs/local_setup.sh
[6.565s] -- Up-to-date: /home/yvxaiver/f1tenth_ws/install/teleop_tools_msgs/share/teleop_tools_msgs/local_setup.zsh
[6.566s] -- Up-to-date: /home/yvxaiver/f1tenth_ws/install/teleop_tools_msgs/share/teleop_tools_msgs/local_setup.dsv
[6.568s] -- Installing: /home/yvxaiver/f1tenth_ws/install/teleop_tools_msgs/share/teleop_tools_msgs/package.dsv
[6.568s] -- Up-to-date: /home/yvxaiver/f1tenth_ws/install/teleop_tools_msgs/share/ament_index/resource_index/packages/teleop_tools_msgs
[6.579s] -- Up-to-date: /home/yvxaiver/f1tenth_ws/install/teleop_tools_msgs/share/teleop_tools_msgs/cmake/teleop_tools_msgs__rosidl_generator_cExport.cmake
[6.582s] -- Up-to-date: /home/yvxaiver/f1tenth_ws/install/teleop_tools_msgs/share/teleop_tools_msgs/cmake/teleop_tools_msgs__rosidl_generator_cExport-noconfig.cmake
[6.582s] -- Up-to-date: /home/yvxaiver/f1tenth_ws/install/teleop_tools_msgs/share/teleop_tools_msgs/cmake/teleop_tools_msgs__rosidl_typesupport_introspection_cExport.cmake
[6.582s] -- Up-to-date: /home/yvxaiver/f1tenth_ws/install/teleop_tools_msgs/share/teleop_tools_msgs/cmake/teleop_tools_msgs__rosidl_typesupport_introspection_cExport-noconfig.cmake
[6.583s] -- Up-to-date: /home/yvxaiver/f1tenth_ws/install/teleop_tools_msgs/share/teleop_tools_msgs/cmake/teleop_tools_msgs__rosidl_typesupport_cExport.cmake
[6.583s] -- Up-to-date: /home/yvxaiver/f1tenth_ws/install/teleop_tools_msgs/share/teleop_tools_msgs/cmake/teleop_tools_msgs__rosidl_typesupport_cExport-noconfig.cmake
[6.587s] -- Up-to-date: /home/yvxaiver/f1tenth_ws/install/teleop_tools_msgs/share/teleop_tools_msgs/cmake/teleop_tools_msgs__rosidl_generator_cppExport.cmake
[6.588s] -- Up-to-date: /home/yvxaiver/f1tenth_ws/install/teleop_tools_msgs/share/teleop_tools_msgs/cmake/teleop_tools_msgs__rosidl_typesupport_introspection_cppExport.cmake
[6.588s] -- Up-to-date: /home/yvxaiver/f1tenth_ws/install/teleop_tools_msgs/share/teleop_tools_msgs/cmake/teleop_tools_msgs__rosidl_typesupport_introspection_cppExport-noconfig.cmake
[6.588s] -- Up-to-date: /home/yvxaiver/f1tenth_ws/install/teleop_tools_msgs/share/teleop_tools_msgs/cmake/teleop_tools_msgs__rosidl_typesupport_cppExport.cmake
[6.589s] -- Up-to-date: /home/yvxaiver/f1tenth_ws/install/teleop_tools_msgs/share/teleop_tools_msgs/cmake/teleop_tools_msgs__rosidl_typesupport_cppExport-noconfig.cmake
[6.589s] -- Up-to-date: /home/yvxaiver/f1tenth_ws/install/teleop_tools_msgs/share/teleop_tools_msgs/cmake/rosidl_cmake-extras.cmake
[6.590s] -- Up-to-date: /home/yvxaiver/f1tenth_ws/install/teleop_tools_msgs/share/teleop_tools_msgs/cmake/ament_cmake_export_dependencies-extras.cmake
[6.590s] -- Up-to-date: /home/yvxaiver/f1tenth_ws/install/teleop_tools_msgs/share/teleop_tools_msgs/cmake/ament_cmake_export_libraries-extras.cmake
[6.590s] -- Up-to-date: /home/yvxaiver/f1tenth_ws/install/teleop_tools_msgs/share/teleop_tools_msgs/cmake/ament_cmake_export_targets-extras.cmake
[6.591s] -- Up-to-date: /home/yvxaiver/f1tenth_ws/install/teleop_tools_msgs/share/teleop_tools_msgs/cmake/ament_cmake_export_include_directories-extras.cmake
[6.591s] -- Up-to-date: /home/yvxaiver/f1tenth_ws/install/teleop_tools_msgs/share/teleop_tools_msgs/cmake/rosidl_cmake_export_typesupport_libraries-extras.cmake
[6.592s] -- Up-to-date: /home/yvxaiver/f1tenth_ws/install/teleop_tools_msgs/share/teleop_tools_msgs/cmake/rosidl_cmake_export_typesupport_targets-extras.cmake
[6.592s] -- Up-to-date: /home/yvxaiver/f1tenth_ws/install/teleop_tools_msgs/share/teleop_tools_msgs/cmake/teleop_tools_msgsConfig.cmake
[6.592s] -- Up-to-date: /home/yvxaiver/f1tenth_ws/install/teleop_tools_msgs/share/teleop_tools_msgs/cmake/teleop_tools_msgsConfig-version.cmake
[6.593s] -- Up-to-date: /home/yvxaiver/f1tenth_ws/install/teleop_tools_msgs/share/teleop_tools_msgs/package.xml
[8.231s] Invoked command in '/home/yvxaiver/f1tenth_ws/build/teleop_tools_msgs' returned '0': CMAKE_PREFIX_PATH=${CMAKE_PREFIX_PATH}:/home/yvxaiver/f1tenth_ws/install/f1tenth_stack:/home/yvxaiver/f1tenth_ws/install/joy_teleop:/home/yvxaiver/f1tenth_ws/install/planned_path:/home/yvxaiver/f1tenth_ws/install/mouse_teleop:/home/yvxaiver/f1tenth_ws/install/lanenet_driver:/home/yvxaiver/f1tenth_ws/install/key_teleop:/home/yvxaiver/camera_ws/install/lanenet_postprocess:/home/yvxaiver/camera_ws/install/image_processor:/home/yvxaiver/camera_ws/install/inv_mux:/opt/ros/foxy /usr/bin/cmake --install /home/yvxaiver/f1tenth_ws/build/teleop_tools_msgs
