[3.282s] Invoking command in '/home/yvxaiver/f1tenth_ws/src/f1tenth_system/planned_path': PYTHONPATH=/home/yvxaiver/f1tenth_ws/install/planned_path/lib/python3.8/site-packages:${PYTHONPATH} /usr/bin/python3 setup.py egg_info --egg-base ../../../build/planned_path build --build-base /home/yvxaiver/f1tenth_ws/build/planned_path/build install --prefix /home/yvxaiver/f1tenth_ws/install/planned_path --record /home/yvxaiver/f1tenth_ws/build/planned_path/install.log --single-version-externally-managed
[4.447s] running egg_info
[4.449s] writing ../../../build/planned_path/planned_path.egg-info/PKG-INFO
[4.451s] writing dependency_links to ../../../build/planned_path/planned_path.egg-info/dependency_links.txt
[4.452s] writing entry points to ../../../build/planned_path/planned_path.egg-info/entry_points.txt
[4.452s] writing requirements to ../../../build/planned_path/planned_path.egg-info/requires.txt
[4.453s] writing top-level names to ../../../build/planned_path/planned_path.egg-info/top_level.txt
[4.626s] reading manifest file '../../../build/planned_path/planned_path.egg-info/SOURCES.txt'
[4.628s] writing manifest file '../../../build/planned_path/planned_path.egg-info/SOURCES.txt'
[4.629s] running build
[4.629s] running build_py
[4.630s] copying planned_path/ppath_control.py -> /home/yvxaiver/f1tenth_ws/build/planned_path/build/lib/planned_path
[4.632s] running install
[4.635s] running install_lib
[4.638s] copying /home/yvxaiver/f1tenth_ws/build/planned_path/build/lib/planned_path/ppath_control.py -> /home/yvxaiver/f1tenth_ws/install/planned_path/lib/python3.8/site-packages/planned_path
[4.642s] byte-compiling /home/yvxaiver/f1tenth_ws/install/planned_path/lib/python3.8/site-packages/planned_path/ppath_control.py to ppath_control.cpython-38.pyc
[4.645s] running install_data
[4.647s] running install_egg_info
[4.654s] removing '/home/yvxaiver/f1tenth_ws/install/planned_path/lib/python3.8/site-packages/planned_path-0.0.0-py3.8.egg-info' (and everything under it)
[4.655s] Copying ../../../build/planned_path/planned_path.egg-info to /home/yvxaiver/f1tenth_ws/install/planned_path/lib/python3.8/site-packages/planned_path-0.0.0-py3.8.egg-info
[4.659s] running install_scripts
[4.723s] Installing ppath script to /home/yvxaiver/f1tenth_ws/install/planned_path/lib/planned_path
[4.728s] writing list of installed files to '/home/yvxaiver/f1tenth_ws/build/planned_path/install.log'
[4.826s] Invoked command in '/home/yvxaiver/f1tenth_ws/src/f1tenth_system/planned_path' returned '0': PYTHONPATH=/home/yvxaiver/f1tenth_ws/install/planned_path/lib/python3.8/site-packages:${PYTHONPATH} /usr/bin/python3 setup.py egg_info --egg-base ../../../build/planned_path build --build-base /home/yvxaiver/f1tenth_ws/build/planned_path/build install --prefix /home/yvxaiver/f1tenth_ws/install/planned_path --record /home/yvxaiver/f1tenth_ws/build/planned_path/install.log --single-version-externally-managed
