[6.121s] Invoking command in '/home/yvxaiver/Desktop/f1tenth_ws/src/f1tenth_system/planned_path': PYTHONPATH=/home/yvxaiver/Desktop/f1tenth_ws/build/planned_path/prefix_override:/home/yvxaiver/Desktop/f1tenth_ws/install/planned_path/lib/python3.8/site-packages:${PYTHONPATH} /usr/bin/python3 setup.py egg_info --egg-base ../../../build/planned_path build --build-base /home/yvxaiver/Desktop/f1tenth_ws/build/planned_path/build install --record /home/yvxaiver/Desktop/f1tenth_ws/build/planned_path/install.log --install-scripts $base/lib/planned_path --single-version-externally-managed
[10.470s] running egg_info
[10.498s] creating ../../../build/planned_path/planned_path.egg-info
[10.499s] writing ../../../build/planned_path/planned_path.egg-info/PKG-INFO
[10.510s] writing dependency_links to ../../../build/planned_path/planned_path.egg-info/dependency_links.txt
[10.511s] writing entry points to ../../../build/planned_path/planned_path.egg-info/entry_points.txt
[10.512s] writing requirements to ../../../build/planned_path/planned_path.egg-info/requires.txt
[10.512s] writing top-level names to ../../../build/planned_path/planned_path.egg-info/top_level.txt
[10.602s] writing manifest file '../../../build/planned_path/planned_path.egg-info/SOURCES.txt'
[11.286s] reading manifest file '../../../build/planned_path/planned_path.egg-info/SOURCES.txt'
[11.295s] writing manifest file '../../../build/planned_path/planned_path.egg-info/SOURCES.txt'
[11.296s] running build
[11.297s] running build_py
[11.300s] creating /home/yvxaiver/Desktop/f1tenth_ws/build/planned_path/build
[11.300s] creating /home/yvxaiver/Desktop/f1tenth_ws/build/planned_path/build/lib
[11.302s] creating /home/yvxaiver/Desktop/f1tenth_ws/build/planned_path/build/lib/planned_path
[11.302s] copying planned_path/__init__.py -> /home/yvxaiver/Desktop/f1tenth_ws/build/planned_path/build/lib/planned_path
[11.302s] copying planned_path/ppath_control.py -> /home/yvxaiver/Desktop/f1tenth_ws/build/planned_path/build/lib/planned_path
[11.324s] running install
[11.349s] running install_lib
[11.383s] creating /home/yvxaiver/Desktop/f1tenth_ws/install/planned_path/lib/python3.8/site-packages/planned_path
[11.384s] copying /home/yvxaiver/Desktop/f1tenth_ws/build/planned_path/build/lib/planned_path/__init__.py -> /home/yvxaiver/Desktop/f1tenth_ws/install/planned_path/lib/python3.8/site-packages/planned_path
[11.385s] copying /home/yvxaiver/Desktop/f1tenth_ws/build/planned_path/build/lib/planned_path/ppath_control.py -> /home/yvxaiver/Desktop/f1tenth_ws/install/planned_path/lib/python3.8/site-packages/planned_path
[11.411s] byte-compiling /home/yvxaiver/Desktop/f1tenth_ws/install/planned_path/lib/python3.8/site-packages/planned_path/__init__.py to __init__.cpython-38.pyc
[11.413s] byte-compiling /home/yvxaiver/Desktop/f1tenth_ws/install/planned_path/lib/python3.8/site-packages/planned_path/ppath_control.py to ppath_control.cpython-38.pyc
[11.417s] running install_data
[11.443s] creating /home/yvxaiver/Desktop/f1tenth_ws/install/planned_path/share/ament_index
[11.444s] creating /home/yvxaiver/Desktop/f1tenth_ws/install/planned_path/share/ament_index/resource_index
[11.445s] creating /home/yvxaiver/Desktop/f1tenth_ws/install/planned_path/share/ament_index/resource_index/packages
[11.445s] copying resource/planned_path -> /home/yvxaiver/Desktop/f1tenth_ws/install/planned_path/share/ament_index/resource_index/packages
[11.446s] copying package.xml -> /home/yvxaiver/Desktop/f1tenth_ws/install/planned_path/share/planned_path
[11.446s] running install_egg_info
[11.496s] Copying ../../../build/planned_path/planned_path.egg-info to /home/yvxaiver/Desktop/f1tenth_ws/install/planned_path/lib/python3.8/site-packages/planned_path-0.0.0-py3.8.egg-info
[11.542s] running install_scripts
[11.747s] Installing ppath script to /home/yvxaiver/Desktop/f1tenth_ws/install/planned_path/lib/planned_path
[11.750s] writing list of installed files to '/home/yvxaiver/Desktop/f1tenth_ws/build/planned_path/install.log'
[12.023s] Invoked command in '/home/yvxaiver/Desktop/f1tenth_ws/src/f1tenth_system/planned_path' returned '0': PYTHONPATH=/home/yvxaiver/Desktop/f1tenth_ws/build/planned_path/prefix_override:/home/yvxaiver/Desktop/f1tenth_ws/install/planned_path/lib/python3.8/site-packages:${PYTHONPATH} /usr/bin/python3 setup.py egg_info --egg-base ../../../build/planned_path build --build-base /home/yvxaiver/Desktop/f1tenth_ws/build/planned_path/build install --record /home/yvxaiver/Desktop/f1tenth_ws/build/planned_path/install.log --install-scripts $base/lib/planned_path --single-version-externally-managed
