[3.690s] Invoking command in '/home/yvxaiver/f1tenth_ws/src/f1tenth_system/planned_path': PYTHONPATH=/home/yvxaiver/f1tenth_ws/install/planned_path/lib/python3.8/site-packages:${PYTHONPATH} /usr/bin/python3 setup.py egg_info --egg-base ../../../build/planned_path build --build-base /home/yvxaiver/f1tenth_ws/build/planned_path/build install --prefix /home/yvxaiver/f1tenth_ws/install/planned_path --record /home/yvxaiver/f1tenth_ws/build/planned_path/install.log --single-version-externally-managed
[4.952s] running egg_info
[4.956s] writing ../../../build/planned_path/planned_path.egg-info/PKG-INFO
[4.957s] writing dependency_links to ../../../build/planned_path/planned_path.egg-info/dependency_links.txt
[4.958s] writing entry points to ../../../build/planned_path/planned_path.egg-info/entry_points.txt
[4.958s] writing requirements to ../../../build/planned_path/planned_path.egg-info/requires.txt
[4.959s] writing top-level names to ../../../build/planned_path/planned_path.egg-info/top_level.txt
[5.135s] reading manifest file '../../../build/planned_path/planned_path.egg-info/SOURCES.txt'
[5.138s] writing manifest file '../../../build/planned_path/planned_path.egg-info/SOURCES.txt'
[5.138s] running build
[5.139s] running build_py
[5.140s] copying planned_path/ppath_control.py -> /home/yvxaiver/f1tenth_ws/build/planned_path/build/lib/planned_path
[5.141s] running install
[5.144s] running install_lib
[5.147s] copying /home/yvxaiver/f1tenth_ws/build/planned_path/build/lib/planned_path/ppath_control.py -> /home/yvxaiver/f1tenth_ws/install/planned_path/lib/python3.8/site-packages/planned_path
[5.150s] byte-compiling /home/yvxaiver/f1tenth_ws/install/planned_path/lib/python3.8/site-packages/planned_path/ppath_control.py to ppath_control.cpython-38.pyc
[5.153s] running install_data
[5.154s] running install_egg_info
[5.161s] removing '/home/yvxaiver/f1tenth_ws/install/planned_path/lib/python3.8/site-packages/planned_path-0.0.0-py3.8.egg-info' (and everything under it)
[5.162s] Copying ../../../build/planned_path/planned_path.egg-info to /home/yvxaiver/f1tenth_ws/install/planned_path/lib/python3.8/site-packages/planned_path-0.0.0-py3.8.egg-info
[5.166s] running install_scripts
[5.236s] Installing ppath script to /home/yvxaiver/f1tenth_ws/install/planned_path/lib/planned_path
[5.237s] writing list of installed files to '/home/yvxaiver/f1tenth_ws/build/planned_path/install.log'
[5.351s] Invoked command in '/home/yvxaiver/f1tenth_ws/src/f1tenth_system/planned_path' returned '0': PYTHONPATH=/home/yvxaiver/f1tenth_ws/install/planned_path/lib/python3.8/site-packages:${PYTHONPATH} /usr/bin/python3 setup.py egg_info --egg-base ../../../build/planned_path build --build-base /home/yvxaiver/f1tenth_ws/build/planned_path/build install --prefix /home/yvxaiver/f1tenth_ws/install/planned_path --record /home/yvxaiver/f1tenth_ws/build/planned_path/install.log --single-version-externally-managed
