running egg_info
writing ../../../../build/joy_teleop/joy_teleop.egg-info/PKG-INFO
writing dependency_links to ../../../../build/joy_teleop/joy_teleop.egg-info/dependency_links.txt
writing entry points to ../../../../build/joy_teleop/joy_teleop.egg-info/entry_points.txt
writing requirements to ../../../../build/joy_teleop/joy_teleop.egg-info/requires.txt
writing top-level names to ../../../../build/joy_teleop/joy_teleop.egg-info/top_level.txt
reading manifest file '../../../../build/joy_teleop/joy_teleop.egg-info/SOURCES.txt'
writing manifest file '../../../../build/joy_teleop/joy_teleop.egg-info/SOURCES.txt'
running build
running build_py
running install
running install_lib
running install_data
running install_egg_info
removing '/home/yvxaiver/f1tenth_ws/install/joy_teleop/lib/python3.8/site-packages/joy_teleop-0.3.0-py3.8.egg-info' (and everything under it)
Copying ../../../../build/joy_teleop/joy_teleop.egg-info to /home/yvxaiver/f1tenth_ws/install/joy_teleop/lib/python3.8/site-packages/joy_teleop-0.3.0-py3.8.egg-info
running install_scripts
Installing incrementer_server script to /home/yvxaiver/f1tenth_ws/install/joy_teleop/lib/joy_teleop
Installing joy_teleop script to /home/yvxaiver/f1tenth_ws/install/joy_teleop/lib/joy_teleop
writing list of installed files to '/home/yvxaiver/f1tenth_ws/build/joy_teleop/install.log'
