[4.781s] Invoking command in '/home/yvxaiver/Desktop/f1tenth_ws/src/f1tenth_system/teleop_tools/joy_teleop': AMENT_PREFIX_PATH=/home/yvxaiver/Desktop/f1tenth_ws/install/teleop_tools_msgs:${AMENT_PREFIX_PATH} CMAKE_PREFIX_PATH=/home/yvxaiver/Desktop/f1tenth_ws/install/teleop_tools_msgs:${CMAKE_PREFIX_PATH} LD_LIBRARY_PATH=/home/yvxaiver/Desktop/f1tenth_ws/install/teleop_tools_msgs/lib:/home/yvxaiver/f1tenth_ws/install/vesc_driver/lib:/home/yvxaiver/f1tenth_ws/install/vesc_ackermann/lib:/home/yvxaiver/f1tenth_ws/install/vesc_msgs/lib:/home/yvxaiver/f1tenth_ws/install/v4l2_camera/lib:/home/yvxaiver/f1tenth_ws/install/teleop_tools_msgs/lib:/home/yvxaiver/camera_ws/install/usb_camera_driver/lib:/home/yvxaiver/camera_ws/install/usb_cam/lib:/home/yvxaiver/camera_ws/install/points_vector/lib:/home/yvxaiver/camera_ws/install/lanenet_out/lib:/opt/ros/foxy/opt/yaml_cpp_vendor/lib:/opt/ros/foxy/opt/rviz_ogre_vendor/lib:/opt/ros/foxy/lib/aarch64-linux-gnu:/opt/ros/foxy/lib:/usr/local/cuda-11.4/lib64 PYTHONPATH=/home/yvxaiver/Desktop/f1tenth_ws/build/joy_teleop/prefix_override:/home/yvxaiver/Desktop/f1tenth_ws/install/joy_teleop/lib/python3.8/site-packages:/home/yvxaiver/Desktop/f1tenth_ws/install/teleop_tools_msgs/lib/python3.8/site-packages:${PYTHONPATH} /usr/bin/python3 setup.py egg_info --egg-base ../../../../build/joy_teleop build --build-base /home/yvxaiver/Desktop/f1tenth_ws/build/joy_teleop/build install --record /home/yvxaiver/Desktop/f1tenth_ws/build/joy_teleop/install.log --install-scripts $base/lib/joy_teleop --single-version-externally-managed
[6.292s] running egg_info
[7.268s] creating ../../../../build/joy_teleop/joy_teleop.egg-info
[7.269s] writing ../../../../build/joy_teleop/joy_teleop.egg-info/PKG-INFO
[7.271s] writing dependency_links to ../../../../build/joy_teleop/joy_teleop.egg-info/dependency_links.txt
[7.274s] writing entry points to ../../../../build/joy_teleop/joy_teleop.egg-info/entry_points.txt
[7.274s] writing requirements to ../../../../build/joy_teleop/joy_teleop.egg-info/requires.txt
[7.275s] writing top-level names to ../../../../build/joy_teleop/joy_teleop.egg-info/top_level.txt
[7.322s] writing manifest file '../../../../build/joy_teleop/joy_teleop.egg-info/SOURCES.txt'
[7.531s] reading manifest file '../../../../build/joy_teleop/joy_teleop.egg-info/SOURCES.txt'
[7.536s] writing manifest file '../../../../build/joy_teleop/joy_teleop.egg-info/SOURCES.txt'
[7.537s] running build
[7.538s] running build_py
[7.539s] creating /home/yvxaiver/Desktop/f1tenth_ws/build/joy_teleop/build
[7.540s] creating /home/yvxaiver/Desktop/f1tenth_ws/build/joy_teleop/build/lib
[7.540s] creating /home/yvxaiver/Desktop/f1tenth_ws/build/joy_teleop/build/lib/joy_teleop
[7.541s] copying joy_teleop/joy_teleop.py -> /home/yvxaiver/Desktop/f1tenth_ws/build/joy_teleop/build/lib/joy_teleop
[7.556s] copying joy_teleop/__init__.py -> /home/yvxaiver/Desktop/f1tenth_ws/build/joy_teleop/build/lib/joy_teleop
[7.557s] copying joy_teleop/incrementer_server.py -> /home/yvxaiver/Desktop/f1tenth_ws/build/joy_teleop/build/lib/joy_teleop
[7.559s] running install
[7.564s] running install_lib
[7.569s] creating /home/yvxaiver/Desktop/f1tenth_ws/install/joy_teleop/lib/python3.8/site-packages/joy_teleop
[7.571s] copying /home/yvxaiver/Desktop/f1tenth_ws/build/joy_teleop/build/lib/joy_teleop/joy_teleop.py -> /home/yvxaiver/Desktop/f1tenth_ws/install/joy_teleop/lib/python3.8/site-packages/joy_teleop
[7.572s] copying /home/yvxaiver/Desktop/f1tenth_ws/build/joy_teleop/build/lib/joy_teleop/__init__.py -> /home/yvxaiver/Desktop/f1tenth_ws/install/joy_teleop/lib/python3.8/site-packages/joy_teleop
[7.573s] copying /home/yvxaiver/Desktop/f1tenth_ws/build/joy_teleop/build/lib/joy_teleop/incrementer_server.py -> /home/yvxaiver/Desktop/f1tenth_ws/install/joy_teleop/lib/python3.8/site-packages/joy_teleop
[7.577s] byte-compiling /home/yvxaiver/Desktop/f1tenth_ws/install/joy_teleop/lib/python3.8/site-packages/joy_teleop/joy_teleop.py to joy_teleop.cpython-38.pyc
[7.591s] byte-compiling /home/yvxaiver/Desktop/f1tenth_ws/install/joy_teleop/lib/python3.8/site-packages/joy_teleop/__init__.py to __init__.cpython-38.pyc
[7.592s] byte-compiling /home/yvxaiver/Desktop/f1tenth_ws/install/joy_teleop/lib/python3.8/site-packages/joy_teleop/incrementer_server.py to incrementer_server.cpython-38.pyc
[7.595s] running install_data
[7.598s] copying package.xml -> /home/yvxaiver/Desktop/f1tenth_ws/install/joy_teleop/share/joy_teleop
[7.600s] creating /home/yvxaiver/Desktop/f1tenth_ws/install/joy_teleop/share/joy_teleop/config
[7.601s] copying config/joy_teleop_example.yaml -> /home/yvxaiver/Desktop/f1tenth_ws/install/joy_teleop/share/joy_teleop/config
[7.603s] creating /home/yvxaiver/Desktop/f1tenth_ws/install/joy_teleop/share/joy_teleop/launch
[7.604s] copying launch/example.launch.py -> /home/yvxaiver/Desktop/f1tenth_ws/install/joy_teleop/share/joy_teleop/launch
[7.607s] creating /home/yvxaiver/Desktop/f1tenth_ws/install/joy_teleop/share/ament_index
[7.607s] creating /home/yvxaiver/Desktop/f1tenth_ws/install/joy_teleop/share/ament_index/resource_index
[7.608s] creating /home/yvxaiver/Desktop/f1tenth_ws/install/joy_teleop/share/ament_index/resource_index/packages
[7.608s] copying resource/joy_teleop -> /home/yvxaiver/Desktop/f1tenth_ws/install/joy_teleop/share/ament_index/resource_index/packages
[7.609s] running install_egg_info
[7.616s] Copying ../../../../build/joy_teleop/joy_teleop.egg-info to /home/yvxaiver/Desktop/f1tenth_ws/install/joy_teleop/lib/python3.8/site-packages/joy_teleop-0.3.0-py3.8.egg-info
[7.622s] running install_scripts
[7.712s] Installing incrementer_server script to /home/yvxaiver/Desktop/f1tenth_ws/install/joy_teleop/lib/joy_teleop
[7.713s] Installing joy_teleop script to /home/yvxaiver/Desktop/f1tenth_ws/install/joy_teleop/lib/joy_teleop
[7.716s] writing list of installed files to '/home/yvxaiver/Desktop/f1tenth_ws/build/joy_teleop/install.log'
[7.864s] Invoked command in '/home/yvxaiver/Desktop/f1tenth_ws/src/f1tenth_system/teleop_tools/joy_teleop' returned '0': AMENT_PREFIX_PATH=/home/yvxaiver/Desktop/f1tenth_ws/install/teleop_tools_msgs:${AMENT_PREFIX_PATH} CMAKE_PREFIX_PATH=/home/yvxaiver/Desktop/f1tenth_ws/install/teleop_tools_msgs:${CMAKE_PREFIX_PATH} LD_LIBRARY_PATH=/home/yvxaiver/Desktop/f1tenth_ws/install/teleop_tools_msgs/lib:/home/yvxaiver/f1tenth_ws/install/vesc_driver/lib:/home/yvxaiver/f1tenth_ws/install/vesc_ackermann/lib:/home/yvxaiver/f1tenth_ws/install/vesc_msgs/lib:/home/yvxaiver/f1tenth_ws/install/v4l2_camera/lib:/home/yvxaiver/f1tenth_ws/install/teleop_tools_msgs/lib:/home/yvxaiver/camera_ws/install/usb_camera_driver/lib:/home/yvxaiver/camera_ws/install/usb_cam/lib:/home/yvxaiver/camera_ws/install/points_vector/lib:/home/yvxaiver/camera_ws/install/lanenet_out/lib:/opt/ros/foxy/opt/yaml_cpp_vendor/lib:/opt/ros/foxy/opt/rviz_ogre_vendor/lib:/opt/ros/foxy/lib/aarch64-linux-gnu:/opt/ros/foxy/lib:/usr/local/cuda-11.4/lib64 PYTHONPATH=/home/yvxaiver/Desktop/f1tenth_ws/build/joy_teleop/prefix_override:/home/yvxaiver/Desktop/f1tenth_ws/install/joy_teleop/lib/python3.8/site-packages:/home/yvxaiver/Desktop/f1tenth_ws/install/teleop_tools_msgs/lib/python3.8/site-packages:${PYTHONPATH} /usr/bin/python3 setup.py egg_info --egg-base ../../../../build/joy_teleop build --build-base /home/yvxaiver/Desktop/f1tenth_ws/build/joy_teleop/build install --record /home/yvxaiver/Desktop/f1tenth_ws/build/joy_teleop/install.log --install-scripts $base/lib/joy_teleop --single-version-externally-managed
