[5.845s] Invoking command in '/home/yvxaiver/f1tenth_ws/src/f1tenth_system/teleop_tools/key_teleop': PYTHONPATH=/home/yvxaiver/f1tenth_ws/install/key_teleop/lib/python3.8/site-packages:${PYTHONPATH} /usr/bin/python3 setup.py egg_info --egg-base ../../../../build/key_teleop build --build-base /home/yvxaiver/f1tenth_ws/build/key_teleop/build install --prefix /home/yvxaiver/f1tenth_ws/install/key_teleop --record /home/yvxaiver/f1tenth_ws/build/key_teleop/install.log --single-version-externally-managed
[8.297s] running egg_info
[8.304s] writing ../../../../build/key_teleop/key_teleop.egg-info/PKG-INFO
[8.311s] writing dependency_links to ../../../../build/key_teleop/key_teleop.egg-info/dependency_links.txt
[8.312s] writing entry points to ../../../../build/key_teleop/key_teleop.egg-info/entry_points.txt
[8.313s] writing requirements to ../../../../build/key_teleop/key_teleop.egg-info/requires.txt
[8.314s] writing top-level names to ../../../../build/key_teleop/key_teleop.egg-info/top_level.txt
[8.611s] reading manifest file '../../../../build/key_teleop/key_teleop.egg-info/SOURCES.txt'
[8.633s] writing manifest file '../../../../build/key_teleop/key_teleop.egg-info/SOURCES.txt'
[8.633s] running build
[8.634s] running build_py
[8.637s] running install
[8.655s] running install_lib
[8.663s] running install_data
[8.669s] running install_egg_info
[8.696s] removing '/home/yvxaiver/f1tenth_ws/install/key_teleop/lib/python3.8/site-packages/key_teleop-0.3.0-py3.8.egg-info' (and everything under it)
[8.701s] Copying ../../../../build/key_teleop/key_teleop.egg-info to /home/yvxaiver/f1tenth_ws/install/key_teleop/lib/python3.8/site-packages/key_teleop-0.3.0-py3.8.egg-info
[8.723s] running install_scripts
[8.891s] Installing key_teleop script to /home/yvxaiver/f1tenth_ws/install/key_teleop/lib/key_teleop
[8.902s] writing list of installed files to '/home/yvxaiver/f1tenth_ws/build/key_teleop/install.log'
[9.924s] Invoked command in '/home/yvxaiver/f1tenth_ws/src/f1tenth_system/teleop_tools/key_teleop' returned '0': PYTHONPATH=/home/yvxaiver/f1tenth_ws/install/key_teleop/lib/python3.8/site-packages:${PYTHONPATH} /usr/bin/python3 setup.py egg_info --egg-base ../../../../build/key_teleop build --build-base /home/yvxaiver/f1tenth_ws/build/key_teleop/build install --prefix /home/yvxaiver/f1tenth_ws/install/key_teleop --record /home/yvxaiver/f1tenth_ws/build/key_teleop/install.log --single-version-externally-managed
