[5.606s] Invoking command in '/home/yvxaiver/f1tenth_ws/src/f1tenth_system/planned_path': PYTHONPATH=/home/yvxaiver/f1tenth_ws/build/planned_path/prefix_override:/home/yvxaiver/f1tenth_ws/install/planned_path/lib/python3.8/site-packages:${PYTHONPATH} /usr/bin/python3 setup.py egg_info --egg-base ../../../build/planned_path build --build-base /home/yvxaiver/f1tenth_ws/build/planned_path/build install --record /home/yvxaiver/f1tenth_ws/build/planned_path/install.log --install-scripts $base/lib/planned_path --single-version-externally-managed
[7.225s] running egg_info
[7.226s] writing ../../../build/planned_path/planned_path.egg-info/PKG-INFO
[7.228s] writing dependency_links to ../../../build/planned_path/planned_path.egg-info/dependency_links.txt
[7.229s] writing entry points to ../../../build/planned_path/planned_path.egg-info/entry_points.txt
[7.231s] writing requirements to ../../../build/planned_path/planned_path.egg-info/requires.txt
[7.233s] writing top-level names to ../../../build/planned_path/planned_path.egg-info/top_level.txt
[7.466s] reading manifest file '../../../build/planned_path/planned_path.egg-info/SOURCES.txt'
[7.477s] writing manifest file '../../../build/planned_path/planned_path.egg-info/SOURCES.txt'
[7.479s] running build
[7.480s] running build_py
[7.481s] running install
[7.483s] running install_lib
[7.495s] running install_data
[7.497s] running install_egg_info
[7.505s] removing '/home/yvxaiver/f1tenth_ws/install/planned_path/lib/python3.8/site-packages/planned_path-0.0.0-py3.8.egg-info' (and everything under it)
[7.507s] Copying ../../../build/planned_path/planned_path.egg-info to /home/yvxaiver/f1tenth_ws/install/planned_path/lib/python3.8/site-packages/planned_path-0.0.0-py3.8.egg-info
[7.515s] running install_scripts
[7.604s] Installing ppath script to /home/yvxaiver/f1tenth_ws/install/planned_path/lib/planned_path
[7.612s] writing list of installed files to '/home/yvxaiver/f1tenth_ws/build/planned_path/install.log'
[7.853s] Invoked command in '/home/yvxaiver/f1tenth_ws/src/f1tenth_system/planned_path' returned '0': PYTHONPATH=/home/yvxaiver/f1tenth_ws/build/planned_path/prefix_override:/home/yvxaiver/f1tenth_ws/install/planned_path/lib/python3.8/site-packages:${PYTHONPATH} /usr/bin/python3 setup.py egg_info --egg-base ../../../build/planned_path build --build-base /home/yvxaiver/f1tenth_ws/build/planned_path/build install --record /home/yvxaiver/f1tenth_ws/build/planned_path/install.log --install-scripts $base/lib/planned_path --single-version-externally-managed
