[0.260s] Invoking command in '/home/yvxaiver/f1tenth_ws/build/vesc_driver': CMAKE_PREFIX_PATH=/home/yvxaiver/f1tenth_ws/install/vesc_msgs:/home/yvxaiver/camera_ws/install/points_vector:/home/yvxaiver/f1tenth_ws/install/vesc:/home/yvxaiver/f1tenth_ws/install/vesc_driver:/home/yvxaiver/f1tenth_ws/install/vesc_ackermann:/home/yvxaiver/f1tenth_ws/install/v4l2_camera:/home/yvxaiver/f1tenth_ws/install/teleop_tools:/home/yvxaiver/f1tenth_ws/install/teleop_tools_msgs:/home/yvxaiver/f1tenth_ws/install/ackermann_mux:/home/yvxaiver/camera_ws/install/usb_camera_driver:/home/yvxaiver/camera_ws/install/usb_cam:/home/yvxaiver/f1tenth_ws/install/f1tenth_stack:/home/yvxaiver/f1tenth_ws/install/joy_teleop:/home/yvxaiver/f1tenth_ws/install/planned_path:/home/yvxaiver/f1tenth_ws/install/mouse_teleop:/home/yvxaiver/f1tenth_ws/install/key_teleop:/home/yvxaiver/camera_ws/install/image_processor:/opt/ros/foxy LD_LIBRARY_PATH=/home/yvxaiver/f1tenth_ws/install/vesc_msgs/lib:/home/yvxaiver/camera_ws/install/points_vector/lib:/home/yvxaiver/f1tenth_ws/install/vesc_driver/lib:/home/yvxaiver/f1tenth_ws/install/vesc_ackermann/lib:/home/yvxaiver/f1tenth_ws/install/v4l2_camera/lib:/home/yvxaiver/f1tenth_ws/install/teleop_tools_msgs/lib:/home/yvxaiver/camera_ws/install/usb_camera_driver/lib:/home/yvxaiver/camera_ws/install/usb_cam/lib:/opt/ros/foxy/opt/yaml_cpp_vendor/lib:/opt/ros/foxy/opt/rviz_ogre_vendor/lib:/opt/ros/foxy/lib/aarch64-linux-gnu:/opt/ros/foxy/lib:/usr/local/cuda-11.4/lib64 PYTHONPATH=/home/yvxaiver/f1tenth_ws/install/vesc_msgs/lib/python3.8/site-packages:/home/yvxaiver/camera_ws/install/points_vector/lib/python3.8/site-packages:/home/yvxaiver/f1tenth_ws/install/f1tenth_stack/lib/python3.8/site-packages:/home/yvxaiver/f1tenth_ws/install/joy_teleop/lib/python3.8/site-packages:/home/yvxaiver/f1tenth_ws/install/teleop_tools_msgs/lib/python3.8/site-packages:/home/yvxaiver/f1tenth_ws/install/planned_path/lib/python3.8/site-packages:/home/yvxaiver/f1tenth_ws/install/mouse_teleop/lib/python3.8/site-packages:/home/yvxaiver/f1tenth_ws/install/key_teleop/lib/python3.8/site-packages:/home/yvxaiver/camera_ws/install/image_processor/lib/python3.8/site-packages:/opt/ros/foxy/lib/python3.8/site-packages /usr/bin/cmake --build /home/yvxaiver/f1tenth_ws/build/vesc_driver -- -j4 -l4
[1.160s] [ 50%] Built target vesc_driver
[1.249s] [ 70%] Built target vesc_driver_node
[1.398s] [100%] Built target vesc_device_namer
[1.473s] Invoked command in '/home/yvxaiver/f1tenth_ws/build/vesc_driver' returned '0': CMAKE_PREFIX_PATH=/home/yvxaiver/f1tenth_ws/install/vesc_msgs:/home/yvxaiver/camera_ws/install/points_vector:/home/yvxaiver/f1tenth_ws/install/vesc:/home/yvxaiver/f1tenth_ws/install/vesc_driver:/home/yvxaiver/f1tenth_ws/install/vesc_ackermann:/home/yvxaiver/f1tenth_ws/install/v4l2_camera:/home/yvxaiver/f1tenth_ws/install/teleop_tools:/home/yvxaiver/f1tenth_ws/install/teleop_tools_msgs:/home/yvxaiver/f1tenth_ws/install/ackermann_mux:/home/yvxaiver/camera_ws/install/usb_camera_driver:/home/yvxaiver/camera_ws/install/usb_cam:/home/yvxaiver/f1tenth_ws/install/f1tenth_stack:/home/yvxaiver/f1tenth_ws/install/joy_teleop:/home/yvxaiver/f1tenth_ws/install/planned_path:/home/yvxaiver/f1tenth_ws/install/mouse_teleop:/home/yvxaiver/f1tenth_ws/install/key_teleop:/home/yvxaiver/camera_ws/install/image_processor:/opt/ros/foxy LD_LIBRARY_PATH=/home/yvxaiver/f1tenth_ws/install/vesc_msgs/lib:/home/yvxaiver/camera_ws/install/points_vector/lib:/home/yvxaiver/f1tenth_ws/install/vesc_driver/lib:/home/yvxaiver/f1tenth_ws/install/vesc_ackermann/lib:/home/yvxaiver/f1tenth_ws/install/v4l2_camera/lib:/home/yvxaiver/f1tenth_ws/install/teleop_tools_msgs/lib:/home/yvxaiver/camera_ws/install/usb_camera_driver/lib:/home/yvxaiver/camera_ws/install/usb_cam/lib:/opt/ros/foxy/opt/yaml_cpp_vendor/lib:/opt/ros/foxy/opt/rviz_ogre_vendor/lib:/opt/ros/foxy/lib/aarch64-linux-gnu:/opt/ros/foxy/lib:/usr/local/cuda-11.4/lib64 PYTHONPATH=/home/yvxaiver/f1tenth_ws/install/vesc_msgs/lib/python3.8/site-packages:/home/yvxaiver/camera_ws/install/points_vector/lib/python3.8/site-packages:/home/yvxaiver/f1tenth_ws/install/f1tenth_stack/lib/python3.8/site-packages:/home/yvxaiver/f1tenth_ws/install/joy_teleop/lib/python3.8/site-packages:/home/yvxaiver/f1tenth_ws/install/teleop_tools_msgs/lib/python3.8/site-packages:/home/yvxaiver/f1tenth_ws/install/planned_path/lib/python3.8/site-packages:/home/yvxaiver/f1tenth_ws/install/mouse_teleop/lib/python3.8/site-packages:/home/yvxaiver/f1tenth_ws/install/key_teleop/lib/python3.8/site-packages:/home/yvxaiver/camera_ws/install/image_processor/lib/python3.8/site-packages:/opt/ros/foxy/lib/python3.8/site-packages /usr/bin/cmake --build /home/yvxaiver/f1tenth_ws/build/vesc_driver -- -j4 -l4
[1.951s] Invoking command in '/home/yvxaiver/f1tenth_ws/build/vesc_driver': CMAKE_PREFIX_PATH=/home/yvxaiver/f1tenth_ws/install/vesc_msgs:/home/yvxaiver/camera_ws/install/points_vector:/home/yvxaiver/f1tenth_ws/install/vesc:/home/yvxaiver/f1tenth_ws/install/vesc_driver:/home/yvxaiver/f1tenth_ws/install/vesc_ackermann:/home/yvxaiver/f1tenth_ws/install/v4l2_camera:/home/yvxaiver/f1tenth_ws/install/teleop_tools:/home/yvxaiver/f1tenth_ws/install/teleop_tools_msgs:/home/yvxaiver/f1tenth_ws/install/ackermann_mux:/home/yvxaiver/camera_ws/install/usb_camera_driver:/home/yvxaiver/camera_ws/install/usb_cam:/home/yvxaiver/f1tenth_ws/install/f1tenth_stack:/home/yvxaiver/f1tenth_ws/install/joy_teleop:/home/yvxaiver/f1tenth_ws/install/planned_path:/home/yvxaiver/f1tenth_ws/install/mouse_teleop:/home/yvxaiver/f1tenth_ws/install/key_teleop:/home/yvxaiver/camera_ws/install/image_processor:/opt/ros/foxy LD_LIBRARY_PATH=/home/yvxaiver/f1tenth_ws/install/vesc_msgs/lib:/home/yvxaiver/camera_ws/install/points_vector/lib:/home/yvxaiver/f1tenth_ws/install/vesc_driver/lib:/home/yvxaiver/f1tenth_ws/install/vesc_ackermann/lib:/home/yvxaiver/f1tenth_ws/install/v4l2_camera/lib:/home/yvxaiver/f1tenth_ws/install/teleop_tools_msgs/lib:/home/yvxaiver/camera_ws/install/usb_camera_driver/lib:/home/yvxaiver/camera_ws/install/usb_cam/lib:/opt/ros/foxy/opt/yaml_cpp_vendor/lib:/opt/ros/foxy/opt/rviz_ogre_vendor/lib:/opt/ros/foxy/lib/aarch64-linux-gnu:/opt/ros/foxy/lib:/usr/local/cuda-11.4/lib64 PYTHONPATH=/home/yvxaiver/f1tenth_ws/install/vesc_msgs/lib/python3.8/site-packages:/home/yvxaiver/camera_ws/install/points_vector/lib/python3.8/site-packages:/home/yvxaiver/f1tenth_ws/install/f1tenth_stack/lib/python3.8/site-packages:/home/yvxaiver/f1tenth_ws/install/joy_teleop/lib/python3.8/site-packages:/home/yvxaiver/f1tenth_ws/install/teleop_tools_msgs/lib/python3.8/site-packages:/home/yvxaiver/f1tenth_ws/install/planned_path/lib/python3.8/site-packages:/home/yvxaiver/f1tenth_ws/install/mouse_teleop/lib/python3.8/site-packages:/home/yvxaiver/f1tenth_ws/install/key_teleop/lib/python3.8/site-packages:/home/yvxaiver/camera_ws/install/image_processor/lib/python3.8/site-packages:/opt/ros/foxy/lib/python3.8/site-packages /usr/bin/cmake --install /home/yvxaiver/f1tenth_ws/build/vesc_driver
[2.033s] -- Install configuration: ""
[2.049s] -- Up-to-date: /home/yvxaiver/f1tenth_ws/install/vesc_driver/lib/vesc_driver/vesc_driver_node
[2.050s] -- Up-to-date: /home/yvxaiver/f1tenth_ws/install/vesc_driver/include
[2.053s] -- Up-to-date: /home/yvxaiver/f1tenth_ws/install/vesc_driver/include/vesc_driver
[2.058s] -- Up-to-date: /home/yvxaiver/f1tenth_ws/install/vesc_driver/include/vesc_driver/crc.hpp
[2.059s] -- Up-to-date: /home/yvxaiver/f1tenth_ws/install/vesc_driver/include/vesc_driver/vesc_packet.hpp
[2.060s] -- Up-to-date: /home/yvxaiver/f1tenth_ws/install/vesc_driver/include/vesc_driver/vesc_driver.hpp
[2.061s] -- Up-to-date: /home/yvxaiver/f1tenth_ws/install/vesc_driver/include/vesc_driver/vesc_packet_factory.hpp
[2.062s] -- Up-to-date: /home/yvxaiver/f1tenth_ws/install/vesc_driver/include/vesc_driver/vesc_device_uuid_lookup.hpp
[2.068s] -- Up-to-date: /home/yvxaiver/f1tenth_ws/install/vesc_driver/include/vesc_driver/vesc_interface.hpp
[2.069s] -- Up-to-date: /home/yvxaiver/f1tenth_ws/install/vesc_driver/include/vesc_driver/datatypes.hpp
[2.070s] -- Up-to-date: /home/yvxaiver/f1tenth_ws/install/vesc_driver/share/vesc_driver/environment/library_path.sh
[2.072s] -- Up-to-date: /home/yvxaiver/f1tenth_ws/install/vesc_driver/share/vesc_driver/environment/library_path.dsv
[2.073s] -- Up-to-date: /home/yvxaiver/f1tenth_ws/install/vesc_driver/lib/libvesc_driver.so
[2.073s] -- Up-to-date: /home/yvxaiver/f1tenth_ws/install/vesc_driver/lib/vesc_driver/vesc_device_namer
[2.074s] -- Up-to-date: /home/yvxaiver/f1tenth_ws/install/vesc_driver/share/vesc_driver/launch
[2.074s] -- Up-to-date: /home/yvxaiver/f1tenth_ws/install/vesc_driver/share/vesc_driver/launch/vesc_driver_node.launch.py
[2.075s] -- Up-to-date: /home/yvxaiver/f1tenth_ws/install/vesc_driver/share/vesc_driver/params
[2.075s] -- Up-to-date: /home/yvxaiver/f1tenth_ws/install/vesc_driver/share/vesc_driver/params/vesc_config.yaml
[2.075s] -- Up-to-date: /home/yvxaiver/f1tenth_ws/install/vesc_driver/share/ament_index/resource_index/package_run_dependencies/vesc_driver
[2.114s] -- Up-to-date: /home/yvxaiver/f1tenth_ws/install/vesc_driver/share/ament_index/resource_index/parent_prefix_path/vesc_driver
[2.115s] -- Up-to-date: /home/yvxaiver/f1tenth_ws/install/vesc_driver/share/vesc_driver/environment/ament_prefix_path.sh
[2.116s] -- Up-to-date: /home/yvxaiver/f1tenth_ws/install/vesc_driver/share/vesc_driver/environment/ament_prefix_path.dsv
[2.117s] -- Up-to-date: /home/yvxaiver/f1tenth_ws/install/vesc_driver/share/vesc_driver/environment/path.sh
[2.117s] -- Up-to-date: /home/yvxaiver/f1tenth_ws/install/vesc_driver/share/vesc_driver/environment/path.dsv
[2.120s] -- Up-to-date: /home/yvxaiver/f1tenth_ws/install/vesc_driver/share/vesc_driver/local_setup.bash
[2.120s] -- Up-to-date: /home/yvxaiver/f1tenth_ws/install/vesc_driver/share/vesc_driver/local_setup.sh
[2.121s] -- Up-to-date: /home/yvxaiver/f1tenth_ws/install/vesc_driver/share/vesc_driver/local_setup.zsh
[2.121s] -- Up-to-date: /home/yvxaiver/f1tenth_ws/install/vesc_driver/share/vesc_driver/local_setup.dsv
[2.122s] -- Installing: /home/yvxaiver/f1tenth_ws/install/vesc_driver/share/vesc_driver/package.dsv
[2.122s] -- Up-to-date: /home/yvxaiver/f1tenth_ws/install/vesc_driver/share/ament_index/resource_index/packages/vesc_driver
[2.123s] -- Up-to-date: /home/yvxaiver/f1tenth_ws/install/vesc_driver/share/ament_index/resource_index/rclcpp_components/vesc_driver
[2.123s] -- Up-to-date: /home/yvxaiver/f1tenth_ws/install/vesc_driver/share/vesc_driver/cmake/ament_cmake_export_dependencies-extras.cmake
[2.123s] -- Up-to-date: /home/yvxaiver/f1tenth_ws/install/vesc_driver/share/vesc_driver/cmake/ament_cmake_export_include_directories-extras.cmake
[2.124s] -- Up-to-date: /home/yvxaiver/f1tenth_ws/install/vesc_driver/share/vesc_driver/cmake/ament_cmake_export_libraries-extras.cmake
[2.124s] -- Up-to-date: /home/yvxaiver/f1tenth_ws/install/vesc_driver/share/vesc_driver/cmake/vesc_driverConfig.cmake
[2.124s] -- Up-to-date: /home/yvxaiver/f1tenth_ws/install/vesc_driver/share/vesc_driver/cmake/vesc_driverConfig-version.cmake
[2.131s] -- Up-to-date: /home/yvxaiver/f1tenth_ws/install/vesc_driver/share/vesc_driver/package.xml
[2.193s] Invoked command in '/home/yvxaiver/f1tenth_ws/build/vesc_driver' returned '0': CMAKE_PREFIX_PATH=/home/yvxaiver/f1tenth_ws/install/vesc_msgs:/home/yvxaiver/camera_ws/install/points_vector:/home/yvxaiver/f1tenth_ws/install/vesc:/home/yvxaiver/f1tenth_ws/install/vesc_driver:/home/yvxaiver/f1tenth_ws/install/vesc_ackermann:/home/yvxaiver/f1tenth_ws/install/v4l2_camera:/home/yvxaiver/f1tenth_ws/install/teleop_tools:/home/yvxaiver/f1tenth_ws/install/teleop_tools_msgs:/home/yvxaiver/f1tenth_ws/install/ackermann_mux:/home/yvxaiver/camera_ws/install/usb_camera_driver:/home/yvxaiver/camera_ws/install/usb_cam:/home/yvxaiver/f1tenth_ws/install/f1tenth_stack:/home/yvxaiver/f1tenth_ws/install/joy_teleop:/home/yvxaiver/f1tenth_ws/install/planned_path:/home/yvxaiver/f1tenth_ws/install/mouse_teleop:/home/yvxaiver/f1tenth_ws/install/key_teleop:/home/yvxaiver/camera_ws/install/image_processor:/opt/ros/foxy LD_LIBRARY_PATH=/home/yvxaiver/f1tenth_ws/install/vesc_msgs/lib:/home/yvxaiver/camera_ws/install/points_vector/lib:/home/yvxaiver/f1tenth_ws/install/vesc_driver/lib:/home/yvxaiver/f1tenth_ws/install/vesc_ackermann/lib:/home/yvxaiver/f1tenth_ws/install/v4l2_camera/lib:/home/yvxaiver/f1tenth_ws/install/teleop_tools_msgs/lib:/home/yvxaiver/camera_ws/install/usb_camera_driver/lib:/home/yvxaiver/camera_ws/install/usb_cam/lib:/opt/ros/foxy/opt/yaml_cpp_vendor/lib:/opt/ros/foxy/opt/rviz_ogre_vendor/lib:/opt/ros/foxy/lib/aarch64-linux-gnu:/opt/ros/foxy/lib:/usr/local/cuda-11.4/lib64 PYTHONPATH=/home/yvxaiver/f1tenth_ws/install/vesc_msgs/lib/python3.8/site-packages:/home/yvxaiver/camera_ws/install/points_vector/lib/python3.8/site-packages:/home/yvxaiver/f1tenth_ws/install/f1tenth_stack/lib/python3.8/site-packages:/home/yvxaiver/f1tenth_ws/install/joy_teleop/lib/python3.8/site-packages:/home/yvxaiver/f1tenth_ws/install/teleop_tools_msgs/lib/python3.8/site-packages:/home/yvxaiver/f1tenth_ws/install/planned_path/lib/python3.8/site-packages:/home/yvxaiver/f1tenth_ws/install/mouse_teleop/lib/python3.8/site-packages:/home/yvxaiver/f1tenth_ws/install/key_teleop/lib/python3.8/site-packages:/home/yvxaiver/camera_ws/install/image_processor/lib/python3.8/site-packages:/opt/ros/foxy/lib/python3.8/site-packages /usr/bin/cmake --install /home/yvxaiver/f1tenth_ws/build/vesc_driver
