[0.067s] Invoking command in '/home/yvxaiver/f1tenth_ws/build/vesc': AMENT_PREFIX_PATH=/home/yvxaiver/f1tenth_ws/install/vesc_driver:/home/yvxaiver/f1tenth_ws/install/vesc_ackermann:/home/yvxaiver/f1tenth_ws/install/vesc_msgs:${AMENT_PREFIX_PATH} CMAKE_PREFIX_PATH=/home/yvxaiver/f1tenth_ws/install/vesc_driver:/home/yvxaiver/f1tenth_ws/install/vesc_ackermann:/home/yvxaiver/f1tenth_ws/install/vesc_msgs:/opt/ros/foxy LD_LIBRARY_PATH=/home/yvxaiver/f1tenth_ws/install/vesc_driver/lib:/home/yvxaiver/f1tenth_ws/install/vesc_ackermann/lib:/home/yvxaiver/f1tenth_ws/install/vesc_msgs/lib:/usr/local/cuda-11.4/lib64:/opt/ros/foxy/opt/yaml_cpp_vendor/lib:/opt/ros/foxy/opt/rviz_ogre_vendor/lib:/opt/ros/foxy/lib/aarch64-linux-gnu:/opt/ros/foxy/lib:/usr/local/cuda-11.4/lib64:/usr/local/cuda-11.4/lib64 PYTHONPATH=/home/yvxaiver/f1tenth_ws/install/vesc_msgs/lib/python3.8/site-packages:${PYTHONPATH} /usr/bin/cmake /home/yvxaiver/f1tenth_ws/src/f1tenth_system/vesc/vesc -DCMAKE_INSTALL_PREFIX=/home/yvxaiver/f1tenth_ws/install/vesc
[0.297s] -- The C compiler identification is GNU 9.4.0
[0.521s] -- The CXX compiler identification is GNU 9.4.0
[0.539s] -- Check for working C compiler: /usr/bin/cc
[0.834s] -- Check for working C compiler: /usr/bin/cc -- works
[0.837s] -- Detecting C compiler ABI info
[1.119s] -- Detecting C compiler ABI info - done
[1.173s] -- Detecting C compile features
[1.174s] -- Detecting C compile features - done
[1.183s] -- Check for working CXX compiler: /usr/bin/c++
[1.501s] -- Check for working CXX compiler: /usr/bin/c++ -- works
[1.506s] -- Detecting CXX compiler ABI info
[1.825s] -- Detecting CXX compiler ABI info - done
[1.881s] -- Detecting CXX compile features
[1.883s] -- Detecting CXX compile features - done
[1.890s] -- Found ament_cmake_auto: 0.9.9 (/opt/ros/foxy/share/ament_cmake_auto/cmake)
[1.985s] -- Found PythonInterp: /usr/bin/python3 (found suitable version "3.8.10", minimum required is "3") 
[1.986s] -- Using PYTHON_EXECUTABLE: /usr/bin/python3
[2.991s] -- Configuring done
[2.998s] -- Generating done
[3.002s] -- Build files have been written to: /home/yvxaiver/f1tenth_ws/build/vesc
[3.017s] Invoked command in '/home/yvxaiver/f1tenth_ws/build/vesc' returned '0': AMENT_PREFIX_PATH=/home/yvxaiver/f1tenth_ws/install/vesc_driver:/home/yvxaiver/f1tenth_ws/install/vesc_ackermann:/home/yvxaiver/f1tenth_ws/install/vesc_msgs:${AMENT_PREFIX_PATH} CMAKE_PREFIX_PATH=/home/yvxaiver/f1tenth_ws/install/vesc_driver:/home/yvxaiver/f1tenth_ws/install/vesc_ackermann:/home/yvxaiver/f1tenth_ws/install/vesc_msgs:/opt/ros/foxy LD_LIBRARY_PATH=/home/yvxaiver/f1tenth_ws/install/vesc_driver/lib:/home/yvxaiver/f1tenth_ws/install/vesc_ackermann/lib:/home/yvxaiver/f1tenth_ws/install/vesc_msgs/lib:/usr/local/cuda-11.4/lib64:/opt/ros/foxy/opt/yaml_cpp_vendor/lib:/opt/ros/foxy/opt/rviz_ogre_vendor/lib:/opt/ros/foxy/lib/aarch64-linux-gnu:/opt/ros/foxy/lib:/usr/local/cuda-11.4/lib64:/usr/local/cuda-11.4/lib64 PYTHONPATH=/home/yvxaiver/f1tenth_ws/install/vesc_msgs/lib/python3.8/site-packages:${PYTHONPATH} /usr/bin/cmake /home/yvxaiver/f1tenth_ws/src/f1tenth_system/vesc/vesc -DCMAKE_INSTALL_PREFIX=/home/yvxaiver/f1tenth_ws/install/vesc
[3.033s] Invoking command in '/home/yvxaiver/f1tenth_ws/build/vesc': AMENT_PREFIX_PATH=/home/yvxaiver/f1tenth_ws/install/vesc_driver:/home/yvxaiver/f1tenth_ws/install/vesc_ackermann:/home/yvxaiver/f1tenth_ws/install/vesc_msgs:${AMENT_PREFIX_PATH} CMAKE_PREFIX_PATH=/home/yvxaiver/f1tenth_ws/install/vesc_driver:/home/yvxaiver/f1tenth_ws/install/vesc_ackermann:/home/yvxaiver/f1tenth_ws/install/vesc_msgs:/opt/ros/foxy LD_LIBRARY_PATH=/home/yvxaiver/f1tenth_ws/install/vesc_driver/lib:/home/yvxaiver/f1tenth_ws/install/vesc_ackermann/lib:/home/yvxaiver/f1tenth_ws/install/vesc_msgs/lib:/usr/local/cuda-11.4/lib64:/opt/ros/foxy/opt/yaml_cpp_vendor/lib:/opt/ros/foxy/opt/rviz_ogre_vendor/lib:/opt/ros/foxy/lib/aarch64-linux-gnu:/opt/ros/foxy/lib:/usr/local/cuda-11.4/lib64:/usr/local/cuda-11.4/lib64 PYTHONPATH=/home/yvxaiver/f1tenth_ws/install/vesc_msgs/lib/python3.8/site-packages:${PYTHONPATH} /usr/bin/cmake --build /home/yvxaiver/f1tenth_ws/build/vesc -- -j4 -l4
[3.174s] Invoked command in '/home/yvxaiver/f1tenth_ws/build/vesc' returned '0': AMENT_PREFIX_PATH=/home/yvxaiver/f1tenth_ws/install/vesc_driver:/home/yvxaiver/f1tenth_ws/install/vesc_ackermann:/home/yvxaiver/f1tenth_ws/install/vesc_msgs:${AMENT_PREFIX_PATH} CMAKE_PREFIX_PATH=/home/yvxaiver/f1tenth_ws/install/vesc_driver:/home/yvxaiver/f1tenth_ws/install/vesc_ackermann:/home/yvxaiver/f1tenth_ws/install/vesc_msgs:/opt/ros/foxy LD_LIBRARY_PATH=/home/yvxaiver/f1tenth_ws/install/vesc_driver/lib:/home/yvxaiver/f1tenth_ws/install/vesc_ackermann/lib:/home/yvxaiver/f1tenth_ws/install/vesc_msgs/lib:/usr/local/cuda-11.4/lib64:/opt/ros/foxy/opt/yaml_cpp_vendor/lib:/opt/ros/foxy/opt/rviz_ogre_vendor/lib:/opt/ros/foxy/lib/aarch64-linux-gnu:/opt/ros/foxy/lib:/usr/local/cuda-11.4/lib64:/usr/local/cuda-11.4/lib64 PYTHONPATH=/home/yvxaiver/f1tenth_ws/install/vesc_msgs/lib/python3.8/site-packages:${PYTHONPATH} /usr/bin/cmake --build /home/yvxaiver/f1tenth_ws/build/vesc -- -j4 -l4
[3.266s] Invoking command in '/home/yvxaiver/f1tenth_ws/build/vesc': AMENT_PREFIX_PATH=/home/yvxaiver/f1tenth_ws/install/vesc_driver:/home/yvxaiver/f1tenth_ws/install/vesc_ackermann:/home/yvxaiver/f1tenth_ws/install/vesc_msgs:${AMENT_PREFIX_PATH} CMAKE_PREFIX_PATH=/home/yvxaiver/f1tenth_ws/install/vesc_driver:/home/yvxaiver/f1tenth_ws/install/vesc_ackermann:/home/yvxaiver/f1tenth_ws/install/vesc_msgs:/opt/ros/foxy LD_LIBRARY_PATH=/home/yvxaiver/f1tenth_ws/install/vesc_driver/lib:/home/yvxaiver/f1tenth_ws/install/vesc_ackermann/lib:/home/yvxaiver/f1tenth_ws/install/vesc_msgs/lib:/usr/local/cuda-11.4/lib64:/opt/ros/foxy/opt/yaml_cpp_vendor/lib:/opt/ros/foxy/opt/rviz_ogre_vendor/lib:/opt/ros/foxy/lib/aarch64-linux-gnu:/opt/ros/foxy/lib:/usr/local/cuda-11.4/lib64:/usr/local/cuda-11.4/lib64 PYTHONPATH=/home/yvxaiver/f1tenth_ws/install/vesc_msgs/lib/python3.8/site-packages:${PYTHONPATH} /usr/bin/cmake --install /home/yvxaiver/f1tenth_ws/build/vesc
[3.294s] -- Install configuration: ""
[3.295s] -- Installing: /home/yvxaiver/f1tenth_ws/install/vesc/share/ament_index/resource_index/package_run_dependencies/vesc
[3.295s] -- Installing: /home/yvxaiver/f1tenth_ws/install/vesc/share/ament_index/resource_index/parent_prefix_path/vesc
[3.296s] -- Installing: /home/yvxaiver/f1tenth_ws/install/vesc/share/vesc/environment/ament_prefix_path.sh
[3.297s] -- Installing: /home/yvxaiver/f1tenth_ws/install/vesc/share/vesc/environment/ament_prefix_path.dsv
[3.297s] -- Installing: /home/yvxaiver/f1tenth_ws/install/vesc/share/vesc/environment/path.sh
[3.298s] -- Installing: /home/yvxaiver/f1tenth_ws/install/vesc/share/vesc/environment/path.dsv
[3.299s] -- Installing: /home/yvxaiver/f1tenth_ws/install/vesc/share/vesc/local_setup.bash
[3.299s] -- Installing: /home/yvxaiver/f1tenth_ws/install/vesc/share/vesc/local_setup.sh
[3.300s] -- Installing: /home/yvxaiver/f1tenth_ws/install/vesc/share/vesc/local_setup.zsh
[3.300s] -- Installing: /home/yvxaiver/f1tenth_ws/install/vesc/share/vesc/local_setup.dsv
[3.301s] -- Installing: /home/yvxaiver/f1tenth_ws/install/vesc/share/vesc/package.dsv
[3.301s] -- Installing: /home/yvxaiver/f1tenth_ws/install/vesc/share/ament_index/resource_index/packages/vesc
[3.302s] -- Installing: /home/yvxaiver/f1tenth_ws/install/vesc/share/vesc/cmake/vescConfig.cmake
[3.303s] -- Installing: /home/yvxaiver/f1tenth_ws/install/vesc/share/vesc/cmake/vescConfig-version.cmake
[3.303s] -- Installing: /home/yvxaiver/f1tenth_ws/install/vesc/share/vesc/package.xml
[3.321s] Invoked command in '/home/yvxaiver/f1tenth_ws/build/vesc' returned '0': AMENT_PREFIX_PATH=/home/yvxaiver/f1tenth_ws/install/vesc_driver:/home/yvxaiver/f1tenth_ws/install/vesc_ackermann:/home/yvxaiver/f1tenth_ws/install/vesc_msgs:${AMENT_PREFIX_PATH} CMAKE_PREFIX_PATH=/home/yvxaiver/f1tenth_ws/install/vesc_driver:/home/yvxaiver/f1tenth_ws/install/vesc_ackermann:/home/yvxaiver/f1tenth_ws/install/vesc_msgs:/opt/ros/foxy LD_LIBRARY_PATH=/home/yvxaiver/f1tenth_ws/install/vesc_driver/lib:/home/yvxaiver/f1tenth_ws/install/vesc_ackermann/lib:/home/yvxaiver/f1tenth_ws/install/vesc_msgs/lib:/usr/local/cuda-11.4/lib64:/opt/ros/foxy/opt/yaml_cpp_vendor/lib:/opt/ros/foxy/opt/rviz_ogre_vendor/lib:/opt/ros/foxy/lib/aarch64-linux-gnu:/opt/ros/foxy/lib:/usr/local/cuda-11.4/lib64:/usr/local/cuda-11.4/lib64 PYTHONPATH=/home/yvxaiver/f1tenth_ws/install/vesc_msgs/lib/python3.8/site-packages:${PYTHONPATH} /usr/bin/cmake --install /home/yvxaiver/f1tenth_ws/build/vesc
