[0.278s] Invoking command in '/home/yvxaiver/f1tenth_ws/build/vesc_driver': CMAKE_PREFIX_PATH=/home/yvxaiver/f1tenth_ws/install/vesc_msgs:/home/yvxaiver/f1tenth_ws/install/vesc:/home/yvxaiver/f1tenth_ws/install/vesc_driver:/home/yvxaiver/f1tenth_ws/install/vesc_ackermann:/home/yvxaiver/f1tenth_ws/install/teleop_tools:/home/yvxaiver/f1tenth_ws/install/teleop_tools_msgs:/home/yvxaiver/f1tenth_ws/install/ackermann_mux:/home/yvxaiver/f1tenth_ws/install/f1tenth_stack:/home/yvxaiver/f1tenth_ws/install/joy_teleop:/home/yvxaiver/f1tenth_ws/install/planned_path:/home/yvxaiver/f1tenth_ws/install/mouse_teleop:/home/yvxaiver/f1tenth_ws/install/key_teleop:/opt/ros/foxy LD_LIBRARY_PATH=/home/yvxaiver/f1tenth_ws/install/vesc_msgs/lib:/home/yvxaiver/f1tenth_ws/install/vesc_driver/lib:/home/yvxaiver/f1tenth_ws/install/vesc_ackermann/lib:/home/yvxaiver/f1tenth_ws/install/teleop_tools_msgs/lib:/opt/ros/foxy/opt/yaml_cpp_vendor/lib:/opt/ros/foxy/opt/rviz_ogre_vendor/lib:/opt/ros/foxy/lib/aarch64-linux-gnu:/opt/ros/foxy/lib:/usr/local/cuda-11.4/lib64 PYTHONPATH=/home/yvxaiver/f1tenth_ws/install/vesc_msgs/lib/python3.8/site-packages:/home/yvxaiver/f1tenth_ws/install/f1tenth_stack/lib/python3.8/site-packages:/home/yvxaiver/f1tenth_ws/install/joy_teleop/lib/python3.8/site-packages:/home/yvxaiver/f1tenth_ws/install/teleop_tools_msgs/lib/python3.8/site-packages:/home/yvxaiver/f1tenth_ws/install/planned_path/lib/python3.8/site-packages:/home/yvxaiver/f1tenth_ws/install/mouse_teleop/lib/python3.8/site-packages:/home/yvxaiver/f1tenth_ws/install/key_teleop/lib/python3.8/site-packages:/opt/ros/foxy/lib/python3.8/site-packages /usr/bin/cmake --build /home/yvxaiver/f1tenth_ws/build/vesc_driver -- -j4 -l4
[1.068s] [ 50%] Built target vesc_driver
[1.118s] [ 70%] Built target vesc_driver_node
[1.343s] [100%] Built target vesc_device_namer
[1.484s] Invoked command in '/home/yvxaiver/f1tenth_ws/build/vesc_driver' returned '0': CMAKE_PREFIX_PATH=/home/yvxaiver/f1tenth_ws/install/vesc_msgs:/home/yvxaiver/f1tenth_ws/install/vesc:/home/yvxaiver/f1tenth_ws/install/vesc_driver:/home/yvxaiver/f1tenth_ws/install/vesc_ackermann:/home/yvxaiver/f1tenth_ws/install/teleop_tools:/home/yvxaiver/f1tenth_ws/install/teleop_tools_msgs:/home/yvxaiver/f1tenth_ws/install/ackermann_mux:/home/yvxaiver/f1tenth_ws/install/f1tenth_stack:/home/yvxaiver/f1tenth_ws/install/joy_teleop:/home/yvxaiver/f1tenth_ws/install/planned_path:/home/yvxaiver/f1tenth_ws/install/mouse_teleop:/home/yvxaiver/f1tenth_ws/install/key_teleop:/opt/ros/foxy LD_LIBRARY_PATH=/home/yvxaiver/f1tenth_ws/install/vesc_msgs/lib:/home/yvxaiver/f1tenth_ws/install/vesc_driver/lib:/home/yvxaiver/f1tenth_ws/install/vesc_ackermann/lib:/home/yvxaiver/f1tenth_ws/install/teleop_tools_msgs/lib:/opt/ros/foxy/opt/yaml_cpp_vendor/lib:/opt/ros/foxy/opt/rviz_ogre_vendor/lib:/opt/ros/foxy/lib/aarch64-linux-gnu:/opt/ros/foxy/lib:/usr/local/cuda-11.4/lib64 PYTHONPATH=/home/yvxaiver/f1tenth_ws/install/vesc_msgs/lib/python3.8/site-packages:/home/yvxaiver/f1tenth_ws/install/f1tenth_stack/lib/python3.8/site-packages:/home/yvxaiver/f1tenth_ws/install/joy_teleop/lib/python3.8/site-packages:/home/yvxaiver/f1tenth_ws/install/teleop_tools_msgs/lib/python3.8/site-packages:/home/yvxaiver/f1tenth_ws/install/planned_path/lib/python3.8/site-packages:/home/yvxaiver/f1tenth_ws/install/mouse_teleop/lib/python3.8/site-packages:/home/yvxaiver/f1tenth_ws/install/key_teleop/lib/python3.8/site-packages:/opt/ros/foxy/lib/python3.8/site-packages /usr/bin/cmake --build /home/yvxaiver/f1tenth_ws/build/vesc_driver -- -j4 -l4
[1.846s] Invoking command in '/home/yvxaiver/f1tenth_ws/build/vesc_driver': CMAKE_PREFIX_PATH=/home/yvxaiver/f1tenth_ws/install/vesc_msgs:/home/yvxaiver/f1tenth_ws/install/vesc:/home/yvxaiver/f1tenth_ws/install/vesc_driver:/home/yvxaiver/f1tenth_ws/install/vesc_ackermann:/home/yvxaiver/f1tenth_ws/install/teleop_tools:/home/yvxaiver/f1tenth_ws/install/teleop_tools_msgs:/home/yvxaiver/f1tenth_ws/install/ackermann_mux:/home/yvxaiver/f1tenth_ws/install/f1tenth_stack:/home/yvxaiver/f1tenth_ws/install/joy_teleop:/home/yvxaiver/f1tenth_ws/install/planned_path:/home/yvxaiver/f1tenth_ws/install/mouse_teleop:/home/yvxaiver/f1tenth_ws/install/key_teleop:/opt/ros/foxy LD_LIBRARY_PATH=/home/yvxaiver/f1tenth_ws/install/vesc_msgs/lib:/home/yvxaiver/f1tenth_ws/install/vesc_driver/lib:/home/yvxaiver/f1tenth_ws/install/vesc_ackermann/lib:/home/yvxaiver/f1tenth_ws/install/teleop_tools_msgs/lib:/opt/ros/foxy/opt/yaml_cpp_vendor/lib:/opt/ros/foxy/opt/rviz_ogre_vendor/lib:/opt/ros/foxy/lib/aarch64-linux-gnu:/opt/ros/foxy/lib:/usr/local/cuda-11.4/lib64 PYTHONPATH=/home/yvxaiver/f1tenth_ws/install/vesc_msgs/lib/python3.8/site-packages:/home/yvxaiver/f1tenth_ws/install/f1tenth_stack/lib/python3.8/site-packages:/home/yvxaiver/f1tenth_ws/install/joy_teleop/lib/python3.8/site-packages:/home/yvxaiver/f1tenth_ws/install/teleop_tools_msgs/lib/python3.8/site-packages:/home/yvxaiver/f1tenth_ws/install/planned_path/lib/python3.8/site-packages:/home/yvxaiver/f1tenth_ws/install/mouse_teleop/lib/python3.8/site-packages:/home/yvxaiver/f1tenth_ws/install/key_teleop/lib/python3.8/site-packages:/opt/ros/foxy/lib/python3.8/site-packages /usr/bin/cmake --install /home/yvxaiver/f1tenth_ws/build/vesc_driver
[1.923s] -- Install configuration: ""
[1.928s] -- Up-to-date: /home/yvxaiver/f1tenth_ws/install/vesc_driver/lib/vesc_driver/vesc_driver_node
[1.929s] -- Up-to-date: /home/yvxaiver/f1tenth_ws/install/vesc_driver/include
[1.930s] -- Up-to-date: /home/yvxaiver/f1tenth_ws/install/vesc_driver/include/vesc_driver
[1.934s] -- Up-to-date: /home/yvxaiver/f1tenth_ws/install/vesc_driver/include/vesc_driver/crc.hpp
[1.935s] -- Up-to-date: /home/yvxaiver/f1tenth_ws/install/vesc_driver/include/vesc_driver/vesc_packet.hpp
[1.936s] -- Up-to-date: /home/yvxaiver/f1tenth_ws/install/vesc_driver/include/vesc_driver/vesc_driver.hpp
[1.937s] -- Up-to-date: /home/yvxaiver/f1tenth_ws/install/vesc_driver/include/vesc_driver/vesc_packet_factory.hpp
[1.937s] -- Up-to-date: /home/yvxaiver/f1tenth_ws/install/vesc_driver/include/vesc_driver/vesc_device_uuid_lookup.hpp
[1.938s] -- Up-to-date: /home/yvxaiver/f1tenth_ws/install/vesc_driver/include/vesc_driver/vesc_interface.hpp
[1.939s] -- Up-to-date: /home/yvxaiver/f1tenth_ws/install/vesc_driver/include/vesc_driver/datatypes.hpp
[1.941s] -- Up-to-date: /home/yvxaiver/f1tenth_ws/install/vesc_driver/share/vesc_driver/environment/library_path.sh
[1.941s] -- Up-to-date: /home/yvxaiver/f1tenth_ws/install/vesc_driver/share/vesc_driver/environment/library_path.dsv
[1.946s] -- Up-to-date: /home/yvxaiver/f1tenth_ws/install/vesc_driver/lib/libvesc_driver.so
[1.957s] -- Up-to-date: /home/yvxaiver/f1tenth_ws/install/vesc_driver/lib/vesc_driver/vesc_device_namer
[1.959s] -- Up-to-date: /home/yvxaiver/f1tenth_ws/install/vesc_driver/share/vesc_driver/launch
[1.962s] -- Up-to-date: /home/yvxaiver/f1tenth_ws/install/vesc_driver/share/vesc_driver/launch/vesc_driver_node.launch.py
[1.963s] -- Up-to-date: /home/yvxaiver/f1tenth_ws/install/vesc_driver/share/vesc_driver/params
[1.965s] -- Up-to-date: /home/yvxaiver/f1tenth_ws/install/vesc_driver/share/vesc_driver/params/vesc_config.yaml
[1.965s] -- Up-to-date: /home/yvxaiver/f1tenth_ws/install/vesc_driver/share/ament_index/resource_index/package_run_dependencies/vesc_driver
[1.970s] -- Up-to-date: /home/yvxaiver/f1tenth_ws/install/vesc_driver/share/ament_index/resource_index/parent_prefix_path/vesc_driver
[1.970s] -- Up-to-date: /home/yvxaiver/f1tenth_ws/install/vesc_driver/share/vesc_driver/environment/ament_prefix_path.sh
[1.970s] -- Up-to-date: /home/yvxaiver/f1tenth_ws/install/vesc_driver/share/vesc_driver/environment/ament_prefix_path.dsv
[1.971s] -- Up-to-date: /home/yvxaiver/f1tenth_ws/install/vesc_driver/share/vesc_driver/environment/path.sh
[1.971s] -- Up-to-date: /home/yvxaiver/f1tenth_ws/install/vesc_driver/share/vesc_driver/environment/path.dsv
[1.974s] -- Up-to-date: /home/yvxaiver/f1tenth_ws/install/vesc_driver/share/vesc_driver/local_setup.bash
[1.974s] -- Up-to-date: /home/yvxaiver/f1tenth_ws/install/vesc_driver/share/vesc_driver/local_setup.sh
[1.975s] -- Up-to-date: /home/yvxaiver/f1tenth_ws/install/vesc_driver/share/vesc_driver/local_setup.zsh
[1.975s] -- Up-to-date: /home/yvxaiver/f1tenth_ws/install/vesc_driver/share/vesc_driver/local_setup.dsv
[1.975s] -- Installing: /home/yvxaiver/f1tenth_ws/install/vesc_driver/share/vesc_driver/package.dsv
[1.975s] -- Up-to-date: /home/yvxaiver/f1tenth_ws/install/vesc_driver/share/ament_index/resource_index/packages/vesc_driver
[1.982s] -- Up-to-date: /home/yvxaiver/f1tenth_ws/install/vesc_driver/share/ament_index/resource_index/rclcpp_components/vesc_driver
[1.982s] -- Up-to-date: /home/yvxaiver/f1tenth_ws/install/vesc_driver/share/vesc_driver/cmake/ament_cmake_export_dependencies-extras.cmake
[1.990s] -- Up-to-date: /home/yvxaiver/f1tenth_ws/install/vesc_driver/share/vesc_driver/cmake/ament_cmake_export_include_directories-extras.cmake
[1.990s] -- Up-to-date: /home/yvxaiver/f1tenth_ws/install/vesc_driver/share/vesc_driver/cmake/ament_cmake_export_libraries-extras.cmake
[1.991s] -- Up-to-date: /home/yvxaiver/f1tenth_ws/install/vesc_driver/share/vesc_driver/cmake/vesc_driverConfig.cmake
[1.992s] -- Up-to-date: /home/yvxaiver/f1tenth_ws/install/vesc_driver/share/vesc_driver/cmake/vesc_driverConfig-version.cmake
[1.994s] -- Up-to-date: /home/yvxaiver/f1tenth_ws/install/vesc_driver/share/vesc_driver/package.xml
[2.042s] Invoked command in '/home/yvxaiver/f1tenth_ws/build/vesc_driver' returned '0': CMAKE_PREFIX_PATH=/home/yvxaiver/f1tenth_ws/install/vesc_msgs:/home/yvxaiver/f1tenth_ws/install/vesc:/home/yvxaiver/f1tenth_ws/install/vesc_driver:/home/yvxaiver/f1tenth_ws/install/vesc_ackermann:/home/yvxaiver/f1tenth_ws/install/teleop_tools:/home/yvxaiver/f1tenth_ws/install/teleop_tools_msgs:/home/yvxaiver/f1tenth_ws/install/ackermann_mux:/home/yvxaiver/f1tenth_ws/install/f1tenth_stack:/home/yvxaiver/f1tenth_ws/install/joy_teleop:/home/yvxaiver/f1tenth_ws/install/planned_path:/home/yvxaiver/f1tenth_ws/install/mouse_teleop:/home/yvxaiver/f1tenth_ws/install/key_teleop:/opt/ros/foxy LD_LIBRARY_PATH=/home/yvxaiver/f1tenth_ws/install/vesc_msgs/lib:/home/yvxaiver/f1tenth_ws/install/vesc_driver/lib:/home/yvxaiver/f1tenth_ws/install/vesc_ackermann/lib:/home/yvxaiver/f1tenth_ws/install/teleop_tools_msgs/lib:/opt/ros/foxy/opt/yaml_cpp_vendor/lib:/opt/ros/foxy/opt/rviz_ogre_vendor/lib:/opt/ros/foxy/lib/aarch64-linux-gnu:/opt/ros/foxy/lib:/usr/local/cuda-11.4/lib64 PYTHONPATH=/home/yvxaiver/f1tenth_ws/install/vesc_msgs/lib/python3.8/site-packages:/home/yvxaiver/f1tenth_ws/install/f1tenth_stack/lib/python3.8/site-packages:/home/yvxaiver/f1tenth_ws/install/joy_teleop/lib/python3.8/site-packages:/home/yvxaiver/f1tenth_ws/install/teleop_tools_msgs/lib/python3.8/site-packages:/home/yvxaiver/f1tenth_ws/install/planned_path/lib/python3.8/site-packages:/home/yvxaiver/f1tenth_ws/install/mouse_teleop/lib/python3.8/site-packages:/home/yvxaiver/f1tenth_ws/install/key_teleop/lib/python3.8/site-packages:/opt/ros/foxy/lib/python3.8/site-packages /usr/bin/cmake --install /home/yvxaiver/f1tenth_ws/build/vesc_driver
