[6.231s] Invoking command in '/home/yvxaiver/f1tenth_ws/src/f1tenth_system/planned_path': PYTHONPATH=/home/yvxaiver/f1tenth_ws/build/planned_path/prefix_override:/home/yvxaiver/f1tenth_ws/install/planned_path/lib/python3.8/site-packages:${PYTHONPATH} /usr/bin/python3 setup.py egg_info --egg-base ../../../build/planned_path build --build-base /home/yvxaiver/f1tenth_ws/build/planned_path/build install --record /home/yvxaiver/f1tenth_ws/build/planned_path/install.log --install-scripts $base/lib/planned_path --single-version-externally-managed
[7.984s] running egg_info
[7.987s] writing ../../../build/planned_path/planned_path.egg-info/PKG-INFO
[7.989s] writing dependency_links to ../../../build/planned_path/planned_path.egg-info/dependency_links.txt
[7.990s] writing entry points to ../../../build/planned_path/planned_path.egg-info/entry_points.txt
[7.991s] writing requirements to ../../../build/planned_path/planned_path.egg-info/requires.txt
[7.992s] writing top-level names to ../../../build/planned_path/planned_path.egg-info/top_level.txt
[8.237s] reading manifest file '../../../build/planned_path/planned_path.egg-info/SOURCES.txt'
[8.242s] writing manifest file '../../../build/planned_path/planned_path.egg-info/SOURCES.txt'
[8.242s] running build
[8.243s] running build_py
[8.244s] running install
[8.254s] running install_lib
[8.265s] running install_data
[8.283s] running install_egg_info
[8.284s] removing '/home/yvxaiver/f1tenth_ws/install/planned_path/lib/python3.8/site-packages/planned_path-0.0.0-py3.8.egg-info' (and everything under it)
[8.286s] Copying ../../../build/planned_path/planned_path.egg-info to /home/yvxaiver/f1tenth_ws/install/planned_path/lib/python3.8/site-packages/planned_path-0.0.0-py3.8.egg-info
[8.287s] running install_scripts
[8.361s] Installing ppath script to /home/yvxaiver/f1tenth_ws/install/planned_path/lib/planned_path
[8.362s] writing list of installed files to '/home/yvxaiver/f1tenth_ws/build/planned_path/install.log'
[8.487s] Invoked command in '/home/yvxaiver/f1tenth_ws/src/f1tenth_system/planned_path' returned '0': PYTHONPATH=/home/yvxaiver/f1tenth_ws/build/planned_path/prefix_override:/home/yvxaiver/f1tenth_ws/install/planned_path/lib/python3.8/site-packages:${PYTHONPATH} /usr/bin/python3 setup.py egg_info --egg-base ../../../build/planned_path build --build-base /home/yvxaiver/f1tenth_ws/build/planned_path/build install --record /home/yvxaiver/f1tenth_ws/build/planned_path/install.log --install-scripts $base/lib/planned_path --single-version-externally-managed
