[3.336s] Invoking command in '/home/yvxaiver/f1tenth_ws/src/f1tenth_system/planned_path': PYTHONPATH=/home/yvxaiver/f1tenth_ws/install/planned_path/lib/python3.8/site-packages:${PYTHONPATH} /usr/bin/python3 setup.py egg_info --egg-base ../../../build/planned_path build --build-base /home/yvxaiver/f1tenth_ws/build/planned_path/build install --prefix /home/yvxaiver/f1tenth_ws/install/planned_path --record /home/yvxaiver/f1tenth_ws/build/planned_path/install.log --single-version-externally-managed
[4.539s] running egg_info
[4.541s] writing ../../../build/planned_path/planned_path.egg-info/PKG-INFO
[4.542s] writing dependency_links to ../../../build/planned_path/planned_path.egg-info/dependency_links.txt
[4.543s] writing entry points to ../../../build/planned_path/planned_path.egg-info/entry_points.txt
[4.544s] writing requirements to ../../../build/planned_path/planned_path.egg-info/requires.txt
[4.544s] writing top-level names to ../../../build/planned_path/planned_path.egg-info/top_level.txt
[4.718s] reading manifest file '../../../build/planned_path/planned_path.egg-info/SOURCES.txt'
[4.724s] writing manifest file '../../../build/planned_path/planned_path.egg-info/SOURCES.txt'
[4.724s] running build
[4.725s] running build_py
[4.725s] copying planned_path/ppath_control.py -> /home/yvxaiver/f1tenth_ws/build/planned_path/build/lib/planned_path
[4.726s] running install
[4.728s] running install_lib
[4.732s] copying /home/yvxaiver/f1tenth_ws/build/planned_path/build/lib/planned_path/ppath_control.py -> /home/yvxaiver/f1tenth_ws/install/planned_path/lib/python3.8/site-packages/planned_path
[4.735s] byte-compiling /home/yvxaiver/f1tenth_ws/install/planned_path/lib/python3.8/site-packages/planned_path/ppath_control.py to ppath_control.cpython-38.pyc
[4.738s] running install_data
[4.740s] running install_egg_info
[4.747s] removing '/home/yvxaiver/f1tenth_ws/install/planned_path/lib/python3.8/site-packages/planned_path-0.0.0-py3.8.egg-info' (and everything under it)
[4.749s] Copying ../../../build/planned_path/planned_path.egg-info to /home/yvxaiver/f1tenth_ws/install/planned_path/lib/python3.8/site-packages/planned_path-0.0.0-py3.8.egg-info
[4.753s] running install_scripts
[4.821s] Installing ppath script to /home/yvxaiver/f1tenth_ws/install/planned_path/lib/planned_path
[4.821s] writing list of installed files to '/home/yvxaiver/f1tenth_ws/build/planned_path/install.log'
[4.925s] Invoked command in '/home/yvxaiver/f1tenth_ws/src/f1tenth_system/planned_path' returned '0': PYTHONPATH=/home/yvxaiver/f1tenth_ws/install/planned_path/lib/python3.8/site-packages:${PYTHONPATH} /usr/bin/python3 setup.py egg_info --egg-base ../../../build/planned_path build --build-base /home/yvxaiver/f1tenth_ws/build/planned_path/build install --prefix /home/yvxaiver/f1tenth_ws/install/planned_path --record /home/yvxaiver/f1tenth_ws/build/planned_path/install.log --single-version-externally-managed
