running egg_info
creating ../../../build/lanenet_driver/lanenet_driver.egg-info
writing ../../../build/lanenet_driver/lanenet_driver.egg-info/PKG-INFO
writing dependency_links to ../../../build/lanenet_driver/lanenet_driver.egg-info/dependency_links.txt
writing entry points to ../../../build/lanenet_driver/lanenet_driver.egg-info/entry_points.txt
writing requirements to ../../../build/lanenet_driver/lanenet_driver.egg-info/requires.txt
writing top-level names to ../../../build/lanenet_driver/lanenet_driver.egg-info/top_level.txt
writing manifest file '../../../build/lanenet_driver/lanenet_driver.egg-info/SOURCES.txt'
reading manifest file '../../../build/lanenet_driver/lanenet_driver.egg-info/SOURCES.txt'
writing manifest file '../../../build/lanenet_driver/lanenet_driver.egg-info/SOURCES.txt'
running build
running build_py
creating /home/yvxaiver/f1tenth_ws/build/lanenet_driver/build
creating /home/yvxaiver/f1tenth_ws/build/lanenet_driver/build/lib
creating /home/yvxaiver/f1tenth_ws/build/lanenet_driver/build/lib/lanenet_driver
copying lanenet_driver/lanenet_driver_node.py -> /home/yvxaiver/f1tenth_ws/build/lanenet_driver/build/lib/lanenet_driver
copying lanenet_driver/__init__.py -> /home/yvxaiver/f1tenth_ws/build/lanenet_driver/build/lib/lanenet_driver
creating /home/yvxaiver/f1tenth_ws/build/lanenet_driver/build/lib/lanenet_driver/stanley_controller
copying lanenet_driver/stanley_controller/cubic_spline_planner.py -> /home/yvxaiver/f1tenth_ws/build/lanenet_driver/build/lib/lanenet_driver/stanley_controller
copying lanenet_driver/stanley_controller/stanley_controller.py -> /home/yvxaiver/f1tenth_ws/build/lanenet_driver/build/lib/lanenet_driver/stanley_controller
copying lanenet_driver/stanley_controller/__init__.py -> /home/yvxaiver/f1tenth_ws/build/lanenet_driver/build/lib/lanenet_driver/stanley_controller
running install
running install_lib
creating /home/yvxaiver/f1tenth_ws/install/lanenet_driver/lib/python3.8/site-packages/lanenet_driver
creating /home/yvxaiver/f1tenth_ws/install/lanenet_driver/lib/python3.8/site-packages/lanenet_driver/stanley_controller
copying /home/yvxaiver/f1tenth_ws/build/lanenet_driver/build/lib/lanenet_driver/stanley_controller/cubic_spline_planner.py -> /home/yvxaiver/f1tenth_ws/install/lanenet_driver/lib/python3.8/site-packages/lanenet_driver/stanley_controller
copying /home/yvxaiver/f1tenth_ws/build/lanenet_driver/build/lib/lanenet_driver/stanley_controller/stanley_controller.py -> /home/yvxaiver/f1tenth_ws/install/lanenet_driver/lib/python3.8/site-packages/lanenet_driver/stanley_controller
copying /home/yvxaiver/f1tenth_ws/build/lanenet_driver/build/lib/lanenet_driver/stanley_controller/__init__.py -> /home/yvxaiver/f1tenth_ws/install/lanenet_driver/lib/python3.8/site-packages/lanenet_driver/stanley_controller
copying /home/yvxaiver/f1tenth_ws/build/lanenet_driver/build/lib/lanenet_driver/lanenet_driver_node.py -> /home/yvxaiver/f1tenth_ws/install/lanenet_driver/lib/python3.8/site-packages/lanenet_driver
copying /home/yvxaiver/f1tenth_ws/build/lanenet_driver/build/lib/lanenet_driver/__init__.py -> /home/yvxaiver/f1tenth_ws/install/lanenet_driver/lib/python3.8/site-packages/lanenet_driver
byte-compiling /home/yvxaiver/f1tenth_ws/install/lanenet_driver/lib/python3.8/site-packages/lanenet_driver/stanley_controller/cubic_spline_planner.py to cubic_spline_planner.cpython-38.pyc
byte-compiling /home/yvxaiver/f1tenth_ws/install/lanenet_driver/lib/python3.8/site-packages/lanenet_driver/stanley_controller/stanley_controller.py to stanley_controller.cpython-38.pyc
byte-compiling /home/yvxaiver/f1tenth_ws/install/lanenet_driver/lib/python3.8/site-packages/lanenet_driver/stanley_controller/__init__.py to __init__.cpython-38.pyc
byte-compiling /home/yvxaiver/f1tenth_ws/install/lanenet_driver/lib/python3.8/site-packages/lanenet_driver/lanenet_driver_node.py to lanenet_driver_node.cpython-38.pyc
byte-compiling /home/yvxaiver/f1tenth_ws/install/lanenet_driver/lib/python3.8/site-packages/lanenet_driver/__init__.py to __init__.cpython-38.pyc
running install_data
creating /home/yvxaiver/f1tenth_ws/install/lanenet_driver/share/ament_index
creating /home/yvxaiver/f1tenth_ws/install/lanenet_driver/share/ament_index/resource_index
creating /home/yvxaiver/f1tenth_ws/install/lanenet_driver/share/ament_index/resource_index/packages
copying resource/lanenet_driver -> /home/yvxaiver/f1tenth_ws/install/lanenet_driver/share/ament_index/resource_index/packages
copying package.xml -> /home/yvxaiver/f1tenth_ws/install/lanenet_driver/share/lanenet_driver
running install_egg_info
Copying ../../../build/lanenet_driver/lanenet_driver.egg-info to /home/yvxaiver/f1tenth_ws/install/lanenet_driver/lib/python3.8/site-packages/lanenet_driver-0.0.0-py3.8.egg-info
running install_scripts
Installing lanenet_driver_node script to /home/yvxaiver/f1tenth_ws/install/lanenet_driver/lib/lanenet_driver
writing list of installed files to '/home/yvxaiver/f1tenth_ws/build/lanenet_driver/install.log'
