[7.261s] Invoking command in '/home/yvxaiver/f1tenth_ws/src/f1tenth_system/planned_path': PYTHONPATH=/home/yvxaiver/f1tenth_ws/build/planned_path/prefix_override:/home/yvxaiver/f1tenth_ws/install/planned_path/lib/python3.8/site-packages:${PYTHONPATH} /usr/bin/python3 setup.py egg_info --egg-base ../../../build/planned_path build --build-base /home/yvxaiver/f1tenth_ws/build/planned_path/build install --record /home/yvxaiver/f1tenth_ws/build/planned_path/install.log --install-scripts $base/lib/planned_path --single-version-externally-managed
[9.159s] running egg_info
[9.162s] writing ../../../build/planned_path/planned_path.egg-info/PKG-INFO
[9.163s] writing dependency_links to ../../../build/planned_path/planned_path.egg-info/dependency_links.txt
[9.163s] writing entry points to ../../../build/planned_path/planned_path.egg-info/entry_points.txt
[9.164s] writing requirements to ../../../build/planned_path/planned_path.egg-info/requires.txt
[9.165s] writing top-level names to ../../../build/planned_path/planned_path.egg-info/top_level.txt
[9.407s] reading manifest file '../../../build/planned_path/planned_path.egg-info/SOURCES.txt'
[9.413s] writing manifest file '../../../build/planned_path/planned_path.egg-info/SOURCES.txt'
[9.422s] running build
[9.423s] running build_py
[9.424s] running install
[9.424s] running install_lib
[9.446s] running install_data
[9.447s] running install_egg_info
[9.447s] removing '/home/yvxaiver/f1tenth_ws/install/planned_path/lib/python3.8/site-packages/planned_path-0.0.0-py3.8.egg-info' (and everything under it)
[9.448s] Copying ../../../build/planned_path/planned_path.egg-info to /home/yvxaiver/f1tenth_ws/install/planned_path/lib/python3.8/site-packages/planned_path-0.0.0-py3.8.egg-info
[9.470s] running install_scripts
[9.557s] Installing ppath script to /home/yvxaiver/f1tenth_ws/install/planned_path/lib/planned_path
[9.559s] writing list of installed files to '/home/yvxaiver/f1tenth_ws/build/planned_path/install.log'
[9.707s] Invoked command in '/home/yvxaiver/f1tenth_ws/src/f1tenth_system/planned_path' returned '0': PYTHONPATH=/home/yvxaiver/f1tenth_ws/build/planned_path/prefix_override:/home/yvxaiver/f1tenth_ws/install/planned_path/lib/python3.8/site-packages:${PYTHONPATH} /usr/bin/python3 setup.py egg_info --egg-base ../../../build/planned_path build --build-base /home/yvxaiver/f1tenth_ws/build/planned_path/build install --record /home/yvxaiver/f1tenth_ws/build/planned_path/install.log --install-scripts $base/lib/planned_path --single-version-externally-managed
