[0.486s] Invoking command in '/home/yvxaiver/f1tenth_ws/build/ackermann_mux': CMAKE_PREFIX_PATH=${CMAKE_PREFIX_PATH}:/home/yvxaiver/f1tenth_ws/install/f1tenth_stack:/home/yvxaiver/f1tenth_ws/install/joy_teleop:/home/yvxaiver/f1tenth_ws/install/planned_path:/home/yvxaiver/f1tenth_ws/install/mouse_teleop:/home/yvxaiver/f1tenth_ws/install/lanenet_driver:/home/yvxaiver/f1tenth_ws/install/key_teleop:/home/yvxaiver/camera_ws/install/lanenet_postprocess:/home/yvxaiver/camera_ws/install/image_processor:/home/yvxaiver/camera_ws/install/inv_mux:/opt/ros/foxy /usr/bin/cmake --build /home/yvxaiver/f1tenth_ws/build/ackermann_mux -- -j6 -l6
[5.370s] [100%] Built target ackermann_mux
[5.410s] Invoked command in '/home/yvxaiver/f1tenth_ws/build/ackermann_mux' returned '0': CMAKE_PREFIX_PATH=${CMAKE_PREFIX_PATH}:/home/yvxaiver/f1tenth_ws/install/f1tenth_stack:/home/yvxaiver/f1tenth_ws/install/joy_teleop:/home/yvxaiver/f1tenth_ws/install/planned_path:/home/yvxaiver/f1tenth_ws/install/mouse_teleop:/home/yvxaiver/f1tenth_ws/install/lanenet_driver:/home/yvxaiver/f1tenth_ws/install/key_teleop:/home/yvxaiver/camera_ws/install/lanenet_postprocess:/home/yvxaiver/camera_ws/install/image_processor:/home/yvxaiver/camera_ws/install/inv_mux:/opt/ros/foxy /usr/bin/cmake --build /home/yvxaiver/f1tenth_ws/build/ackermann_mux -- -j6 -l6
[5.670s] Invoking command in '/home/yvxaiver/f1tenth_ws/build/ackermann_mux': CMAKE_PREFIX_PATH=${CMAKE_PREFIX_PATH}:/home/yvxaiver/f1tenth_ws/install/f1tenth_stack:/home/yvxaiver/f1tenth_ws/install/joy_teleop:/home/yvxaiver/f1tenth_ws/install/planned_path:/home/yvxaiver/f1tenth_ws/install/mouse_teleop:/home/yvxaiver/f1tenth_ws/install/lanenet_driver:/home/yvxaiver/f1tenth_ws/install/key_teleop:/home/yvxaiver/camera_ws/install/lanenet_postprocess:/home/yvxaiver/camera_ws/install/image_processor:/home/yvxaiver/camera_ws/install/inv_mux:/opt/ros/foxy /usr/bin/cmake --install /home/yvxaiver/f1tenth_ws/build/ackermann_mux
[5.757s] -- Install configuration: ""
[5.757s] -- Up-to-date: /home/yvxaiver/f1tenth_ws/install/ackermann_mux/lib/ackermann_mux/ackermann_mux
[5.760s] -- Up-to-date: /home/yvxaiver/f1tenth_ws/install/ackermann_mux/share/ackermann_mux/launch
[5.776s] -- Up-to-date: /home/yvxaiver/f1tenth_ws/install/ackermann_mux/share/ackermann_mux/launch/ackermann_mux_launch.py
[5.782s] -- Up-to-date: /home/yvxaiver/f1tenth_ws/install/ackermann_mux/share/ackermann_mux/config
[5.793s] -- Up-to-date: /home/yvxaiver/f1tenth_ws/install/ackermann_mux/share/ackermann_mux/config/joystick.yaml
[5.793s] -- Up-to-date: /home/yvxaiver/f1tenth_ws/install/ackermann_mux/share/ackermann_mux/config/ackermann_mux_topics.yaml
[5.794s] -- Up-to-date: /home/yvxaiver/f1tenth_ws/install/ackermann_mux/share/ackermann_mux/config/ackermann_mux_locks.yaml
[5.794s] -- Up-to-date: /home/yvxaiver/f1tenth_ws/install/ackermann_mux/include
[5.795s] -- Up-to-date: /home/yvxaiver/f1tenth_ws/install/ackermann_mux/include/ackermann_mux
[5.795s] -- Up-to-date: /home/yvxaiver/f1tenth_ws/install/ackermann_mux/include/ackermann_mux/ackermann_mux_diagnostics_status.hpp
[5.795s] -- Up-to-date: /home/yvxaiver/f1tenth_ws/install/ackermann_mux/include/ackermann_mux/params_helpers.hpp
[5.796s] -- Up-to-date: /home/yvxaiver/f1tenth_ws/install/ackermann_mux/include/ackermann_mux/ackermann_mux.hpp
[5.796s] -- Up-to-date: /home/yvxaiver/f1tenth_ws/install/ackermann_mux/include/ackermann_mux/ackermann_mux_diagnostics.hpp
[5.797s] -- Up-to-date: /home/yvxaiver/f1tenth_ws/install/ackermann_mux/include/ackermann_mux/utils.hpp
[5.797s] -- Up-to-date: /home/yvxaiver/f1tenth_ws/install/ackermann_mux/include/ackermann_mux/topic_handle.hpp
[5.798s] -- Up-to-date: /home/yvxaiver/f1tenth_ws/install/ackermann_mux/share/ament_index/resource_index/package_run_dependencies/ackermann_mux
[5.798s] -- Up-to-date: /home/yvxaiver/f1tenth_ws/install/ackermann_mux/share/ament_index/resource_index/parent_prefix_path/ackermann_mux
[5.798s] -- Up-to-date: /home/yvxaiver/f1tenth_ws/install/ackermann_mux/share/ackermann_mux/environment/ament_prefix_path.sh
[5.799s] -- Up-to-date: /home/yvxaiver/f1tenth_ws/install/ackermann_mux/share/ackermann_mux/environment/ament_prefix_path.dsv
[5.799s] -- Up-to-date: /home/yvxaiver/f1tenth_ws/install/ackermann_mux/share/ackermann_mux/environment/path.sh
[5.800s] -- Up-to-date: /home/yvxaiver/f1tenth_ws/install/ackermann_mux/share/ackermann_mux/environment/path.dsv
[5.800s] -- Up-to-date: /home/yvxaiver/f1tenth_ws/install/ackermann_mux/share/ackermann_mux/local_setup.bash
[5.800s] -- Up-to-date: /home/yvxaiver/f1tenth_ws/install/ackermann_mux/share/ackermann_mux/local_setup.sh
[5.801s] -- Up-to-date: /home/yvxaiver/f1tenth_ws/install/ackermann_mux/share/ackermann_mux/local_setup.zsh
[5.801s] -- Up-to-date: /home/yvxaiver/f1tenth_ws/install/ackermann_mux/share/ackermann_mux/local_setup.dsv
[5.801s] -- Installing: /home/yvxaiver/f1tenth_ws/install/ackermann_mux/share/ackermann_mux/package.dsv
[5.816s] -- Up-to-date: /home/yvxaiver/f1tenth_ws/install/ackermann_mux/share/ament_index/resource_index/packages/ackermann_mux
[5.817s] -- Up-to-date: /home/yvxaiver/f1tenth_ws/install/ackermann_mux/share/ackermann_mux/cmake/ament_cmake_export_include_directories-extras.cmake
[5.818s] -- Up-to-date: /home/yvxaiver/f1tenth_ws/install/ackermann_mux/share/ackermann_mux/cmake/ament_cmake_export_dependencies-extras.cmake
[5.820s] -- Up-to-date: /home/yvxaiver/f1tenth_ws/install/ackermann_mux/share/ackermann_mux/cmake/ackermann_muxConfig.cmake
[5.820s] -- Up-to-date: /home/yvxaiver/f1tenth_ws/install/ackermann_mux/share/ackermann_mux/cmake/ackermann_muxConfig-version.cmake
[5.821s] -- Up-to-date: /home/yvxaiver/f1tenth_ws/install/ackermann_mux/share/ackermann_mux/package.xml
[5.822s] Invoked command in '/home/yvxaiver/f1tenth_ws/build/ackermann_mux' returned '0': CMAKE_PREFIX_PATH=${CMAKE_PREFIX_PATH}:/home/yvxaiver/f1tenth_ws/install/f1tenth_stack:/home/yvxaiver/f1tenth_ws/install/joy_teleop:/home/yvxaiver/f1tenth_ws/install/planned_path:/home/yvxaiver/f1tenth_ws/install/mouse_teleop:/home/yvxaiver/f1tenth_ws/install/lanenet_driver:/home/yvxaiver/f1tenth_ws/install/key_teleop:/home/yvxaiver/camera_ws/install/lanenet_postprocess:/home/yvxaiver/camera_ws/install/image_processor:/home/yvxaiver/camera_ws/install/inv_mux:/opt/ros/foxy /usr/bin/cmake --install /home/yvxaiver/f1tenth_ws/build/ackermann_mux
