[8.331s] Invoking command in '/home/yvxaiver/f1tenth_ws/src/f1tenth_system/teleop_tools/mouse_teleop': PYTHONPATH=/home/yvxaiver/f1tenth_ws/build/mouse_teleop/prefix_override:/home/yvxaiver/f1tenth_ws/install/mouse_teleop/lib/python3.8/site-packages:${PYTHONPATH} /usr/bin/python3 setup.py egg_info --egg-base ../../../../build/mouse_teleop build --build-base /home/yvxaiver/f1tenth_ws/build/mouse_teleop/build install --record /home/yvxaiver/f1tenth_ws/build/mouse_teleop/install.log --install-scripts $base/lib/mouse_teleop --single-version-externally-managed
[9.871s] running egg_info
[9.873s] writing ../../../../build/mouse_teleop/mouse_teleop.egg-info/PKG-INFO
[9.878s] writing dependency_links to ../../../../build/mouse_teleop/mouse_teleop.egg-info/dependency_links.txt
[9.880s] writing entry points to ../../../../build/mouse_teleop/mouse_teleop.egg-info/entry_points.txt
[9.880s] writing requirements to ../../../../build/mouse_teleop/mouse_teleop.egg-info/requires.txt
[9.881s] writing top-level names to ../../../../build/mouse_teleop/mouse_teleop.egg-info/top_level.txt
[10.119s] reading manifest file '../../../../build/mouse_teleop/mouse_teleop.egg-info/SOURCES.txt'
[10.127s] writing manifest file '../../../../build/mouse_teleop/mouse_teleop.egg-info/SOURCES.txt'
[10.129s] running build
[10.129s] running build_py
[10.133s] running install
[10.139s] running install_lib
[10.148s] running install_data
[10.154s] running install_egg_info
[10.163s] removing '/home/yvxaiver/f1tenth_ws/install/mouse_teleop/lib/python3.8/site-packages/mouse_teleop-0.3.0-py3.8.egg-info' (and everything under it)
[10.165s] Copying ../../../../build/mouse_teleop/mouse_teleop.egg-info to /home/yvxaiver/f1tenth_ws/install/mouse_teleop/lib/python3.8/site-packages/mouse_teleop-0.3.0-py3.8.egg-info
[10.174s] running install_scripts
[10.264s] Installing mouse_teleop script to /home/yvxaiver/f1tenth_ws/install/mouse_teleop/lib/mouse_teleop
[10.270s] writing list of installed files to '/home/yvxaiver/f1tenth_ws/build/mouse_teleop/install.log'
[10.670s] Invoked command in '/home/yvxaiver/f1tenth_ws/src/f1tenth_system/teleop_tools/mouse_teleop' returned '0': PYTHONPATH=/home/yvxaiver/f1tenth_ws/build/mouse_teleop/prefix_override:/home/yvxaiver/f1tenth_ws/install/mouse_teleop/lib/python3.8/site-packages:${PYTHONPATH} /usr/bin/python3 setup.py egg_info --egg-base ../../../../build/mouse_teleop build --build-base /home/yvxaiver/f1tenth_ws/build/mouse_teleop/build install --record /home/yvxaiver/f1tenth_ws/build/mouse_teleop/install.log --install-scripts $base/lib/mouse_teleop --single-version-externally-managed
