[5.852s] Invoking command in '/home/yvxaiver/Desktop/f1tenth_ws/src/f1tenth_system/planned_path': PYTHONPATH=/home/yvxaiver/Desktop/f1tenth_ws/build/planned_path/prefix_override:/home/yvxaiver/Desktop/f1tenth_ws/install/planned_path/lib/python3.8/site-packages:${PYTHONPATH} /usr/bin/python3 setup.py egg_info --egg-base ../../../build/planned_path build --build-base /home/yvxaiver/Desktop/f1tenth_ws/build/planned_path/build install --record /home/yvxaiver/Desktop/f1tenth_ws/build/planned_path/install.log --install-scripts $base/lib/planned_path --single-version-externally-managed
[7.695s] running egg_info
[7.697s] writing ../../../build/planned_path/planned_path.egg-info/PKG-INFO
[7.706s] writing dependency_links to ../../../build/planned_path/planned_path.egg-info/dependency_links.txt
[7.707s] writing entry points to ../../../build/planned_path/planned_path.egg-info/entry_points.txt
[7.708s] writing requirements to ../../../build/planned_path/planned_path.egg-info/requires.txt
[7.709s] writing top-level names to ../../../build/planned_path/planned_path.egg-info/top_level.txt
[7.928s] reading manifest file '../../../build/planned_path/planned_path.egg-info/SOURCES.txt'
[7.937s] writing manifest file '../../../build/planned_path/planned_path.egg-info/SOURCES.txt'
[7.938s] running build
[7.939s] running build_py
[7.940s] running install
[7.944s] running install_lib
[7.953s] running install_data
[7.956s] running install_egg_info
[7.965s] removing '/home/yvxaiver/Desktop/f1tenth_ws/install/planned_path/lib/python3.8/site-packages/planned_path-0.0.0-py3.8.egg-info' (and everything under it)
[7.967s] Copying ../../../build/planned_path/planned_path.egg-info to /home/yvxaiver/Desktop/f1tenth_ws/install/planned_path/lib/python3.8/site-packages/planned_path-0.0.0-py3.8.egg-info
[7.975s] running install_scripts
[8.061s] Installing ppath script to /home/yvxaiver/Desktop/f1tenth_ws/install/planned_path/lib/planned_path
[8.063s] writing list of installed files to '/home/yvxaiver/Desktop/f1tenth_ws/build/planned_path/install.log'
[8.204s] Invoked command in '/home/yvxaiver/Desktop/f1tenth_ws/src/f1tenth_system/planned_path' returned '0': PYTHONPATH=/home/yvxaiver/Desktop/f1tenth_ws/build/planned_path/prefix_override:/home/yvxaiver/Desktop/f1tenth_ws/install/planned_path/lib/python3.8/site-packages:${PYTHONPATH} /usr/bin/python3 setup.py egg_info --egg-base ../../../build/planned_path build --build-base /home/yvxaiver/Desktop/f1tenth_ws/build/planned_path/build install --record /home/yvxaiver/Desktop/f1tenth_ws/build/planned_path/install.log --install-scripts $base/lib/planned_path --single-version-externally-managed
