[0.538s] Invoking command in '/home/yvxaiver/f1tenth_ws/build/vesc_msgs': CMAKE_PREFIX_PATH=${CMAKE_PREFIX_PATH}:/home/yvxaiver/f1tenth_ws/install/f1tenth_stack:/home/yvxaiver/f1tenth_ws/install/joy_teleop:/home/yvxaiver/f1tenth_ws/install/planned_path:/home/yvxaiver/f1tenth_ws/install/mouse_teleop:/home/yvxaiver/f1tenth_ws/install/lanenet_driver:/home/yvxaiver/f1tenth_ws/install/key_teleop:/home/yvxaiver/camera_ws/install/lanenet_postprocess:/home/yvxaiver/camera_ws/install/image_processor:/home/yvxaiver/camera_ws/install/inv_mux:/opt/ros/foxy /usr/bin/cmake --build /home/yvxaiver/f1tenth_ws/build/vesc_msgs -- -j6 -l6
[5.419s] [  1%] Built target vesc_msgs__cpp
[5.426s] [ 12%] Built target vesc_msgs__rosidl_generator_c
[5.429s] [ 23%] Built target vesc_msgs__rosidl_typesupport_cpp
[5.430s] [ 38%] Built target vesc_msgs__rosidl_typesupport_c
[5.431s] [ 43%] [32m[1mLinking CXX shared library libvesc_msgs__rosidl_typesupport_fastrtps_cpp.so[0m
[5.433s] [ 47%] Built target vesc_msgs__rosidl_typesupport_introspection_cpp
[5.436s] [ 58%] Built target vesc_msgs__rosidl_typesupport_introspection_c
[5.439s] [ 67%] Built target vesc_msgs__rosidl_typesupport_fastrtps_cpp
[5.440s] [ 69%] [32m[1mLinking CXX shared library libvesc_msgs__rosidl_typesupport_fastrtps_c.so[0m
[5.442s] [ 78%] Built target vesc_msgs__rosidl_typesupport_fastrtps_c
[5.447s] [ 78%] Built target vesc_msgs
[5.450s] [ 80%] Built target vesc_msgs__py
[5.455s] [ 89%] Built target vesc_msgs__python
[5.457s] [ 92%] Built target vesc_msgs__rosidl_typesupport_introspection_c__pyext
[5.464s] [ 96%] [32m[1mLinking CXX shared library rosidl_generator_py/vesc_msgs/vesc_msgs_s__rosidl_typesupport_fastrtps_c.cpython-38-aarch64-linux-gnu.so[0m
[5.466s] [ 98%] Built target vesc_msgs__rosidl_typesupport_c__pyext
[5.466s] [100%] Built target vesc_msgs__rosidl_typesupport_fastrtps_c__pyext
[5.513s] Invoked command in '/home/yvxaiver/f1tenth_ws/build/vesc_msgs' returned '0': CMAKE_PREFIX_PATH=${CMAKE_PREFIX_PATH}:/home/yvxaiver/f1tenth_ws/install/f1tenth_stack:/home/yvxaiver/f1tenth_ws/install/joy_teleop:/home/yvxaiver/f1tenth_ws/install/planned_path:/home/yvxaiver/f1tenth_ws/install/mouse_teleop:/home/yvxaiver/f1tenth_ws/install/lanenet_driver:/home/yvxaiver/f1tenth_ws/install/key_teleop:/home/yvxaiver/camera_ws/install/lanenet_postprocess:/home/yvxaiver/camera_ws/install/image_processor:/home/yvxaiver/camera_ws/install/inv_mux:/opt/ros/foxy /usr/bin/cmake --build /home/yvxaiver/f1tenth_ws/build/vesc_msgs -- -j6 -l6
[6.270s] Invoking command in '/home/yvxaiver/f1tenth_ws/build/vesc_msgs': CMAKE_PREFIX_PATH=${CMAKE_PREFIX_PATH}:/home/yvxaiver/f1tenth_ws/install/f1tenth_stack:/home/yvxaiver/f1tenth_ws/install/joy_teleop:/home/yvxaiver/f1tenth_ws/install/planned_path:/home/yvxaiver/f1tenth_ws/install/mouse_teleop:/home/yvxaiver/f1tenth_ws/install/lanenet_driver:/home/yvxaiver/f1tenth_ws/install/key_teleop:/home/yvxaiver/camera_ws/install/lanenet_postprocess:/home/yvxaiver/camera_ws/install/image_processor:/home/yvxaiver/camera_ws/install/inv_mux:/opt/ros/foxy /usr/bin/cmake --install /home/yvxaiver/f1tenth_ws/build/vesc_msgs
[6.393s] -- Install configuration: ""
[6.394s] -- Up-to-date: /home/yvxaiver/f1tenth_ws/install/vesc_msgs/share/ament_index/resource_index/rosidl_interfaces/vesc_msgs
[6.396s] -- Up-to-date: /home/yvxaiver/f1tenth_ws/install/vesc_msgs/include/vesc_msgs
[6.397s] -- Up-to-date: /home/yvxaiver/f1tenth_ws/install/vesc_msgs/include/vesc_msgs/msg
[6.398s] -- Up-to-date: /home/yvxaiver/f1tenth_ws/install/vesc_msgs/include/vesc_msgs/msg/vesc_state.h
[6.399s] -- Up-to-date: /home/yvxaiver/f1tenth_ws/install/vesc_msgs/include/vesc_msgs/msg/vesc_state_stamped.h
[6.399s] -- Up-to-date: /home/yvxaiver/f1tenth_ws/install/vesc_msgs/include/vesc_msgs/msg/rosidl_generator_c__visibility_control.h
[6.400s] -- Up-to-date: /home/yvxaiver/f1tenth_ws/install/vesc_msgs/include/vesc_msgs/msg/vesc_imu.h
[6.401s] -- Up-to-date: /home/yvxaiver/f1tenth_ws/install/vesc_msgs/include/vesc_msgs/msg/detail
[6.402s] -- Up-to-date: /home/yvxaiver/f1tenth_ws/install/vesc_msgs/include/vesc_msgs/msg/detail/vesc_imu_stamped__type_support.h
[6.403s] -- Up-to-date: /home/yvxaiver/f1tenth_ws/install/vesc_msgs/include/vesc_msgs/msg/detail/vesc_state__functions.h
[6.403s] -- Up-to-date: /home/yvxaiver/f1tenth_ws/install/vesc_msgs/include/vesc_msgs/msg/detail/vesc_imu__type_support.h
[6.404s] -- Up-to-date: /home/yvxaiver/f1tenth_ws/install/vesc_msgs/include/vesc_msgs/msg/detail/vesc_state__struct.h
[6.404s] -- Up-to-date: /home/yvxaiver/f1tenth_ws/install/vesc_msgs/include/vesc_msgs/msg/detail/vesc_state__functions.c
[6.404s] -- Up-to-date: /home/yvxaiver/f1tenth_ws/install/vesc_msgs/include/vesc_msgs/msg/detail/vesc_state_stamped__functions.h
[6.405s] -- Up-to-date: /home/yvxaiver/f1tenth_ws/install/vesc_msgs/include/vesc_msgs/msg/detail/vesc_imu__functions.h
[6.405s] -- Up-to-date: /home/yvxaiver/f1tenth_ws/install/vesc_msgs/include/vesc_msgs/msg/detail/vesc_imu_stamped__struct.h
[6.406s] -- Up-to-date: /home/yvxaiver/f1tenth_ws/install/vesc_msgs/include/vesc_msgs/msg/detail/vesc_imu_stamped__functions.h
[6.406s] -- Up-to-date: /home/yvxaiver/f1tenth_ws/install/vesc_msgs/include/vesc_msgs/msg/detail/vesc_imu_stamped__functions.c
[6.407s] -- Up-to-date: /home/yvxaiver/f1tenth_ws/install/vesc_msgs/include/vesc_msgs/msg/detail/vesc_state_stamped__type_support.h
[6.407s] -- Up-to-date: /home/yvxaiver/f1tenth_ws/install/vesc_msgs/include/vesc_msgs/msg/detail/vesc_state_stamped__struct.h
[6.408s] -- Up-to-date: /home/yvxaiver/f1tenth_ws/install/vesc_msgs/include/vesc_msgs/msg/detail/vesc_state_stamped__functions.c
[6.408s] -- Up-to-date: /home/yvxaiver/f1tenth_ws/install/vesc_msgs/include/vesc_msgs/msg/detail/vesc_imu__functions.c
[6.409s] -- Up-to-date: /home/yvxaiver/f1tenth_ws/install/vesc_msgs/include/vesc_msgs/msg/detail/vesc_imu__struct.h
[6.409s] -- Up-to-date: /home/yvxaiver/f1tenth_ws/install/vesc_msgs/include/vesc_msgs/msg/detail/vesc_state__type_support.h
[6.409s] -- Up-to-date: /home/yvxaiver/f1tenth_ws/install/vesc_msgs/include/vesc_msgs/msg/vesc_imu_stamped.h
[6.410s] -- Up-to-date: /home/yvxaiver/f1tenth_ws/install/vesc_msgs/share/vesc_msgs/environment/library_path.sh
[6.410s] -- Up-to-date: /home/yvxaiver/f1tenth_ws/install/vesc_msgs/share/vesc_msgs/environment/library_path.dsv
[6.410s] -- Up-to-date: /home/yvxaiver/f1tenth_ws/install/vesc_msgs/lib/libvesc_msgs__rosidl_generator_c.so
[6.417s] -- Up-to-date: /home/yvxaiver/f1tenth_ws/install/vesc_msgs/include/vesc_msgs
[6.418s] -- Up-to-date: /home/yvxaiver/f1tenth_ws/install/vesc_msgs/include/vesc_msgs/msg
[6.418s] -- Up-to-date: /home/yvxaiver/f1tenth_ws/install/vesc_msgs/include/vesc_msgs/msg/rosidl_typesupport_fastrtps_c__visibility_control.h
[6.418s] -- Up-to-date: /home/yvxaiver/f1tenth_ws/install/vesc_msgs/include/vesc_msgs/msg/detail
[6.419s] -- Up-to-date: /home/yvxaiver/f1tenth_ws/install/vesc_msgs/include/vesc_msgs/msg/detail/vesc_imu__rosidl_typesupport_fastrtps_c.h
[6.419s] -- Up-to-date: /home/yvxaiver/f1tenth_ws/install/vesc_msgs/include/vesc_msgs/msg/detail/vesc_imu_stamped__rosidl_typesupport_fastrtps_c.h
[6.420s] -- Up-to-date: /home/yvxaiver/f1tenth_ws/install/vesc_msgs/include/vesc_msgs/msg/detail/vesc_state__rosidl_typesupport_fastrtps_c.h
[6.420s] -- Up-to-date: /home/yvxaiver/f1tenth_ws/install/vesc_msgs/include/vesc_msgs/msg/detail/vesc_state_stamped__rosidl_typesupport_fastrtps_c.h
[6.421s] -- Installing: /home/yvxaiver/f1tenth_ws/install/vesc_msgs/lib/libvesc_msgs__rosidl_typesupport_fastrtps_c.so
[6.421s] -- Set runtime path of "/home/yvxaiver/f1tenth_ws/install/vesc_msgs/lib/libvesc_msgs__rosidl_typesupport_fastrtps_c.so" to ""
[6.421s] -- Up-to-date: /home/yvxaiver/f1tenth_ws/install/vesc_msgs/include/vesc_msgs
[6.422s] -- Up-to-date: /home/yvxaiver/f1tenth_ws/install/vesc_msgs/include/vesc_msgs/msg
[6.422s] -- Up-to-date: /home/yvxaiver/f1tenth_ws/install/vesc_msgs/include/vesc_msgs/msg/rosidl_typesupport_fastrtps_cpp__visibility_control.h
[6.422s] -- Up-to-date: /home/yvxaiver/f1tenth_ws/install/vesc_msgs/include/vesc_msgs/msg/detail
[6.434s] -- Up-to-date: /home/yvxaiver/f1tenth_ws/install/vesc_msgs/include/vesc_msgs/msg/detail/dds_fastrtps
[6.435s] -- Up-to-date: /home/yvxaiver/f1tenth_ws/install/vesc_msgs/include/vesc_msgs/msg/detail/vesc_imu_stamped__rosidl_typesupport_fastrtps_cpp.hpp
[6.436s] -- Up-to-date: /home/yvxaiver/f1tenth_ws/install/vesc_msgs/include/vesc_msgs/msg/detail/vesc_state__rosidl_typesupport_fastrtps_cpp.hpp
[6.437s] -- Up-to-date: /home/yvxaiver/f1tenth_ws/install/vesc_msgs/include/vesc_msgs/msg/detail/vesc_imu__rosidl_typesupport_fastrtps_cpp.hpp
[6.439s] -- Up-to-date: /home/yvxaiver/f1tenth_ws/install/vesc_msgs/include/vesc_msgs/msg/detail/vesc_state_stamped__rosidl_typesupport_fastrtps_cpp.hpp
[6.439s] -- Installing: /home/yvxaiver/f1tenth_ws/install/vesc_msgs/lib/libvesc_msgs__rosidl_typesupport_fastrtps_cpp.so
[6.440s] -- Set runtime path of "/home/yvxaiver/f1tenth_ws/install/vesc_msgs/lib/libvesc_msgs__rosidl_typesupport_fastrtps_cpp.so" to ""
[6.440s] -- Up-to-date: /home/yvxaiver/f1tenth_ws/install/vesc_msgs/include/vesc_msgs
[6.440s] -- Up-to-date: /home/yvxaiver/f1tenth_ws/install/vesc_msgs/include/vesc_msgs/msg
[6.441s] -- Up-to-date: /home/yvxaiver/f1tenth_ws/install/vesc_msgs/include/vesc_msgs/msg/rosidl_typesupport_introspection_c__visibility_control.h
[6.441s] -- Up-to-date: /home/yvxaiver/f1tenth_ws/install/vesc_msgs/include/vesc_msgs/msg/detail
[6.442s] -- Up-to-date: /home/yvxaiver/f1tenth_ws/install/vesc_msgs/include/vesc_msgs/msg/detail/vesc_state_stamped__type_support.c
[6.442s] -- Up-to-date: /home/yvxaiver/f1tenth_ws/install/vesc_msgs/include/vesc_msgs/msg/detail/vesc_state_stamped__rosidl_typesupport_introspection_c.h
[6.446s] -- Up-to-date: /home/yvxaiver/f1tenth_ws/install/vesc_msgs/include/vesc_msgs/msg/detail/vesc_imu__type_support.c
[6.447s] -- Up-to-date: /home/yvxaiver/f1tenth_ws/install/vesc_msgs/include/vesc_msgs/msg/detail/vesc_imu_stamped__rosidl_typesupport_introspection_c.h
[6.448s] -- Up-to-date: /home/yvxaiver/f1tenth_ws/install/vesc_msgs/include/vesc_msgs/msg/detail/vesc_imu_stamped__type_support.c
[6.448s] -- Up-to-date: /home/yvxaiver/f1tenth_ws/install/vesc_msgs/include/vesc_msgs/msg/detail/vesc_imu__rosidl_typesupport_introspection_c.h
[6.449s] -- Up-to-date: /home/yvxaiver/f1tenth_ws/install/vesc_msgs/include/vesc_msgs/msg/detail/vesc_state__rosidl_typesupport_introspection_c.h
[6.449s] -- Up-to-date: /home/yvxaiver/f1tenth_ws/install/vesc_msgs/include/vesc_msgs/msg/detail/vesc_state__type_support.c
[6.450s] -- Up-to-date: /home/yvxaiver/f1tenth_ws/install/vesc_msgs/lib/libvesc_msgs__rosidl_typesupport_introspection_c.so
[6.450s] -- Up-to-date: /home/yvxaiver/f1tenth_ws/install/vesc_msgs/lib/libvesc_msgs__rosidl_typesupport_c.so
[6.451s] -- Up-to-date: /home/yvxaiver/f1tenth_ws/install/vesc_msgs/include/vesc_msgs
[6.451s] -- Up-to-date: /home/yvxaiver/f1tenth_ws/install/vesc_msgs/include/vesc_msgs/msg
[6.451s] -- Up-to-date: /home/yvxaiver/f1tenth_ws/install/vesc_msgs/include/vesc_msgs/msg/vesc_imu.hpp
[6.453s] -- Up-to-date: /home/yvxaiver/f1tenth_ws/install/vesc_msgs/include/vesc_msgs/msg/vesc_state_stamped.hpp
[6.453s] -- Up-to-date: /home/yvxaiver/f1tenth_ws/install/vesc_msgs/include/vesc_msgs/msg/vesc_state.hpp
[6.454s] -- Up-to-date: /home/yvxaiver/f1tenth_ws/install/vesc_msgs/include/vesc_msgs/msg/vesc_imu_stamped.hpp
[6.454s] -- Up-to-date: /home/yvxaiver/f1tenth_ws/install/vesc_msgs/include/vesc_msgs/msg/detail
[6.454s] -- Up-to-date: /home/yvxaiver/f1tenth_ws/install/vesc_msgs/include/vesc_msgs/msg/detail/vesc_state__traits.hpp
[6.455s] -- Up-to-date: /home/yvxaiver/f1tenth_ws/install/vesc_msgs/include/vesc_msgs/msg/detail/vesc_state_stamped__builder.hpp
[6.456s] -- Up-to-date: /home/yvxaiver/f1tenth_ws/install/vesc_msgs/include/vesc_msgs/msg/detail/vesc_imu_stamped__struct.hpp
[6.458s] -- Up-to-date: /home/yvxaiver/f1tenth_ws/install/vesc_msgs/include/vesc_msgs/msg/detail/vesc_imu__struct.hpp
[6.459s] -- Up-to-date: /home/yvxaiver/f1tenth_ws/install/vesc_msgs/include/vesc_msgs/msg/detail/vesc_imu__builder.hpp
[6.459s] -- Up-to-date: /home/yvxaiver/f1tenth_ws/install/vesc_msgs/include/vesc_msgs/msg/detail/vesc_imu_stamped__traits.hpp
[6.460s] -- Up-to-date: /home/yvxaiver/f1tenth_ws/install/vesc_msgs/include/vesc_msgs/msg/detail/vesc_imu__traits.hpp
[6.460s] -- Up-to-date: /home/yvxaiver/f1tenth_ws/install/vesc_msgs/include/vesc_msgs/msg/detail/vesc_imu_stamped__builder.hpp
[6.461s] -- Up-to-date: /home/yvxaiver/f1tenth_ws/install/vesc_msgs/include/vesc_msgs/msg/detail/vesc_state_stamped__traits.hpp
[6.461s] -- Up-to-date: /home/yvxaiver/f1tenth_ws/install/vesc_msgs/include/vesc_msgs/msg/detail/vesc_state__builder.hpp
[6.461s] -- Up-to-date: /home/yvxaiver/f1tenth_ws/install/vesc_msgs/include/vesc_msgs/msg/detail/vesc_state_stamped__struct.hpp
[6.462s] -- Up-to-date: /home/yvxaiver/f1tenth_ws/install/vesc_msgs/include/vesc_msgs/msg/detail/vesc_state__struct.hpp
[6.462s] -- Up-to-date: /home/yvxaiver/f1tenth_ws/install/vesc_msgs/include/vesc_msgs
[6.463s] -- Up-to-date: /home/yvxaiver/f1tenth_ws/install/vesc_msgs/include/vesc_msgs/msg
[6.463s] -- Up-to-date: /home/yvxaiver/f1tenth_ws/install/vesc_msgs/include/vesc_msgs/msg/detail
[6.463s] -- Up-to-date: /home/yvxaiver/f1tenth_ws/install/vesc_msgs/include/vesc_msgs/msg/detail/vesc_imu_stamped__type_support.cpp
[6.464s] -- Up-to-date: /home/yvxaiver/f1tenth_ws/install/vesc_msgs/include/vesc_msgs/msg/detail/vesc_state__rosidl_typesupport_introspection_cpp.hpp
[6.464s] -- Up-to-date: /home/yvxaiver/f1tenth_ws/install/vesc_msgs/include/vesc_msgs/msg/detail/vesc_state__type_support.cpp
[6.464s] -- Up-to-date: /home/yvxaiver/f1tenth_ws/install/vesc_msgs/include/vesc_msgs/msg/detail/vesc_imu_stamped__rosidl_typesupport_introspection_cpp.hpp
[6.465s] -- Up-to-date: /home/yvxaiver/f1tenth_ws/install/vesc_msgs/include/vesc_msgs/msg/detail/vesc_imu__type_support.cpp
[6.465s] -- Up-to-date: /home/yvxaiver/f1tenth_ws/install/vesc_msgs/include/vesc_msgs/msg/detail/vesc_state_stamped__type_support.cpp
[6.466s] -- Up-to-date: /home/yvxaiver/f1tenth_ws/install/vesc_msgs/include/vesc_msgs/msg/detail/vesc_state_stamped__rosidl_typesupport_introspection_cpp.hpp
[6.466s] -- Up-to-date: /home/yvxaiver/f1tenth_ws/install/vesc_msgs/include/vesc_msgs/msg/detail/vesc_imu__rosidl_typesupport_introspection_cpp.hpp
[6.466s] -- Up-to-date: /home/yvxaiver/f1tenth_ws/install/vesc_msgs/lib/libvesc_msgs__rosidl_typesupport_introspection_cpp.so
[6.467s] -- Up-to-date: /home/yvxaiver/f1tenth_ws/install/vesc_msgs/lib/libvesc_msgs__rosidl_typesupport_cpp.so
[6.467s] -- Up-to-date: /home/yvxaiver/f1tenth_ws/install/vesc_msgs/share/vesc_msgs/environment/pythonpath.sh
[6.468s] -- Up-to-date: /home/yvxaiver/f1tenth_ws/install/vesc_msgs/share/vesc_msgs/environment/pythonpath.dsv
[6.469s] -- Up-to-date: /home/yvxaiver/f1tenth_ws/install/vesc_msgs/lib/python3.8/site-packages/vesc_msgs/__init__.py
[6.710s] -- Up-to-date: /home/yvxaiver/f1tenth_ws/install/vesc_msgs/lib/python3.8/site-packages/vesc_msgs/msg
[6.710s] -- Up-to-date: /home/yvxaiver/f1tenth_ws/install/vesc_msgs/lib/python3.8/site-packages/vesc_msgs/msg/_vesc_state_s.c
[6.711s] -- Up-to-date: /home/yvxaiver/f1tenth_ws/install/vesc_msgs/lib/python3.8/site-packages/vesc_msgs/msg/_vesc_imu_stamped.py
[6.712s] -- Up-to-date: /home/yvxaiver/f1tenth_ws/install/vesc_msgs/lib/python3.8/site-packages/vesc_msgs/msg/_vesc_state_stamped_s.c
[6.712s] -- Up-to-date: /home/yvxaiver/f1tenth_ws/install/vesc_msgs/lib/python3.8/site-packages/vesc_msgs/msg/_vesc_state.py
[6.712s] -- Up-to-date: /home/yvxaiver/f1tenth_ws/install/vesc_msgs/lib/python3.8/site-packages/vesc_msgs/msg/_vesc_imu_stamped_s.c
[6.713s] -- Up-to-date: /home/yvxaiver/f1tenth_ws/install/vesc_msgs/lib/python3.8/site-packages/vesc_msgs/msg/_vesc_imu_s.c
[6.713s] -- Up-to-date: /home/yvxaiver/f1tenth_ws/install/vesc_msgs/lib/python3.8/site-packages/vesc_msgs/msg/_vesc_imu.py
[6.714s] -- Up-to-date: /home/yvxaiver/f1tenth_ws/install/vesc_msgs/lib/python3.8/site-packages/vesc_msgs/msg/__init__.py
[6.714s] -- Up-to-date: /home/yvxaiver/f1tenth_ws/install/vesc_msgs/lib/python3.8/site-packages/vesc_msgs/msg/_vesc_state_stamped.py
[6.714s] -- Installing: /home/yvxaiver/f1tenth_ws/install/vesc_msgs/lib/python3.8/site-packages/vesc_msgs/vesc_msgs_s__rosidl_typesupport_fastrtps_c.cpython-38-aarch64-linux-gnu.so
[6.715s] -- Set runtime path of "/home/yvxaiver/f1tenth_ws/install/vesc_msgs/lib/python3.8/site-packages/vesc_msgs/vesc_msgs_s__rosidl_typesupport_fastrtps_c.cpython-38-aarch64-linux-gnu.so" to ""
[6.719s] -- Up-to-date: /home/yvxaiver/f1tenth_ws/install/vesc_msgs/lib/python3.8/site-packages/vesc_msgs/vesc_msgs_s__rosidl_typesupport_introspection_c.cpython-38-aarch64-linux-gnu.so
[6.723s] -- Up-to-date: /home/yvxaiver/f1tenth_ws/install/vesc_msgs/lib/python3.8/site-packages/vesc_msgs/vesc_msgs_s__rosidl_typesupport_c.cpython-38-aarch64-linux-gnu.so
[6.727s] -- Up-to-date: /home/yvxaiver/f1tenth_ws/install/vesc_msgs/lib/libvesc_msgs__python.so
[6.730s] -- Up-to-date: /home/yvxaiver/f1tenth_ws/install/vesc_msgs/share/vesc_msgs/msg/VescState.idl
[6.731s] -- Up-to-date: /home/yvxaiver/f1tenth_ws/install/vesc_msgs/share/vesc_msgs/msg/VescStateStamped.idl
[6.732s] -- Up-to-date: /home/yvxaiver/f1tenth_ws/install/vesc_msgs/share/vesc_msgs/msg/VescImu.idl
[6.732s] -- Up-to-date: /home/yvxaiver/f1tenth_ws/install/vesc_msgs/share/vesc_msgs/msg/VescImuStamped.idl
[6.733s] -- Up-to-date: /home/yvxaiver/f1tenth_ws/install/vesc_msgs/share/vesc_msgs/msg/VescState.msg
[6.734s] -- Up-to-date: /home/yvxaiver/f1tenth_ws/install/vesc_msgs/share/vesc_msgs/msg/VescStateStamped.msg
[6.734s] -- Up-to-date: /home/yvxaiver/f1tenth_ws/install/vesc_msgs/share/vesc_msgs/msg/VescImu.msg
[6.734s] -- Up-to-date: /home/yvxaiver/f1tenth_ws/install/vesc_msgs/share/vesc_msgs/msg/VescImuStamped.msg
[6.735s] -- Up-to-date: /home/yvxaiver/f1tenth_ws/install/vesc_msgs/share/ament_index/resource_index/package_run_dependencies/vesc_msgs
[6.736s] -- Up-to-date: /home/yvxaiver/f1tenth_ws/install/vesc_msgs/share/ament_index/resource_index/parent_prefix_path/vesc_msgs
[6.736s] -- Up-to-date: /home/yvxaiver/f1tenth_ws/install/vesc_msgs/share/vesc_msgs/environment/ament_prefix_path.sh
[6.736s] -- Up-to-date: /home/yvxaiver/f1tenth_ws/install/vesc_msgs/share/vesc_msgs/environment/ament_prefix_path.dsv
[6.737s] -- Up-to-date: /home/yvxaiver/f1tenth_ws/install/vesc_msgs/share/vesc_msgs/environment/path.sh
[6.737s] -- Up-to-date: /home/yvxaiver/f1tenth_ws/install/vesc_msgs/share/vesc_msgs/environment/path.dsv
[6.738s] -- Up-to-date: /home/yvxaiver/f1tenth_ws/install/vesc_msgs/share/vesc_msgs/local_setup.bash
[6.739s] -- Up-to-date: /home/yvxaiver/f1tenth_ws/install/vesc_msgs/share/vesc_msgs/local_setup.sh
[6.739s] -- Up-to-date: /home/yvxaiver/f1tenth_ws/install/vesc_msgs/share/vesc_msgs/local_setup.zsh
[6.739s] -- Up-to-date: /home/yvxaiver/f1tenth_ws/install/vesc_msgs/share/vesc_msgs/local_setup.dsv
[6.740s] -- Installing: /home/yvxaiver/f1tenth_ws/install/vesc_msgs/share/vesc_msgs/package.dsv
[6.741s] -- Up-to-date: /home/yvxaiver/f1tenth_ws/install/vesc_msgs/share/ament_index/resource_index/packages/vesc_msgs
[6.760s] -- Up-to-date: /home/yvxaiver/f1tenth_ws/install/vesc_msgs/share/vesc_msgs/cmake/vesc_msgs__rosidl_generator_cExport.cmake
[6.763s] -- Up-to-date: /home/yvxaiver/f1tenth_ws/install/vesc_msgs/share/vesc_msgs/cmake/vesc_msgs__rosidl_generator_cExport-noconfig.cmake
[6.765s] -- Up-to-date: /home/yvxaiver/f1tenth_ws/install/vesc_msgs/share/vesc_msgs/cmake/vesc_msgs__rosidl_typesupport_introspection_cExport.cmake
[6.765s] -- Up-to-date: /home/yvxaiver/f1tenth_ws/install/vesc_msgs/share/vesc_msgs/cmake/vesc_msgs__rosidl_typesupport_introspection_cExport-noconfig.cmake
[6.765s] -- Up-to-date: /home/yvxaiver/f1tenth_ws/install/vesc_msgs/share/vesc_msgs/cmake/vesc_msgs__rosidl_typesupport_cExport.cmake
[6.766s] -- Up-to-date: /home/yvxaiver/f1tenth_ws/install/vesc_msgs/share/vesc_msgs/cmake/vesc_msgs__rosidl_typesupport_cExport-noconfig.cmake
[6.766s] -- Up-to-date: /home/yvxaiver/f1tenth_ws/install/vesc_msgs/share/vesc_msgs/cmake/vesc_msgs__rosidl_generator_cppExport.cmake
[6.767s] -- Up-to-date: /home/yvxaiver/f1tenth_ws/install/vesc_msgs/share/vesc_msgs/cmake/vesc_msgs__rosidl_typesupport_introspection_cppExport.cmake
[6.767s] -- Up-to-date: /home/yvxaiver/f1tenth_ws/install/vesc_msgs/share/vesc_msgs/cmake/vesc_msgs__rosidl_typesupport_introspection_cppExport-noconfig.cmake
[6.768s] -- Up-to-date: /home/yvxaiver/f1tenth_ws/install/vesc_msgs/share/vesc_msgs/cmake/vesc_msgs__rosidl_typesupport_cppExport.cmake
[6.769s] -- Up-to-date: /home/yvxaiver/f1tenth_ws/install/vesc_msgs/share/vesc_msgs/cmake/vesc_msgs__rosidl_typesupport_cppExport-noconfig.cmake
[6.769s] -- Up-to-date: /home/yvxaiver/f1tenth_ws/install/vesc_msgs/share/vesc_msgs/cmake/rosidl_cmake-extras.cmake
[6.769s] -- Up-to-date: /home/yvxaiver/f1tenth_ws/install/vesc_msgs/share/vesc_msgs/cmake/ament_cmake_export_dependencies-extras.cmake
[6.773s] -- Up-to-date: /home/yvxaiver/f1tenth_ws/install/vesc_msgs/share/vesc_msgs/cmake/ament_cmake_export_libraries-extras.cmake
[6.774s] -- Up-to-date: /home/yvxaiver/f1tenth_ws/install/vesc_msgs/share/vesc_msgs/cmake/ament_cmake_export_targets-extras.cmake
[6.774s] -- Up-to-date: /home/yvxaiver/f1tenth_ws/install/vesc_msgs/share/vesc_msgs/cmake/ament_cmake_export_include_directories-extras.cmake
[6.774s] -- Up-to-date: /home/yvxaiver/f1tenth_ws/install/vesc_msgs/share/vesc_msgs/cmake/rosidl_cmake_export_typesupport_libraries-extras.cmake
[6.776s] -- Up-to-date: /home/yvxaiver/f1tenth_ws/install/vesc_msgs/share/vesc_msgs/cmake/rosidl_cmake_export_typesupport_targets-extras.cmake
[6.777s] -- Up-to-date: /home/yvxaiver/f1tenth_ws/install/vesc_msgs/share/vesc_msgs/cmake/vesc_msgsConfig.cmake
[6.785s] -- Up-to-date: /home/yvxaiver/f1tenth_ws/install/vesc_msgs/share/vesc_msgs/cmake/vesc_msgsConfig-version.cmake
[6.786s] -- Up-to-date: /home/yvxaiver/f1tenth_ws/install/vesc_msgs/share/vesc_msgs/package.xml
[6.798s] Invoked command in '/home/yvxaiver/f1tenth_ws/build/vesc_msgs' returned '0': CMAKE_PREFIX_PATH=${CMAKE_PREFIX_PATH}:/home/yvxaiver/f1tenth_ws/install/f1tenth_stack:/home/yvxaiver/f1tenth_ws/install/joy_teleop:/home/yvxaiver/f1tenth_ws/install/planned_path:/home/yvxaiver/f1tenth_ws/install/mouse_teleop:/home/yvxaiver/f1tenth_ws/install/lanenet_driver:/home/yvxaiver/f1tenth_ws/install/key_teleop:/home/yvxaiver/camera_ws/install/lanenet_postprocess:/home/yvxaiver/camera_ws/install/image_processor:/home/yvxaiver/camera_ws/install/inv_mux:/opt/ros/foxy /usr/bin/cmake --install /home/yvxaiver/f1tenth_ws/build/vesc_msgs
