[3.228s] Invoking command in '/home/yvxaiver/f1tenth_ws/src/f1tenth_system/planned_path': PYTHONPATH=/home/yvxaiver/f1tenth_ws/install/planned_path/lib/python3.8/site-packages:${PYTHONPATH} /usr/bin/python3 setup.py egg_info --egg-base ../../../build/planned_path build --build-base /home/yvxaiver/f1tenth_ws/build/planned_path/build install --prefix /home/yvxaiver/f1tenth_ws/install/planned_path --record /home/yvxaiver/f1tenth_ws/build/planned_path/install.log --single-version-externally-managed
[4.380s] running egg_info
[4.383s] writing ../../../build/planned_path/planned_path.egg-info/PKG-INFO
[4.386s] writing dependency_links to ../../../build/planned_path/planned_path.egg-info/dependency_links.txt
[4.389s] writing entry points to ../../../build/planned_path/planned_path.egg-info/entry_points.txt
[4.390s] writing requirements to ../../../build/planned_path/planned_path.egg-info/requires.txt
[4.390s] writing top-level names to ../../../build/planned_path/planned_path.egg-info/top_level.txt
[4.556s] reading manifest file '../../../build/planned_path/planned_path.egg-info/SOURCES.txt'
[4.561s] writing manifest file '../../../build/planned_path/planned_path.egg-info/SOURCES.txt'
[4.562s] running build
[4.562s] running build_py
[4.563s] copying planned_path/ppath_control.py -> /home/yvxaiver/f1tenth_ws/build/planned_path/build/lib/planned_path
[4.564s] running install
[4.567s] running install_lib
[4.571s] copying /home/yvxaiver/f1tenth_ws/build/planned_path/build/lib/planned_path/ppath_control.py -> /home/yvxaiver/f1tenth_ws/install/planned_path/lib/python3.8/site-packages/planned_path
[4.573s] byte-compiling /home/yvxaiver/f1tenth_ws/install/planned_path/lib/python3.8/site-packages/planned_path/ppath_control.py to ppath_control.cpython-38.pyc
[4.576s] running install_data
[4.578s] running install_egg_info
[4.585s] removing '/home/yvxaiver/f1tenth_ws/install/planned_path/lib/python3.8/site-packages/planned_path-0.0.0-py3.8.egg-info' (and everything under it)
[4.587s] Copying ../../../build/planned_path/planned_path.egg-info to /home/yvxaiver/f1tenth_ws/install/planned_path/lib/python3.8/site-packages/planned_path-0.0.0-py3.8.egg-info
[4.590s] running install_scripts
[4.658s] Installing ppath script to /home/yvxaiver/f1tenth_ws/install/planned_path/lib/planned_path
[4.659s] writing list of installed files to '/home/yvxaiver/f1tenth_ws/build/planned_path/install.log'
[4.759s] Invoked command in '/home/yvxaiver/f1tenth_ws/src/f1tenth_system/planned_path' returned '0': PYTHONPATH=/home/yvxaiver/f1tenth_ws/install/planned_path/lib/python3.8/site-packages:${PYTHONPATH} /usr/bin/python3 setup.py egg_info --egg-base ../../../build/planned_path build --build-base /home/yvxaiver/f1tenth_ws/build/planned_path/build install --prefix /home/yvxaiver/f1tenth_ws/install/planned_path --record /home/yvxaiver/f1tenth_ws/build/planned_path/install.log --single-version-externally-managed
