[9.427s] Invoking command in '/home/yvxaiver/f1tenth_ws/src/f1tenth_system/teleop_tools/mouse_teleop': PYTHONPATH=/home/yvxaiver/f1tenth_ws/build/mouse_teleop/prefix_override:/home/yvxaiver/f1tenth_ws/install/mouse_teleop/lib/python3.8/site-packages:${PYTHONPATH} /usr/bin/python3 setup.py egg_info --egg-base ../../../../build/mouse_teleop build --build-base /home/yvxaiver/f1tenth_ws/build/mouse_teleop/build install --record /home/yvxaiver/f1tenth_ws/build/mouse_teleop/install.log --install-scripts $base/lib/mouse_teleop --single-version-externally-managed
[11.205s] running egg_info
[11.206s] writing ../../../../build/mouse_teleop/mouse_teleop.egg-info/PKG-INFO
[11.207s] writing dependency_links to ../../../../build/mouse_teleop/mouse_teleop.egg-info/dependency_links.txt
[11.209s] writing entry points to ../../../../build/mouse_teleop/mouse_teleop.egg-info/entry_points.txt
[11.211s] writing requirements to ../../../../build/mouse_teleop/mouse_teleop.egg-info/requires.txt
[11.212s] writing top-level names to ../../../../build/mouse_teleop/mouse_teleop.egg-info/top_level.txt
[11.489s] reading manifest file '../../../../build/mouse_teleop/mouse_teleop.egg-info/SOURCES.txt'
[11.517s] writing manifest file '../../../../build/mouse_teleop/mouse_teleop.egg-info/SOURCES.txt'
[11.518s] running build
[11.518s] running build_py
[11.519s] running install
[11.520s] running install_lib
[11.529s] running install_data
[11.530s] running install_egg_info
[11.538s] removing '/home/yvxaiver/f1tenth_ws/install/mouse_teleop/lib/python3.8/site-packages/mouse_teleop-0.3.0-py3.8.egg-info' (and everything under it)
[11.539s] Copying ../../../../build/mouse_teleop/mouse_teleop.egg-info to /home/yvxaiver/f1tenth_ws/install/mouse_teleop/lib/python3.8/site-packages/mouse_teleop-0.3.0-py3.8.egg-info
[11.545s] running install_scripts
[11.643s] Installing mouse_teleop script to /home/yvxaiver/f1tenth_ws/install/mouse_teleop/lib/mouse_teleop
[11.646s] writing list of installed files to '/home/yvxaiver/f1tenth_ws/build/mouse_teleop/install.log'
[12.159s] Invoked command in '/home/yvxaiver/f1tenth_ws/src/f1tenth_system/teleop_tools/mouse_teleop' returned '0': PYTHONPATH=/home/yvxaiver/f1tenth_ws/build/mouse_teleop/prefix_override:/home/yvxaiver/f1tenth_ws/install/mouse_teleop/lib/python3.8/site-packages:${PYTHONPATH} /usr/bin/python3 setup.py egg_info --egg-base ../../../../build/mouse_teleop build --build-base /home/yvxaiver/f1tenth_ws/build/mouse_teleop/build install --record /home/yvxaiver/f1tenth_ws/build/mouse_teleop/install.log --install-scripts $base/lib/mouse_teleop --single-version-externally-managed
