[0.762s] Invoking command in '/home/yvxaiver/f1tenth_ws/build/teleop_tools_msgs': CMAKE_PREFIX_PATH=${CMAKE_PREFIX_PATH}:/home/yvxaiver/f1tenth_ws/install/f1tenth_stack:/home/yvxaiver/f1tenth_ws/install/joy_teleop:/home/yvxaiver/f1tenth_ws/install/planned_path:/home/yvxaiver/f1tenth_ws/install/mouse_teleop:/home/yvxaiver/f1tenth_ws/install/lanenet_driver:/home/yvxaiver/f1tenth_ws/install/key_teleop:/home/yvxaiver/camera_ws/install/lanenet_postprocess:/home/yvxaiver/camera_ws/install/image_processor:/home/yvxaiver/camera_ws/install/inv_mux:/opt/ros/foxy /usr/bin/cmake --build /home/yvxaiver/f1tenth_ws/build/teleop_tools_msgs -- -j4 -l4
[4.876s] -- Found ament_cmake: 0.9.11 (/opt/ros/foxy/share/ament_cmake/cmake)
[4.877s] -- Found PythonInterp: /usr/bin/python3 (found suitable version "3.8.10", minimum required is "3") 
[4.877s] -- Using PYTHON_EXECUTABLE: /usr/bin/python3
[5.597s] -- Found rosidl_default_generators: 1.0.1 (/opt/ros/foxy/share/rosidl_default_generators/cmake)
[5.716s] -- Using all available rosidl_typesupport_c: rosidl_typesupport_fastrtps_c;rosidl_typesupport_introspection_c
[5.781s] -- Found rosidl_adapter: 1.3.0 (/opt/ros/foxy/share/rosidl_adapter/cmake)
[7.343s] -- Using all available rosidl_typesupport_cpp: rosidl_typesupport_fastrtps_cpp;rosidl_typesupport_introspection_cpp
[7.527s] -- Found ament_lint_auto: 0.9.7 (/opt/ros/foxy/share/ament_lint_auto/cmake)
[8.849s] -- Found PythonInterp: /usr/bin/python3 (found version "3.8.10") 
[10.966s] -- Found ament_cmake_ros: 0.9.2 (/opt/ros/foxy/share/ament_cmake_ros/cmake)
[12.839s] -- Using all available rosidl_typesupport_c: rosidl_typesupport_fastrtps_c;rosidl_typesupport_introspection_c
[13.350s] -- Using all available rosidl_typesupport_cpp: rosidl_typesupport_fastrtps_cpp;rosidl_typesupport_introspection_cpp
[13.800s] -- Found PythonInterp: /usr/bin/python3 (found suitable version "3.8.10", minimum required is "3.5") 
[13.802s] -- Found python_cmake_module: 0.8.1 (/opt/ros/foxy/share/python_cmake_module/cmake)
[14.187s] -- Using PYTHON_EXECUTABLE: /usr/bin/python3
[14.187s] -- Using PYTHON_INCLUDE_DIRS: /usr/include/python3.8
[14.187s] -- Using PYTHON_LIBRARIES: /usr/lib/aarch64-linux-gnu/libpython3.8.so
[14.972s] -- Added test 'copyright' to check source files copyright and LICENSE
[14.992s] -- Added test 'lint_cmake' to check CMake code style
[14.997s] -- Added test 'xmllint' to check XML markup files
[15.314s] -- Configuring done
[16.338s] -- Generating done
[16.357s] -- Build files have been written to: /home/yvxaiver/f1tenth_ws/build/teleop_tools_msgs
[16.924s] [  3%] [34m[1mGenerating C++ code for ROS interfaces[0m
[25.157s] [  3%] Built target teleop_tools_msgs__cpp
[25.439s] [  6%] [34m[1mGenerating C code for ROS interfaces[0m
[30.409s] [35m[1mScanning dependencies of target teleop_tools_msgs__rosidl_generator_c[0m
[30.848s] [  9%] [32mBuilding C object CMakeFiles/teleop_tools_msgs__rosidl_generator_c.dir/rosidl_generator_c/teleop_tools_msgs/action/detail/increment__functions.c.o[0m
[32.838s] [ 12%] [32m[1mLinking C shared library libteleop_tools_msgs__rosidl_generator_c.so[0m
[33.648s] [ 12%] Built target teleop_tools_msgs__rosidl_generator_c
[33.815s] [ 16%] [34m[1mGenerating C++ type support for eProsima Fast-RTPS[0m
[38.442s] [35m[1mScanning dependencies of target teleop_tools_msgs__rosidl_typesupport_fastrtps_cpp[0m
[39.207s] [ 19%] [32mBuilding CXX object CMakeFiles/teleop_tools_msgs__rosidl_typesupport_fastrtps_cpp.dir/rosidl_typesupport_fastrtps_cpp/teleop_tools_msgs/action/detail/dds_fastrtps/increment__type_support.cpp.o[0m
[46.931s] [ 22%] [32m[1mLinking CXX shared library libteleop_tools_msgs__rosidl_typesupport_fastrtps_cpp.so[0m
[48.912s] [ 22%] Built target teleop_tools_msgs__rosidl_typesupport_fastrtps_cpp
[49.031s] [ 25%] [34m[1mGenerating C introspection for ROS interfaces[0m
[52.507s] [35m[1mScanning dependencies of target teleop_tools_msgs__rosidl_typesupport_introspection_c[0m
[52.830s] [ 29%] [32mBuilding C object CMakeFiles/teleop_tools_msgs__rosidl_typesupport_introspection_c.dir/rosidl_typesupport_introspection_c/teleop_tools_msgs/action/detail/increment__type_support.c.o[0m
[54.296s] [ 32%] [32m[1mLinking C shared library libteleop_tools_msgs__rosidl_typesupport_introspection_c.so[0m
[54.764s] [ 32%] Built target teleop_tools_msgs__rosidl_typesupport_introspection_c
[54.921s] [ 35%] [34m[1mGenerating C type support dispatch for ROS interfaces[0m
[58.372s] [35m[1mScanning dependencies of target teleop_tools_msgs__rosidl_typesupport_c[0m
[58.708s] [ 38%] [32mBuilding CXX object CMakeFiles/teleop_tools_msgs__rosidl_typesupport_c.dir/rosidl_typesupport_c/teleop_tools_msgs/action/increment__type_support.cpp.o[0m
[59.481s] [ 41%] [32m[1mLinking CXX shared library libteleop_tools_msgs__rosidl_typesupport_c.so[0m
[60.010s] [ 41%] Built target teleop_tools_msgs__rosidl_typesupport_c
[60.209s] [ 45%] [34m[1mGenerating C type support for eProsima Fast-RTPS[0m
[66.364s] [35m[1mScanning dependencies of target teleop_tools_msgs__rosidl_typesupport_fastrtps_c[0m
[66.776s] [ 48%] [32mBuilding CXX object CMakeFiles/teleop_tools_msgs__rosidl_typesupport_fastrtps_c.dir/rosidl_typesupport_fastrtps_c/teleop_tools_msgs/action/detail/increment__type_support_c.cpp.o[0m
[71.758s] [ 51%] [32m[1mLinking CXX shared library libteleop_tools_msgs__rosidl_typesupport_fastrtps_c.so[0m
[73.261s] [ 51%] Built target teleop_tools_msgs__rosidl_typesupport_fastrtps_c
[73.513s] [ 54%] [34m[1mGenerating C++ type support dispatch for ROS interfaces[0m
[77.383s] [35m[1mScanning dependencies of target teleop_tools_msgs__rosidl_typesupport_cpp[0m
[77.556s] [ 58%] [32mBuilding CXX object CMakeFiles/teleop_tools_msgs__rosidl_typesupport_cpp.dir/rosidl_typesupport_cpp/teleop_tools_msgs/action/increment__type_support.cpp.o[0m
[82.181s] [ 61%] [32m[1mLinking CXX shared library libteleop_tools_msgs__rosidl_typesupport_cpp.so[0m
[82.935s] [ 61%] Built target teleop_tools_msgs__rosidl_typesupport_cpp
[83.265s] [ 64%] [34m[1mGenerating C++ introspection for ROS interfaces[0m
[87.023s] [35m[1mScanning dependencies of target teleop_tools_msgs__rosidl_typesupport_introspection_cpp[0m
[87.181s] [ 67%] [32mBuilding CXX object CMakeFiles/teleop_tools_msgs__rosidl_typesupport_introspection_cpp.dir/rosidl_typesupport_introspection_cpp/teleop_tools_msgs/action/detail/increment__type_support.cpp.o[0m
[92.960s] [ 70%] [32m[1mLinking CXX shared library libteleop_tools_msgs__rosidl_typesupport_introspection_cpp.so[0m
[93.930s] [ 70%] Built target teleop_tools_msgs__rosidl_typesupport_introspection_cpp
[94.360s] [ 70%] Built target teleop_tools_msgs
[94.873s] [ 74%] [34m[1mGenerating Python code for ROS interfaces[0m
[108.257s] [ 74%] Built target teleop_tools_msgs__py
[108.578s] [35m[1mScanning dependencies of target teleop_tools_msgs__python[0m
[109.154s] [ 77%] [32mBuilding C object CMakeFiles/teleop_tools_msgs__python.dir/rosidl_generator_py/teleop_tools_msgs/action/_increment_s.c.o[0m
[111.986s] [ 80%] [32m[1mLinking C shared library rosidl_generator_py/teleop_tools_msgs/libteleop_tools_msgs__python.so[0m
[112.843s] [ 80%] Built target teleop_tools_msgs__python
[113.027s] [35m[1mScanning dependencies of target teleop_tools_msgs__rosidl_typesupport_c__pyext[0m
[113.401s] [ 83%] [32mBuilding C object CMakeFiles/teleop_tools_msgs__rosidl_typesupport_c__pyext.dir/rosidl_generator_py/teleop_tools_msgs/_teleop_tools_msgs_s.ep.rosidl_typesupport_c.c.o[0m
[115.223s] [ 87%] [32m[1mLinking C shared library rosidl_generator_py/teleop_tools_msgs/teleop_tools_msgs_s__rosidl_typesupport_c.cpython-38-aarch64-linux-gnu.so[0m
[115.716s] [ 87%] Built target teleop_tools_msgs__rosidl_typesupport_c__pyext
[115.874s] [35m[1mScanning dependencies of target teleop_tools_msgs__rosidl_typesupport_fastrtps_c__pyext[0m
[116.141s] [ 90%] [32mBuilding C object CMakeFiles/teleop_tools_msgs__rosidl_typesupport_fastrtps_c__pyext.dir/rosidl_generator_py/teleop_tools_msgs/_teleop_tools_msgs_s.ep.rosidl_typesupport_fastrtps_c.c.o[0m
[118.603s] [ 93%] [32m[1mLinking CXX shared library rosidl_generator_py/teleop_tools_msgs/teleop_tools_msgs_s__rosidl_typesupport_fastrtps_c.cpython-38-aarch64-linux-gnu.so[0m
[119.275s] [ 93%] Built target teleop_tools_msgs__rosidl_typesupport_fastrtps_c__pyext
[119.712s] [35m[1mScanning dependencies of target teleop_tools_msgs__rosidl_typesupport_introspection_c__pyext[0m
[119.933s] [ 96%] [32mBuilding C object CMakeFiles/teleop_tools_msgs__rosidl_typesupport_introspection_c__pyext.dir/rosidl_generator_py/teleop_tools_msgs/_teleop_tools_msgs_s.ep.rosidl_typesupport_introspection_c.c.o[0m
[121.984s] [100%] [32m[1mLinking C shared library rosidl_generator_py/teleop_tools_msgs/teleop_tools_msgs_s__rosidl_typesupport_introspection_c.cpython-38-aarch64-linux-gnu.so[0m
[122.535s] [100%] Built target teleop_tools_msgs__rosidl_typesupport_introspection_c__pyext
[122.859s] Invoked command in '/home/yvxaiver/f1tenth_ws/build/teleop_tools_msgs' returned '0': CMAKE_PREFIX_PATH=${CMAKE_PREFIX_PATH}:/home/yvxaiver/f1tenth_ws/install/f1tenth_stack:/home/yvxaiver/f1tenth_ws/install/joy_teleop:/home/yvxaiver/f1tenth_ws/install/planned_path:/home/yvxaiver/f1tenth_ws/install/mouse_teleop:/home/yvxaiver/f1tenth_ws/install/lanenet_driver:/home/yvxaiver/f1tenth_ws/install/key_teleop:/home/yvxaiver/camera_ws/install/lanenet_postprocess:/home/yvxaiver/camera_ws/install/image_processor:/home/yvxaiver/camera_ws/install/inv_mux:/opt/ros/foxy /usr/bin/cmake --build /home/yvxaiver/f1tenth_ws/build/teleop_tools_msgs -- -j4 -l4
[124.981s] Invoking command in '/home/yvxaiver/f1tenth_ws/build/teleop_tools_msgs': CMAKE_PREFIX_PATH=${CMAKE_PREFIX_PATH}:/home/yvxaiver/f1tenth_ws/install/f1tenth_stack:/home/yvxaiver/f1tenth_ws/install/joy_teleop:/home/yvxaiver/f1tenth_ws/install/planned_path:/home/yvxaiver/f1tenth_ws/install/mouse_teleop:/home/yvxaiver/f1tenth_ws/install/lanenet_driver:/home/yvxaiver/f1tenth_ws/install/key_teleop:/home/yvxaiver/camera_ws/install/lanenet_postprocess:/home/yvxaiver/camera_ws/install/image_processor:/home/yvxaiver/camera_ws/install/inv_mux:/opt/ros/foxy /usr/bin/cmake --install /home/yvxaiver/f1tenth_ws/build/teleop_tools_msgs
[125.318s] -- Install configuration: ""
[125.334s] -- Up-to-date: /home/yvxaiver/f1tenth_ws/install/teleop_tools_msgs/share/ament_index/resource_index/rosidl_interfaces/teleop_tools_msgs
[125.340s] -- Up-to-date: /home/yvxaiver/f1tenth_ws/install/teleop_tools_msgs/include/teleop_tools_msgs
[125.344s] -- Up-to-date: /home/yvxaiver/f1tenth_ws/install/teleop_tools_msgs/include/teleop_tools_msgs/action
[125.346s] -- Installing: /home/yvxaiver/f1tenth_ws/install/teleop_tools_msgs/include/teleop_tools_msgs/action/increment.h
[125.348s] -- Up-to-date: /home/yvxaiver/f1tenth_ws/install/teleop_tools_msgs/include/teleop_tools_msgs/action/detail
[125.351s] -- Installing: /home/yvxaiver/f1tenth_ws/install/teleop_tools_msgs/include/teleop_tools_msgs/action/detail/increment__functions.c
[125.364s] -- Installing: /home/yvxaiver/f1tenth_ws/install/teleop_tools_msgs/include/teleop_tools_msgs/action/detail/increment__functions.h
[125.364s] -- Installing: /home/yvxaiver/f1tenth_ws/install/teleop_tools_msgs/include/teleop_tools_msgs/action/detail/increment__type_support.h
[125.365s] -- Installing: /home/yvxaiver/f1tenth_ws/install/teleop_tools_msgs/include/teleop_tools_msgs/action/detail/increment__struct.h
[125.366s] -- Up-to-date: /home/yvxaiver/f1tenth_ws/install/teleop_tools_msgs/include/teleop_tools_msgs/msg
[125.368s] -- Up-to-date: /home/yvxaiver/f1tenth_ws/install/teleop_tools_msgs/include/teleop_tools_msgs/msg/rosidl_generator_c__visibility_control.h
[125.400s] -- Up-to-date: /home/yvxaiver/f1tenth_ws/install/teleop_tools_msgs/share/teleop_tools_msgs/environment/library_path.sh
[125.406s] -- Installing: /home/yvxaiver/f1tenth_ws/install/teleop_tools_msgs/share/teleop_tools_msgs/environment/library_path.dsv
[125.426s] -- Installing: /home/yvxaiver/f1tenth_ws/install/teleop_tools_msgs/lib/libteleop_tools_msgs__rosidl_generator_c.so
[125.450s] -- Set runtime path of "/home/yvxaiver/f1tenth_ws/install/teleop_tools_msgs/lib/libteleop_tools_msgs__rosidl_generator_c.so" to ""
[125.450s] -- Up-to-date: /home/yvxaiver/f1tenth_ws/install/teleop_tools_msgs/include/teleop_tools_msgs
[125.451s] -- Up-to-date: /home/yvxaiver/f1tenth_ws/install/teleop_tools_msgs/include/teleop_tools_msgs/action
[125.452s] -- Up-to-date: /home/yvxaiver/f1tenth_ws/install/teleop_tools_msgs/include/teleop_tools_msgs/action/detail
[125.458s] -- Installing: /home/yvxaiver/f1tenth_ws/install/teleop_tools_msgs/include/teleop_tools_msgs/action/detail/increment__rosidl_typesupport_fastrtps_c.h
[125.461s] -- Up-to-date: /home/yvxaiver/f1tenth_ws/install/teleop_tools_msgs/include/teleop_tools_msgs/msg
[125.470s] -- Up-to-date: /home/yvxaiver/f1tenth_ws/install/teleop_tools_msgs/include/teleop_tools_msgs/msg/rosidl_typesupport_fastrtps_c__visibility_control.h
[125.493s] -- Installing: /home/yvxaiver/f1tenth_ws/install/teleop_tools_msgs/lib/libteleop_tools_msgs__rosidl_typesupport_fastrtps_c.so
[125.494s] -- Set runtime path of "/home/yvxaiver/f1tenth_ws/install/teleop_tools_msgs/lib/libteleop_tools_msgs__rosidl_typesupport_fastrtps_c.so" to ""
[125.494s] -- Up-to-date: /home/yvxaiver/f1tenth_ws/install/teleop_tools_msgs/include/teleop_tools_msgs
[125.495s] -- Up-to-date: /home/yvxaiver/f1tenth_ws/install/teleop_tools_msgs/include/teleop_tools_msgs/action
[125.504s] -- Up-to-date: /home/yvxaiver/f1tenth_ws/install/teleop_tools_msgs/include/teleop_tools_msgs/action/detail
[125.504s] -- Installing: /home/yvxaiver/f1tenth_ws/install/teleop_tools_msgs/include/teleop_tools_msgs/action/detail/increment__rosidl_typesupport_fastrtps_cpp.hpp
[125.505s] -- Up-to-date: /home/yvxaiver/f1tenth_ws/install/teleop_tools_msgs/include/teleop_tools_msgs/action/detail/dds_fastrtps
[125.505s] -- Up-to-date: /home/yvxaiver/f1tenth_ws/install/teleop_tools_msgs/include/teleop_tools_msgs/msg
[125.505s] -- Up-to-date: /home/yvxaiver/f1tenth_ws/install/teleop_tools_msgs/include/teleop_tools_msgs/msg/rosidl_typesupport_fastrtps_cpp__visibility_control.h
[125.512s] -- Installing: /home/yvxaiver/f1tenth_ws/install/teleop_tools_msgs/lib/libteleop_tools_msgs__rosidl_typesupport_fastrtps_cpp.so
[125.553s] -- Set runtime path of "/home/yvxaiver/f1tenth_ws/install/teleop_tools_msgs/lib/libteleop_tools_msgs__rosidl_typesupport_fastrtps_cpp.so" to ""
[125.560s] -- Up-to-date: /home/yvxaiver/f1tenth_ws/install/teleop_tools_msgs/include/teleop_tools_msgs
[125.565s] -- Up-to-date: /home/yvxaiver/f1tenth_ws/install/teleop_tools_msgs/include/teleop_tools_msgs/action
[125.565s] -- Up-to-date: /home/yvxaiver/f1tenth_ws/install/teleop_tools_msgs/include/teleop_tools_msgs/action/detail
[125.565s] -- Installing: /home/yvxaiver/f1tenth_ws/install/teleop_tools_msgs/include/teleop_tools_msgs/action/detail/increment__rosidl_typesupport_introspection_c.h
[125.566s] -- Installing: /home/yvxaiver/f1tenth_ws/install/teleop_tools_msgs/include/teleop_tools_msgs/action/detail/increment__type_support.c
[125.566s] -- Up-to-date: /home/yvxaiver/f1tenth_ws/install/teleop_tools_msgs/include/teleop_tools_msgs/msg
[125.567s] -- Up-to-date: /home/yvxaiver/f1tenth_ws/install/teleop_tools_msgs/include/teleop_tools_msgs/msg/rosidl_typesupport_introspection_c__visibility_control.h
[125.590s] -- Installing: /home/yvxaiver/f1tenth_ws/install/teleop_tools_msgs/lib/libteleop_tools_msgs__rosidl_typesupport_introspection_c.so
[125.601s] -- Set runtime path of "/home/yvxaiver/f1tenth_ws/install/teleop_tools_msgs/lib/libteleop_tools_msgs__rosidl_typesupport_introspection_c.so" to ""
[125.626s] -- Installing: /home/yvxaiver/f1tenth_ws/install/teleop_tools_msgs/lib/libteleop_tools_msgs__rosidl_typesupport_c.so
[125.627s] -- Set runtime path of "/home/yvxaiver/f1tenth_ws/install/teleop_tools_msgs/lib/libteleop_tools_msgs__rosidl_typesupport_c.so" to ""
[125.629s] -- Up-to-date: /home/yvxaiver/f1tenth_ws/install/teleop_tools_msgs/include/teleop_tools_msgs
[125.629s] -- Up-to-date: /home/yvxaiver/f1tenth_ws/install/teleop_tools_msgs/include/teleop_tools_msgs/action
[125.630s] -- Up-to-date: /home/yvxaiver/f1tenth_ws/install/teleop_tools_msgs/include/teleop_tools_msgs/action/detail
[125.630s] -- Installing: /home/yvxaiver/f1tenth_ws/install/teleop_tools_msgs/include/teleop_tools_msgs/action/detail/increment__traits.hpp
[125.630s] -- Installing: /home/yvxaiver/f1tenth_ws/install/teleop_tools_msgs/include/teleop_tools_msgs/action/detail/increment__struct.hpp
[125.631s] -- Installing: /home/yvxaiver/f1tenth_ws/install/teleop_tools_msgs/include/teleop_tools_msgs/action/detail/increment__builder.hpp
[125.631s] -- Installing: /home/yvxaiver/f1tenth_ws/install/teleop_tools_msgs/include/teleop_tools_msgs/action/increment.hpp
[125.631s] -- Up-to-date: /home/yvxaiver/f1tenth_ws/install/teleop_tools_msgs/include/teleop_tools_msgs
[125.632s] -- Up-to-date: /home/yvxaiver/f1tenth_ws/install/teleop_tools_msgs/include/teleop_tools_msgs/action
[125.632s] -- Up-to-date: /home/yvxaiver/f1tenth_ws/install/teleop_tools_msgs/include/teleop_tools_msgs/action/detail
[125.632s] -- Installing: /home/yvxaiver/f1tenth_ws/install/teleop_tools_msgs/include/teleop_tools_msgs/action/detail/increment__type_support.cpp
[125.632s] -- Installing: /home/yvxaiver/f1tenth_ws/install/teleop_tools_msgs/include/teleop_tools_msgs/action/detail/increment__rosidl_typesupport_introspection_cpp.hpp
[125.660s] -- Installing: /home/yvxaiver/f1tenth_ws/install/teleop_tools_msgs/lib/libteleop_tools_msgs__rosidl_typesupport_introspection_cpp.so
[125.667s] -- Set runtime path of "/home/yvxaiver/f1tenth_ws/install/teleop_tools_msgs/lib/libteleop_tools_msgs__rosidl_typesupport_introspection_cpp.so" to ""
[125.675s] -- Installing: /home/yvxaiver/f1tenth_ws/install/teleop_tools_msgs/lib/libteleop_tools_msgs__rosidl_typesupport_cpp.so
[125.691s] -- Set runtime path of "/home/yvxaiver/f1tenth_ws/install/teleop_tools_msgs/lib/libteleop_tools_msgs__rosidl_typesupport_cpp.so" to ""
[125.699s] -- Up-to-date: /home/yvxaiver/f1tenth_ws/install/teleop_tools_msgs/share/teleop_tools_msgs/environment/pythonpath.sh
[125.705s] -- Installing: /home/yvxaiver/f1tenth_ws/install/teleop_tools_msgs/share/teleop_tools_msgs/environment/pythonpath.dsv
[125.719s] -- Installing: /home/yvxaiver/f1tenth_ws/install/teleop_tools_msgs/lib/python3.8/site-packages/teleop_tools_msgs/__init__.py
[126.342s] Compiling '/home/yvxaiver/f1tenth_ws/install/teleop_tools_msgs/lib/python3.8/site-packages/teleop_tools_msgs/__init__.py'...
[126.372s] -- Up-to-date: /home/yvxaiver/f1tenth_ws/install/teleop_tools_msgs/lib/python3.8/site-packages/teleop_tools_msgs/action
[126.385s] -- Installing: /home/yvxaiver/f1tenth_ws/install/teleop_tools_msgs/lib/python3.8/site-packages/teleop_tools_msgs/action/__init__.py
[126.386s] -- Installing: /home/yvxaiver/f1tenth_ws/install/teleop_tools_msgs/lib/python3.8/site-packages/teleop_tools_msgs/action/_increment.py
[126.393s] -- Installing: /home/yvxaiver/f1tenth_ws/install/teleop_tools_msgs/lib/python3.8/site-packages/teleop_tools_msgs/action/_increment_s.c
[126.424s] -- Installing: /home/yvxaiver/f1tenth_ws/install/teleop_tools_msgs/lib/python3.8/site-packages/teleop_tools_msgs/teleop_tools_msgs_s__rosidl_typesupport_fastrtps_c.cpython-38-aarch64-linux-gnu.so
[126.436s] -- Set runtime path of "/home/yvxaiver/f1tenth_ws/install/teleop_tools_msgs/lib/python3.8/site-packages/teleop_tools_msgs/teleop_tools_msgs_s__rosidl_typesupport_fastrtps_c.cpython-38-aarch64-linux-gnu.so" to ""
[126.447s] -- Installing: /home/yvxaiver/f1tenth_ws/install/teleop_tools_msgs/lib/python3.8/site-packages/teleop_tools_msgs/teleop_tools_msgs_s__rosidl_typesupport_introspection_c.cpython-38-aarch64-linux-gnu.so
[126.450s] -- Set runtime path of "/home/yvxaiver/f1tenth_ws/install/teleop_tools_msgs/lib/python3.8/site-packages/teleop_tools_msgs/teleop_tools_msgs_s__rosidl_typesupport_introspection_c.cpython-38-aarch64-linux-gnu.so" to ""
[126.472s] -- Installing: /home/yvxaiver/f1tenth_ws/install/teleop_tools_msgs/lib/python3.8/site-packages/teleop_tools_msgs/teleop_tools_msgs_s__rosidl_typesupport_c.cpython-38-aarch64-linux-gnu.so
[126.499s] -- Set runtime path of "/home/yvxaiver/f1tenth_ws/install/teleop_tools_msgs/lib/python3.8/site-packages/teleop_tools_msgs/teleop_tools_msgs_s__rosidl_typesupport_c.cpython-38-aarch64-linux-gnu.so" to ""
[126.517s] -- Installing: /home/yvxaiver/f1tenth_ws/install/teleop_tools_msgs/lib/libteleop_tools_msgs__python.so
[126.536s] -- Set runtime path of "/home/yvxaiver/f1tenth_ws/install/teleop_tools_msgs/lib/libteleop_tools_msgs__python.so" to ""
[126.553s] -- Up-to-date: /home/yvxaiver/f1tenth_ws/install/teleop_tools_msgs/share/teleop_tools_msgs/action/Increment.idl
[126.554s] -- Up-to-date: /home/yvxaiver/f1tenth_ws/install/teleop_tools_msgs/share/teleop_tools_msgs/action/Increment.action
[126.560s] -- Up-to-date: /home/yvxaiver/f1tenth_ws/install/teleop_tools_msgs/share/ament_index/resource_index/package_run_dependencies/teleop_tools_msgs
[126.567s] -- Installing: /home/yvxaiver/f1tenth_ws/install/teleop_tools_msgs/share/ament_index/resource_index/parent_prefix_path/teleop_tools_msgs
[126.578s] -- Installing: /home/yvxaiver/f1tenth_ws/install/teleop_tools_msgs/share/teleop_tools_msgs/environment/ament_prefix_path.sh
[126.584s] -- Installing: /home/yvxaiver/f1tenth_ws/install/teleop_tools_msgs/share/teleop_tools_msgs/environment/ament_prefix_path.dsv
[126.591s] -- Installing: /home/yvxaiver/f1tenth_ws/install/teleop_tools_msgs/share/teleop_tools_msgs/environment/path.sh
[126.594s] -- Installing: /home/yvxaiver/f1tenth_ws/install/teleop_tools_msgs/share/teleop_tools_msgs/environment/path.dsv
[126.597s] -- Up-to-date: /home/yvxaiver/f1tenth_ws/install/teleop_tools_msgs/share/teleop_tools_msgs/local_setup.bash
[126.598s] -- Up-to-date: /home/yvxaiver/f1tenth_ws/install/teleop_tools_msgs/share/teleop_tools_msgs/local_setup.sh
[126.599s] -- Up-to-date: /home/yvxaiver/f1tenth_ws/install/teleop_tools_msgs/share/teleop_tools_msgs/local_setup.zsh
[126.606s] -- Installing: /home/yvxaiver/f1tenth_ws/install/teleop_tools_msgs/share/teleop_tools_msgs/local_setup.dsv
[126.608s] -- Installing: /home/yvxaiver/f1tenth_ws/install/teleop_tools_msgs/share/teleop_tools_msgs/package.dsv
[126.620s] -- Up-to-date: /home/yvxaiver/f1tenth_ws/install/teleop_tools_msgs/share/ament_index/resource_index/packages/teleop_tools_msgs
[126.633s] -- Old export file "/home/yvxaiver/f1tenth_ws/install/teleop_tools_msgs/share/teleop_tools_msgs/cmake/teleop_tools_msgs__rosidl_generator_cExport.cmake" will be replaced.  Removing files [/home/yvxaiver/f1tenth_ws/install/teleop_tools_msgs/share/teleop_tools_msgs/cmake/teleop_tools_msgs__rosidl_generator_cExport-noconfig.cmake].
[126.634s] -- Installing: /home/yvxaiver/f1tenth_ws/install/teleop_tools_msgs/share/teleop_tools_msgs/cmake/teleop_tools_msgs__rosidl_generator_cExport.cmake
[126.634s] -- Installing: /home/yvxaiver/f1tenth_ws/install/teleop_tools_msgs/share/teleop_tools_msgs/cmake/teleop_tools_msgs__rosidl_generator_cExport-noconfig.cmake
[126.635s] -- Up-to-date: /home/yvxaiver/f1tenth_ws/install/teleop_tools_msgs/share/teleop_tools_msgs/cmake/teleop_tools_msgs__rosidl_typesupport_introspection_cExport.cmake
[126.635s] -- Installing: /home/yvxaiver/f1tenth_ws/install/teleop_tools_msgs/share/teleop_tools_msgs/cmake/teleop_tools_msgs__rosidl_typesupport_introspection_cExport-noconfig.cmake
[126.638s] -- Up-to-date: /home/yvxaiver/f1tenth_ws/install/teleop_tools_msgs/share/teleop_tools_msgs/cmake/teleop_tools_msgs__rosidl_typesupport_cExport.cmake
[126.638s] -- Installing: /home/yvxaiver/f1tenth_ws/install/teleop_tools_msgs/share/teleop_tools_msgs/cmake/teleop_tools_msgs__rosidl_typesupport_cExport-noconfig.cmake
[126.647s] -- Up-to-date: /home/yvxaiver/f1tenth_ws/install/teleop_tools_msgs/share/teleop_tools_msgs/cmake/teleop_tools_msgs__rosidl_generator_cppExport.cmake
[126.652s] -- Up-to-date: /home/yvxaiver/f1tenth_ws/install/teleop_tools_msgs/share/teleop_tools_msgs/cmake/teleop_tools_msgs__rosidl_typesupport_introspection_cppExport.cmake
[126.663s] -- Installing: /home/yvxaiver/f1tenth_ws/install/teleop_tools_msgs/share/teleop_tools_msgs/cmake/teleop_tools_msgs__rosidl_typesupport_introspection_cppExport-noconfig.cmake
[126.666s] -- Up-to-date: /home/yvxaiver/f1tenth_ws/install/teleop_tools_msgs/share/teleop_tools_msgs/cmake/teleop_tools_msgs__rosidl_typesupport_cppExport.cmake
[126.672s] -- Installing: /home/yvxaiver/f1tenth_ws/install/teleop_tools_msgs/share/teleop_tools_msgs/cmake/teleop_tools_msgs__rosidl_typesupport_cppExport-noconfig.cmake
[126.673s] -- Up-to-date: /home/yvxaiver/f1tenth_ws/install/teleop_tools_msgs/share/teleop_tools_msgs/cmake/rosidl_cmake-extras.cmake
[126.674s] -- Up-to-date: /home/yvxaiver/f1tenth_ws/install/teleop_tools_msgs/share/teleop_tools_msgs/cmake/ament_cmake_export_dependencies-extras.cmake
[126.675s] -- Up-to-date: /home/yvxaiver/f1tenth_ws/install/teleop_tools_msgs/share/teleop_tools_msgs/cmake/ament_cmake_export_libraries-extras.cmake
[126.675s] -- Installing: /home/yvxaiver/f1tenth_ws/install/teleop_tools_msgs/share/teleop_tools_msgs/cmake/ament_cmake_export_targets-extras.cmake
[126.675s] -- Up-to-date: /home/yvxaiver/f1tenth_ws/install/teleop_tools_msgs/share/teleop_tools_msgs/cmake/ament_cmake_export_include_directories-extras.cmake
[126.676s] -- Up-to-date: /home/yvxaiver/f1tenth_ws/install/teleop_tools_msgs/share/teleop_tools_msgs/cmake/rosidl_cmake_export_typesupport_libraries-extras.cmake
[126.676s] -- Up-to-date: /home/yvxaiver/f1tenth_ws/install/teleop_tools_msgs/share/teleop_tools_msgs/cmake/rosidl_cmake_export_typesupport_targets-extras.cmake
[126.696s] -- Up-to-date: /home/yvxaiver/f1tenth_ws/install/teleop_tools_msgs/share/teleop_tools_msgs/cmake/teleop_tools_msgsConfig.cmake
[126.701s] -- Up-to-date: /home/yvxaiver/f1tenth_ws/install/teleop_tools_msgs/share/teleop_tools_msgs/cmake/teleop_tools_msgsConfig-version.cmake
[126.702s] -- Up-to-date: /home/yvxaiver/f1tenth_ws/install/teleop_tools_msgs/share/teleop_tools_msgs/package.xml
[126.789s] Invoked command in '/home/yvxaiver/f1tenth_ws/build/teleop_tools_msgs' returned '0': CMAKE_PREFIX_PATH=${CMAKE_PREFIX_PATH}:/home/yvxaiver/f1tenth_ws/install/f1tenth_stack:/home/yvxaiver/f1tenth_ws/install/joy_teleop:/home/yvxaiver/f1tenth_ws/install/planned_path:/home/yvxaiver/f1tenth_ws/install/mouse_teleop:/home/yvxaiver/f1tenth_ws/install/lanenet_driver:/home/yvxaiver/f1tenth_ws/install/key_teleop:/home/yvxaiver/camera_ws/install/lanenet_postprocess:/home/yvxaiver/camera_ws/install/image_processor:/home/yvxaiver/camera_ws/install/inv_mux:/opt/ros/foxy /usr/bin/cmake --install /home/yvxaiver/f1tenth_ws/build/teleop_tools_msgs
