[5.122s] Invoking command in '/home/yvxaiver/f1tenth_ws/src/f1tenth_system/planned_path': PYTHONPATH=/home/yvxaiver/f1tenth_ws/build/planned_path/prefix_override:/home/yvxaiver/f1tenth_ws/install/planned_path/lib/python3.8/site-packages:${PYTHONPATH} /usr/bin/python3 setup.py egg_info --egg-base ../../../build/planned_path build --build-base /home/yvxaiver/f1tenth_ws/build/planned_path/build install --record /home/yvxaiver/f1tenth_ws/build/planned_path/install.log --install-scripts $base/lib/planned_path --single-version-externally-managed
[6.692s] running egg_info
[6.695s] writing ../../../build/planned_path/planned_path.egg-info/PKG-INFO
[6.695s] writing dependency_links to ../../../build/planned_path/planned_path.egg-info/dependency_links.txt
[6.696s] writing entry points to ../../../build/planned_path/planned_path.egg-info/entry_points.txt
[6.696s] writing requirements to ../../../build/planned_path/planned_path.egg-info/requires.txt
[6.696s] writing top-level names to ../../../build/planned_path/planned_path.egg-info/top_level.txt
[6.920s] reading manifest file '../../../build/planned_path/planned_path.egg-info/SOURCES.txt'
[6.938s] writing manifest file '../../../build/planned_path/planned_path.egg-info/SOURCES.txt'
[6.939s] running build
[6.940s] running build_py
[6.942s] running install
[6.947s] running install_lib
[6.956s] running install_data
[6.959s] running install_egg_info
[6.968s] removing '/home/yvxaiver/f1tenth_ws/install/planned_path/lib/python3.8/site-packages/planned_path-0.0.0-py3.8.egg-info' (and everything under it)
[6.969s] Copying ../../../build/planned_path/planned_path.egg-info to /home/yvxaiver/f1tenth_ws/install/planned_path/lib/python3.8/site-packages/planned_path-0.0.0-py3.8.egg-info
[6.978s] running install_scripts
[7.075s] Installing ppath script to /home/yvxaiver/f1tenth_ws/install/planned_path/lib/planned_path
[7.076s] writing list of installed files to '/home/yvxaiver/f1tenth_ws/build/planned_path/install.log'
[7.298s] Invoked command in '/home/yvxaiver/f1tenth_ws/src/f1tenth_system/planned_path' returned '0': PYTHONPATH=/home/yvxaiver/f1tenth_ws/build/planned_path/prefix_override:/home/yvxaiver/f1tenth_ws/install/planned_path/lib/python3.8/site-packages:${PYTHONPATH} /usr/bin/python3 setup.py egg_info --egg-base ../../../build/planned_path build --build-base /home/yvxaiver/f1tenth_ws/build/planned_path/build install --record /home/yvxaiver/f1tenth_ws/build/planned_path/install.log --install-scripts $base/lib/planned_path --single-version-externally-managed
