[0.223s] Invoking command in '/home/yvxaiver/f1tenth_ws/build/v4l2_camera': CMAKE_PREFIX_PATH=${CMAKE_PREFIX_PATH}:/home/yvxaiver/f1tenth_ws/install/f1tenth_stack:/home/yvxaiver/f1tenth_ws/install/joy_teleop:/home/yvxaiver/f1tenth_ws/install/planned_path:/home/yvxaiver/f1tenth_ws/install/mouse_teleop:/home/yvxaiver/f1tenth_ws/install/key_teleop:/opt/ros/foxy /usr/bin/cmake /home/yvxaiver/f1tenth_ws/src/v4l2_camera -DCMAKE_INSTALL_PREFIX=/home/yvxaiver/f1tenth_ws/install/v4l2_camera
[1.094s] -- The C compiler identification is GNU 9.4.0
[1.931s] -- The CXX compiler identification is GNU 9.4.0
[2.006s] -- Check for working C compiler: /usr/bin/cc
[2.616s] -- Check for working C compiler: /usr/bin/cc -- works
[2.617s] -- Detecting C compiler ABI info
[3.353s] -- Detecting C compiler ABI info - done
[3.453s] -- Detecting C compile features
[3.457s] -- Detecting C compile features - done
[3.482s] -- Check for working CXX compiler: /usr/bin/c++
[4.009s] -- Check for working CXX compiler: /usr/bin/c++ -- works
[4.016s] -- Detecting CXX compiler ABI info
[4.636s] -- Detecting CXX compiler ABI info - done
[4.722s] -- Detecting CXX compile features
[4.725s] -- Detecting CXX compile features - done
[4.756s] -- Found ament_cmake: 0.9.9 (/opt/ros/foxy/share/ament_cmake/cmake)
[4.972s] -- Found PythonInterp: /usr/bin/python3 (found suitable version "3.8.10", minimum required is "3") 
[4.972s] -- Using PYTHON_EXECUTABLE: /usr/bin/python3
[6.837s] -- Found ament_cmake_ros: 0.9.2 (/opt/ros/foxy/share/ament_cmake_ros/cmake)
[6.988s] -- Found rclcpp: 2.4.1 (/opt/ros/foxy/share/rclcpp/cmake)
[7.442s] -- Using all available rosidl_typesupport_c: rosidl_typesupport_fastrtps_c;rosidl_typesupport_introspection_c
[7.506s] -- Found rosidl_adapter: 1.2.1 (/opt/ros/foxy/share/rosidl_adapter/cmake)
[8.166s] -- Found OpenSSL: /usr/lib/aarch64-linux-gnu/libcrypto.so (found version "1.1.1f")  
[8.323s] -- Found FastRTPS: /opt/ros/foxy/include  
[8.935s] -- Using all available rosidl_typesupport_cpp: rosidl_typesupport_fastrtps_cpp;rosidl_typesupport_introspection_cpp
[9.467s] -- Found rmw_implementation_cmake: 1.0.3 (/opt/ros/foxy/share/rmw_implementation_cmake/cmake)
[9.487s] -- Using RMW implementation 'rmw_fastrtps_cpp' as default
[9.501s] -- Looking for pthread.h
[9.970s] -- Looking for pthread.h - found
[9.971s] -- Performing Test CMAKE_HAVE_LIBC_PTHREAD
[10.395s] -- Performing Test CMAKE_HAVE_LIBC_PTHREAD - Failed
[10.405s] -- Looking for pthread_create in pthreads
[10.785s] -- Looking for pthread_create in pthreads - not found
[10.786s] -- Looking for pthread_create in pthread
[11.192s] -- Looking for pthread_create in pthread - found
[11.210s] -- Found Threads: TRUE  
[12.071s] -- Found rclcpp_components: 2.4.1 (/opt/ros/foxy/share/rclcpp_components/cmake)
[12.399s] -- Found image_transport: 2.3.0 (/opt/ros/foxy/share/image_transport/cmake)
[13.127s] -- Found camera_info_manager: 2.3.0 (/opt/ros/foxy/share/camera_info_manager/cmake)
[13.214s] -- Setting yaml-cpp_DIR to: '/opt/ros/foxy/share/yaml_cpp_vendor/cmake/../../../opt/yaml_cpp_vendor/lib/cmake/yaml-cpp'
[13.482s] -- Found ament_lint_auto: 0.9.6 (/opt/ros/foxy/share/ament_lint_auto/cmake)
[13.951s] -- Added test 'cppcheck' to perform static code analysis on C / C++ code
[13.952s] -- Configured cppcheck include dirs: $<BUILD_INTERFACE:/home/yvxaiver/f1tenth_ws/src/v4l2_camera/include>
[13.953s] -- Configured cppcheck exclude dirs and/or files: 
[13.967s] -- Added test 'cpplint' to check C / C++ code against the Google style
[13.968s] -- Configured cpplint exclude dirs and/or files: 
[13.979s] -- Added test 'lint_cmake' to check CMake code style
[13.997s] -- Added test 'uncrustify' to check C / C++ code style
[13.998s] -- Configured uncrustify additional arguments: 
[14.006s] -- Added test 'xmllint' to check XML markup files
[14.050s] -- Configuring done
[14.301s] -- Generating done
[14.312s] -- Build files have been written to: /home/yvxaiver/f1tenth_ws/build/v4l2_camera
[14.374s] Invoked command in '/home/yvxaiver/f1tenth_ws/build/v4l2_camera' returned '0': CMAKE_PREFIX_PATH=${CMAKE_PREFIX_PATH}:/home/yvxaiver/f1tenth_ws/install/f1tenth_stack:/home/yvxaiver/f1tenth_ws/install/joy_teleop:/home/yvxaiver/f1tenth_ws/install/planned_path:/home/yvxaiver/f1tenth_ws/install/mouse_teleop:/home/yvxaiver/f1tenth_ws/install/key_teleop:/opt/ros/foxy /usr/bin/cmake /home/yvxaiver/f1tenth_ws/src/v4l2_camera -DCMAKE_INSTALL_PREFIX=/home/yvxaiver/f1tenth_ws/install/v4l2_camera
[14.385s] Invoking command in '/home/yvxaiver/f1tenth_ws/build/v4l2_camera': CMAKE_PREFIX_PATH=${CMAKE_PREFIX_PATH}:/home/yvxaiver/f1tenth_ws/install/f1tenth_stack:/home/yvxaiver/f1tenth_ws/install/joy_teleop:/home/yvxaiver/f1tenth_ws/install/planned_path:/home/yvxaiver/f1tenth_ws/install/mouse_teleop:/home/yvxaiver/f1tenth_ws/install/key_teleop:/opt/ros/foxy /usr/bin/cmake --build /home/yvxaiver/f1tenth_ws/build/v4l2_camera -- -j4 -l4
[14.608s] [35m[1mScanning dependencies of target v4l2_camera[0m
[15.106s] [ 14%] [32mBuilding CXX object CMakeFiles/v4l2_camera.dir/src/v4l2_camera.cpp.o[0m
[15.116s] [ 28%] [32mBuilding CXX object CMakeFiles/v4l2_camera.dir/src/v4l2_camera_device.cpp.o[0m
[36.248s] [ 42%] [32m[1mLinking CXX shared library libv4l2_camera.so[0m
[37.577s] [ 42%] Built target v4l2_camera
[37.635s] [35m[1mScanning dependencies of target v4l2_camera_node[0m
[37.649s] [35m[1mScanning dependencies of target v4l2_camera_compose_test[0m
[37.867s] [ 57%] [32mBuilding CXX object CMakeFiles/v4l2_camera_compose_test.dir/src/v4l2_camera_compose_test.cpp.o[0m
[37.879s] [ 71%] [32mBuilding CXX object CMakeFiles/v4l2_camera_node.dir/src/v4l2_camera_node.cpp.o[0m
[47.690s] [ 85%] [32m[1mLinking CXX executable v4l2_camera_node[0m
[48.490s] [ 85%] Built target v4l2_camera_node
[59.711s] [100%] [32m[1mLinking CXX executable v4l2_camera_compose_test[0m
[61.105s] [100%] Built target v4l2_camera_compose_test
[61.199s] Invoked command in '/home/yvxaiver/f1tenth_ws/build/v4l2_camera' returned '0': CMAKE_PREFIX_PATH=${CMAKE_PREFIX_PATH}:/home/yvxaiver/f1tenth_ws/install/f1tenth_stack:/home/yvxaiver/f1tenth_ws/install/joy_teleop:/home/yvxaiver/f1tenth_ws/install/planned_path:/home/yvxaiver/f1tenth_ws/install/mouse_teleop:/home/yvxaiver/f1tenth_ws/install/key_teleop:/opt/ros/foxy /usr/bin/cmake --build /home/yvxaiver/f1tenth_ws/build/v4l2_camera -- -j4 -l4
[61.451s] Invoking command in '/home/yvxaiver/f1tenth_ws/build/v4l2_camera': CMAKE_PREFIX_PATH=${CMAKE_PREFIX_PATH}:/home/yvxaiver/f1tenth_ws/install/f1tenth_stack:/home/yvxaiver/f1tenth_ws/install/joy_teleop:/home/yvxaiver/f1tenth_ws/install/planned_path:/home/yvxaiver/f1tenth_ws/install/mouse_teleop:/home/yvxaiver/f1tenth_ws/install/key_teleop:/opt/ros/foxy /usr/bin/cmake --install /home/yvxaiver/f1tenth_ws/build/v4l2_camera
[61.504s] -- Install configuration: ""
[61.505s] -- Installing: /home/yvxaiver/f1tenth_ws/install/v4l2_camera/include
[61.507s] -- Installing: /home/yvxaiver/f1tenth_ws/install/v4l2_camera/include/v4l2_camera
[61.507s] -- Installing: /home/yvxaiver/f1tenth_ws/install/v4l2_camera/include/v4l2_camera/control.hpp
[61.508s] -- Installing: /home/yvxaiver/f1tenth_ws/install/v4l2_camera/include/v4l2_camera/v4l2_camera.hpp
[61.508s] -- Installing: /home/yvxaiver/f1tenth_ws/install/v4l2_camera/include/v4l2_camera/visibility_control.h
[61.508s] -- Installing: /home/yvxaiver/f1tenth_ws/install/v4l2_camera/include/v4l2_camera/image_format.hpp
[61.508s] -- Installing: /home/yvxaiver/f1tenth_ws/install/v4l2_camera/include/v4l2_camera/fourcc.hpp
[61.509s] -- Installing: /home/yvxaiver/f1tenth_ws/install/v4l2_camera/include/v4l2_camera/v4l2_camera_device.hpp
[61.509s] -- Installing: /home/yvxaiver/f1tenth_ws/install/v4l2_camera/include/v4l2_camera/pixel_format.hpp
[61.509s] -- Installing: /home/yvxaiver/f1tenth_ws/install/v4l2_camera/lib/libv4l2_camera.so
[61.522s] -- Set runtime path of "/home/yvxaiver/f1tenth_ws/install/v4l2_camera/lib/libv4l2_camera.so" to ""
[61.523s] -- Installing: /home/yvxaiver/f1tenth_ws/install/v4l2_camera/lib/v4l2_camera/v4l2_camera_node
[61.525s] -- Set runtime path of "/home/yvxaiver/f1tenth_ws/install/v4l2_camera/lib/v4l2_camera/v4l2_camera_node" to ""
[61.526s] -- Installing: /home/yvxaiver/f1tenth_ws/install/v4l2_camera/lib/v4l2_camera/v4l2_camera_compose_test
[61.542s] -- Set runtime path of "/home/yvxaiver/f1tenth_ws/install/v4l2_camera/lib/v4l2_camera/v4l2_camera_compose_test" to ""
[61.542s] -- Installing: /home/yvxaiver/f1tenth_ws/install/v4l2_camera/share/v4l2_camera/environment/library_path.sh
[61.543s] -- Installing: /home/yvxaiver/f1tenth_ws/install/v4l2_camera/share/v4l2_camera/environment/library_path.dsv
[61.543s] -- Installing: /home/yvxaiver/f1tenth_ws/install/v4l2_camera/share/ament_index/resource_index/package_run_dependencies/v4l2_camera
[61.544s] -- Installing: /home/yvxaiver/f1tenth_ws/install/v4l2_camera/share/ament_index/resource_index/parent_prefix_path/v4l2_camera
[61.545s] -- Installing: /home/yvxaiver/f1tenth_ws/install/v4l2_camera/share/v4l2_camera/environment/ament_prefix_path.sh
[61.545s] -- Installing: /home/yvxaiver/f1tenth_ws/install/v4l2_camera/share/v4l2_camera/environment/ament_prefix_path.dsv
[61.552s] -- Installing: /home/yvxaiver/f1tenth_ws/install/v4l2_camera/share/v4l2_camera/environment/path.sh
[61.552s] -- Installing: /home/yvxaiver/f1tenth_ws/install/v4l2_camera/share/v4l2_camera/environment/path.dsv
[61.554s] -- Installing: /home/yvxaiver/f1tenth_ws/install/v4l2_camera/share/v4l2_camera/local_setup.bash
[61.554s] -- Installing: /home/yvxaiver/f1tenth_ws/install/v4l2_camera/share/v4l2_camera/local_setup.sh
[61.554s] -- Installing: /home/yvxaiver/f1tenth_ws/install/v4l2_camera/share/v4l2_camera/local_setup.zsh
[61.555s] -- Installing: /home/yvxaiver/f1tenth_ws/install/v4l2_camera/share/v4l2_camera/local_setup.dsv
[61.555s] -- Installing: /home/yvxaiver/f1tenth_ws/install/v4l2_camera/share/v4l2_camera/package.dsv
[61.556s] -- Installing: /home/yvxaiver/f1tenth_ws/install/v4l2_camera/share/ament_index/resource_index/packages/v4l2_camera
[61.556s] -- Installing: /home/yvxaiver/f1tenth_ws/install/v4l2_camera/share/ament_index/resource_index/rclcpp_components/v4l2_camera
[61.557s] -- Installing: /home/yvxaiver/f1tenth_ws/install/v4l2_camera/share/v4l2_camera/cmake/export_v4l2_cameraExport.cmake
[61.557s] -- Installing: /home/yvxaiver/f1tenth_ws/install/v4l2_camera/share/v4l2_camera/cmake/export_v4l2_cameraExport-noconfig.cmake
[61.557s] -- Installing: /home/yvxaiver/f1tenth_ws/install/v4l2_camera/share/v4l2_camera/cmake/ament_cmake_export_include_directories-extras.cmake
[61.559s] -- Installing: /home/yvxaiver/f1tenth_ws/install/v4l2_camera/share/v4l2_camera/cmake/ament_cmake_export_targets-extras.cmake
[61.559s] -- Installing: /home/yvxaiver/f1tenth_ws/install/v4l2_camera/share/v4l2_camera/cmake/ament_cmake_export_libraries-extras.cmake
[61.559s] -- Installing: /home/yvxaiver/f1tenth_ws/install/v4l2_camera/share/v4l2_camera/cmake/ament_cmake_export_dependencies-extras.cmake
[61.560s] -- Installing: /home/yvxaiver/f1tenth_ws/install/v4l2_camera/share/v4l2_camera/cmake/v4l2_cameraConfig.cmake
[61.561s] -- Installing: /home/yvxaiver/f1tenth_ws/install/v4l2_camera/share/v4l2_camera/cmake/v4l2_cameraConfig-version.cmake
[61.561s] -- Installing: /home/yvxaiver/f1tenth_ws/install/v4l2_camera/share/v4l2_camera/package.xml
[61.575s] Invoked command in '/home/yvxaiver/f1tenth_ws/build/v4l2_camera' returned '0': CMAKE_PREFIX_PATH=${CMAKE_PREFIX_PATH}:/home/yvxaiver/f1tenth_ws/install/f1tenth_stack:/home/yvxaiver/f1tenth_ws/install/joy_teleop:/home/yvxaiver/f1tenth_ws/install/planned_path:/home/yvxaiver/f1tenth_ws/install/mouse_teleop:/home/yvxaiver/f1tenth_ws/install/key_teleop:/opt/ros/foxy /usr/bin/cmake --install /home/yvxaiver/f1tenth_ws/build/v4l2_camera
