[0.272s] Invoking command in '/home/yvxaiver/f1tenth_ws/build/vesc_ackermann': CMAKE_PREFIX_PATH=/home/yvxaiver/f1tenth_ws/install/vesc_msgs:/home/yvxaiver/f1tenth_ws/install/vesc:/home/yvxaiver/f1tenth_ws/install/vesc_driver:/home/yvxaiver/f1tenth_ws/install/vesc_ackermann:/home/yvxaiver/f1tenth_ws/install/v4l2_camera:/home/yvxaiver/f1tenth_ws/install/teleop_tools:/home/yvxaiver/f1tenth_ws/install/teleop_tools_msgs:/home/yvxaiver/f1tenth_ws/install/ackermann_mux:/home/yvxaiver/camera_ws/install/usb_camera_driver:/home/yvxaiver/camera_ws/install/usb_cam:/home/yvxaiver/camera_ws/install/camera_bringup:/home/yvxaiver/camera_ws/install/ros2_numpy:/home/yvxaiver/camera_ws/install/points_vector:/home/yvxaiver/camera_ws/install/lanenet_out:/home/yvxaiver/f1tenth_ws/install/f1tenth_stack:/home/yvxaiver/f1tenth_ws/install/joy_teleop:/home/yvxaiver/f1tenth_ws/install/planned_path:/home/yvxaiver/f1tenth_ws/install/mouse_teleop:/home/yvxaiver/f1tenth_ws/install/lanenet_driver:/home/yvxaiver/f1tenth_ws/install/key_teleop:/home/yvxaiver/camera_ws/install/lanenet_postprocess:/home/yvxaiver/camera_ws/install/image_processor:/home/yvxaiver/camera_ws/install/inv_mux:/opt/ros/foxy LD_LIBRARY_PATH=/home/yvxaiver/f1tenth_ws/install/vesc_msgs/lib:/home/yvxaiver/f1tenth_ws/install/vesc_driver/lib:/home/yvxaiver/f1tenth_ws/install/vesc_ackermann/lib:/home/yvxaiver/f1tenth_ws/install/v4l2_camera/lib:/home/yvxaiver/f1tenth_ws/install/teleop_tools_msgs/lib:/home/yvxaiver/camera_ws/install/usb_camera_driver/lib:/home/yvxaiver/camera_ws/install/usb_cam/lib:/home/yvxaiver/camera_ws/install/points_vector/lib:/home/yvxaiver/camera_ws/install/lanenet_out/lib:/opt/ros/foxy/opt/yaml_cpp_vendor/lib:/opt/ros/foxy/opt/rviz_ogre_vendor/lib:/opt/ros/foxy/lib/aarch64-linux-gnu:/opt/ros/foxy/lib:/usr/local/cuda-11.4/lib64 PYTHONPATH=/home/yvxaiver/f1tenth_ws/install/vesc_msgs/lib/python3.8/site-packages:/home/yvxaiver/f1tenth_ws/install/f1tenth_stack/lib/python3.8/site-packages:/home/yvxaiver/f1tenth_ws/install/joy_teleop/lib/python3.8/site-packages:/home/yvxaiver/f1tenth_ws/install/teleop_tools_msgs/lib/python3.8/site-packages:/home/yvxaiver/f1tenth_ws/install/planned_path/lib/python3.8/site-packages:/home/yvxaiver/f1tenth_ws/install/mouse_teleop/lib/python3.8/site-packages:/home/yvxaiver/f1tenth_ws/install/lanenet_driver/lib/python3.8/site-packages:/home/yvxaiver/f1tenth_ws/install/key_teleop/lib/python3.8/site-packages:/home/yvxaiver/camera_ws/install/lanenet_postprocess/lib/python3.8/site-packages:/home/yvxaiver/camera_ws/install/ros2_numpy/lib/python3.8/site-packages:/home/yvxaiver/camera_ws/install/image_processor/lib/python3.8/site-packages:/home/yvxaiver/camera_ws/install/points_vector/lib/python3.8/site-packages:/home/yvxaiver/camera_ws/install/inv_mux/lib/python3.8/site-packages:/home/yvxaiver/camera_ws/install/lanenet_out/lib/python3.8/site-packages:/opt/ros/foxy/lib/python3.8/site-packages /usr/bin/cmake --build /home/yvxaiver/f1tenth_ws/build/vesc_ackermann -- -j4 -l4
[0.566s] -- Found ament_cmake_auto: 0.9.11 (/opt/ros/foxy/share/ament_cmake_auto/cmake)
[0.731s] -- Using PYTHON_EXECUTABLE: /usr/bin/python3
[2.709s] -- Using all available rosidl_typesupport_c: rosidl_typesupport_fastrtps_c;rosidl_typesupport_introspection_c
[2.732s] -- Found rosidl_adapter: 1.3.0 (/opt/ros/foxy/share/rosidl_adapter/cmake)
[3.471s] -- Using all available rosidl_typesupport_cpp: rosidl_typesupport_fastrtps_cpp;rosidl_typesupport_introspection_cpp
[4.709s] -- Found rmw_implementation_cmake: 1.0.3 (/opt/ros/foxy/share/rmw_implementation_cmake/cmake)
[4.719s] -- Using RMW implementation 'rmw_fastrtps_cpp' as default
[7.005s] -- Found ament_lint_auto: 0.9.7 (/opt/ros/foxy/share/ament_lint_auto/cmake)
[7.104s] -- Added test 'copyright' to check source files copyright and LICENSE
[7.112s] -- Added test 'cppcheck' to perform static code analysis on C / C++ code
[7.113s] -- Configured cppcheck include dirs: /home/yvxaiver/f1tenth_ws/src/f1tenth_system/vesc/vesc_ackermann/include
[7.114s] -- Configured cppcheck exclude dirs and/or files: 
[7.120s] -- Added test 'cpplint' to check C / C++ code against the Google style
[7.121s] -- Configured cpplint exclude dirs and/or files: 
[7.126s] -- Added test 'lint_cmake' to check CMake code style
[7.139s] -- Added test 'uncrustify' to check C / C++ code style
[7.140s] -- Configured uncrustify additional arguments: 
[7.144s] -- Added test 'xmllint' to check XML markup files
[7.174s] -- Configuring done
[7.416s] -- Generating done
[7.437s] -- Build files have been written to: /home/yvxaiver/f1tenth_ws/build/vesc_ackermann
[7.622s] [35m[1mScanning dependencies of target ackermann_to_vesc_node[0m
[7.882s] [ 14%] [32mBuilding CXX object CMakeFiles/ackermann_to_vesc_node.dir/rclcpp_components/node_main_ackermann_to_vesc_node.cpp.o[0m
[17.535s] [ 28%] [32m[1mLinking CXX executable ackermann_to_vesc_node[0m
[18.058s] [ 28%] Built target ackermann_to_vesc_node
[18.217s] [35m[1mScanning dependencies of target vesc_ackermann[0m
[18.526s] [ 42%] [32mBuilding CXX object CMakeFiles/vesc_ackermann.dir/src/ackermann_to_vesc.cpp.o[0m
[40.309s] [ 57%] [32mBuilding CXX object CMakeFiles/vesc_ackermann.dir/src/vesc_to_odom.cpp.o[0m
[66.823s] [ 71%] [32m[1mLinking CXX shared library libvesc_ackermann.so[0m
[68.882s] [ 71%] Built target vesc_ackermann
[68.950s] [35m[1mScanning dependencies of target vesc_to_odom_node[0m
[69.111s] [ 85%] [32mBuilding CXX object CMakeFiles/vesc_to_odom_node.dir/rclcpp_components/node_main_vesc_to_odom_node.cpp.o[0m
[76.862s] [100%] [32m[1mLinking CXX executable vesc_to_odom_node[0m
[77.281s] [100%] Built target vesc_to_odom_node
[77.329s] Invoked command in '/home/yvxaiver/f1tenth_ws/build/vesc_ackermann' returned '0': CMAKE_PREFIX_PATH=/home/yvxaiver/f1tenth_ws/install/vesc_msgs:/home/yvxaiver/f1tenth_ws/install/vesc:/home/yvxaiver/f1tenth_ws/install/vesc_driver:/home/yvxaiver/f1tenth_ws/install/vesc_ackermann:/home/yvxaiver/f1tenth_ws/install/v4l2_camera:/home/yvxaiver/f1tenth_ws/install/teleop_tools:/home/yvxaiver/f1tenth_ws/install/teleop_tools_msgs:/home/yvxaiver/f1tenth_ws/install/ackermann_mux:/home/yvxaiver/camera_ws/install/usb_camera_driver:/home/yvxaiver/camera_ws/install/usb_cam:/home/yvxaiver/camera_ws/install/camera_bringup:/home/yvxaiver/camera_ws/install/ros2_numpy:/home/yvxaiver/camera_ws/install/points_vector:/home/yvxaiver/camera_ws/install/lanenet_out:/home/yvxaiver/f1tenth_ws/install/f1tenth_stack:/home/yvxaiver/f1tenth_ws/install/joy_teleop:/home/yvxaiver/f1tenth_ws/install/planned_path:/home/yvxaiver/f1tenth_ws/install/mouse_teleop:/home/yvxaiver/f1tenth_ws/install/lanenet_driver:/home/yvxaiver/f1tenth_ws/install/key_teleop:/home/yvxaiver/camera_ws/install/lanenet_postprocess:/home/yvxaiver/camera_ws/install/image_processor:/home/yvxaiver/camera_ws/install/inv_mux:/opt/ros/foxy LD_LIBRARY_PATH=/home/yvxaiver/f1tenth_ws/install/vesc_msgs/lib:/home/yvxaiver/f1tenth_ws/install/vesc_driver/lib:/home/yvxaiver/f1tenth_ws/install/vesc_ackermann/lib:/home/yvxaiver/f1tenth_ws/install/v4l2_camera/lib:/home/yvxaiver/f1tenth_ws/install/teleop_tools_msgs/lib:/home/yvxaiver/camera_ws/install/usb_camera_driver/lib:/home/yvxaiver/camera_ws/install/usb_cam/lib:/home/yvxaiver/camera_ws/install/points_vector/lib:/home/yvxaiver/camera_ws/install/lanenet_out/lib:/opt/ros/foxy/opt/yaml_cpp_vendor/lib:/opt/ros/foxy/opt/rviz_ogre_vendor/lib:/opt/ros/foxy/lib/aarch64-linux-gnu:/opt/ros/foxy/lib:/usr/local/cuda-11.4/lib64 PYTHONPATH=/home/yvxaiver/f1tenth_ws/install/vesc_msgs/lib/python3.8/site-packages:/home/yvxaiver/f1tenth_ws/install/f1tenth_stack/lib/python3.8/site-packages:/home/yvxaiver/f1tenth_ws/install/joy_teleop/lib/python3.8/site-packages:/home/yvxaiver/f1tenth_ws/install/teleop_tools_msgs/lib/python3.8/site-packages:/home/yvxaiver/f1tenth_ws/install/planned_path/lib/python3.8/site-packages:/home/yvxaiver/f1tenth_ws/install/mouse_teleop/lib/python3.8/site-packages:/home/yvxaiver/f1tenth_ws/install/lanenet_driver/lib/python3.8/site-packages:/home/yvxaiver/f1tenth_ws/install/key_teleop/lib/python3.8/site-packages:/home/yvxaiver/camera_ws/install/lanenet_postprocess/lib/python3.8/site-packages:/home/yvxaiver/camera_ws/install/ros2_numpy/lib/python3.8/site-packages:/home/yvxaiver/camera_ws/install/image_processor/lib/python3.8/site-packages:/home/yvxaiver/camera_ws/install/points_vector/lib/python3.8/site-packages:/home/yvxaiver/camera_ws/install/inv_mux/lib/python3.8/site-packages:/home/yvxaiver/camera_ws/install/lanenet_out/lib/python3.8/site-packages:/opt/ros/foxy/lib/python3.8/site-packages /usr/bin/cmake --build /home/yvxaiver/f1tenth_ws/build/vesc_ackermann -- -j4 -l4
[77.501s] Invoking command in '/home/yvxaiver/f1tenth_ws/build/vesc_ackermann': CMAKE_PREFIX_PATH=/home/yvxaiver/f1tenth_ws/install/vesc_msgs:/home/yvxaiver/f1tenth_ws/install/vesc:/home/yvxaiver/f1tenth_ws/install/vesc_driver:/home/yvxaiver/f1tenth_ws/install/vesc_ackermann:/home/yvxaiver/f1tenth_ws/install/v4l2_camera:/home/yvxaiver/f1tenth_ws/install/teleop_tools:/home/yvxaiver/f1tenth_ws/install/teleop_tools_msgs:/home/yvxaiver/f1tenth_ws/install/ackermann_mux:/home/yvxaiver/camera_ws/install/usb_camera_driver:/home/yvxaiver/camera_ws/install/usb_cam:/home/yvxaiver/camera_ws/install/camera_bringup:/home/yvxaiver/camera_ws/install/ros2_numpy:/home/yvxaiver/camera_ws/install/points_vector:/home/yvxaiver/camera_ws/install/lanenet_out:/home/yvxaiver/f1tenth_ws/install/f1tenth_stack:/home/yvxaiver/f1tenth_ws/install/joy_teleop:/home/yvxaiver/f1tenth_ws/install/planned_path:/home/yvxaiver/f1tenth_ws/install/mouse_teleop:/home/yvxaiver/f1tenth_ws/install/lanenet_driver:/home/yvxaiver/f1tenth_ws/install/key_teleop:/home/yvxaiver/camera_ws/install/lanenet_postprocess:/home/yvxaiver/camera_ws/install/image_processor:/home/yvxaiver/camera_ws/install/inv_mux:/opt/ros/foxy LD_LIBRARY_PATH=/home/yvxaiver/f1tenth_ws/install/vesc_msgs/lib:/home/yvxaiver/f1tenth_ws/install/vesc_driver/lib:/home/yvxaiver/f1tenth_ws/install/vesc_ackermann/lib:/home/yvxaiver/f1tenth_ws/install/v4l2_camera/lib:/home/yvxaiver/f1tenth_ws/install/teleop_tools_msgs/lib:/home/yvxaiver/camera_ws/install/usb_camera_driver/lib:/home/yvxaiver/camera_ws/install/usb_cam/lib:/home/yvxaiver/camera_ws/install/points_vector/lib:/home/yvxaiver/camera_ws/install/lanenet_out/lib:/opt/ros/foxy/opt/yaml_cpp_vendor/lib:/opt/ros/foxy/opt/rviz_ogre_vendor/lib:/opt/ros/foxy/lib/aarch64-linux-gnu:/opt/ros/foxy/lib:/usr/local/cuda-11.4/lib64 PYTHONPATH=/home/yvxaiver/f1tenth_ws/install/vesc_msgs/lib/python3.8/site-packages:/home/yvxaiver/f1tenth_ws/install/f1tenth_stack/lib/python3.8/site-packages:/home/yvxaiver/f1tenth_ws/install/joy_teleop/lib/python3.8/site-packages:/home/yvxaiver/f1tenth_ws/install/teleop_tools_msgs/lib/python3.8/site-packages:/home/yvxaiver/f1tenth_ws/install/planned_path/lib/python3.8/site-packages:/home/yvxaiver/f1tenth_ws/install/mouse_teleop/lib/python3.8/site-packages:/home/yvxaiver/f1tenth_ws/install/lanenet_driver/lib/python3.8/site-packages:/home/yvxaiver/f1tenth_ws/install/key_teleop/lib/python3.8/site-packages:/home/yvxaiver/camera_ws/install/lanenet_postprocess/lib/python3.8/site-packages:/home/yvxaiver/camera_ws/install/ros2_numpy/lib/python3.8/site-packages:/home/yvxaiver/camera_ws/install/image_processor/lib/python3.8/site-packages:/home/yvxaiver/camera_ws/install/points_vector/lib/python3.8/site-packages:/home/yvxaiver/camera_ws/install/inv_mux/lib/python3.8/site-packages:/home/yvxaiver/camera_ws/install/lanenet_out/lib/python3.8/site-packages:/opt/ros/foxy/lib/python3.8/site-packages /usr/bin/cmake --install /home/yvxaiver/f1tenth_ws/build/vesc_ackermann
[77.535s] -- Install configuration: ""
[77.536s] -- Installing: /home/yvxaiver/f1tenth_ws/install/vesc_ackermann/lib/vesc_ackermann/ackermann_to_vesc_node
[77.540s] -- Set runtime path of "/home/yvxaiver/f1tenth_ws/install/vesc_ackermann/lib/vesc_ackermann/ackermann_to_vesc_node" to ""
[77.541s] -- Installing: /home/yvxaiver/f1tenth_ws/install/vesc_ackermann/lib/vesc_ackermann/vesc_to_odom_node
[77.546s] -- Set runtime path of "/home/yvxaiver/f1tenth_ws/install/vesc_ackermann/lib/vesc_ackermann/vesc_to_odom_node" to ""
[77.546s] -- Up-to-date: /home/yvxaiver/f1tenth_ws/install/vesc_ackermann/include
[77.549s] -- Up-to-date: /home/yvxaiver/f1tenth_ws/install/vesc_ackermann/include/vesc_ackermann
[77.550s] -- Up-to-date: /home/yvxaiver/f1tenth_ws/install/vesc_ackermann/include/vesc_ackermann/ackermann_to_vesc.hpp
[77.552s] -- Up-to-date: /home/yvxaiver/f1tenth_ws/install/vesc_ackermann/include/vesc_ackermann/vesc_to_odom.hpp
[77.553s] -- Up-to-date: /home/yvxaiver/f1tenth_ws/install/vesc_ackermann/share/vesc_ackermann/environment/library_path.sh
[77.553s] -- Installing: /home/yvxaiver/f1tenth_ws/install/vesc_ackermann/share/vesc_ackermann/environment/library_path.dsv
[77.554s] -- Installing: /home/yvxaiver/f1tenth_ws/install/vesc_ackermann/lib/libvesc_ackermann.so
[77.602s] -- Set runtime path of "/home/yvxaiver/f1tenth_ws/install/vesc_ackermann/lib/libvesc_ackermann.so" to ""
[77.603s] -- Up-to-date: /home/yvxaiver/f1tenth_ws/install/vesc_ackermann/share/vesc_ackermann/launch
[77.605s] -- Up-to-date: /home/yvxaiver/f1tenth_ws/install/vesc_ackermann/share/vesc_ackermann/launch/vesc_to_odom_node.launch.xml
[77.605s] -- Up-to-date: /home/yvxaiver/f1tenth_ws/install/vesc_ackermann/share/vesc_ackermann/launch/ackermann_to_vesc_node.launch.xml
[77.606s] -- Up-to-date: /home/yvxaiver/f1tenth_ws/install/vesc_ackermann/share/ament_index/resource_index/package_run_dependencies/vesc_ackermann
[77.607s] -- Installing: /home/yvxaiver/f1tenth_ws/install/vesc_ackermann/share/ament_index/resource_index/parent_prefix_path/vesc_ackermann
[77.608s] -- Installing: /home/yvxaiver/f1tenth_ws/install/vesc_ackermann/share/vesc_ackermann/environment/ament_prefix_path.sh
[77.609s] -- Installing: /home/yvxaiver/f1tenth_ws/install/vesc_ackermann/share/vesc_ackermann/environment/ament_prefix_path.dsv
[77.609s] -- Installing: /home/yvxaiver/f1tenth_ws/install/vesc_ackermann/share/vesc_ackermann/environment/path.sh
[77.610s] -- Installing: /home/yvxaiver/f1tenth_ws/install/vesc_ackermann/share/vesc_ackermann/environment/path.dsv
[77.611s] -- Up-to-date: /home/yvxaiver/f1tenth_ws/install/vesc_ackermann/share/vesc_ackermann/local_setup.bash
[77.611s] -- Up-to-date: /home/yvxaiver/f1tenth_ws/install/vesc_ackermann/share/vesc_ackermann/local_setup.sh
[77.612s] -- Up-to-date: /home/yvxaiver/f1tenth_ws/install/vesc_ackermann/share/vesc_ackermann/local_setup.zsh
[77.612s] -- Installing: /home/yvxaiver/f1tenth_ws/install/vesc_ackermann/share/vesc_ackermann/local_setup.dsv
[77.612s] -- Installing: /home/yvxaiver/f1tenth_ws/install/vesc_ackermann/share/vesc_ackermann/package.dsv
[77.613s] -- Up-to-date: /home/yvxaiver/f1tenth_ws/install/vesc_ackermann/share/ament_index/resource_index/packages/vesc_ackermann
[77.619s] -- Up-to-date: /home/yvxaiver/f1tenth_ws/install/vesc_ackermann/share/ament_index/resource_index/rclcpp_components/vesc_ackermann
[77.621s] -- Up-to-date: /home/yvxaiver/f1tenth_ws/install/vesc_ackermann/share/vesc_ackermann/cmake/ament_cmake_export_dependencies-extras.cmake
[77.622s] -- Up-to-date: /home/yvxaiver/f1tenth_ws/install/vesc_ackermann/share/vesc_ackermann/cmake/ament_cmake_export_include_directories-extras.cmake
[77.622s] -- Up-to-date: /home/yvxaiver/f1tenth_ws/install/vesc_ackermann/share/vesc_ackermann/cmake/ament_cmake_export_libraries-extras.cmake
[77.623s] -- Up-to-date: /home/yvxaiver/f1tenth_ws/install/vesc_ackermann/share/vesc_ackermann/cmake/vesc_ackermannConfig.cmake
[77.623s] -- Up-to-date: /home/yvxaiver/f1tenth_ws/install/vesc_ackermann/share/vesc_ackermann/cmake/vesc_ackermannConfig-version.cmake
[77.624s] -- Up-to-date: /home/yvxaiver/f1tenth_ws/install/vesc_ackermann/share/vesc_ackermann/package.xml
[77.639s] Invoked command in '/home/yvxaiver/f1tenth_ws/build/vesc_ackermann' returned '0': CMAKE_PREFIX_PATH=/home/yvxaiver/f1tenth_ws/install/vesc_msgs:/home/yvxaiver/f1tenth_ws/install/vesc:/home/yvxaiver/f1tenth_ws/install/vesc_driver:/home/yvxaiver/f1tenth_ws/install/vesc_ackermann:/home/yvxaiver/f1tenth_ws/install/v4l2_camera:/home/yvxaiver/f1tenth_ws/install/teleop_tools:/home/yvxaiver/f1tenth_ws/install/teleop_tools_msgs:/home/yvxaiver/f1tenth_ws/install/ackermann_mux:/home/yvxaiver/camera_ws/install/usb_camera_driver:/home/yvxaiver/camera_ws/install/usb_cam:/home/yvxaiver/camera_ws/install/camera_bringup:/home/yvxaiver/camera_ws/install/ros2_numpy:/home/yvxaiver/camera_ws/install/points_vector:/home/yvxaiver/camera_ws/install/lanenet_out:/home/yvxaiver/f1tenth_ws/install/f1tenth_stack:/home/yvxaiver/f1tenth_ws/install/joy_teleop:/home/yvxaiver/f1tenth_ws/install/planned_path:/home/yvxaiver/f1tenth_ws/install/mouse_teleop:/home/yvxaiver/f1tenth_ws/install/lanenet_driver:/home/yvxaiver/f1tenth_ws/install/key_teleop:/home/yvxaiver/camera_ws/install/lanenet_postprocess:/home/yvxaiver/camera_ws/install/image_processor:/home/yvxaiver/camera_ws/install/inv_mux:/opt/ros/foxy LD_LIBRARY_PATH=/home/yvxaiver/f1tenth_ws/install/vesc_msgs/lib:/home/yvxaiver/f1tenth_ws/install/vesc_driver/lib:/home/yvxaiver/f1tenth_ws/install/vesc_ackermann/lib:/home/yvxaiver/f1tenth_ws/install/v4l2_camera/lib:/home/yvxaiver/f1tenth_ws/install/teleop_tools_msgs/lib:/home/yvxaiver/camera_ws/install/usb_camera_driver/lib:/home/yvxaiver/camera_ws/install/usb_cam/lib:/home/yvxaiver/camera_ws/install/points_vector/lib:/home/yvxaiver/camera_ws/install/lanenet_out/lib:/opt/ros/foxy/opt/yaml_cpp_vendor/lib:/opt/ros/foxy/opt/rviz_ogre_vendor/lib:/opt/ros/foxy/lib/aarch64-linux-gnu:/opt/ros/foxy/lib:/usr/local/cuda-11.4/lib64 PYTHONPATH=/home/yvxaiver/f1tenth_ws/install/vesc_msgs/lib/python3.8/site-packages:/home/yvxaiver/f1tenth_ws/install/f1tenth_stack/lib/python3.8/site-packages:/home/yvxaiver/f1tenth_ws/install/joy_teleop/lib/python3.8/site-packages:/home/yvxaiver/f1tenth_ws/install/teleop_tools_msgs/lib/python3.8/site-packages:/home/yvxaiver/f1tenth_ws/install/planned_path/lib/python3.8/site-packages:/home/yvxaiver/f1tenth_ws/install/mouse_teleop/lib/python3.8/site-packages:/home/yvxaiver/f1tenth_ws/install/lanenet_driver/lib/python3.8/site-packages:/home/yvxaiver/f1tenth_ws/install/key_teleop/lib/python3.8/site-packages:/home/yvxaiver/camera_ws/install/lanenet_postprocess/lib/python3.8/site-packages:/home/yvxaiver/camera_ws/install/ros2_numpy/lib/python3.8/site-packages:/home/yvxaiver/camera_ws/install/image_processor/lib/python3.8/site-packages:/home/yvxaiver/camera_ws/install/points_vector/lib/python3.8/site-packages:/home/yvxaiver/camera_ws/install/inv_mux/lib/python3.8/site-packages:/home/yvxaiver/camera_ws/install/lanenet_out/lib/python3.8/site-packages:/opt/ros/foxy/lib/python3.8/site-packages /usr/bin/cmake --install /home/yvxaiver/f1tenth_ws/build/vesc_ackermann
