[0.574s] Invoking command in '/home/yvxaiver/f1tenth_ws/build/ackermann_mux': CMAKE_PREFIX_PATH=${CMAKE_PREFIX_PATH}:/home/yvxaiver/f1tenth_ws/install/f1tenth_stack:/home/yvxaiver/f1tenth_ws/install/joy_teleop:/home/yvxaiver/f1tenth_ws/install/planned_path:/home/yvxaiver/f1tenth_ws/install/mouse_teleop:/home/yvxaiver/f1tenth_ws/install/lanenet_driver:/home/yvxaiver/f1tenth_ws/install/key_teleop:/home/yvxaiver/camera_ws/install/lanenet_postprocess:/home/yvxaiver/camera_ws/install/image_processor:/home/yvxaiver/camera_ws/install/inv_mux:/opt/ros/foxy /usr/bin/cmake --build /home/yvxaiver/f1tenth_ws/build/ackermann_mux -- -j6 -l6
[6.412s] [100%] Built target ackermann_mux
[6.419s] Invoked command in '/home/yvxaiver/f1tenth_ws/build/ackermann_mux' returned '0': CMAKE_PREFIX_PATH=${CMAKE_PREFIX_PATH}:/home/yvxaiver/f1tenth_ws/install/f1tenth_stack:/home/yvxaiver/f1tenth_ws/install/joy_teleop:/home/yvxaiver/f1tenth_ws/install/planned_path:/home/yvxaiver/f1tenth_ws/install/mouse_teleop:/home/yvxaiver/f1tenth_ws/install/lanenet_driver:/home/yvxaiver/f1tenth_ws/install/key_teleop:/home/yvxaiver/camera_ws/install/lanenet_postprocess:/home/yvxaiver/camera_ws/install/image_processor:/home/yvxaiver/camera_ws/install/inv_mux:/opt/ros/foxy /usr/bin/cmake --build /home/yvxaiver/f1tenth_ws/build/ackermann_mux -- -j6 -l6
[6.894s] Invoking command in '/home/yvxaiver/f1tenth_ws/build/ackermann_mux': CMAKE_PREFIX_PATH=${CMAKE_PREFIX_PATH}:/home/yvxaiver/f1tenth_ws/install/f1tenth_stack:/home/yvxaiver/f1tenth_ws/install/joy_teleop:/home/yvxaiver/f1tenth_ws/install/planned_path:/home/yvxaiver/f1tenth_ws/install/mouse_teleop:/home/yvxaiver/f1tenth_ws/install/lanenet_driver:/home/yvxaiver/f1tenth_ws/install/key_teleop:/home/yvxaiver/camera_ws/install/lanenet_postprocess:/home/yvxaiver/camera_ws/install/image_processor:/home/yvxaiver/camera_ws/install/inv_mux:/opt/ros/foxy /usr/bin/cmake --install /home/yvxaiver/f1tenth_ws/build/ackermann_mux
[6.988s] -- Install configuration: ""
[6.988s] -- Up-to-date: /home/yvxaiver/f1tenth_ws/install/ackermann_mux/lib/ackermann_mux/ackermann_mux
[6.993s] -- Up-to-date: /home/yvxaiver/f1tenth_ws/install/ackermann_mux/share/ackermann_mux/launch
[6.994s] -- Up-to-date: /home/yvxaiver/f1tenth_ws/install/ackermann_mux/share/ackermann_mux/launch/ackermann_mux_launch.py
[6.994s] -- Up-to-date: /home/yvxaiver/f1tenth_ws/install/ackermann_mux/share/ackermann_mux/config
[6.995s] -- Up-to-date: /home/yvxaiver/f1tenth_ws/install/ackermann_mux/share/ackermann_mux/config/joystick.yaml
[6.996s] -- Up-to-date: /home/yvxaiver/f1tenth_ws/install/ackermann_mux/share/ackermann_mux/config/ackermann_mux_topics.yaml
[6.996s] -- Up-to-date: /home/yvxaiver/f1tenth_ws/install/ackermann_mux/share/ackermann_mux/config/ackermann_mux_locks.yaml
[6.998s] -- Up-to-date: /home/yvxaiver/f1tenth_ws/install/ackermann_mux/include
[6.999s] -- Up-to-date: /home/yvxaiver/f1tenth_ws/install/ackermann_mux/include/ackermann_mux
[7.016s] -- Up-to-date: /home/yvxaiver/f1tenth_ws/install/ackermann_mux/include/ackermann_mux/ackermann_mux_diagnostics_status.hpp
[7.018s] -- Up-to-date: /home/yvxaiver/f1tenth_ws/install/ackermann_mux/include/ackermann_mux/params_helpers.hpp
[7.019s] -- Up-to-date: /home/yvxaiver/f1tenth_ws/install/ackermann_mux/include/ackermann_mux/ackermann_mux.hpp
[7.021s] -- Up-to-date: /home/yvxaiver/f1tenth_ws/install/ackermann_mux/include/ackermann_mux/ackermann_mux_diagnostics.hpp
[7.022s] -- Up-to-date: /home/yvxaiver/f1tenth_ws/install/ackermann_mux/include/ackermann_mux/utils.hpp
[7.024s] -- Up-to-date: /home/yvxaiver/f1tenth_ws/install/ackermann_mux/include/ackermann_mux/topic_handle.hpp
[7.025s] -- Up-to-date: /home/yvxaiver/f1tenth_ws/install/ackermann_mux/share/ament_index/resource_index/package_run_dependencies/ackermann_mux
[7.025s] -- Up-to-date: /home/yvxaiver/f1tenth_ws/install/ackermann_mux/share/ament_index/resource_index/parent_prefix_path/ackermann_mux
[7.026s] -- Up-to-date: /home/yvxaiver/f1tenth_ws/install/ackermann_mux/share/ackermann_mux/environment/ament_prefix_path.sh
[7.027s] -- Up-to-date: /home/yvxaiver/f1tenth_ws/install/ackermann_mux/share/ackermann_mux/environment/ament_prefix_path.dsv
[7.029s] -- Up-to-date: /home/yvxaiver/f1tenth_ws/install/ackermann_mux/share/ackermann_mux/environment/path.sh
[7.030s] -- Up-to-date: /home/yvxaiver/f1tenth_ws/install/ackermann_mux/share/ackermann_mux/environment/path.dsv
[7.030s] -- Up-to-date: /home/yvxaiver/f1tenth_ws/install/ackermann_mux/share/ackermann_mux/local_setup.bash
[7.031s] -- Up-to-date: /home/yvxaiver/f1tenth_ws/install/ackermann_mux/share/ackermann_mux/local_setup.sh
[7.032s] -- Up-to-date: /home/yvxaiver/f1tenth_ws/install/ackermann_mux/share/ackermann_mux/local_setup.zsh
[7.032s] -- Up-to-date: /home/yvxaiver/f1tenth_ws/install/ackermann_mux/share/ackermann_mux/local_setup.dsv
[7.036s] -- Installing: /home/yvxaiver/f1tenth_ws/install/ackermann_mux/share/ackermann_mux/package.dsv
[7.053s] -- Up-to-date: /home/yvxaiver/f1tenth_ws/install/ackermann_mux/share/ament_index/resource_index/packages/ackermann_mux
[7.054s] -- Up-to-date: /home/yvxaiver/f1tenth_ws/install/ackermann_mux/share/ackermann_mux/cmake/ament_cmake_export_include_directories-extras.cmake
[7.063s] -- Up-to-date: /home/yvxaiver/f1tenth_ws/install/ackermann_mux/share/ackermann_mux/cmake/ament_cmake_export_dependencies-extras.cmake
[7.064s] -- Up-to-date: /home/yvxaiver/f1tenth_ws/install/ackermann_mux/share/ackermann_mux/cmake/ackermann_muxConfig.cmake
[7.065s] -- Up-to-date: /home/yvxaiver/f1tenth_ws/install/ackermann_mux/share/ackermann_mux/cmake/ackermann_muxConfig-version.cmake
[7.067s] -- Up-to-date: /home/yvxaiver/f1tenth_ws/install/ackermann_mux/share/ackermann_mux/package.xml
[7.068s] Invoked command in '/home/yvxaiver/f1tenth_ws/build/ackermann_mux' returned '0': CMAKE_PREFIX_PATH=${CMAKE_PREFIX_PATH}:/home/yvxaiver/f1tenth_ws/install/f1tenth_stack:/home/yvxaiver/f1tenth_ws/install/joy_teleop:/home/yvxaiver/f1tenth_ws/install/planned_path:/home/yvxaiver/f1tenth_ws/install/mouse_teleop:/home/yvxaiver/f1tenth_ws/install/lanenet_driver:/home/yvxaiver/f1tenth_ws/install/key_teleop:/home/yvxaiver/camera_ws/install/lanenet_postprocess:/home/yvxaiver/camera_ws/install/image_processor:/home/yvxaiver/camera_ws/install/inv_mux:/opt/ros/foxy /usr/bin/cmake --install /home/yvxaiver/f1tenth_ws/build/ackermann_mux
