[3.293s] Invoking command in '/home/yvxaiver/f1tenth_ws/src/f1tenth_system/teleop_tools/key_teleop': PYTHONPATH=/home/yvxaiver/f1tenth_ws/install/key_teleop/lib/python3.8/site-packages:${PYTHONPATH} /usr/bin/python3 setup.py egg_info --egg-base ../../../../build/key_teleop build --build-base /home/yvxaiver/f1tenth_ws/build/key_teleop/build install --prefix /home/yvxaiver/f1tenth_ws/install/key_teleop --record /home/yvxaiver/f1tenth_ws/build/key_teleop/install.log --single-version-externally-managed
[4.390s] running egg_info
[4.393s] creating ../../../../build/key_teleop/key_teleop.egg-info
[4.395s] writing ../../../../build/key_teleop/key_teleop.egg-info/PKG-INFO
[4.397s] writing dependency_links to ../../../../build/key_teleop/key_teleop.egg-info/dependency_links.txt
[4.398s] writing entry points to ../../../../build/key_teleop/key_teleop.egg-info/entry_points.txt
[4.399s] writing requirements to ../../../../build/key_teleop/key_teleop.egg-info/requires.txt
[4.400s] writing top-level names to ../../../../build/key_teleop/key_teleop.egg-info/top_level.txt
[4.450s] writing manifest file '../../../../build/key_teleop/key_teleop.egg-info/SOURCES.txt'
[4.590s] reading manifest file '../../../../build/key_teleop/key_teleop.egg-info/SOURCES.txt'
[4.594s] writing manifest file '../../../../build/key_teleop/key_teleop.egg-info/SOURCES.txt'
[4.596s] running build
[4.597s] running build_py
[4.598s] creating /home/yvxaiver/f1tenth_ws/build/key_teleop/build
[4.599s] creating /home/yvxaiver/f1tenth_ws/build/key_teleop/build/lib
[4.600s] creating /home/yvxaiver/f1tenth_ws/build/key_teleop/build/lib/key_teleop
[4.601s] copying key_teleop/key_teleop.py -> /home/yvxaiver/f1tenth_ws/build/key_teleop/build/lib/key_teleop
[4.602s] copying key_teleop/__init__.py -> /home/yvxaiver/f1tenth_ws/build/key_teleop/build/lib/key_teleop
[4.604s] running install
[4.609s] running install_lib
[4.613s] creating /home/yvxaiver/f1tenth_ws/install/key_teleop/lib/python3.8/site-packages/key_teleop
[4.614s] copying /home/yvxaiver/f1tenth_ws/build/key_teleop/build/lib/key_teleop/key_teleop.py -> /home/yvxaiver/f1tenth_ws/install/key_teleop/lib/python3.8/site-packages/key_teleop
[4.616s] copying /home/yvxaiver/f1tenth_ws/build/key_teleop/build/lib/key_teleop/__init__.py -> /home/yvxaiver/f1tenth_ws/install/key_teleop/lib/python3.8/site-packages/key_teleop
[4.619s] byte-compiling /home/yvxaiver/f1tenth_ws/install/key_teleop/lib/python3.8/site-packages/key_teleop/key_teleop.py to key_teleop.cpython-38.pyc
[4.625s] byte-compiling /home/yvxaiver/f1tenth_ws/install/key_teleop/lib/python3.8/site-packages/key_teleop/__init__.py to __init__.cpython-38.pyc
[4.626s] running install_data
[4.629s] copying package.xml -> /home/yvxaiver/f1tenth_ws/install/key_teleop/share/key_teleop
[4.631s] creating /home/yvxaiver/f1tenth_ws/install/key_teleop/share/key_teleop/config
[4.632s] copying config/key_teleop.yaml -> /home/yvxaiver/f1tenth_ws/install/key_teleop/share/key_teleop/config
[4.633s] creating /home/yvxaiver/f1tenth_ws/install/key_teleop/share/ament_index
[4.634s] creating /home/yvxaiver/f1tenth_ws/install/key_teleop/share/ament_index/resource_index
[4.635s] creating /home/yvxaiver/f1tenth_ws/install/key_teleop/share/ament_index/resource_index/packages
[4.636s] copying resource/key_teleop -> /home/yvxaiver/f1tenth_ws/install/key_teleop/share/ament_index/resource_index/packages
[4.636s] running install_egg_info
[4.644s] Copying ../../../../build/key_teleop/key_teleop.egg-info to /home/yvxaiver/f1tenth_ws/install/key_teleop/lib/python3.8/site-packages/key_teleop-0.3.0-py3.8.egg-info
[4.648s] running install_scripts
[4.712s] Installing key_teleop script to /home/yvxaiver/f1tenth_ws/install/key_teleop/lib/key_teleop
[4.715s] writing list of installed files to '/home/yvxaiver/f1tenth_ws/build/key_teleop/install.log'
[4.817s] Invoked command in '/home/yvxaiver/f1tenth_ws/src/f1tenth_system/teleop_tools/key_teleop' returned '0': PYTHONPATH=/home/yvxaiver/f1tenth_ws/install/key_teleop/lib/python3.8/site-packages:${PYTHONPATH} /usr/bin/python3 setup.py egg_info --egg-base ../../../../build/key_teleop build --build-base /home/yvxaiver/f1tenth_ws/build/key_teleop/build install --prefix /home/yvxaiver/f1tenth_ws/install/key_teleop --record /home/yvxaiver/f1tenth_ws/build/key_teleop/install.log --single-version-externally-managed
