[6.281s] Invoking command in '/home/yvxaiver/f1tenth_ws/src/f1tenth_system/planned_path': PYTHONPATH=/home/yvxaiver/f1tenth_ws/build/planned_path/prefix_override:/home/yvxaiver/f1tenth_ws/install/planned_path/lib/python3.8/site-packages:${PYTHONPATH} /usr/bin/python3 setup.py egg_info --egg-base ../../../build/planned_path build --build-base /home/yvxaiver/f1tenth_ws/build/planned_path/build install --record /home/yvxaiver/f1tenth_ws/build/planned_path/install.log --install-scripts $base/lib/planned_path --single-version-externally-managed
[7.912s] running egg_info
[7.914s] writing ../../../build/planned_path/planned_path.egg-info/PKG-INFO
[7.914s] writing dependency_links to ../../../build/planned_path/planned_path.egg-info/dependency_links.txt
[7.915s] writing entry points to ../../../build/planned_path/planned_path.egg-info/entry_points.txt
[7.916s] writing requirements to ../../../build/planned_path/planned_path.egg-info/requires.txt
[7.917s] writing top-level names to ../../../build/planned_path/planned_path.egg-info/top_level.txt
[8.153s] reading manifest file '../../../build/planned_path/planned_path.egg-info/SOURCES.txt'
[8.158s] writing manifest file '../../../build/planned_path/planned_path.egg-info/SOURCES.txt'
[8.159s] running build
[8.160s] running build_py
[8.166s] running install
[8.177s] running install_lib
[8.190s] running install_data
[8.194s] running install_egg_info
[8.204s] removing '/home/yvxaiver/f1tenth_ws/install/planned_path/lib/python3.8/site-packages/planned_path-0.0.0-py3.8.egg-info' (and everything under it)
[8.206s] Copying ../../../build/planned_path/planned_path.egg-info to /home/yvxaiver/f1tenth_ws/install/planned_path/lib/python3.8/site-packages/planned_path-0.0.0-py3.8.egg-info
[8.218s] running install_scripts
[8.329s] Installing ppath script to /home/yvxaiver/f1tenth_ws/install/planned_path/lib/planned_path
[8.334s] writing list of installed files to '/home/yvxaiver/f1tenth_ws/build/planned_path/install.log'
[8.555s] Invoked command in '/home/yvxaiver/f1tenth_ws/src/f1tenth_system/planned_path' returned '0': PYTHONPATH=/home/yvxaiver/f1tenth_ws/build/planned_path/prefix_override:/home/yvxaiver/f1tenth_ws/install/planned_path/lib/python3.8/site-packages:${PYTHONPATH} /usr/bin/python3 setup.py egg_info --egg-base ../../../build/planned_path build --build-base /home/yvxaiver/f1tenth_ws/build/planned_path/build install --record /home/yvxaiver/f1tenth_ws/build/planned_path/install.log --install-scripts $base/lib/planned_path --single-version-externally-managed
