[5.903s] Invoking command in '/home/yvxaiver/f1tenth_ws/src/f1tenth_system/planned_path': PYTHONPATH=/home/yvxaiver/f1tenth_ws/build/planned_path/prefix_override:/home/yvxaiver/f1tenth_ws/install/planned_path/lib/python3.8/site-packages:${PYTHONPATH} /usr/bin/python3 setup.py egg_info --egg-base ../../../build/planned_path build --build-base /home/yvxaiver/f1tenth_ws/build/planned_path/build install --record /home/yvxaiver/f1tenth_ws/build/planned_path/install.log --install-scripts $base/lib/planned_path --single-version-externally-managed
[7.563s] running egg_info
[7.564s] writing ../../../build/planned_path/planned_path.egg-info/PKG-INFO
[7.568s] writing dependency_links to ../../../build/planned_path/planned_path.egg-info/dependency_links.txt
[7.570s] writing entry points to ../../../build/planned_path/planned_path.egg-info/entry_points.txt
[7.575s] writing requirements to ../../../build/planned_path/planned_path.egg-info/requires.txt
[7.576s] writing top-level names to ../../../build/planned_path/planned_path.egg-info/top_level.txt
[7.843s] reading manifest file '../../../build/planned_path/planned_path.egg-info/SOURCES.txt'
[7.848s] writing manifest file '../../../build/planned_path/planned_path.egg-info/SOURCES.txt'
[7.848s] running build
[7.849s] running build_py
[7.866s] running install
[7.868s] running install_lib
[7.873s] running install_data
[7.875s] running install_egg_info
[7.896s] removing '/home/yvxaiver/f1tenth_ws/install/planned_path/lib/python3.8/site-packages/planned_path-0.0.0-py3.8.egg-info' (and everything under it)
[7.898s] Copying ../../../build/planned_path/planned_path.egg-info to /home/yvxaiver/f1tenth_ws/install/planned_path/lib/python3.8/site-packages/planned_path-0.0.0-py3.8.egg-info
[7.921s] running install_scripts
[7.997s] Installing ppath script to /home/yvxaiver/f1tenth_ws/install/planned_path/lib/planned_path
[8.003s] writing list of installed files to '/home/yvxaiver/f1tenth_ws/build/planned_path/install.log'
[8.141s] Invoked command in '/home/yvxaiver/f1tenth_ws/src/f1tenth_system/planned_path' returned '0': PYTHONPATH=/home/yvxaiver/f1tenth_ws/build/planned_path/prefix_override:/home/yvxaiver/f1tenth_ws/install/planned_path/lib/python3.8/site-packages:${PYTHONPATH} /usr/bin/python3 setup.py egg_info --egg-base ../../../build/planned_path build --build-base /home/yvxaiver/f1tenth_ws/build/planned_path/build install --record /home/yvxaiver/f1tenth_ws/build/planned_path/install.log --install-scripts $base/lib/planned_path --single-version-externally-managed
