[0.691s] Invoking command in '/home/yvxaiver/f1tenth_ws/build/vesc_msgs': CMAKE_PREFIX_PATH=${CMAKE_PREFIX_PATH}:/home/yvxaiver/f1tenth_ws/install/f1tenth_stack:/home/yvxaiver/f1tenth_ws/install/joy_teleop:/home/yvxaiver/f1tenth_ws/install/planned_path:/home/yvxaiver/f1tenth_ws/install/mouse_teleop:/home/yvxaiver/f1tenth_ws/install/lanenet_driver:/home/yvxaiver/f1tenth_ws/install/key_teleop:/home/yvxaiver/camera_ws/install/lanenet_postprocess:/home/yvxaiver/camera_ws/install/image_processor:/home/yvxaiver/camera_ws/install/inv_mux:/opt/ros/foxy /usr/bin/cmake --build /home/yvxaiver/f1tenth_ws/build/vesc_msgs -- -j6 -l6
[6.555s] [ 10%] Built target vesc_msgs__rosidl_generator_c
[6.562s] [ 12%] Built target vesc_msgs__cpp
[6.564s] [ 23%] Built target vesc_msgs__rosidl_typesupport_c
[6.565s] [ 34%] Built target vesc_msgs__rosidl_typesupport_introspection_c
[6.566s] [ 45%] Built target vesc_msgs__rosidl_typesupport_cpp
[6.569s] [ 56%] Built target vesc_msgs__rosidl_typesupport_fastrtps_cpp
[6.584s] [ 67%] Built target vesc_msgs__rosidl_typesupport_introspection_cpp
[6.589s] [ 78%] Built target vesc_msgs__rosidl_typesupport_fastrtps_c
[6.593s] [ 78%] Built target vesc_msgs
[6.594s] [ 80%] Built target vesc_msgs__py
[6.594s] [ 89%] Built target vesc_msgs__python
[6.596s] [ 92%] Built target vesc_msgs__rosidl_typesupport_c__pyext
[6.596s] [ 96%] Built target vesc_msgs__rosidl_typesupport_introspection_c__pyext
[6.597s] [100%] Built target vesc_msgs__rosidl_typesupport_fastrtps_c__pyext
[6.628s] Invoked command in '/home/yvxaiver/f1tenth_ws/build/vesc_msgs' returned '0': CMAKE_PREFIX_PATH=${CMAKE_PREFIX_PATH}:/home/yvxaiver/f1tenth_ws/install/f1tenth_stack:/home/yvxaiver/f1tenth_ws/install/joy_teleop:/home/yvxaiver/f1tenth_ws/install/planned_path:/home/yvxaiver/f1tenth_ws/install/mouse_teleop:/home/yvxaiver/f1tenth_ws/install/lanenet_driver:/home/yvxaiver/f1tenth_ws/install/key_teleop:/home/yvxaiver/camera_ws/install/lanenet_postprocess:/home/yvxaiver/camera_ws/install/image_processor:/home/yvxaiver/camera_ws/install/inv_mux:/opt/ros/foxy /usr/bin/cmake --build /home/yvxaiver/f1tenth_ws/build/vesc_msgs -- -j6 -l6
[8.033s] Invoking command in '/home/yvxaiver/f1tenth_ws/build/vesc_msgs': CMAKE_PREFIX_PATH=${CMAKE_PREFIX_PATH}:/home/yvxaiver/f1tenth_ws/install/f1tenth_stack:/home/yvxaiver/f1tenth_ws/install/joy_teleop:/home/yvxaiver/f1tenth_ws/install/planned_path:/home/yvxaiver/f1tenth_ws/install/mouse_teleop:/home/yvxaiver/f1tenth_ws/install/lanenet_driver:/home/yvxaiver/f1tenth_ws/install/key_teleop:/home/yvxaiver/camera_ws/install/lanenet_postprocess:/home/yvxaiver/camera_ws/install/image_processor:/home/yvxaiver/camera_ws/install/inv_mux:/opt/ros/foxy /usr/bin/cmake --install /home/yvxaiver/f1tenth_ws/build/vesc_msgs
[8.153s] -- Install configuration: ""
[8.165s] -- Up-to-date: /home/yvxaiver/f1tenth_ws/install/vesc_msgs/share/ament_index/resource_index/rosidl_interfaces/vesc_msgs
[8.166s] -- Up-to-date: /home/yvxaiver/f1tenth_ws/install/vesc_msgs/include/vesc_msgs
[8.166s] -- Up-to-date: /home/yvxaiver/f1tenth_ws/install/vesc_msgs/include/vesc_msgs/msg
[8.167s] -- Up-to-date: /home/yvxaiver/f1tenth_ws/install/vesc_msgs/include/vesc_msgs/msg/vesc_state.h
[8.167s] -- Up-to-date: /home/yvxaiver/f1tenth_ws/install/vesc_msgs/include/vesc_msgs/msg/vesc_state_stamped.h
[8.169s] -- Up-to-date: /home/yvxaiver/f1tenth_ws/install/vesc_msgs/include/vesc_msgs/msg/rosidl_generator_c__visibility_control.h
[8.169s] -- Up-to-date: /home/yvxaiver/f1tenth_ws/install/vesc_msgs/include/vesc_msgs/msg/vesc_imu.h
[8.170s] -- Up-to-date: /home/yvxaiver/f1tenth_ws/install/vesc_msgs/include/vesc_msgs/msg/detail
[8.172s] -- Up-to-date: /home/yvxaiver/f1tenth_ws/install/vesc_msgs/include/vesc_msgs/msg/detail/vesc_imu_stamped__type_support.h
[8.172s] -- Up-to-date: /home/yvxaiver/f1tenth_ws/install/vesc_msgs/include/vesc_msgs/msg/detail/vesc_state__functions.h
[8.173s] -- Up-to-date: /home/yvxaiver/f1tenth_ws/install/vesc_msgs/include/vesc_msgs/msg/detail/vesc_imu__type_support.h
[8.173s] -- Up-to-date: /home/yvxaiver/f1tenth_ws/install/vesc_msgs/include/vesc_msgs/msg/detail/vesc_state__struct.h
[8.174s] -- Up-to-date: /home/yvxaiver/f1tenth_ws/install/vesc_msgs/include/vesc_msgs/msg/detail/vesc_state__functions.c
[8.175s] -- Up-to-date: /home/yvxaiver/f1tenth_ws/install/vesc_msgs/include/vesc_msgs/msg/detail/vesc_state_stamped__functions.h
[8.175s] -- Up-to-date: /home/yvxaiver/f1tenth_ws/install/vesc_msgs/include/vesc_msgs/msg/detail/vesc_imu__functions.h
[8.175s] -- Up-to-date: /home/yvxaiver/f1tenth_ws/install/vesc_msgs/include/vesc_msgs/msg/detail/vesc_imu_stamped__struct.h
[8.176s] -- Up-to-date: /home/yvxaiver/f1tenth_ws/install/vesc_msgs/include/vesc_msgs/msg/detail/vesc_imu_stamped__functions.h
[8.176s] -- Up-to-date: /home/yvxaiver/f1tenth_ws/install/vesc_msgs/include/vesc_msgs/msg/detail/vesc_imu_stamped__functions.c
[8.179s] -- Up-to-date: /home/yvxaiver/f1tenth_ws/install/vesc_msgs/include/vesc_msgs/msg/detail/vesc_state_stamped__type_support.h
[8.180s] -- Up-to-date: /home/yvxaiver/f1tenth_ws/install/vesc_msgs/include/vesc_msgs/msg/detail/vesc_state_stamped__struct.h
[8.180s] -- Up-to-date: /home/yvxaiver/f1tenth_ws/install/vesc_msgs/include/vesc_msgs/msg/detail/vesc_state_stamped__functions.c
[8.181s] -- Up-to-date: /home/yvxaiver/f1tenth_ws/install/vesc_msgs/include/vesc_msgs/msg/detail/vesc_imu__functions.c
[8.181s] -- Up-to-date: /home/yvxaiver/f1tenth_ws/install/vesc_msgs/include/vesc_msgs/msg/detail/vesc_imu__struct.h
[8.182s] -- Up-to-date: /home/yvxaiver/f1tenth_ws/install/vesc_msgs/include/vesc_msgs/msg/detail/vesc_state__type_support.h
[8.187s] -- Up-to-date: /home/yvxaiver/f1tenth_ws/install/vesc_msgs/include/vesc_msgs/msg/vesc_imu_stamped.h
[8.188s] -- Up-to-date: /home/yvxaiver/f1tenth_ws/install/vesc_msgs/share/vesc_msgs/environment/library_path.sh
[8.189s] -- Up-to-date: /home/yvxaiver/f1tenth_ws/install/vesc_msgs/share/vesc_msgs/environment/library_path.dsv
[8.198s] -- Up-to-date: /home/yvxaiver/f1tenth_ws/install/vesc_msgs/lib/libvesc_msgs__rosidl_generator_c.so
[8.232s] -- Up-to-date: /home/yvxaiver/f1tenth_ws/install/vesc_msgs/include/vesc_msgs
[8.234s] -- Up-to-date: /home/yvxaiver/f1tenth_ws/install/vesc_msgs/include/vesc_msgs/msg
[8.235s] -- Up-to-date: /home/yvxaiver/f1tenth_ws/install/vesc_msgs/include/vesc_msgs/msg/rosidl_typesupport_fastrtps_c__visibility_control.h
[8.235s] -- Up-to-date: /home/yvxaiver/f1tenth_ws/install/vesc_msgs/include/vesc_msgs/msg/detail
[8.237s] -- Up-to-date: /home/yvxaiver/f1tenth_ws/install/vesc_msgs/include/vesc_msgs/msg/detail/vesc_imu__rosidl_typesupport_fastrtps_c.h
[8.237s] -- Up-to-date: /home/yvxaiver/f1tenth_ws/install/vesc_msgs/include/vesc_msgs/msg/detail/vesc_imu_stamped__rosidl_typesupport_fastrtps_c.h
[8.237s] -- Up-to-date: /home/yvxaiver/f1tenth_ws/install/vesc_msgs/include/vesc_msgs/msg/detail/vesc_state__rosidl_typesupport_fastrtps_c.h
[8.238s] -- Up-to-date: /home/yvxaiver/f1tenth_ws/install/vesc_msgs/include/vesc_msgs/msg/detail/vesc_state_stamped__rosidl_typesupport_fastrtps_c.h
[8.244s] -- Up-to-date: /home/yvxaiver/f1tenth_ws/install/vesc_msgs/lib/libvesc_msgs__rosidl_typesupport_fastrtps_c.so
[8.245s] -- Up-to-date: /home/yvxaiver/f1tenth_ws/install/vesc_msgs/include/vesc_msgs
[8.245s] -- Up-to-date: /home/yvxaiver/f1tenth_ws/install/vesc_msgs/include/vesc_msgs/msg
[8.246s] -- Up-to-date: /home/yvxaiver/f1tenth_ws/install/vesc_msgs/include/vesc_msgs/msg/rosidl_typesupport_fastrtps_cpp__visibility_control.h
[8.246s] -- Up-to-date: /home/yvxaiver/f1tenth_ws/install/vesc_msgs/include/vesc_msgs/msg/detail
[8.250s] -- Up-to-date: /home/yvxaiver/f1tenth_ws/install/vesc_msgs/include/vesc_msgs/msg/detail/dds_fastrtps
[8.251s] -- Up-to-date: /home/yvxaiver/f1tenth_ws/install/vesc_msgs/include/vesc_msgs/msg/detail/vesc_imu_stamped__rosidl_typesupport_fastrtps_cpp.hpp
[8.251s] -- Up-to-date: /home/yvxaiver/f1tenth_ws/install/vesc_msgs/include/vesc_msgs/msg/detail/vesc_state__rosidl_typesupport_fastrtps_cpp.hpp
[8.252s] -- Up-to-date: /home/yvxaiver/f1tenth_ws/install/vesc_msgs/include/vesc_msgs/msg/detail/vesc_imu__rosidl_typesupport_fastrtps_cpp.hpp
[8.252s] -- Up-to-date: /home/yvxaiver/f1tenth_ws/install/vesc_msgs/include/vesc_msgs/msg/detail/vesc_state_stamped__rosidl_typesupport_fastrtps_cpp.hpp
[8.253s] -- Up-to-date: /home/yvxaiver/f1tenth_ws/install/vesc_msgs/lib/libvesc_msgs__rosidl_typesupport_fastrtps_cpp.so
[8.253s] -- Up-to-date: /home/yvxaiver/f1tenth_ws/install/vesc_msgs/include/vesc_msgs
[8.254s] -- Up-to-date: /home/yvxaiver/f1tenth_ws/install/vesc_msgs/include/vesc_msgs/msg
[8.254s] -- Up-to-date: /home/yvxaiver/f1tenth_ws/install/vesc_msgs/include/vesc_msgs/msg/rosidl_typesupport_introspection_c__visibility_control.h
[8.254s] -- Up-to-date: /home/yvxaiver/f1tenth_ws/install/vesc_msgs/include/vesc_msgs/msg/detail
[8.255s] -- Up-to-date: /home/yvxaiver/f1tenth_ws/install/vesc_msgs/include/vesc_msgs/msg/detail/vesc_state_stamped__type_support.c
[8.255s] -- Up-to-date: /home/yvxaiver/f1tenth_ws/install/vesc_msgs/include/vesc_msgs/msg/detail/vesc_state_stamped__rosidl_typesupport_introspection_c.h
[8.256s] -- Up-to-date: /home/yvxaiver/f1tenth_ws/install/vesc_msgs/include/vesc_msgs/msg/detail/vesc_imu__type_support.c
[8.256s] -- Up-to-date: /home/yvxaiver/f1tenth_ws/install/vesc_msgs/include/vesc_msgs/msg/detail/vesc_imu_stamped__rosidl_typesupport_introspection_c.h
[8.256s] -- Up-to-date: /home/yvxaiver/f1tenth_ws/install/vesc_msgs/include/vesc_msgs/msg/detail/vesc_imu_stamped__type_support.c
[8.257s] -- Up-to-date: /home/yvxaiver/f1tenth_ws/install/vesc_msgs/include/vesc_msgs/msg/detail/vesc_imu__rosidl_typesupport_introspection_c.h
[8.257s] -- Up-to-date: /home/yvxaiver/f1tenth_ws/install/vesc_msgs/include/vesc_msgs/msg/detail/vesc_state__rosidl_typesupport_introspection_c.h
[8.257s] -- Up-to-date: /home/yvxaiver/f1tenth_ws/install/vesc_msgs/include/vesc_msgs/msg/detail/vesc_state__type_support.c
[8.258s] -- Up-to-date: /home/yvxaiver/f1tenth_ws/install/vesc_msgs/lib/libvesc_msgs__rosidl_typesupport_introspection_c.so
[8.258s] -- Up-to-date: /home/yvxaiver/f1tenth_ws/install/vesc_msgs/lib/libvesc_msgs__rosidl_typesupport_c.so
[8.259s] -- Up-to-date: /home/yvxaiver/f1tenth_ws/install/vesc_msgs/include/vesc_msgs
[8.260s] -- Up-to-date: /home/yvxaiver/f1tenth_ws/install/vesc_msgs/include/vesc_msgs/msg
[8.261s] -- Up-to-date: /home/yvxaiver/f1tenth_ws/install/vesc_msgs/include/vesc_msgs/msg/vesc_imu.hpp
[8.262s] -- Up-to-date: /home/yvxaiver/f1tenth_ws/install/vesc_msgs/include/vesc_msgs/msg/vesc_state_stamped.hpp
[8.263s] -- Up-to-date: /home/yvxaiver/f1tenth_ws/install/vesc_msgs/include/vesc_msgs/msg/vesc_state.hpp
[8.263s] -- Up-to-date: /home/yvxaiver/f1tenth_ws/install/vesc_msgs/include/vesc_msgs/msg/vesc_imu_stamped.hpp
[8.264s] -- Up-to-date: /home/yvxaiver/f1tenth_ws/install/vesc_msgs/include/vesc_msgs/msg/detail
[8.264s] -- Up-to-date: /home/yvxaiver/f1tenth_ws/install/vesc_msgs/include/vesc_msgs/msg/detail/vesc_state__traits.hpp
[8.265s] -- Up-to-date: /home/yvxaiver/f1tenth_ws/install/vesc_msgs/include/vesc_msgs/msg/detail/vesc_state_stamped__builder.hpp
[8.265s] -- Up-to-date: /home/yvxaiver/f1tenth_ws/install/vesc_msgs/include/vesc_msgs/msg/detail/vesc_imu_stamped__struct.hpp
[8.265s] -- Up-to-date: /home/yvxaiver/f1tenth_ws/install/vesc_msgs/include/vesc_msgs/msg/detail/vesc_imu__struct.hpp
[8.266s] -- Up-to-date: /home/yvxaiver/f1tenth_ws/install/vesc_msgs/include/vesc_msgs/msg/detail/vesc_imu__builder.hpp
[8.266s] -- Up-to-date: /home/yvxaiver/f1tenth_ws/install/vesc_msgs/include/vesc_msgs/msg/detail/vesc_imu_stamped__traits.hpp
[8.267s] -- Up-to-date: /home/yvxaiver/f1tenth_ws/install/vesc_msgs/include/vesc_msgs/msg/detail/vesc_imu__traits.hpp
[8.267s] -- Up-to-date: /home/yvxaiver/f1tenth_ws/install/vesc_msgs/include/vesc_msgs/msg/detail/vesc_imu_stamped__builder.hpp
[8.267s] -- Up-to-date: /home/yvxaiver/f1tenth_ws/install/vesc_msgs/include/vesc_msgs/msg/detail/vesc_state_stamped__traits.hpp
[8.268s] -- Up-to-date: /home/yvxaiver/f1tenth_ws/install/vesc_msgs/include/vesc_msgs/msg/detail/vesc_state__builder.hpp
[8.268s] -- Up-to-date: /home/yvxaiver/f1tenth_ws/install/vesc_msgs/include/vesc_msgs/msg/detail/vesc_state_stamped__struct.hpp
[8.268s] -- Up-to-date: /home/yvxaiver/f1tenth_ws/install/vesc_msgs/include/vesc_msgs/msg/detail/vesc_state__struct.hpp
[8.269s] -- Up-to-date: /home/yvxaiver/f1tenth_ws/install/vesc_msgs/include/vesc_msgs
[8.271s] -- Up-to-date: /home/yvxaiver/f1tenth_ws/install/vesc_msgs/include/vesc_msgs/msg
[8.271s] -- Up-to-date: /home/yvxaiver/f1tenth_ws/install/vesc_msgs/include/vesc_msgs/msg/detail
[8.272s] -- Up-to-date: /home/yvxaiver/f1tenth_ws/install/vesc_msgs/include/vesc_msgs/msg/detail/vesc_imu_stamped__type_support.cpp
[8.277s] -- Up-to-date: /home/yvxaiver/f1tenth_ws/install/vesc_msgs/include/vesc_msgs/msg/detail/vesc_state__rosidl_typesupport_introspection_cpp.hpp
[8.279s] -- Up-to-date: /home/yvxaiver/f1tenth_ws/install/vesc_msgs/include/vesc_msgs/msg/detail/vesc_state__type_support.cpp
[8.279s] -- Up-to-date: /home/yvxaiver/f1tenth_ws/install/vesc_msgs/include/vesc_msgs/msg/detail/vesc_imu_stamped__rosidl_typesupport_introspection_cpp.hpp
[8.282s] -- Up-to-date: /home/yvxaiver/f1tenth_ws/install/vesc_msgs/include/vesc_msgs/msg/detail/vesc_imu__type_support.cpp
[8.282s] -- Up-to-date: /home/yvxaiver/f1tenth_ws/install/vesc_msgs/include/vesc_msgs/msg/detail/vesc_state_stamped__type_support.cpp
[8.283s] -- Up-to-date: /home/yvxaiver/f1tenth_ws/install/vesc_msgs/include/vesc_msgs/msg/detail/vesc_state_stamped__rosidl_typesupport_introspection_cpp.hpp
[8.283s] -- Up-to-date: /home/yvxaiver/f1tenth_ws/install/vesc_msgs/include/vesc_msgs/msg/detail/vesc_imu__rosidl_typesupport_introspection_cpp.hpp
[8.284s] -- Up-to-date: /home/yvxaiver/f1tenth_ws/install/vesc_msgs/lib/libvesc_msgs__rosidl_typesupport_introspection_cpp.so
[8.284s] -- Up-to-date: /home/yvxaiver/f1tenth_ws/install/vesc_msgs/lib/libvesc_msgs__rosidl_typesupport_cpp.so
[8.285s] -- Up-to-date: /home/yvxaiver/f1tenth_ws/install/vesc_msgs/share/vesc_msgs/environment/pythonpath.sh
[8.285s] -- Up-to-date: /home/yvxaiver/f1tenth_ws/install/vesc_msgs/share/vesc_msgs/environment/pythonpath.dsv
[8.285s] -- Up-to-date: /home/yvxaiver/f1tenth_ws/install/vesc_msgs/lib/python3.8/site-packages/vesc_msgs/__init__.py
[8.654s] -- Up-to-date: /home/yvxaiver/f1tenth_ws/install/vesc_msgs/lib/python3.8/site-packages/vesc_msgs/msg
[8.655s] -- Up-to-date: /home/yvxaiver/f1tenth_ws/install/vesc_msgs/lib/python3.8/site-packages/vesc_msgs/msg/_vesc_state_s.c
[8.656s] -- Up-to-date: /home/yvxaiver/f1tenth_ws/install/vesc_msgs/lib/python3.8/site-packages/vesc_msgs/msg/_vesc_imu_stamped.py
[8.656s] -- Up-to-date: /home/yvxaiver/f1tenth_ws/install/vesc_msgs/lib/python3.8/site-packages/vesc_msgs/msg/_vesc_state_stamped_s.c
[8.657s] -- Up-to-date: /home/yvxaiver/f1tenth_ws/install/vesc_msgs/lib/python3.8/site-packages/vesc_msgs/msg/_vesc_state.py
[8.657s] -- Up-to-date: /home/yvxaiver/f1tenth_ws/install/vesc_msgs/lib/python3.8/site-packages/vesc_msgs/msg/_vesc_imu_stamped_s.c
[8.658s] -- Up-to-date: /home/yvxaiver/f1tenth_ws/install/vesc_msgs/lib/python3.8/site-packages/vesc_msgs/msg/_vesc_imu_s.c
[8.659s] -- Up-to-date: /home/yvxaiver/f1tenth_ws/install/vesc_msgs/lib/python3.8/site-packages/vesc_msgs/msg/_vesc_imu.py
[8.659s] -- Up-to-date: /home/yvxaiver/f1tenth_ws/install/vesc_msgs/lib/python3.8/site-packages/vesc_msgs/msg/__init__.py
[8.660s] -- Up-to-date: /home/yvxaiver/f1tenth_ws/install/vesc_msgs/lib/python3.8/site-packages/vesc_msgs/msg/_vesc_state_stamped.py
[8.660s] -- Up-to-date: /home/yvxaiver/f1tenth_ws/install/vesc_msgs/lib/python3.8/site-packages/vesc_msgs/vesc_msgs_s__rosidl_typesupport_fastrtps_c.cpython-38-aarch64-linux-gnu.so
[8.661s] -- Up-to-date: /home/yvxaiver/f1tenth_ws/install/vesc_msgs/lib/python3.8/site-packages/vesc_msgs/vesc_msgs_s__rosidl_typesupport_introspection_c.cpython-38-aarch64-linux-gnu.so
[8.665s] -- Up-to-date: /home/yvxaiver/f1tenth_ws/install/vesc_msgs/lib/python3.8/site-packages/vesc_msgs/vesc_msgs_s__rosidl_typesupport_c.cpython-38-aarch64-linux-gnu.so
[8.675s] -- Up-to-date: /home/yvxaiver/f1tenth_ws/install/vesc_msgs/lib/libvesc_msgs__python.so
[8.680s] -- Up-to-date: /home/yvxaiver/f1tenth_ws/install/vesc_msgs/share/vesc_msgs/msg/VescState.idl
[8.681s] -- Up-to-date: /home/yvxaiver/f1tenth_ws/install/vesc_msgs/share/vesc_msgs/msg/VescStateStamped.idl
[8.682s] -- Up-to-date: /home/yvxaiver/f1tenth_ws/install/vesc_msgs/share/vesc_msgs/msg/VescImu.idl
[8.683s] -- Up-to-date: /home/yvxaiver/f1tenth_ws/install/vesc_msgs/share/vesc_msgs/msg/VescImuStamped.idl
[8.683s] -- Up-to-date: /home/yvxaiver/f1tenth_ws/install/vesc_msgs/share/vesc_msgs/msg/VescState.msg
[8.684s] -- Up-to-date: /home/yvxaiver/f1tenth_ws/install/vesc_msgs/share/vesc_msgs/msg/VescStateStamped.msg
[8.685s] -- Up-to-date: /home/yvxaiver/f1tenth_ws/install/vesc_msgs/share/vesc_msgs/msg/VescImu.msg
[8.686s] -- Up-to-date: /home/yvxaiver/f1tenth_ws/install/vesc_msgs/share/vesc_msgs/msg/VescImuStamped.msg
[8.686s] -- Up-to-date: /home/yvxaiver/f1tenth_ws/install/vesc_msgs/share/ament_index/resource_index/package_run_dependencies/vesc_msgs
[8.687s] -- Up-to-date: /home/yvxaiver/f1tenth_ws/install/vesc_msgs/share/ament_index/resource_index/parent_prefix_path/vesc_msgs
[8.687s] -- Up-to-date: /home/yvxaiver/f1tenth_ws/install/vesc_msgs/share/vesc_msgs/environment/ament_prefix_path.sh
[8.688s] -- Up-to-date: /home/yvxaiver/f1tenth_ws/install/vesc_msgs/share/vesc_msgs/environment/ament_prefix_path.dsv
[8.688s] -- Up-to-date: /home/yvxaiver/f1tenth_ws/install/vesc_msgs/share/vesc_msgs/environment/path.sh
[8.688s] -- Up-to-date: /home/yvxaiver/f1tenth_ws/install/vesc_msgs/share/vesc_msgs/environment/path.dsv
[8.689s] -- Up-to-date: /home/yvxaiver/f1tenth_ws/install/vesc_msgs/share/vesc_msgs/local_setup.bash
[8.689s] -- Up-to-date: /home/yvxaiver/f1tenth_ws/install/vesc_msgs/share/vesc_msgs/local_setup.sh
[8.690s] -- Up-to-date: /home/yvxaiver/f1tenth_ws/install/vesc_msgs/share/vesc_msgs/local_setup.zsh
[8.690s] -- Up-to-date: /home/yvxaiver/f1tenth_ws/install/vesc_msgs/share/vesc_msgs/local_setup.dsv
[8.703s] -- Installing: /home/yvxaiver/f1tenth_ws/install/vesc_msgs/share/vesc_msgs/package.dsv
[8.704s] -- Up-to-date: /home/yvxaiver/f1tenth_ws/install/vesc_msgs/share/ament_index/resource_index/packages/vesc_msgs
[8.706s] -- Up-to-date: /home/yvxaiver/f1tenth_ws/install/vesc_msgs/share/vesc_msgs/cmake/vesc_msgs__rosidl_generator_cExport.cmake
[8.706s] -- Up-to-date: /home/yvxaiver/f1tenth_ws/install/vesc_msgs/share/vesc_msgs/cmake/vesc_msgs__rosidl_generator_cExport-noconfig.cmake
[8.707s] -- Up-to-date: /home/yvxaiver/f1tenth_ws/install/vesc_msgs/share/vesc_msgs/cmake/vesc_msgs__rosidl_typesupport_introspection_cExport.cmake
[8.707s] -- Up-to-date: /home/yvxaiver/f1tenth_ws/install/vesc_msgs/share/vesc_msgs/cmake/vesc_msgs__rosidl_typesupport_introspection_cExport-noconfig.cmake
[8.714s] -- Up-to-date: /home/yvxaiver/f1tenth_ws/install/vesc_msgs/share/vesc_msgs/cmake/vesc_msgs__rosidl_typesupport_cExport.cmake
[8.715s] -- Up-to-date: /home/yvxaiver/f1tenth_ws/install/vesc_msgs/share/vesc_msgs/cmake/vesc_msgs__rosidl_typesupport_cExport-noconfig.cmake
[8.728s] -- Up-to-date: /home/yvxaiver/f1tenth_ws/install/vesc_msgs/share/vesc_msgs/cmake/vesc_msgs__rosidl_generator_cppExport.cmake
[8.731s] -- Up-to-date: /home/yvxaiver/f1tenth_ws/install/vesc_msgs/share/vesc_msgs/cmake/vesc_msgs__rosidl_typesupport_introspection_cppExport.cmake
[8.732s] -- Up-to-date: /home/yvxaiver/f1tenth_ws/install/vesc_msgs/share/vesc_msgs/cmake/vesc_msgs__rosidl_typesupport_introspection_cppExport-noconfig.cmake
[8.735s] -- Up-to-date: /home/yvxaiver/f1tenth_ws/install/vesc_msgs/share/vesc_msgs/cmake/vesc_msgs__rosidl_typesupport_cppExport.cmake
[8.736s] -- Up-to-date: /home/yvxaiver/f1tenth_ws/install/vesc_msgs/share/vesc_msgs/cmake/vesc_msgs__rosidl_typesupport_cppExport-noconfig.cmake
[8.738s] -- Up-to-date: /home/yvxaiver/f1tenth_ws/install/vesc_msgs/share/vesc_msgs/cmake/rosidl_cmake-extras.cmake
[8.741s] -- Up-to-date: /home/yvxaiver/f1tenth_ws/install/vesc_msgs/share/vesc_msgs/cmake/ament_cmake_export_dependencies-extras.cmake
[8.743s] -- Up-to-date: /home/yvxaiver/f1tenth_ws/install/vesc_msgs/share/vesc_msgs/cmake/ament_cmake_export_libraries-extras.cmake
[8.744s] -- Up-to-date: /home/yvxaiver/f1tenth_ws/install/vesc_msgs/share/vesc_msgs/cmake/ament_cmake_export_targets-extras.cmake
[8.746s] -- Up-to-date: /home/yvxaiver/f1tenth_ws/install/vesc_msgs/share/vesc_msgs/cmake/ament_cmake_export_include_directories-extras.cmake
[8.747s] -- Up-to-date: /home/yvxaiver/f1tenth_ws/install/vesc_msgs/share/vesc_msgs/cmake/rosidl_cmake_export_typesupport_libraries-extras.cmake
[8.749s] -- Up-to-date: /home/yvxaiver/f1tenth_ws/install/vesc_msgs/share/vesc_msgs/cmake/rosidl_cmake_export_typesupport_targets-extras.cmake
[8.758s] -- Up-to-date: /home/yvxaiver/f1tenth_ws/install/vesc_msgs/share/vesc_msgs/cmake/vesc_msgsConfig.cmake
[8.761s] -- Up-to-date: /home/yvxaiver/f1tenth_ws/install/vesc_msgs/share/vesc_msgs/cmake/vesc_msgsConfig-version.cmake
[8.785s] -- Up-to-date: /home/yvxaiver/f1tenth_ws/install/vesc_msgs/share/vesc_msgs/package.xml
[11.039s] Invoked command in '/home/yvxaiver/f1tenth_ws/build/vesc_msgs' returned '0': CMAKE_PREFIX_PATH=${CMAKE_PREFIX_PATH}:/home/yvxaiver/f1tenth_ws/install/f1tenth_stack:/home/yvxaiver/f1tenth_ws/install/joy_teleop:/home/yvxaiver/f1tenth_ws/install/planned_path:/home/yvxaiver/f1tenth_ws/install/mouse_teleop:/home/yvxaiver/f1tenth_ws/install/lanenet_driver:/home/yvxaiver/f1tenth_ws/install/key_teleop:/home/yvxaiver/camera_ws/install/lanenet_postprocess:/home/yvxaiver/camera_ws/install/image_processor:/home/yvxaiver/camera_ws/install/inv_mux:/opt/ros/foxy /usr/bin/cmake --install /home/yvxaiver/f1tenth_ws/build/vesc_msgs
