[0.521s] Invoking command in '/home/yvxaiver/Desktop/f1tenth_ws/build/teleop_tools_msgs': CMAKE_PREFIX_PATH=${CMAKE_PREFIX_PATH}:/home/yvxaiver/f1tenth_ws/install/f1tenth_stack:/home/yvxaiver/f1tenth_ws/install/joy_teleop:/home/yvxaiver/f1tenth_ws/install/planned_path:/home/yvxaiver/f1tenth_ws/install/mouse_teleop:/home/yvxaiver/f1tenth_ws/install/lanenet_driver:/home/yvxaiver/f1tenth_ws/install/key_teleop:/home/yvxaiver/camera_ws/install/lanenet_postprocess:/home/yvxaiver/camera_ws/install/image_processor:/home/yvxaiver/camera_ws/install/inv_mux:/opt/ros/foxy /usr/bin/cmake /home/yvxaiver/Desktop/f1tenth_ws/src/f1tenth_system/teleop_tools/teleop_tools_msgs -DCMAKE_INSTALL_PREFIX=/home/yvxaiver/Desktop/f1tenth_ws/install/teleop_tools_msgs
[6.509s] -- The C compiler identification is GNU 9.4.0
[6.511s] -- The CXX compiler identification is GNU 9.4.0
[6.515s] -- Check for working C compiler: /usr/bin/cc
[6.519s] -- Check for working C compiler: /usr/bin/cc -- works
[6.528s] -- Detecting C compiler ABI info
[6.531s] -- Detecting C compiler ABI info - done
[6.531s] -- Detecting C compile features
[6.532s] -- Detecting C compile features - done
[6.532s] -- Check for working CXX compiler: /usr/bin/c++
[6.533s] -- Check for working CXX compiler: /usr/bin/c++ -- works
[6.533s] -- Detecting CXX compiler ABI info
[6.534s] -- Detecting CXX compiler ABI info - done
[6.534s] -- Detecting CXX compile features
[6.534s] -- Detecting CXX compile features - done
[6.535s] -- Found ament_cmake: 0.9.12 (/opt/ros/foxy/share/ament_cmake/cmake)
[6.539s] -- Found PythonInterp: /usr/bin/python3 (found suitable version "3.8.10", minimum required is "3") 
[6.539s] -- Using PYTHON_EXECUTABLE: /usr/bin/python3
[6.540s] -- Found rosidl_default_generators: 1.0.1 (/opt/ros/foxy/share/rosidl_default_generators/cmake)
[6.540s] -- Using all available rosidl_typesupport_c: rosidl_typesupport_fastrtps_c;rosidl_typesupport_introspection_c
[6.541s] -- Found rosidl_adapter: 1.3.1 (/opt/ros/foxy/share/rosidl_adapter/cmake)
[7.022s] -- Found OpenSSL: /usr/lib/aarch64-linux-gnu/libcrypto.so (found version "1.1.1f")  
[7.225s] -- Found FastRTPS: /opt/ros/foxy/include  
[7.909s] -- Using all available rosidl_typesupport_cpp: rosidl_typesupport_fastrtps_cpp;rosidl_typesupport_introspection_cpp
[8.149s] -- Found ament_lint_auto: 0.9.8 (/opt/ros/foxy/share/ament_lint_auto/cmake)
[8.924s] -- Found PythonInterp: /usr/bin/python3 (found version "3.8.10") 
[10.054s] -- Found ament_cmake_ros: 0.9.2 (/opt/ros/foxy/share/ament_cmake_ros/cmake)
[11.060s] -- Using all available rosidl_typesupport_c: rosidl_typesupport_fastrtps_c;rosidl_typesupport_introspection_c
[11.320s] -- Using all available rosidl_typesupport_cpp: rosidl_typesupport_fastrtps_cpp;rosidl_typesupport_introspection_cpp
[11.527s] -- Found PythonInterp: /usr/bin/python3 (found suitable version "3.8.10", minimum required is "3.5") 
[11.550s] -- Found python_cmake_module: 0.8.1 (/opt/ros/foxy/share/python_cmake_module/cmake)
[11.789s] -- Found PythonLibs: /usr/lib/aarch64-linux-gnu/libpython3.8.so (found suitable version "3.8.10", minimum required is "3.5") 
[11.791s] -- Using PYTHON_EXECUTABLE: /usr/bin/python3
[11.792s] -- Using PYTHON_INCLUDE_DIRS: /usr/include/python3.8
[11.793s] -- Using PYTHON_LIBRARIES: /usr/lib/aarch64-linux-gnu/libpython3.8.so
[12.053s] -- Found PythonExtra: .so  
[12.510s] -- Added test 'copyright' to check source files copyright and LICENSE
[12.521s] -- Added test 'lint_cmake' to check CMake code style
[12.529s] -- Added test 'xmllint' to check XML markup files
[12.581s] -- Configuring done
[12.905s] -- Generating done
[12.925s] -- Build files have been written to: /home/yvxaiver/Desktop/f1tenth_ws/build/teleop_tools_msgs
[14.297s] Invoked command in '/home/yvxaiver/Desktop/f1tenth_ws/build/teleop_tools_msgs' returned '0': CMAKE_PREFIX_PATH=${CMAKE_PREFIX_PATH}:/home/yvxaiver/f1tenth_ws/install/f1tenth_stack:/home/yvxaiver/f1tenth_ws/install/joy_teleop:/home/yvxaiver/f1tenth_ws/install/planned_path:/home/yvxaiver/f1tenth_ws/install/mouse_teleop:/home/yvxaiver/f1tenth_ws/install/lanenet_driver:/home/yvxaiver/f1tenth_ws/install/key_teleop:/home/yvxaiver/camera_ws/install/lanenet_postprocess:/home/yvxaiver/camera_ws/install/image_processor:/home/yvxaiver/camera_ws/install/inv_mux:/opt/ros/foxy /usr/bin/cmake /home/yvxaiver/Desktop/f1tenth_ws/src/f1tenth_system/teleop_tools/teleop_tools_msgs -DCMAKE_INSTALL_PREFIX=/home/yvxaiver/Desktop/f1tenth_ws/install/teleop_tools_msgs
[14.324s] Invoking command in '/home/yvxaiver/Desktop/f1tenth_ws/build/teleop_tools_msgs': CMAKE_PREFIX_PATH=${CMAKE_PREFIX_PATH}:/home/yvxaiver/f1tenth_ws/install/f1tenth_stack:/home/yvxaiver/f1tenth_ws/install/joy_teleop:/home/yvxaiver/f1tenth_ws/install/planned_path:/home/yvxaiver/f1tenth_ws/install/mouse_teleop:/home/yvxaiver/f1tenth_ws/install/lanenet_driver:/home/yvxaiver/f1tenth_ws/install/key_teleop:/home/yvxaiver/camera_ws/install/lanenet_postprocess:/home/yvxaiver/camera_ws/install/image_processor:/home/yvxaiver/camera_ws/install/inv_mux:/opt/ros/foxy /usr/bin/cmake --build /home/yvxaiver/Desktop/f1tenth_ws/build/teleop_tools_msgs -- -j6 -l6
[14.619s] [35m[1mScanning dependencies of target teleop_tools_msgs__cpp[0m
[14.621s] [  3%] [34m[1mGenerating C code for ROS interfaces[0m
[14.700s] [  6%] [34m[1mGenerating C++ code for ROS interfaces[0m
[17.543s] [35m[1mScanning dependencies of target teleop_tools_msgs__rosidl_generator_c[0m
[17.648s] [  6%] Built target teleop_tools_msgs__cpp
[17.680s] [  9%] [32mBuilding C object CMakeFiles/teleop_tools_msgs__rosidl_generator_c.dir/rosidl_generator_c/teleop_tools_msgs/action/detail/increment__functions.c.o[0m
[17.784s] [ 12%] [34m[1mGenerating C++ introspection for ROS interfaces[0m
[17.810s] [ 16%] [34m[1mGenerating C++ type support dispatch for ROS interfaces[0m
[17.838s] [ 19%] [34m[1mGenerating C++ type support for eProsima Fast-RTPS[0m
[19.776s] [ 22%] [32m[1mLinking C shared library libteleop_tools_msgs__rosidl_generator_c.so[0m
[20.475s] [ 22%] Built target teleop_tools_msgs__rosidl_generator_c
[20.671s] [ 25%] [34m[1mGenerating C introspection for ROS interfaces[0m
[20.697s] [35m[1mScanning dependencies of target teleop_tools_msgs__rosidl_typesupport_cpp[0m
[20.787s] [ 29%] [34m[1mGenerating C type support dispatch for ROS interfaces[0m
[20.991s] [ 32%] [32mBuilding CXX object CMakeFiles/teleop_tools_msgs__rosidl_typesupport_cpp.dir/rosidl_typesupport_cpp/teleop_tools_msgs/action/increment__type_support.cpp.o[0m
[21.291s] [35m[1mScanning dependencies of target teleop_tools_msgs__rosidl_typesupport_fastrtps_cpp[0m
[21.305s] [35m[1mScanning dependencies of target teleop_tools_msgs__rosidl_typesupport_introspection_cpp[0m
[21.492s] [ 35%] [32mBuilding CXX object CMakeFiles/teleop_tools_msgs__rosidl_typesupport_introspection_cpp.dir/rosidl_typesupport_introspection_cpp/teleop_tools_msgs/action/detail/increment__type_support.cpp.o[0m
[21.624s] [ 38%] [32mBuilding CXX object CMakeFiles/teleop_tools_msgs__rosidl_typesupport_fastrtps_cpp.dir/rosidl_typesupport_fastrtps_cpp/teleop_tools_msgs/action/detail/dds_fastrtps/increment__type_support.cpp.o[0m
[24.313s] [35m[1mScanning dependencies of target teleop_tools_msgs__rosidl_typesupport_c[0m
[24.527s] [ 41%] [32mBuilding CXX object CMakeFiles/teleop_tools_msgs__rosidl_typesupport_c.dir/rosidl_typesupport_c/teleop_tools_msgs/action/increment__type_support.cpp.o[0m
[25.040s] [35m[1mScanning dependencies of target teleop_tools_msgs__rosidl_typesupport_introspection_c[0m
[25.162s] [ 45%] [32m[1mLinking CXX shared library libteleop_tools_msgs__rosidl_typesupport_c.so[0m
[25.287s] [ 48%] [32mBuilding C object CMakeFiles/teleop_tools_msgs__rosidl_typesupport_introspection_c.dir/rosidl_typesupport_introspection_c/teleop_tools_msgs/action/detail/increment__type_support.c.o[0m
[25.740s] [ 48%] Built target teleop_tools_msgs__rosidl_typesupport_c
[25.933s] [ 51%] [32m[1mLinking C shared library libteleop_tools_msgs__rosidl_typesupport_introspection_c.so[0m
[26.273s] [ 54%] [32m[1mLinking CXX shared library libteleop_tools_msgs__rosidl_typesupport_cpp.so[0m
[26.391s] [ 54%] Built target teleop_tools_msgs__rosidl_typesupport_introspection_c
[26.620s] [ 58%] [32m[1mLinking CXX shared library libteleop_tools_msgs__rosidl_typesupport_introspection_cpp.so[0m
[26.851s] [ 58%] Built target teleop_tools_msgs__rosidl_typesupport_cpp
[27.511s] [ 58%] Built target teleop_tools_msgs__rosidl_typesupport_introspection_cpp
[28.313s] [ 61%] [32m[1mLinking CXX shared library libteleop_tools_msgs__rosidl_typesupport_fastrtps_cpp.so[0m
[29.552s] [ 61%] Built target teleop_tools_msgs__rosidl_typesupport_fastrtps_cpp
[29.700s] [ 64%] [34m[1mGenerating C type support for eProsima Fast-RTPS[0m
[32.491s] [35m[1mScanning dependencies of target teleop_tools_msgs__rosidl_typesupport_fastrtps_c[0m
[32.676s] [ 67%] [32mBuilding CXX object CMakeFiles/teleop_tools_msgs__rosidl_typesupport_fastrtps_c.dir/rosidl_typesupport_fastrtps_c/teleop_tools_msgs/action/detail/increment__type_support_c.cpp.o[0m
[35.354s] [ 70%] [32m[1mLinking CXX shared library libteleop_tools_msgs__rosidl_typesupport_fastrtps_c.so[0m
[35.918s] [ 70%] Built target teleop_tools_msgs__rosidl_typesupport_fastrtps_c
[35.988s] [35m[1mScanning dependencies of target teleop_tools_msgs[0m
[36.074s] [ 70%] Built target teleop_tools_msgs
[36.161s] [35m[1mScanning dependencies of target teleop_tools_msgs__py[0m
[36.241s] [ 74%] [34m[1mGenerating Python code for ROS interfaces[0m
[40.764s] [ 74%] Built target teleop_tools_msgs__py
[40.860s] [35m[1mScanning dependencies of target teleop_tools_msgs__python[0m
[41.110s] [ 77%] [32mBuilding C object CMakeFiles/teleop_tools_msgs__python.dir/rosidl_generator_py/teleop_tools_msgs/action/_increment_s.c.o[0m
[42.176s] [ 80%] [32m[1mLinking C shared library rosidl_generator_py/teleop_tools_msgs/libteleop_tools_msgs__python.so[0m
[42.501s] [ 80%] Built target teleop_tools_msgs__python
[42.579s] [35m[1mScanning dependencies of target teleop_tools_msgs__rosidl_typesupport_c__pyext[0m
[42.739s] [ 83%] [32mBuilding C object CMakeFiles/teleop_tools_msgs__rosidl_typesupport_c__pyext.dir/rosidl_generator_py/teleop_tools_msgs/_teleop_tools_msgs_s.ep.rosidl_typesupport_c.c.o[0m
[43.550s] [ 87%] [32m[1mLinking C shared library rosidl_generator_py/teleop_tools_msgs/teleop_tools_msgs_s__rosidl_typesupport_c.cpython-38-aarch64-linux-gnu.so[0m
[43.858s] [ 87%] Built target teleop_tools_msgs__rosidl_typesupport_c__pyext
[43.938s] [35m[1mScanning dependencies of target teleop_tools_msgs__rosidl_typesupport_fastrtps_c__pyext[0m
[44.124s] [ 90%] [32mBuilding C object CMakeFiles/teleop_tools_msgs__rosidl_typesupport_fastrtps_c__pyext.dir/rosidl_generator_py/teleop_tools_msgs/_teleop_tools_msgs_s.ep.rosidl_typesupport_fastrtps_c.c.o[0m
[44.929s] [ 93%] [32m[1mLinking CXX shared library rosidl_generator_py/teleop_tools_msgs/teleop_tools_msgs_s__rosidl_typesupport_fastrtps_c.cpython-38-aarch64-linux-gnu.so[0m
[45.413s] [ 93%] Built target teleop_tools_msgs__rosidl_typesupport_fastrtps_c__pyext
[45.490s] [35m[1mScanning dependencies of target teleop_tools_msgs__rosidl_typesupport_introspection_c__pyext[0m
[45.632s] [ 96%] [32mBuilding C object CMakeFiles/teleop_tools_msgs__rosidl_typesupport_introspection_c__pyext.dir/rosidl_generator_py/teleop_tools_msgs/_teleop_tools_msgs_s.ep.rosidl_typesupport_introspection_c.c.o[0m
[46.335s] [100%] [32m[1mLinking C shared library rosidl_generator_py/teleop_tools_msgs/teleop_tools_msgs_s__rosidl_typesupport_introspection_c.cpython-38-aarch64-linux-gnu.so[0m
[46.587s] [100%] Built target teleop_tools_msgs__rosidl_typesupport_introspection_c__pyext
[46.675s] Invoked command in '/home/yvxaiver/Desktop/f1tenth_ws/build/teleop_tools_msgs' returned '0': CMAKE_PREFIX_PATH=${CMAKE_PREFIX_PATH}:/home/yvxaiver/f1tenth_ws/install/f1tenth_stack:/home/yvxaiver/f1tenth_ws/install/joy_teleop:/home/yvxaiver/f1tenth_ws/install/planned_path:/home/yvxaiver/f1tenth_ws/install/mouse_teleop:/home/yvxaiver/f1tenth_ws/install/lanenet_driver:/home/yvxaiver/f1tenth_ws/install/key_teleop:/home/yvxaiver/camera_ws/install/lanenet_postprocess:/home/yvxaiver/camera_ws/install/image_processor:/home/yvxaiver/camera_ws/install/inv_mux:/opt/ros/foxy /usr/bin/cmake --build /home/yvxaiver/Desktop/f1tenth_ws/build/teleop_tools_msgs -- -j6 -l6
[47.238s] Invoking command in '/home/yvxaiver/Desktop/f1tenth_ws/build/teleop_tools_msgs': CMAKE_PREFIX_PATH=${CMAKE_PREFIX_PATH}:/home/yvxaiver/f1tenth_ws/install/f1tenth_stack:/home/yvxaiver/f1tenth_ws/install/joy_teleop:/home/yvxaiver/f1tenth_ws/install/planned_path:/home/yvxaiver/f1tenth_ws/install/mouse_teleop:/home/yvxaiver/f1tenth_ws/install/lanenet_driver:/home/yvxaiver/f1tenth_ws/install/key_teleop:/home/yvxaiver/camera_ws/install/lanenet_postprocess:/home/yvxaiver/camera_ws/install/image_processor:/home/yvxaiver/camera_ws/install/inv_mux:/opt/ros/foxy /usr/bin/cmake --install /home/yvxaiver/Desktop/f1tenth_ws/build/teleop_tools_msgs
[47.302s] -- Install configuration: ""
[47.304s] -- Installing: /home/yvxaiver/Desktop/f1tenth_ws/install/teleop_tools_msgs/share/ament_index/resource_index/rosidl_interfaces/teleop_tools_msgs
[47.305s] -- Installing: /home/yvxaiver/Desktop/f1tenth_ws/install/teleop_tools_msgs/include/teleop_tools_msgs
[47.306s] -- Installing: /home/yvxaiver/Desktop/f1tenth_ws/install/teleop_tools_msgs/include/teleop_tools_msgs/action
[47.307s] -- Installing: /home/yvxaiver/Desktop/f1tenth_ws/install/teleop_tools_msgs/include/teleop_tools_msgs/action/increment.h
[47.307s] -- Installing: /home/yvxaiver/Desktop/f1tenth_ws/install/teleop_tools_msgs/include/teleop_tools_msgs/action/detail
[47.308s] -- Installing: /home/yvxaiver/Desktop/f1tenth_ws/install/teleop_tools_msgs/include/teleop_tools_msgs/action/detail/increment__functions.c
[47.309s] -- Installing: /home/yvxaiver/Desktop/f1tenth_ws/install/teleop_tools_msgs/include/teleop_tools_msgs/action/detail/increment__functions.h
[47.310s] -- Installing: /home/yvxaiver/Desktop/f1tenth_ws/install/teleop_tools_msgs/include/teleop_tools_msgs/action/detail/increment__type_support.h
[47.310s] -- Installing: /home/yvxaiver/Desktop/f1tenth_ws/install/teleop_tools_msgs/include/teleop_tools_msgs/action/detail/increment__struct.h
[47.311s] -- Installing: /home/yvxaiver/Desktop/f1tenth_ws/install/teleop_tools_msgs/include/teleop_tools_msgs/msg
[47.313s] -- Installing: /home/yvxaiver/Desktop/f1tenth_ws/install/teleop_tools_msgs/include/teleop_tools_msgs/msg/rosidl_generator_c__visibility_control.h
[47.314s] -- Installing: /home/yvxaiver/Desktop/f1tenth_ws/install/teleop_tools_msgs/share/teleop_tools_msgs/environment/library_path.sh
[47.314s] -- Installing: /home/yvxaiver/Desktop/f1tenth_ws/install/teleop_tools_msgs/share/teleop_tools_msgs/environment/library_path.dsv
[47.315s] -- Installing: /home/yvxaiver/Desktop/f1tenth_ws/install/teleop_tools_msgs/lib/libteleop_tools_msgs__rosidl_generator_c.so
[47.318s] -- Set runtime path of "/home/yvxaiver/Desktop/f1tenth_ws/install/teleop_tools_msgs/lib/libteleop_tools_msgs__rosidl_generator_c.so" to ""
[47.319s] -- Up-to-date: /home/yvxaiver/Desktop/f1tenth_ws/install/teleop_tools_msgs/include/teleop_tools_msgs
[47.320s] -- Up-to-date: /home/yvxaiver/Desktop/f1tenth_ws/install/teleop_tools_msgs/include/teleop_tools_msgs/action
[47.321s] -- Up-to-date: /home/yvxaiver/Desktop/f1tenth_ws/install/teleop_tools_msgs/include/teleop_tools_msgs/action/detail
[47.322s] -- Installing: /home/yvxaiver/Desktop/f1tenth_ws/install/teleop_tools_msgs/include/teleop_tools_msgs/action/detail/increment__rosidl_typesupport_fastrtps_c.h
[47.322s] -- Up-to-date: /home/yvxaiver/Desktop/f1tenth_ws/install/teleop_tools_msgs/include/teleop_tools_msgs/msg
[47.323s] -- Installing: /home/yvxaiver/Desktop/f1tenth_ws/install/teleop_tools_msgs/include/teleop_tools_msgs/msg/rosidl_typesupport_fastrtps_c__visibility_control.h
[47.324s] -- Installing: /home/yvxaiver/Desktop/f1tenth_ws/install/teleop_tools_msgs/lib/libteleop_tools_msgs__rosidl_typesupport_fastrtps_c.so
[47.326s] -- Set runtime path of "/home/yvxaiver/Desktop/f1tenth_ws/install/teleop_tools_msgs/lib/libteleop_tools_msgs__rosidl_typesupport_fastrtps_c.so" to ""
[47.328s] -- Up-to-date: /home/yvxaiver/Desktop/f1tenth_ws/install/teleop_tools_msgs/include/teleop_tools_msgs
[47.328s] -- Up-to-date: /home/yvxaiver/Desktop/f1tenth_ws/install/teleop_tools_msgs/include/teleop_tools_msgs/action
[47.329s] -- Up-to-date: /home/yvxaiver/Desktop/f1tenth_ws/install/teleop_tools_msgs/include/teleop_tools_msgs/action/detail
[47.330s] -- Installing: /home/yvxaiver/Desktop/f1tenth_ws/install/teleop_tools_msgs/include/teleop_tools_msgs/action/detail/increment__rosidl_typesupport_fastrtps_cpp.hpp
[47.330s] -- Installing: /home/yvxaiver/Desktop/f1tenth_ws/install/teleop_tools_msgs/include/teleop_tools_msgs/action/detail/dds_fastrtps
[47.331s] -- Up-to-date: /home/yvxaiver/Desktop/f1tenth_ws/install/teleop_tools_msgs/include/teleop_tools_msgs/msg
[47.332s] -- Installing: /home/yvxaiver/Desktop/f1tenth_ws/install/teleop_tools_msgs/include/teleop_tools_msgs/msg/rosidl_typesupport_fastrtps_cpp__visibility_control.h
[47.332s] -- Installing: /home/yvxaiver/Desktop/f1tenth_ws/install/teleop_tools_msgs/lib/libteleop_tools_msgs__rosidl_typesupport_fastrtps_cpp.so
[47.335s] -- Set runtime path of "/home/yvxaiver/Desktop/f1tenth_ws/install/teleop_tools_msgs/lib/libteleop_tools_msgs__rosidl_typesupport_fastrtps_cpp.so" to ""
[47.336s] -- Up-to-date: /home/yvxaiver/Desktop/f1tenth_ws/install/teleop_tools_msgs/include/teleop_tools_msgs
[47.336s] -- Up-to-date: /home/yvxaiver/Desktop/f1tenth_ws/install/teleop_tools_msgs/include/teleop_tools_msgs/action
[47.337s] -- Up-to-date: /home/yvxaiver/Desktop/f1tenth_ws/install/teleop_tools_msgs/include/teleop_tools_msgs/action/detail
[47.338s] -- Installing: /home/yvxaiver/Desktop/f1tenth_ws/install/teleop_tools_msgs/include/teleop_tools_msgs/action/detail/increment__rosidl_typesupport_introspection_c.h
[47.339s] -- Installing: /home/yvxaiver/Desktop/f1tenth_ws/install/teleop_tools_msgs/include/teleop_tools_msgs/action/detail/increment__type_support.c
[47.340s] -- Up-to-date: /home/yvxaiver/Desktop/f1tenth_ws/install/teleop_tools_msgs/include/teleop_tools_msgs/msg
[47.341s] -- Installing: /home/yvxaiver/Desktop/f1tenth_ws/install/teleop_tools_msgs/include/teleop_tools_msgs/msg/rosidl_typesupport_introspection_c__visibility_control.h
[47.342s] -- Installing: /home/yvxaiver/Desktop/f1tenth_ws/install/teleop_tools_msgs/lib/libteleop_tools_msgs__rosidl_typesupport_introspection_c.so
[47.342s] -- Set runtime path of "/home/yvxaiver/Desktop/f1tenth_ws/install/teleop_tools_msgs/lib/libteleop_tools_msgs__rosidl_typesupport_introspection_c.so" to ""
[47.344s] -- Installing: /home/yvxaiver/Desktop/f1tenth_ws/install/teleop_tools_msgs/lib/libteleop_tools_msgs__rosidl_typesupport_c.so
[47.348s] -- Set runtime path of "/home/yvxaiver/Desktop/f1tenth_ws/install/teleop_tools_msgs/lib/libteleop_tools_msgs__rosidl_typesupport_c.so" to ""
[47.349s] -- Up-to-date: /home/yvxaiver/Desktop/f1tenth_ws/install/teleop_tools_msgs/include/teleop_tools_msgs
[47.349s] -- Up-to-date: /home/yvxaiver/Desktop/f1tenth_ws/install/teleop_tools_msgs/include/teleop_tools_msgs/action
[47.352s] -- Up-to-date: /home/yvxaiver/Desktop/f1tenth_ws/install/teleop_tools_msgs/include/teleop_tools_msgs/action/detail
[47.353s] -- Installing: /home/yvxaiver/Desktop/f1tenth_ws/install/teleop_tools_msgs/include/teleop_tools_msgs/action/detail/increment__traits.hpp
[47.353s] -- Installing: /home/yvxaiver/Desktop/f1tenth_ws/install/teleop_tools_msgs/include/teleop_tools_msgs/action/detail/increment__type_support.hpp
[47.354s] -- Installing: /home/yvxaiver/Desktop/f1tenth_ws/install/teleop_tools_msgs/include/teleop_tools_msgs/action/detail/increment__struct.hpp
[47.355s] -- Installing: /home/yvxaiver/Desktop/f1tenth_ws/install/teleop_tools_msgs/include/teleop_tools_msgs/action/detail/increment__builder.hpp
[47.356s] -- Installing: /home/yvxaiver/Desktop/f1tenth_ws/install/teleop_tools_msgs/include/teleop_tools_msgs/action/increment.hpp
[47.356s] -- Up-to-date: /home/yvxaiver/Desktop/f1tenth_ws/install/teleop_tools_msgs/include/teleop_tools_msgs/msg
[47.357s] -- Installing: /home/yvxaiver/Desktop/f1tenth_ws/install/teleop_tools_msgs/include/teleop_tools_msgs/msg/rosidl_generator_cpp__visibility_control.hpp
[47.357s] -- Up-to-date: /home/yvxaiver/Desktop/f1tenth_ws/install/teleop_tools_msgs/include/teleop_tools_msgs
[47.358s] -- Up-to-date: /home/yvxaiver/Desktop/f1tenth_ws/install/teleop_tools_msgs/include/teleop_tools_msgs/action
[47.359s] -- Up-to-date: /home/yvxaiver/Desktop/f1tenth_ws/install/teleop_tools_msgs/include/teleop_tools_msgs/action/detail
[47.359s] -- Installing: /home/yvxaiver/Desktop/f1tenth_ws/install/teleop_tools_msgs/include/teleop_tools_msgs/action/detail/increment__type_support.cpp
[47.360s] -- Installing: /home/yvxaiver/Desktop/f1tenth_ws/install/teleop_tools_msgs/include/teleop_tools_msgs/action/detail/increment__rosidl_typesupport_introspection_cpp.hpp
[47.360s] -- Installing: /home/yvxaiver/Desktop/f1tenth_ws/install/teleop_tools_msgs/lib/libteleop_tools_msgs__rosidl_typesupport_introspection_cpp.so
[47.363s] -- Set runtime path of "/home/yvxaiver/Desktop/f1tenth_ws/install/teleop_tools_msgs/lib/libteleop_tools_msgs__rosidl_typesupport_introspection_cpp.so" to ""
[47.364s] -- Installing: /home/yvxaiver/Desktop/f1tenth_ws/install/teleop_tools_msgs/lib/libteleop_tools_msgs__rosidl_typesupport_cpp.so
[47.366s] -- Set runtime path of "/home/yvxaiver/Desktop/f1tenth_ws/install/teleop_tools_msgs/lib/libteleop_tools_msgs__rosidl_typesupport_cpp.so" to ""
[47.366s] -- Installing: /home/yvxaiver/Desktop/f1tenth_ws/install/teleop_tools_msgs/share/teleop_tools_msgs/environment/pythonpath.sh
[47.367s] -- Installing: /home/yvxaiver/Desktop/f1tenth_ws/install/teleop_tools_msgs/share/teleop_tools_msgs/environment/pythonpath.dsv
[47.369s] -- Installing: /home/yvxaiver/Desktop/f1tenth_ws/install/teleop_tools_msgs/lib/python3.8/site-packages/teleop_tools_msgs/__init__.py
[47.628s] Compiling '/home/yvxaiver/Desktop/f1tenth_ws/install/teleop_tools_msgs/lib/python3.8/site-packages/teleop_tools_msgs/__init__.py'...
[47.652s] -- Installing: /home/yvxaiver/Desktop/f1tenth_ws/install/teleop_tools_msgs/lib/python3.8/site-packages/teleop_tools_msgs/action
[47.655s] -- Installing: /home/yvxaiver/Desktop/f1tenth_ws/install/teleop_tools_msgs/lib/python3.8/site-packages/teleop_tools_msgs/action/__init__.py
[47.656s] -- Installing: /home/yvxaiver/Desktop/f1tenth_ws/install/teleop_tools_msgs/lib/python3.8/site-packages/teleop_tools_msgs/action/_increment.py
[47.659s] -- Installing: /home/yvxaiver/Desktop/f1tenth_ws/install/teleop_tools_msgs/lib/python3.8/site-packages/teleop_tools_msgs/action/_increment_s.c
[47.660s] -- Installing: /home/yvxaiver/Desktop/f1tenth_ws/install/teleop_tools_msgs/lib/python3.8/site-packages/teleop_tools_msgs/teleop_tools_msgs_s__rosidl_typesupport_fastrtps_c.cpython-38-aarch64-linux-gnu.so
[47.661s] -- Set runtime path of "/home/yvxaiver/Desktop/f1tenth_ws/install/teleop_tools_msgs/lib/python3.8/site-packages/teleop_tools_msgs/teleop_tools_msgs_s__rosidl_typesupport_fastrtps_c.cpython-38-aarch64-linux-gnu.so" to ""
[47.662s] -- Installing: /home/yvxaiver/Desktop/f1tenth_ws/install/teleop_tools_msgs/lib/python3.8/site-packages/teleop_tools_msgs/teleop_tools_msgs_s__rosidl_typesupport_introspection_c.cpython-38-aarch64-linux-gnu.so
[47.666s] -- Set runtime path of "/home/yvxaiver/Desktop/f1tenth_ws/install/teleop_tools_msgs/lib/python3.8/site-packages/teleop_tools_msgs/teleop_tools_msgs_s__rosidl_typesupport_introspection_c.cpython-38-aarch64-linux-gnu.so" to ""
[47.667s] -- Installing: /home/yvxaiver/Desktop/f1tenth_ws/install/teleop_tools_msgs/lib/python3.8/site-packages/teleop_tools_msgs/teleop_tools_msgs_s__rosidl_typesupport_c.cpython-38-aarch64-linux-gnu.so
[47.669s] -- Set runtime path of "/home/yvxaiver/Desktop/f1tenth_ws/install/teleop_tools_msgs/lib/python3.8/site-packages/teleop_tools_msgs/teleop_tools_msgs_s__rosidl_typesupport_c.cpython-38-aarch64-linux-gnu.so" to ""
[47.670s] -- Installing: /home/yvxaiver/Desktop/f1tenth_ws/install/teleop_tools_msgs/lib/libteleop_tools_msgs__python.so
[47.673s] -- Set runtime path of "/home/yvxaiver/Desktop/f1tenth_ws/install/teleop_tools_msgs/lib/libteleop_tools_msgs__python.so" to ""
[47.674s] -- Installing: /home/yvxaiver/Desktop/f1tenth_ws/install/teleop_tools_msgs/share/teleop_tools_msgs/action/Increment.idl
[47.675s] -- Installing: /home/yvxaiver/Desktop/f1tenth_ws/install/teleop_tools_msgs/share/teleop_tools_msgs/action/Increment.action
[47.676s] -- Installing: /home/yvxaiver/Desktop/f1tenth_ws/install/teleop_tools_msgs/share/ament_index/resource_index/package_run_dependencies/teleop_tools_msgs
[47.677s] -- Installing: /home/yvxaiver/Desktop/f1tenth_ws/install/teleop_tools_msgs/share/ament_index/resource_index/parent_prefix_path/teleop_tools_msgs
[47.678s] -- Installing: /home/yvxaiver/Desktop/f1tenth_ws/install/teleop_tools_msgs/share/teleop_tools_msgs/environment/ament_prefix_path.sh
[47.679s] -- Installing: /home/yvxaiver/Desktop/f1tenth_ws/install/teleop_tools_msgs/share/teleop_tools_msgs/environment/ament_prefix_path.dsv
[47.680s] -- Installing: /home/yvxaiver/Desktop/f1tenth_ws/install/teleop_tools_msgs/share/teleop_tools_msgs/environment/path.sh
[47.681s] -- Installing: /home/yvxaiver/Desktop/f1tenth_ws/install/teleop_tools_msgs/share/teleop_tools_msgs/environment/path.dsv
[47.690s] -- Installing: /home/yvxaiver/Desktop/f1tenth_ws/install/teleop_tools_msgs/share/teleop_tools_msgs/local_setup.bash
[47.690s] -- Installing: /home/yvxaiver/Desktop/f1tenth_ws/install/teleop_tools_msgs/share/teleop_tools_msgs/local_setup.sh
[47.691s] -- Installing: /home/yvxaiver/Desktop/f1tenth_ws/install/teleop_tools_msgs/share/teleop_tools_msgs/local_setup.zsh
[47.692s] -- Installing: /home/yvxaiver/Desktop/f1tenth_ws/install/teleop_tools_msgs/share/teleop_tools_msgs/local_setup.dsv
[47.693s] -- Installing: /home/yvxaiver/Desktop/f1tenth_ws/install/teleop_tools_msgs/share/teleop_tools_msgs/package.dsv
[47.693s] -- Installing: /home/yvxaiver/Desktop/f1tenth_ws/install/teleop_tools_msgs/share/ament_index/resource_index/packages/teleop_tools_msgs
[47.695s] -- Installing: /home/yvxaiver/Desktop/f1tenth_ws/install/teleop_tools_msgs/share/teleop_tools_msgs/cmake/teleop_tools_msgs__rosidl_generator_cExport.cmake
[47.696s] -- Installing: /home/yvxaiver/Desktop/f1tenth_ws/install/teleop_tools_msgs/share/teleop_tools_msgs/cmake/teleop_tools_msgs__rosidl_generator_cExport-noconfig.cmake
[47.697s] -- Installing: /home/yvxaiver/Desktop/f1tenth_ws/install/teleop_tools_msgs/share/teleop_tools_msgs/cmake/teleop_tools_msgs__rosidl_typesupport_introspection_cExport.cmake
[47.698s] -- Installing: /home/yvxaiver/Desktop/f1tenth_ws/install/teleop_tools_msgs/share/teleop_tools_msgs/cmake/teleop_tools_msgs__rosidl_typesupport_introspection_cExport-noconfig.cmake
[47.699s] -- Installing: /home/yvxaiver/Desktop/f1tenth_ws/install/teleop_tools_msgs/share/teleop_tools_msgs/cmake/teleop_tools_msgs__rosidl_typesupport_cExport.cmake
[47.701s] -- Installing: /home/yvxaiver/Desktop/f1tenth_ws/install/teleop_tools_msgs/share/teleop_tools_msgs/cmake/teleop_tools_msgs__rosidl_typesupport_cExport-noconfig.cmake
[47.702s] -- Installing: /home/yvxaiver/Desktop/f1tenth_ws/install/teleop_tools_msgs/share/teleop_tools_msgs/cmake/teleop_tools_msgs__rosidl_generator_cppExport.cmake
[47.703s] -- Installing: /home/yvxaiver/Desktop/f1tenth_ws/install/teleop_tools_msgs/share/teleop_tools_msgs/cmake/teleop_tools_msgs__rosidl_typesupport_introspection_cppExport.cmake
[47.705s] -- Installing: /home/yvxaiver/Desktop/f1tenth_ws/install/teleop_tools_msgs/share/teleop_tools_msgs/cmake/teleop_tools_msgs__rosidl_typesupport_introspection_cppExport-noconfig.cmake
[47.705s] -- Installing: /home/yvxaiver/Desktop/f1tenth_ws/install/teleop_tools_msgs/share/teleop_tools_msgs/cmake/teleop_tools_msgs__rosidl_typesupport_cppExport.cmake
[47.706s] -- Installing: /home/yvxaiver/Desktop/f1tenth_ws/install/teleop_tools_msgs/share/teleop_tools_msgs/cmake/teleop_tools_msgs__rosidl_typesupport_cppExport-noconfig.cmake
[47.708s] -- Installing: /home/yvxaiver/Desktop/f1tenth_ws/install/teleop_tools_msgs/share/teleop_tools_msgs/cmake/rosidl_cmake-extras.cmake
[47.709s] -- Installing: /home/yvxaiver/Desktop/f1tenth_ws/install/teleop_tools_msgs/share/teleop_tools_msgs/cmake/ament_cmake_export_dependencies-extras.cmake
[47.710s] -- Installing: /home/yvxaiver/Desktop/f1tenth_ws/install/teleop_tools_msgs/share/teleop_tools_msgs/cmake/ament_cmake_export_libraries-extras.cmake
[47.710s] -- Installing: /home/yvxaiver/Desktop/f1tenth_ws/install/teleop_tools_msgs/share/teleop_tools_msgs/cmake/ament_cmake_export_targets-extras.cmake
[47.711s] -- Installing: /home/yvxaiver/Desktop/f1tenth_ws/install/teleop_tools_msgs/share/teleop_tools_msgs/cmake/ament_cmake_export_include_directories-extras.cmake
[47.714s] -- Installing: /home/yvxaiver/Desktop/f1tenth_ws/install/teleop_tools_msgs/share/teleop_tools_msgs/cmake/rosidl_cmake_export_typesupport_libraries-extras.cmake
[47.714s] -- Installing: /home/yvxaiver/Desktop/f1tenth_ws/install/teleop_tools_msgs/share/teleop_tools_msgs/cmake/rosidl_cmake_export_typesupport_targets-extras.cmake
[47.716s] -- Installing: /home/yvxaiver/Desktop/f1tenth_ws/install/teleop_tools_msgs/share/teleop_tools_msgs/cmake/teleop_tools_msgsConfig.cmake
[47.717s] -- Installing: /home/yvxaiver/Desktop/f1tenth_ws/install/teleop_tools_msgs/share/teleop_tools_msgs/cmake/teleop_tools_msgsConfig-version.cmake
[47.718s] -- Installing: /home/yvxaiver/Desktop/f1tenth_ws/install/teleop_tools_msgs/share/teleop_tools_msgs/package.xml
[47.745s] Invoked command in '/home/yvxaiver/Desktop/f1tenth_ws/build/teleop_tools_msgs' returned '0': CMAKE_PREFIX_PATH=${CMAKE_PREFIX_PATH}:/home/yvxaiver/f1tenth_ws/install/f1tenth_stack:/home/yvxaiver/f1tenth_ws/install/joy_teleop:/home/yvxaiver/f1tenth_ws/install/planned_path:/home/yvxaiver/f1tenth_ws/install/mouse_teleop:/home/yvxaiver/f1tenth_ws/install/lanenet_driver:/home/yvxaiver/f1tenth_ws/install/key_teleop:/home/yvxaiver/camera_ws/install/lanenet_postprocess:/home/yvxaiver/camera_ws/install/image_processor:/home/yvxaiver/camera_ws/install/inv_mux:/opt/ros/foxy /usr/bin/cmake --install /home/yvxaiver/Desktop/f1tenth_ws/build/teleop_tools_msgs
