[6.582s] Invoking command in '/home/yvxaiver/f1tenth_ws/src/f1tenth_system/teleop_tools/key_teleop': PYTHONPATH=/home/yvxaiver/f1tenth_ws/install/key_teleop/lib/python3.8/site-packages:${PYTHONPATH} /usr/bin/python3 setup.py egg_info --egg-base ../../../../build/key_teleop build --build-base /home/yvxaiver/f1tenth_ws/build/key_teleop/build install --prefix /home/yvxaiver/f1tenth_ws/install/key_teleop --record /home/yvxaiver/f1tenth_ws/build/key_teleop/install.log --single-version-externally-managed
[9.088s] running egg_info
[9.090s] writing ../../../../build/key_teleop/key_teleop.egg-info/PKG-INFO
[9.092s] writing dependency_links to ../../../../build/key_teleop/key_teleop.egg-info/dependency_links.txt
[9.095s] writing entry points to ../../../../build/key_teleop/key_teleop.egg-info/entry_points.txt
[9.096s] writing requirements to ../../../../build/key_teleop/key_teleop.egg-info/requires.txt
[9.098s] writing top-level names to ../../../../build/key_teleop/key_teleop.egg-info/top_level.txt
[9.513s] reading manifest file '../../../../build/key_teleop/key_teleop.egg-info/SOURCES.txt'
[9.537s] writing manifest file '../../../../build/key_teleop/key_teleop.egg-info/SOURCES.txt'
[9.540s] running build
[9.541s] running build_py
[9.549s] running install
[9.553s] running install_lib
[9.591s] running install_data
[9.593s] running install_egg_info
[9.606s] removing '/home/yvxaiver/f1tenth_ws/install/key_teleop/lib/python3.8/site-packages/key_teleop-0.3.0-py3.8.egg-info' (and everything under it)
[9.607s] Copying ../../../../build/key_teleop/key_teleop.egg-info to /home/yvxaiver/f1tenth_ws/install/key_teleop/lib/python3.8/site-packages/key_teleop-0.3.0-py3.8.egg-info
[9.615s] running install_scripts
[9.762s] Installing key_teleop script to /home/yvxaiver/f1tenth_ws/install/key_teleop/lib/key_teleop
[9.768s] writing list of installed files to '/home/yvxaiver/f1tenth_ws/build/key_teleop/install.log'
[11.765s] Invoked command in '/home/yvxaiver/f1tenth_ws/src/f1tenth_system/teleop_tools/key_teleop' returned '0': PYTHONPATH=/home/yvxaiver/f1tenth_ws/install/key_teleop/lib/python3.8/site-packages:${PYTHONPATH} /usr/bin/python3 setup.py egg_info --egg-base ../../../../build/key_teleop build --build-base /home/yvxaiver/f1tenth_ws/build/key_teleop/build install --prefix /home/yvxaiver/f1tenth_ws/install/key_teleop --record /home/yvxaiver/f1tenth_ws/build/key_teleop/install.log --single-version-externally-managed
