[4.647s] Invoking command in '/home/yvxaiver/f1tenth_ws/src/f1tenth_system/lanenet_driver': PYTHONPATH=/home/yvxaiver/f1tenth_ws/build/lanenet_driver/prefix_override:/home/yvxaiver/f1tenth_ws/install/lanenet_driver/lib/python3.8/site-packages:${PYTHONPATH} /usr/bin/python3 setup.py egg_info --egg-base ../../../build/lanenet_driver build --build-base /home/yvxaiver/f1tenth_ws/build/lanenet_driver/build install --record /home/yvxaiver/f1tenth_ws/build/lanenet_driver/install.log --install-scripts $base/lib/lanenet_driver --single-version-externally-managed
[6.199s] running egg_info
[6.201s] writing ../../../build/lanenet_driver/lanenet_driver.egg-info/PKG-INFO
[6.203s] writing dependency_links to ../../../build/lanenet_driver/lanenet_driver.egg-info/dependency_links.txt
[6.205s] writing entry points to ../../../build/lanenet_driver/lanenet_driver.egg-info/entry_points.txt
[6.205s] writing requirements to ../../../build/lanenet_driver/lanenet_driver.egg-info/requires.txt
[6.206s] writing top-level names to ../../../build/lanenet_driver/lanenet_driver.egg-info/top_level.txt
[6.438s] reading manifest file '../../../build/lanenet_driver/lanenet_driver.egg-info/SOURCES.txt'
[6.447s] writing manifest file '../../../build/lanenet_driver/lanenet_driver.egg-info/SOURCES.txt'
[6.448s] running build
[6.449s] running build_py
[6.449s] copying lanenet_driver/lanenet_driver_node.py -> /home/yvxaiver/f1tenth_ws/build/lanenet_driver/build/lib/lanenet_driver
[6.451s] running install
[6.456s] running install_lib
[6.461s] copying /home/yvxaiver/f1tenth_ws/build/lanenet_driver/build/lib/lanenet_driver/lanenet_driver_node.py -> /home/yvxaiver/f1tenth_ws/install/lanenet_driver/lib/python3.8/site-packages/lanenet_driver
[6.465s] byte-compiling /home/yvxaiver/f1tenth_ws/install/lanenet_driver/lib/python3.8/site-packages/lanenet_driver/lanenet_driver_node.py to lanenet_driver_node.cpython-38.pyc
[6.469s] running install_data
[6.472s] running install_egg_info
[6.481s] removing '/home/yvxaiver/f1tenth_ws/install/lanenet_driver/lib/python3.8/site-packages/lanenet_driver-0.0.0-py3.8.egg-info' (and everything under it)
[6.485s] Copying ../../../build/lanenet_driver/lanenet_driver.egg-info to /home/yvxaiver/f1tenth_ws/install/lanenet_driver/lib/python3.8/site-packages/lanenet_driver-0.0.0-py3.8.egg-info
[6.491s] running install_scripts
[6.568s] Installing lanenet_driver_node script to /home/yvxaiver/f1tenth_ws/install/lanenet_driver/lib/lanenet_driver
[6.572s] writing list of installed files to '/home/yvxaiver/f1tenth_ws/build/lanenet_driver/install.log'
[6.686s] Invoked command in '/home/yvxaiver/f1tenth_ws/src/f1tenth_system/lanenet_driver' returned '0': PYTHONPATH=/home/yvxaiver/f1tenth_ws/build/lanenet_driver/prefix_override:/home/yvxaiver/f1tenth_ws/install/lanenet_driver/lib/python3.8/site-packages:${PYTHONPATH} /usr/bin/python3 setup.py egg_info --egg-base ../../../build/lanenet_driver build --build-base /home/yvxaiver/f1tenth_ws/build/lanenet_driver/build install --record /home/yvxaiver/f1tenth_ws/build/lanenet_driver/install.log --install-scripts $base/lib/lanenet_driver --single-version-externally-managed
