[0.629s] Invoking command in '/home/yvxaiver/f1tenth_ws/build/teleop_tools_msgs': CMAKE_PREFIX_PATH=${CMAKE_PREFIX_PATH}:/home/yvxaiver/f1tenth_ws/install/f1tenth_stack:/home/yvxaiver/f1tenth_ws/install/joy_teleop:/home/yvxaiver/f1tenth_ws/install/planned_path:/home/yvxaiver/f1tenth_ws/install/mouse_teleop:/home/yvxaiver/f1tenth_ws/install/lanenet_driver:/home/yvxaiver/f1tenth_ws/install/key_teleop:/home/yvxaiver/camera_ws/install/lanenet_postprocess:/home/yvxaiver/camera_ws/install/image_processor:/home/yvxaiver/camera_ws/install/inv_mux:/opt/ros/foxy /usr/bin/cmake --build /home/yvxaiver/f1tenth_ws/build/teleop_tools_msgs -- -j6 -l6
[6.120s] [  9%] Built target teleop_tools_msgs__rosidl_generator_c
[6.121s] [ 12%] Built target teleop_tools_msgs__cpp
[6.122s] [ 22%] Built target teleop_tools_msgs__rosidl_typesupport_cpp
[6.122s] [ 32%] Built target teleop_tools_msgs__rosidl_typesupport_introspection_cpp
[6.123s] [ 41%] Built target teleop_tools_msgs__rosidl_typesupport_fastrtps_cpp
[6.123s] [ 51%] Built target teleop_tools_msgs__rosidl_typesupport_introspection_c
[6.124s] [ 61%] Built target teleop_tools_msgs__rosidl_typesupport_c
[6.124s] [ 70%] Built target teleop_tools_msgs__rosidl_typesupport_fastrtps_c
[6.124s] [ 70%] Built target teleop_tools_msgs
[6.125s] [ 74%] Built target teleop_tools_msgs__py
[6.129s] [ 80%] Built target teleop_tools_msgs__python
[6.131s] [ 87%] Built target teleop_tools_msgs__rosidl_typesupport_fastrtps_c__pyext
[6.139s] [ 93%] Built target teleop_tools_msgs__rosidl_typesupport_c__pyext
[6.142s] [100%] Built target teleop_tools_msgs__rosidl_typesupport_introspection_c__pyext
[6.155s] Invoked command in '/home/yvxaiver/f1tenth_ws/build/teleop_tools_msgs' returned '0': CMAKE_PREFIX_PATH=${CMAKE_PREFIX_PATH}:/home/yvxaiver/f1tenth_ws/install/f1tenth_stack:/home/yvxaiver/f1tenth_ws/install/joy_teleop:/home/yvxaiver/f1tenth_ws/install/planned_path:/home/yvxaiver/f1tenth_ws/install/mouse_teleop:/home/yvxaiver/f1tenth_ws/install/lanenet_driver:/home/yvxaiver/f1tenth_ws/install/key_teleop:/home/yvxaiver/camera_ws/install/lanenet_postprocess:/home/yvxaiver/camera_ws/install/image_processor:/home/yvxaiver/camera_ws/install/inv_mux:/opt/ros/foxy /usr/bin/cmake --build /home/yvxaiver/f1tenth_ws/build/teleop_tools_msgs -- -j6 -l6
[6.661s] Invoking command in '/home/yvxaiver/f1tenth_ws/build/teleop_tools_msgs': CMAKE_PREFIX_PATH=${CMAKE_PREFIX_PATH}:/home/yvxaiver/f1tenth_ws/install/f1tenth_stack:/home/yvxaiver/f1tenth_ws/install/joy_teleop:/home/yvxaiver/f1tenth_ws/install/planned_path:/home/yvxaiver/f1tenth_ws/install/mouse_teleop:/home/yvxaiver/f1tenth_ws/install/lanenet_driver:/home/yvxaiver/f1tenth_ws/install/key_teleop:/home/yvxaiver/camera_ws/install/lanenet_postprocess:/home/yvxaiver/camera_ws/install/image_processor:/home/yvxaiver/camera_ws/install/inv_mux:/opt/ros/foxy /usr/bin/cmake --install /home/yvxaiver/f1tenth_ws/build/teleop_tools_msgs
[6.769s] -- Install configuration: ""
[6.770s] -- Up-to-date: /home/yvxaiver/f1tenth_ws/install/teleop_tools_msgs/share/ament_index/resource_index/rosidl_interfaces/teleop_tools_msgs
[6.770s] -- Up-to-date: /home/yvxaiver/f1tenth_ws/install/teleop_tools_msgs/include/teleop_tools_msgs
[6.777s] -- Up-to-date: /home/yvxaiver/f1tenth_ws/install/teleop_tools_msgs/include/teleop_tools_msgs/action
[6.778s] -- Up-to-date: /home/yvxaiver/f1tenth_ws/install/teleop_tools_msgs/include/teleop_tools_msgs/action/increment.h
[6.778s] -- Up-to-date: /home/yvxaiver/f1tenth_ws/install/teleop_tools_msgs/include/teleop_tools_msgs/action/detail
[6.779s] -- Up-to-date: /home/yvxaiver/f1tenth_ws/install/teleop_tools_msgs/include/teleop_tools_msgs/action/detail/increment__functions.c
[6.779s] -- Up-to-date: /home/yvxaiver/f1tenth_ws/install/teleop_tools_msgs/include/teleop_tools_msgs/action/detail/increment__functions.h
[6.780s] -- Up-to-date: /home/yvxaiver/f1tenth_ws/install/teleop_tools_msgs/include/teleop_tools_msgs/action/detail/increment__type_support.h
[6.780s] -- Up-to-date: /home/yvxaiver/f1tenth_ws/install/teleop_tools_msgs/include/teleop_tools_msgs/action/detail/increment__struct.h
[6.780s] -- Up-to-date: /home/yvxaiver/f1tenth_ws/install/teleop_tools_msgs/include/teleop_tools_msgs/msg
[6.791s] -- Up-to-date: /home/yvxaiver/f1tenth_ws/install/teleop_tools_msgs/include/teleop_tools_msgs/msg/rosidl_generator_c__visibility_control.h
[6.792s] -- Up-to-date: /home/yvxaiver/f1tenth_ws/install/teleop_tools_msgs/share/teleop_tools_msgs/environment/library_path.sh
[6.792s] -- Up-to-date: /home/yvxaiver/f1tenth_ws/install/teleop_tools_msgs/share/teleop_tools_msgs/environment/library_path.dsv
[6.793s] -- Up-to-date: /home/yvxaiver/f1tenth_ws/install/teleop_tools_msgs/lib/libteleop_tools_msgs__rosidl_generator_c.so
[6.793s] -- Up-to-date: /home/yvxaiver/f1tenth_ws/install/teleop_tools_msgs/include/teleop_tools_msgs
[6.794s] -- Up-to-date: /home/yvxaiver/f1tenth_ws/install/teleop_tools_msgs/include/teleop_tools_msgs/action
[6.794s] -- Up-to-date: /home/yvxaiver/f1tenth_ws/install/teleop_tools_msgs/include/teleop_tools_msgs/action/detail
[6.794s] -- Up-to-date: /home/yvxaiver/f1tenth_ws/install/teleop_tools_msgs/include/teleop_tools_msgs/action/detail/increment__rosidl_typesupport_fastrtps_c.h
[6.796s] -- Up-to-date: /home/yvxaiver/f1tenth_ws/install/teleop_tools_msgs/include/teleop_tools_msgs/msg
[6.796s] -- Up-to-date: /home/yvxaiver/f1tenth_ws/install/teleop_tools_msgs/include/teleop_tools_msgs/msg/rosidl_typesupport_fastrtps_c__visibility_control.h
[6.797s] -- Up-to-date: /home/yvxaiver/f1tenth_ws/install/teleop_tools_msgs/lib/libteleop_tools_msgs__rosidl_typesupport_fastrtps_c.so
[6.797s] -- Up-to-date: /home/yvxaiver/f1tenth_ws/install/teleop_tools_msgs/include/teleop_tools_msgs
[6.799s] -- Up-to-date: /home/yvxaiver/f1tenth_ws/install/teleop_tools_msgs/include/teleop_tools_msgs/action
[6.799s] -- Up-to-date: /home/yvxaiver/f1tenth_ws/install/teleop_tools_msgs/include/teleop_tools_msgs/action/detail
[6.800s] -- Up-to-date: /home/yvxaiver/f1tenth_ws/install/teleop_tools_msgs/include/teleop_tools_msgs/action/detail/increment__rosidl_typesupport_fastrtps_cpp.hpp
[6.800s] -- Up-to-date: /home/yvxaiver/f1tenth_ws/install/teleop_tools_msgs/include/teleop_tools_msgs/action/detail/dds_fastrtps
[6.801s] -- Up-to-date: /home/yvxaiver/f1tenth_ws/install/teleop_tools_msgs/include/teleop_tools_msgs/msg
[6.802s] -- Up-to-date: /home/yvxaiver/f1tenth_ws/install/teleop_tools_msgs/include/teleop_tools_msgs/msg/rosidl_typesupport_fastrtps_cpp__visibility_control.h
[6.802s] -- Up-to-date: /home/yvxaiver/f1tenth_ws/install/teleop_tools_msgs/lib/libteleop_tools_msgs__rosidl_typesupport_fastrtps_cpp.so
[6.803s] -- Up-to-date: /home/yvxaiver/f1tenth_ws/install/teleop_tools_msgs/include/teleop_tools_msgs
[6.803s] -- Up-to-date: /home/yvxaiver/f1tenth_ws/install/teleop_tools_msgs/include/teleop_tools_msgs/action
[6.804s] -- Up-to-date: /home/yvxaiver/f1tenth_ws/install/teleop_tools_msgs/include/teleop_tools_msgs/action/detail
[6.804s] -- Up-to-date: /home/yvxaiver/f1tenth_ws/install/teleop_tools_msgs/include/teleop_tools_msgs/action/detail/increment__rosidl_typesupport_introspection_c.h
[6.804s] -- Up-to-date: /home/yvxaiver/f1tenth_ws/install/teleop_tools_msgs/include/teleop_tools_msgs/action/detail/increment__type_support.c
[6.816s] -- Up-to-date: /home/yvxaiver/f1tenth_ws/install/teleop_tools_msgs/include/teleop_tools_msgs/msg
[6.816s] -- Up-to-date: /home/yvxaiver/f1tenth_ws/install/teleop_tools_msgs/include/teleop_tools_msgs/msg/rosidl_typesupport_introspection_c__visibility_control.h
[6.817s] -- Up-to-date: /home/yvxaiver/f1tenth_ws/install/teleop_tools_msgs/lib/libteleop_tools_msgs__rosidl_typesupport_introspection_c.so
[6.819s] -- Up-to-date: /home/yvxaiver/f1tenth_ws/install/teleop_tools_msgs/lib/libteleop_tools_msgs__rosidl_typesupport_c.so
[6.820s] -- Up-to-date: /home/yvxaiver/f1tenth_ws/install/teleop_tools_msgs/include/teleop_tools_msgs
[6.821s] -- Up-to-date: /home/yvxaiver/f1tenth_ws/install/teleop_tools_msgs/include/teleop_tools_msgs/action
[6.823s] -- Up-to-date: /home/yvxaiver/f1tenth_ws/install/teleop_tools_msgs/include/teleop_tools_msgs/action/detail
[6.823s] -- Up-to-date: /home/yvxaiver/f1tenth_ws/install/teleop_tools_msgs/include/teleop_tools_msgs/action/detail/increment__traits.hpp
[6.824s] -- Up-to-date: /home/yvxaiver/f1tenth_ws/install/teleop_tools_msgs/include/teleop_tools_msgs/action/detail/increment__struct.hpp
[6.824s] -- Up-to-date: /home/yvxaiver/f1tenth_ws/install/teleop_tools_msgs/include/teleop_tools_msgs/action/detail/increment__builder.hpp
[6.824s] -- Up-to-date: /home/yvxaiver/f1tenth_ws/install/teleop_tools_msgs/include/teleop_tools_msgs/action/increment.hpp
[6.825s] -- Up-to-date: /home/yvxaiver/f1tenth_ws/install/teleop_tools_msgs/include/teleop_tools_msgs
[6.825s] -- Up-to-date: /home/yvxaiver/f1tenth_ws/install/teleop_tools_msgs/include/teleop_tools_msgs/action
[6.826s] -- Up-to-date: /home/yvxaiver/f1tenth_ws/install/teleop_tools_msgs/include/teleop_tools_msgs/action/detail
[6.826s] -- Up-to-date: /home/yvxaiver/f1tenth_ws/install/teleop_tools_msgs/include/teleop_tools_msgs/action/detail/increment__type_support.cpp
[6.827s] -- Up-to-date: /home/yvxaiver/f1tenth_ws/install/teleop_tools_msgs/include/teleop_tools_msgs/action/detail/increment__rosidl_typesupport_introspection_cpp.hpp
[6.829s] -- Up-to-date: /home/yvxaiver/f1tenth_ws/install/teleop_tools_msgs/lib/libteleop_tools_msgs__rosidl_typesupport_introspection_cpp.so
[6.839s] -- Up-to-date: /home/yvxaiver/f1tenth_ws/install/teleop_tools_msgs/lib/libteleop_tools_msgs__rosidl_typesupport_cpp.so
[6.840s] -- Up-to-date: /home/yvxaiver/f1tenth_ws/install/teleop_tools_msgs/share/teleop_tools_msgs/environment/pythonpath.sh
[6.840s] -- Up-to-date: /home/yvxaiver/f1tenth_ws/install/teleop_tools_msgs/share/teleop_tools_msgs/environment/pythonpath.dsv
[6.840s] -- Up-to-date: /home/yvxaiver/f1tenth_ws/install/teleop_tools_msgs/lib/python3.8/site-packages/teleop_tools_msgs/__init__.py
[7.139s] -- Up-to-date: /home/yvxaiver/f1tenth_ws/install/teleop_tools_msgs/lib/python3.8/site-packages/teleop_tools_msgs/action
[7.142s] -- Up-to-date: /home/yvxaiver/f1tenth_ws/install/teleop_tools_msgs/lib/python3.8/site-packages/teleop_tools_msgs/action/__init__.py
[7.142s] -- Up-to-date: /home/yvxaiver/f1tenth_ws/install/teleop_tools_msgs/lib/python3.8/site-packages/teleop_tools_msgs/action/_increment.py
[7.143s] -- Up-to-date: /home/yvxaiver/f1tenth_ws/install/teleop_tools_msgs/lib/python3.8/site-packages/teleop_tools_msgs/action/_increment_s.c
[7.148s] -- Up-to-date: /home/yvxaiver/f1tenth_ws/install/teleop_tools_msgs/lib/python3.8/site-packages/teleop_tools_msgs/teleop_tools_msgs_s__rosidl_typesupport_fastrtps_c.cpython-38-aarch64-linux-gnu.so
[7.153s] -- Up-to-date: /home/yvxaiver/f1tenth_ws/install/teleop_tools_msgs/lib/python3.8/site-packages/teleop_tools_msgs/teleop_tools_msgs_s__rosidl_typesupport_introspection_c.cpython-38-aarch64-linux-gnu.so
[7.158s] -- Up-to-date: /home/yvxaiver/f1tenth_ws/install/teleop_tools_msgs/lib/python3.8/site-packages/teleop_tools_msgs/teleop_tools_msgs_s__rosidl_typesupport_c.cpython-38-aarch64-linux-gnu.so
[7.162s] -- Up-to-date: /home/yvxaiver/f1tenth_ws/install/teleop_tools_msgs/lib/libteleop_tools_msgs__python.so
[7.165s] -- Up-to-date: /home/yvxaiver/f1tenth_ws/install/teleop_tools_msgs/share/teleop_tools_msgs/action/Increment.idl
[7.166s] -- Up-to-date: /home/yvxaiver/f1tenth_ws/install/teleop_tools_msgs/share/teleop_tools_msgs/action/Increment.action
[7.167s] -- Up-to-date: /home/yvxaiver/f1tenth_ws/install/teleop_tools_msgs/share/ament_index/resource_index/package_run_dependencies/teleop_tools_msgs
[7.168s] -- Up-to-date: /home/yvxaiver/f1tenth_ws/install/teleop_tools_msgs/share/ament_index/resource_index/parent_prefix_path/teleop_tools_msgs
[7.170s] -- Up-to-date: /home/yvxaiver/f1tenth_ws/install/teleop_tools_msgs/share/teleop_tools_msgs/environment/ament_prefix_path.sh
[7.172s] -- Up-to-date: /home/yvxaiver/f1tenth_ws/install/teleop_tools_msgs/share/teleop_tools_msgs/environment/ament_prefix_path.dsv
[7.173s] -- Up-to-date: /home/yvxaiver/f1tenth_ws/install/teleop_tools_msgs/share/teleop_tools_msgs/environment/path.sh
[7.174s] -- Up-to-date: /home/yvxaiver/f1tenth_ws/install/teleop_tools_msgs/share/teleop_tools_msgs/environment/path.dsv
[7.175s] -- Up-to-date: /home/yvxaiver/f1tenth_ws/install/teleop_tools_msgs/share/teleop_tools_msgs/local_setup.bash
[7.175s] -- Up-to-date: /home/yvxaiver/f1tenth_ws/install/teleop_tools_msgs/share/teleop_tools_msgs/local_setup.sh
[7.176s] -- Up-to-date: /home/yvxaiver/f1tenth_ws/install/teleop_tools_msgs/share/teleop_tools_msgs/local_setup.zsh
[7.176s] -- Up-to-date: /home/yvxaiver/f1tenth_ws/install/teleop_tools_msgs/share/teleop_tools_msgs/local_setup.dsv
[7.178s] -- Installing: /home/yvxaiver/f1tenth_ws/install/teleop_tools_msgs/share/teleop_tools_msgs/package.dsv
[7.179s] -- Up-to-date: /home/yvxaiver/f1tenth_ws/install/teleop_tools_msgs/share/ament_index/resource_index/packages/teleop_tools_msgs
[7.183s] -- Up-to-date: /home/yvxaiver/f1tenth_ws/install/teleop_tools_msgs/share/teleop_tools_msgs/cmake/teleop_tools_msgs__rosidl_generator_cExport.cmake
[7.184s] -- Up-to-date: /home/yvxaiver/f1tenth_ws/install/teleop_tools_msgs/share/teleop_tools_msgs/cmake/teleop_tools_msgs__rosidl_generator_cExport-noconfig.cmake
[7.186s] -- Up-to-date: /home/yvxaiver/f1tenth_ws/install/teleop_tools_msgs/share/teleop_tools_msgs/cmake/teleop_tools_msgs__rosidl_typesupport_introspection_cExport.cmake
[7.187s] -- Up-to-date: /home/yvxaiver/f1tenth_ws/install/teleop_tools_msgs/share/teleop_tools_msgs/cmake/teleop_tools_msgs__rosidl_typesupport_introspection_cExport-noconfig.cmake
[7.190s] -- Up-to-date: /home/yvxaiver/f1tenth_ws/install/teleop_tools_msgs/share/teleop_tools_msgs/cmake/teleop_tools_msgs__rosidl_typesupport_cExport.cmake
[7.191s] -- Up-to-date: /home/yvxaiver/f1tenth_ws/install/teleop_tools_msgs/share/teleop_tools_msgs/cmake/teleop_tools_msgs__rosidl_typesupport_cExport-noconfig.cmake
[7.192s] -- Up-to-date: /home/yvxaiver/f1tenth_ws/install/teleop_tools_msgs/share/teleop_tools_msgs/cmake/teleop_tools_msgs__rosidl_generator_cppExport.cmake
[7.194s] -- Up-to-date: /home/yvxaiver/f1tenth_ws/install/teleop_tools_msgs/share/teleop_tools_msgs/cmake/teleop_tools_msgs__rosidl_typesupport_introspection_cppExport.cmake
[7.195s] -- Up-to-date: /home/yvxaiver/f1tenth_ws/install/teleop_tools_msgs/share/teleop_tools_msgs/cmake/teleop_tools_msgs__rosidl_typesupport_introspection_cppExport-noconfig.cmake
[7.197s] -- Up-to-date: /home/yvxaiver/f1tenth_ws/install/teleop_tools_msgs/share/teleop_tools_msgs/cmake/teleop_tools_msgs__rosidl_typesupport_cppExport.cmake
[7.199s] -- Up-to-date: /home/yvxaiver/f1tenth_ws/install/teleop_tools_msgs/share/teleop_tools_msgs/cmake/teleop_tools_msgs__rosidl_typesupport_cppExport-noconfig.cmake
[7.200s] -- Up-to-date: /home/yvxaiver/f1tenth_ws/install/teleop_tools_msgs/share/teleop_tools_msgs/cmake/rosidl_cmake-extras.cmake
[7.201s] -- Up-to-date: /home/yvxaiver/f1tenth_ws/install/teleop_tools_msgs/share/teleop_tools_msgs/cmake/ament_cmake_export_dependencies-extras.cmake
[7.202s] -- Up-to-date: /home/yvxaiver/f1tenth_ws/install/teleop_tools_msgs/share/teleop_tools_msgs/cmake/ament_cmake_export_libraries-extras.cmake
[7.203s] -- Up-to-date: /home/yvxaiver/f1tenth_ws/install/teleop_tools_msgs/share/teleop_tools_msgs/cmake/ament_cmake_export_targets-extras.cmake
[7.204s] -- Up-to-date: /home/yvxaiver/f1tenth_ws/install/teleop_tools_msgs/share/teleop_tools_msgs/cmake/ament_cmake_export_include_directories-extras.cmake
[7.204s] -- Up-to-date: /home/yvxaiver/f1tenth_ws/install/teleop_tools_msgs/share/teleop_tools_msgs/cmake/rosidl_cmake_export_typesupport_libraries-extras.cmake
[7.209s] -- Up-to-date: /home/yvxaiver/f1tenth_ws/install/teleop_tools_msgs/share/teleop_tools_msgs/cmake/rosidl_cmake_export_typesupport_targets-extras.cmake
[7.210s] -- Up-to-date: /home/yvxaiver/f1tenth_ws/install/teleop_tools_msgs/share/teleop_tools_msgs/cmake/teleop_tools_msgsConfig.cmake
[7.211s] -- Up-to-date: /home/yvxaiver/f1tenth_ws/install/teleop_tools_msgs/share/teleop_tools_msgs/cmake/teleop_tools_msgsConfig-version.cmake
[7.211s] -- Up-to-date: /home/yvxaiver/f1tenth_ws/install/teleop_tools_msgs/share/teleop_tools_msgs/package.xml
[7.233s] Invoked command in '/home/yvxaiver/f1tenth_ws/build/teleop_tools_msgs' returned '0': CMAKE_PREFIX_PATH=${CMAKE_PREFIX_PATH}:/home/yvxaiver/f1tenth_ws/install/f1tenth_stack:/home/yvxaiver/f1tenth_ws/install/joy_teleop:/home/yvxaiver/f1tenth_ws/install/planned_path:/home/yvxaiver/f1tenth_ws/install/mouse_teleop:/home/yvxaiver/f1tenth_ws/install/lanenet_driver:/home/yvxaiver/f1tenth_ws/install/key_teleop:/home/yvxaiver/camera_ws/install/lanenet_postprocess:/home/yvxaiver/camera_ws/install/image_processor:/home/yvxaiver/camera_ws/install/inv_mux:/opt/ros/foxy /usr/bin/cmake --install /home/yvxaiver/f1tenth_ws/build/teleop_tools_msgs
