[3.769s] Invoking command in '/home/yvxaiver/f1tenth_ws/src/f1tenth_system/lanenet_driver': PYTHONPATH=/home/yvxaiver/f1tenth_ws/install/lanenet_driver/lib/python3.8/site-packages:${PYTHONPATH} /usr/bin/python3 setup.py egg_info --egg-base ../../../build/lanenet_driver build --build-base /home/yvxaiver/f1tenth_ws/build/lanenet_driver/build install --prefix /home/yvxaiver/f1tenth_ws/install/lanenet_driver --record /home/yvxaiver/f1tenth_ws/build/lanenet_driver/install.log --single-version-externally-managed
[5.041s] running egg_info
[5.043s] writing ../../../build/lanenet_driver/lanenet_driver.egg-info/PKG-INFO
[5.045s] writing dependency_links to ../../../build/lanenet_driver/lanenet_driver.egg-info/dependency_links.txt
[5.047s] writing entry points to ../../../build/lanenet_driver/lanenet_driver.egg-info/entry_points.txt
[5.049s] writing requirements to ../../../build/lanenet_driver/lanenet_driver.egg-info/requires.txt
[5.050s] writing top-level names to ../../../build/lanenet_driver/lanenet_driver.egg-info/top_level.txt
[5.230s] reading manifest file '../../../build/lanenet_driver/lanenet_driver.egg-info/SOURCES.txt'
[5.235s] writing manifest file '../../../build/lanenet_driver/lanenet_driver.egg-info/SOURCES.txt'
[5.237s] running build
[5.238s] running build_py
[5.240s] copying lanenet_driver/lanenet_driver_node.py -> /home/yvxaiver/f1tenth_ws/build/lanenet_driver/build/lib/lanenet_driver
[5.247s] running install
[5.250s] running install_lib
[5.254s] copying /home/yvxaiver/f1tenth_ws/build/lanenet_driver/build/lib/lanenet_driver/lanenet_driver_node.py -> /home/yvxaiver/f1tenth_ws/install/lanenet_driver/lib/python3.8/site-packages/lanenet_driver
[5.257s] byte-compiling /home/yvxaiver/f1tenth_ws/install/lanenet_driver/lib/python3.8/site-packages/lanenet_driver/lanenet_driver_node.py to lanenet_driver_node.cpython-38.pyc
[5.261s] running install_data
[5.264s] running install_egg_info
[5.274s] removing '/home/yvxaiver/f1tenth_ws/install/lanenet_driver/lib/python3.8/site-packages/lanenet_driver-0.0.0-py3.8.egg-info' (and everything under it)
[5.277s] Copying ../../../build/lanenet_driver/lanenet_driver.egg-info to /home/yvxaiver/f1tenth_ws/install/lanenet_driver/lib/python3.8/site-packages/lanenet_driver-0.0.0-py3.8.egg-info
[5.283s] running install_scripts
[5.355s] Installing lanenet_driver_node script to /home/yvxaiver/f1tenth_ws/install/lanenet_driver/lib/lanenet_driver
[5.357s] writing list of installed files to '/home/yvxaiver/f1tenth_ws/build/lanenet_driver/install.log'
[5.459s] Invoked command in '/home/yvxaiver/f1tenth_ws/src/f1tenth_system/lanenet_driver' returned '0': PYTHONPATH=/home/yvxaiver/f1tenth_ws/install/lanenet_driver/lib/python3.8/site-packages:${PYTHONPATH} /usr/bin/python3 setup.py egg_info --egg-base ../../../build/lanenet_driver build --build-base /home/yvxaiver/f1tenth_ws/build/lanenet_driver/build install --prefix /home/yvxaiver/f1tenth_ws/install/lanenet_driver --record /home/yvxaiver/f1tenth_ws/build/lanenet_driver/install.log --single-version-externally-managed
