[0.195s] Invoking command in '/home/yvxaiver/Desktop/f1tenth_ws/build/vesc_driver': AMENT_PREFIX_PATH=/home/yvxaiver/Desktop/f1tenth_ws/install/vesc_msgs:${AMENT_PREFIX_PATH} CMAKE_PREFIX_PATH=/home/yvxaiver/Desktop/f1tenth_ws/install/vesc_msgs:/home/yvxaiver/f1tenth_ws/install/vesc:/home/yvxaiver/f1tenth_ws/install/vesc_driver:/home/yvxaiver/f1tenth_ws/install/vesc_ackermann:/home/yvxaiver/f1tenth_ws/install/vesc_msgs:/home/yvxaiver/f1tenth_ws/install/v4l2_camera:/home/yvxaiver/f1tenth_ws/install/teleop_tools:/home/yvxaiver/f1tenth_ws/install/teleop_tools_msgs:/home/yvxaiver/f1tenth_ws/install/ackermann_mux:/home/yvxaiver/camera_ws/install/usb_camera_driver:/home/yvxaiver/camera_ws/install/usb_cam:/home/yvxaiver/camera_ws/install/camera_bringup:/home/yvxaiver/camera_ws/install/ros2_numpy:/home/yvxaiver/camera_ws/install/points_vector:/home/yvxaiver/camera_ws/install/lanenet_out:/home/yvxaiver/f1tenth_ws/install/f1tenth_stack:/home/yvxaiver/f1tenth_ws/install/joy_teleop:/home/yvxaiver/f1tenth_ws/install/planned_path:/home/yvxaiver/f1tenth_ws/install/mouse_teleop:/home/yvxaiver/f1tenth_ws/install/lanenet_driver:/home/yvxaiver/f1tenth_ws/install/key_teleop:/home/yvxaiver/camera_ws/install/lanenet_postprocess:/home/yvxaiver/camera_ws/install/image_processor:/home/yvxaiver/camera_ws/install/inv_mux:/opt/ros/foxy LD_LIBRARY_PATH=/home/yvxaiver/Desktop/f1tenth_ws/install/vesc_msgs/lib:/home/yvxaiver/f1tenth_ws/install/vesc_driver/lib:/home/yvxaiver/f1tenth_ws/install/vesc_ackermann/lib:/home/yvxaiver/f1tenth_ws/install/vesc_msgs/lib:/home/yvxaiver/f1tenth_ws/install/v4l2_camera/lib:/home/yvxaiver/f1tenth_ws/install/teleop_tools_msgs/lib:/home/yvxaiver/camera_ws/install/usb_camera_driver/lib:/home/yvxaiver/camera_ws/install/usb_cam/lib:/home/yvxaiver/camera_ws/install/points_vector/lib:/home/yvxaiver/camera_ws/install/lanenet_out/lib:/opt/ros/foxy/opt/yaml_cpp_vendor/lib:/opt/ros/foxy/opt/rviz_ogre_vendor/lib:/opt/ros/foxy/lib/aarch64-linux-gnu:/opt/ros/foxy/lib:/usr/local/cuda-11.4/lib64 PYTHONPATH=/home/yvxaiver/Desktop/f1tenth_ws/install/vesc_msgs/lib/python3.8/site-packages:${PYTHONPATH} /usr/bin/cmake --build /home/yvxaiver/Desktop/f1tenth_ws/build/vesc_driver -- -j6 -l6
[0.703s] [ 50%] Built target vesc_driver
[0.753s] [ 70%] Built target vesc_driver_node
[0.863s] [100%] Built target vesc_device_namer
[0.935s] Invoked command in '/home/yvxaiver/Desktop/f1tenth_ws/build/vesc_driver' returned '0': AMENT_PREFIX_PATH=/home/yvxaiver/Desktop/f1tenth_ws/install/vesc_msgs:${AMENT_PREFIX_PATH} CMAKE_PREFIX_PATH=/home/yvxaiver/Desktop/f1tenth_ws/install/vesc_msgs:/home/yvxaiver/f1tenth_ws/install/vesc:/home/yvxaiver/f1tenth_ws/install/vesc_driver:/home/yvxaiver/f1tenth_ws/install/vesc_ackermann:/home/yvxaiver/f1tenth_ws/install/vesc_msgs:/home/yvxaiver/f1tenth_ws/install/v4l2_camera:/home/yvxaiver/f1tenth_ws/install/teleop_tools:/home/yvxaiver/f1tenth_ws/install/teleop_tools_msgs:/home/yvxaiver/f1tenth_ws/install/ackermann_mux:/home/yvxaiver/camera_ws/install/usb_camera_driver:/home/yvxaiver/camera_ws/install/usb_cam:/home/yvxaiver/camera_ws/install/camera_bringup:/home/yvxaiver/camera_ws/install/ros2_numpy:/home/yvxaiver/camera_ws/install/points_vector:/home/yvxaiver/camera_ws/install/lanenet_out:/home/yvxaiver/f1tenth_ws/install/f1tenth_stack:/home/yvxaiver/f1tenth_ws/install/joy_teleop:/home/yvxaiver/f1tenth_ws/install/planned_path:/home/yvxaiver/f1tenth_ws/install/mouse_teleop:/home/yvxaiver/f1tenth_ws/install/lanenet_driver:/home/yvxaiver/f1tenth_ws/install/key_teleop:/home/yvxaiver/camera_ws/install/lanenet_postprocess:/home/yvxaiver/camera_ws/install/image_processor:/home/yvxaiver/camera_ws/install/inv_mux:/opt/ros/foxy LD_LIBRARY_PATH=/home/yvxaiver/Desktop/f1tenth_ws/install/vesc_msgs/lib:/home/yvxaiver/f1tenth_ws/install/vesc_driver/lib:/home/yvxaiver/f1tenth_ws/install/vesc_ackermann/lib:/home/yvxaiver/f1tenth_ws/install/vesc_msgs/lib:/home/yvxaiver/f1tenth_ws/install/v4l2_camera/lib:/home/yvxaiver/f1tenth_ws/install/teleop_tools_msgs/lib:/home/yvxaiver/camera_ws/install/usb_camera_driver/lib:/home/yvxaiver/camera_ws/install/usb_cam/lib:/home/yvxaiver/camera_ws/install/points_vector/lib:/home/yvxaiver/camera_ws/install/lanenet_out/lib:/opt/ros/foxy/opt/yaml_cpp_vendor/lib:/opt/ros/foxy/opt/rviz_ogre_vendor/lib:/opt/ros/foxy/lib/aarch64-linux-gnu:/opt/ros/foxy/lib:/usr/local/cuda-11.4/lib64 PYTHONPATH=/home/yvxaiver/Desktop/f1tenth_ws/install/vesc_msgs/lib/python3.8/site-packages:${PYTHONPATH} /usr/bin/cmake --build /home/yvxaiver/Desktop/f1tenth_ws/build/vesc_driver -- -j6 -l6
[1.352s] Invoking command in '/home/yvxaiver/Desktop/f1tenth_ws/build/vesc_driver': AMENT_PREFIX_PATH=/home/yvxaiver/Desktop/f1tenth_ws/install/vesc_msgs:${AMENT_PREFIX_PATH} CMAKE_PREFIX_PATH=/home/yvxaiver/Desktop/f1tenth_ws/install/vesc_msgs:/home/yvxaiver/f1tenth_ws/install/vesc:/home/yvxaiver/f1tenth_ws/install/vesc_driver:/home/yvxaiver/f1tenth_ws/install/vesc_ackermann:/home/yvxaiver/f1tenth_ws/install/vesc_msgs:/home/yvxaiver/f1tenth_ws/install/v4l2_camera:/home/yvxaiver/f1tenth_ws/install/teleop_tools:/home/yvxaiver/f1tenth_ws/install/teleop_tools_msgs:/home/yvxaiver/f1tenth_ws/install/ackermann_mux:/home/yvxaiver/camera_ws/install/usb_camera_driver:/home/yvxaiver/camera_ws/install/usb_cam:/home/yvxaiver/camera_ws/install/camera_bringup:/home/yvxaiver/camera_ws/install/ros2_numpy:/home/yvxaiver/camera_ws/install/points_vector:/home/yvxaiver/camera_ws/install/lanenet_out:/home/yvxaiver/f1tenth_ws/install/f1tenth_stack:/home/yvxaiver/f1tenth_ws/install/joy_teleop:/home/yvxaiver/f1tenth_ws/install/planned_path:/home/yvxaiver/f1tenth_ws/install/mouse_teleop:/home/yvxaiver/f1tenth_ws/install/lanenet_driver:/home/yvxaiver/f1tenth_ws/install/key_teleop:/home/yvxaiver/camera_ws/install/lanenet_postprocess:/home/yvxaiver/camera_ws/install/image_processor:/home/yvxaiver/camera_ws/install/inv_mux:/opt/ros/foxy LD_LIBRARY_PATH=/home/yvxaiver/Desktop/f1tenth_ws/install/vesc_msgs/lib:/home/yvxaiver/f1tenth_ws/install/vesc_driver/lib:/home/yvxaiver/f1tenth_ws/install/vesc_ackermann/lib:/home/yvxaiver/f1tenth_ws/install/vesc_msgs/lib:/home/yvxaiver/f1tenth_ws/install/v4l2_camera/lib:/home/yvxaiver/f1tenth_ws/install/teleop_tools_msgs/lib:/home/yvxaiver/camera_ws/install/usb_camera_driver/lib:/home/yvxaiver/camera_ws/install/usb_cam/lib:/home/yvxaiver/camera_ws/install/points_vector/lib:/home/yvxaiver/camera_ws/install/lanenet_out/lib:/opt/ros/foxy/opt/yaml_cpp_vendor/lib:/opt/ros/foxy/opt/rviz_ogre_vendor/lib:/opt/ros/foxy/lib/aarch64-linux-gnu:/opt/ros/foxy/lib:/usr/local/cuda-11.4/lib64 PYTHONPATH=/home/yvxaiver/Desktop/f1tenth_ws/install/vesc_msgs/lib/python3.8/site-packages:${PYTHONPATH} /usr/bin/cmake --install /home/yvxaiver/Desktop/f1tenth_ws/build/vesc_driver
[1.412s] -- Install configuration: ""
[1.417s] -- Up-to-date: /home/yvxaiver/Desktop/f1tenth_ws/install/vesc_driver/lib/vesc_driver/vesc_driver_node
[1.421s] -- Up-to-date: /home/yvxaiver/Desktop/f1tenth_ws/install/vesc_driver/include
[1.421s] -- Up-to-date: /home/yvxaiver/Desktop/f1tenth_ws/install/vesc_driver/include/vesc_driver
[1.422s] -- Up-to-date: /home/yvxaiver/Desktop/f1tenth_ws/install/vesc_driver/include/vesc_driver/crc.hpp
[1.423s] -- Up-to-date: /home/yvxaiver/Desktop/f1tenth_ws/install/vesc_driver/include/vesc_driver/vesc_packet.hpp
[1.423s] -- Up-to-date: /home/yvxaiver/Desktop/f1tenth_ws/install/vesc_driver/include/vesc_driver/vesc_driver.hpp
[1.424s] -- Up-to-date: /home/yvxaiver/Desktop/f1tenth_ws/install/vesc_driver/include/vesc_driver/vesc_packet_factory.hpp
[1.424s] -- Up-to-date: /home/yvxaiver/Desktop/f1tenth_ws/install/vesc_driver/include/vesc_driver/vesc_device_uuid_lookup.hpp
[1.425s] -- Up-to-date: /home/yvxaiver/Desktop/f1tenth_ws/install/vesc_driver/include/vesc_driver/vesc_interface.hpp
[1.426s] -- Up-to-date: /home/yvxaiver/Desktop/f1tenth_ws/install/vesc_driver/include/vesc_driver/datatypes.hpp
[1.427s] -- Up-to-date: /home/yvxaiver/Desktop/f1tenth_ws/install/vesc_driver/share/vesc_driver/environment/library_path.sh
[1.427s] -- Up-to-date: /home/yvxaiver/Desktop/f1tenth_ws/install/vesc_driver/share/vesc_driver/environment/library_path.dsv
[1.428s] -- Up-to-date: /home/yvxaiver/Desktop/f1tenth_ws/install/vesc_driver/lib/libvesc_driver.so
[1.429s] -- Up-to-date: /home/yvxaiver/Desktop/f1tenth_ws/install/vesc_driver/lib/vesc_driver/vesc_device_namer
[1.431s] -- Up-to-date: /home/yvxaiver/Desktop/f1tenth_ws/install/vesc_driver/share/vesc_driver/launch
[1.436s] -- Up-to-date: /home/yvxaiver/Desktop/f1tenth_ws/install/vesc_driver/share/vesc_driver/launch/vesc_driver_node.launch.py
[1.438s] -- Up-to-date: /home/yvxaiver/Desktop/f1tenth_ws/install/vesc_driver/share/vesc_driver/params
[1.438s] -- Up-to-date: /home/yvxaiver/Desktop/f1tenth_ws/install/vesc_driver/share/vesc_driver/params/vesc_config.yaml
[1.439s] -- Up-to-date: /home/yvxaiver/Desktop/f1tenth_ws/install/vesc_driver/share/ament_index/resource_index/package_run_dependencies/vesc_driver
[1.439s] -- Up-to-date: /home/yvxaiver/Desktop/f1tenth_ws/install/vesc_driver/share/ament_index/resource_index/parent_prefix_path/vesc_driver
[1.440s] -- Up-to-date: /home/yvxaiver/Desktop/f1tenth_ws/install/vesc_driver/share/vesc_driver/environment/ament_prefix_path.sh
[1.440s] -- Up-to-date: /home/yvxaiver/Desktop/f1tenth_ws/install/vesc_driver/share/vesc_driver/environment/ament_prefix_path.dsv
[1.441s] -- Up-to-date: /home/yvxaiver/Desktop/f1tenth_ws/install/vesc_driver/share/vesc_driver/environment/path.sh
[1.442s] -- Up-to-date: /home/yvxaiver/Desktop/f1tenth_ws/install/vesc_driver/share/vesc_driver/environment/path.dsv
[1.443s] -- Up-to-date: /home/yvxaiver/Desktop/f1tenth_ws/install/vesc_driver/share/vesc_driver/local_setup.bash
[1.443s] -- Up-to-date: /home/yvxaiver/Desktop/f1tenth_ws/install/vesc_driver/share/vesc_driver/local_setup.sh
[1.444s] -- Up-to-date: /home/yvxaiver/Desktop/f1tenth_ws/install/vesc_driver/share/vesc_driver/local_setup.zsh
[1.444s] -- Up-to-date: /home/yvxaiver/Desktop/f1tenth_ws/install/vesc_driver/share/vesc_driver/local_setup.dsv
[1.444s] -- Installing: /home/yvxaiver/Desktop/f1tenth_ws/install/vesc_driver/share/vesc_driver/package.dsv
[1.458s] -- Up-to-date: /home/yvxaiver/Desktop/f1tenth_ws/install/vesc_driver/share/ament_index/resource_index/packages/vesc_driver
[1.459s] -- Up-to-date: /home/yvxaiver/Desktop/f1tenth_ws/install/vesc_driver/share/ament_index/resource_index/rclcpp_components/vesc_driver
[1.459s] -- Up-to-date: /home/yvxaiver/Desktop/f1tenth_ws/install/vesc_driver/share/vesc_driver/cmake/ament_cmake_export_dependencies-extras.cmake
[1.460s] -- Up-to-date: /home/yvxaiver/Desktop/f1tenth_ws/install/vesc_driver/share/vesc_driver/cmake/ament_cmake_export_include_directories-extras.cmake
[1.460s] -- Up-to-date: /home/yvxaiver/Desktop/f1tenth_ws/install/vesc_driver/share/vesc_driver/cmake/ament_cmake_export_libraries-extras.cmake
[1.461s] -- Up-to-date: /home/yvxaiver/Desktop/f1tenth_ws/install/vesc_driver/share/vesc_driver/cmake/vesc_driverConfig.cmake
[1.461s] -- Up-to-date: /home/yvxaiver/Desktop/f1tenth_ws/install/vesc_driver/share/vesc_driver/cmake/vesc_driverConfig-version.cmake
[1.462s] -- Up-to-date: /home/yvxaiver/Desktop/f1tenth_ws/install/vesc_driver/share/vesc_driver/package.xml
[1.463s] Invoked command in '/home/yvxaiver/Desktop/f1tenth_ws/build/vesc_driver' returned '0': AMENT_PREFIX_PATH=/home/yvxaiver/Desktop/f1tenth_ws/install/vesc_msgs:${AMENT_PREFIX_PATH} CMAKE_PREFIX_PATH=/home/yvxaiver/Desktop/f1tenth_ws/install/vesc_msgs:/home/yvxaiver/f1tenth_ws/install/vesc:/home/yvxaiver/f1tenth_ws/install/vesc_driver:/home/yvxaiver/f1tenth_ws/install/vesc_ackermann:/home/yvxaiver/f1tenth_ws/install/vesc_msgs:/home/yvxaiver/f1tenth_ws/install/v4l2_camera:/home/yvxaiver/f1tenth_ws/install/teleop_tools:/home/yvxaiver/f1tenth_ws/install/teleop_tools_msgs:/home/yvxaiver/f1tenth_ws/install/ackermann_mux:/home/yvxaiver/camera_ws/install/usb_camera_driver:/home/yvxaiver/camera_ws/install/usb_cam:/home/yvxaiver/camera_ws/install/camera_bringup:/home/yvxaiver/camera_ws/install/ros2_numpy:/home/yvxaiver/camera_ws/install/points_vector:/home/yvxaiver/camera_ws/install/lanenet_out:/home/yvxaiver/f1tenth_ws/install/f1tenth_stack:/home/yvxaiver/f1tenth_ws/install/joy_teleop:/home/yvxaiver/f1tenth_ws/install/planned_path:/home/yvxaiver/f1tenth_ws/install/mouse_teleop:/home/yvxaiver/f1tenth_ws/install/lanenet_driver:/home/yvxaiver/f1tenth_ws/install/key_teleop:/home/yvxaiver/camera_ws/install/lanenet_postprocess:/home/yvxaiver/camera_ws/install/image_processor:/home/yvxaiver/camera_ws/install/inv_mux:/opt/ros/foxy LD_LIBRARY_PATH=/home/yvxaiver/Desktop/f1tenth_ws/install/vesc_msgs/lib:/home/yvxaiver/f1tenth_ws/install/vesc_driver/lib:/home/yvxaiver/f1tenth_ws/install/vesc_ackermann/lib:/home/yvxaiver/f1tenth_ws/install/vesc_msgs/lib:/home/yvxaiver/f1tenth_ws/install/v4l2_camera/lib:/home/yvxaiver/f1tenth_ws/install/teleop_tools_msgs/lib:/home/yvxaiver/camera_ws/install/usb_camera_driver/lib:/home/yvxaiver/camera_ws/install/usb_cam/lib:/home/yvxaiver/camera_ws/install/points_vector/lib:/home/yvxaiver/camera_ws/install/lanenet_out/lib:/opt/ros/foxy/opt/yaml_cpp_vendor/lib:/opt/ros/foxy/opt/rviz_ogre_vendor/lib:/opt/ros/foxy/lib/aarch64-linux-gnu:/opt/ros/foxy/lib:/usr/local/cuda-11.4/lib64 PYTHONPATH=/home/yvxaiver/Desktop/f1tenth_ws/install/vesc_msgs/lib/python3.8/site-packages:${PYTHONPATH} /usr/bin/cmake --install /home/yvxaiver/Desktop/f1tenth_ws/build/vesc_driver
