[4.366s] Invoking command in '/home/yvxaiver/f1tenth_ws/src/f1tenth_system/lanenet_driver': PYTHONPATH=/home/yvxaiver/f1tenth_ws/build/lanenet_driver/prefix_override:/home/yvxaiver/f1tenth_ws/install/lanenet_driver/lib/python3.8/site-packages:${PYTHONPATH} /usr/bin/python3 setup.py egg_info --egg-base ../../../build/lanenet_driver build --build-base /home/yvxaiver/f1tenth_ws/build/lanenet_driver/build install --record /home/yvxaiver/f1tenth_ws/build/lanenet_driver/install.log --install-scripts $base/lib/lanenet_driver --single-version-externally-managed
[5.935s] running egg_info
[5.936s] writing ../../../build/lanenet_driver/lanenet_driver.egg-info/PKG-INFO
[5.938s] writing dependency_links to ../../../build/lanenet_driver/lanenet_driver.egg-info/dependency_links.txt
[5.939s] writing entry points to ../../../build/lanenet_driver/lanenet_driver.egg-info/entry_points.txt
[5.940s] writing requirements to ../../../build/lanenet_driver/lanenet_driver.egg-info/requires.txt
[5.940s] writing top-level names to ../../../build/lanenet_driver/lanenet_driver.egg-info/top_level.txt
[6.167s] reading manifest file '../../../build/lanenet_driver/lanenet_driver.egg-info/SOURCES.txt'
[6.176s] writing manifest file '../../../build/lanenet_driver/lanenet_driver.egg-info/SOURCES.txt'
[6.177s] running build
[6.178s] running build_py
[6.180s] copying lanenet_driver/lanenet_driver_node.py -> /home/yvxaiver/f1tenth_ws/build/lanenet_driver/build/lib/lanenet_driver
[6.182s] copying lanenet_driver/stanley_controller/stanley_controller.py -> /home/yvxaiver/f1tenth_ws/build/lanenet_driver/build/lib/lanenet_driver/stanley_controller
[6.183s] running install
[6.188s] running install_lib
[6.196s] copying /home/yvxaiver/f1tenth_ws/build/lanenet_driver/build/lib/lanenet_driver/stanley_controller/stanley_controller.py -> /home/yvxaiver/f1tenth_ws/install/lanenet_driver/lib/python3.8/site-packages/lanenet_driver/stanley_controller
[6.197s] copying /home/yvxaiver/f1tenth_ws/build/lanenet_driver/build/lib/lanenet_driver/lanenet_driver_node.py -> /home/yvxaiver/f1tenth_ws/install/lanenet_driver/lib/python3.8/site-packages/lanenet_driver
[6.200s] byte-compiling /home/yvxaiver/f1tenth_ws/install/lanenet_driver/lib/python3.8/site-packages/lanenet_driver/stanley_controller/stanley_controller.py to stanley_controller.cpython-38.pyc
[6.216s] byte-compiling /home/yvxaiver/f1tenth_ws/install/lanenet_driver/lib/python3.8/site-packages/lanenet_driver/lanenet_driver_node.py to lanenet_driver_node.cpython-38.pyc
[6.227s] running install_data
[6.229s] running install_egg_info
[6.235s] removing '/home/yvxaiver/f1tenth_ws/install/lanenet_driver/lib/python3.8/site-packages/lanenet_driver-0.0.0-py3.8.egg-info' (and everything under it)
[6.238s] Copying ../../../build/lanenet_driver/lanenet_driver.egg-info to /home/yvxaiver/f1tenth_ws/install/lanenet_driver/lib/python3.8/site-packages/lanenet_driver-0.0.0-py3.8.egg-info
[6.246s] running install_scripts
[6.324s] Installing lanenet_driver_node script to /home/yvxaiver/f1tenth_ws/install/lanenet_driver/lib/lanenet_driver
[6.330s] writing list of installed files to '/home/yvxaiver/f1tenth_ws/build/lanenet_driver/install.log'
[6.445s] Invoked command in '/home/yvxaiver/f1tenth_ws/src/f1tenth_system/lanenet_driver' returned '0': PYTHONPATH=/home/yvxaiver/f1tenth_ws/build/lanenet_driver/prefix_override:/home/yvxaiver/f1tenth_ws/install/lanenet_driver/lib/python3.8/site-packages:${PYTHONPATH} /usr/bin/python3 setup.py egg_info --egg-base ../../../build/lanenet_driver build --build-base /home/yvxaiver/f1tenth_ws/build/lanenet_driver/build install --record /home/yvxaiver/f1tenth_ws/build/lanenet_driver/install.log --install-scripts $base/lib/lanenet_driver --single-version-externally-managed
