[2.296s] DEBUG:colcon:Command line arguments: ['/usr/bin/colcon', 'build', '--packages-select', 'vesc_device_namer.cpp']
[2.296s] DEBUG:colcon:Parsed command line arguments: Namespace(allow_overriding=[], ament_cmake_args=None, base_paths=['.'], build_base='build', catkin_cmake_args=None, catkin_skip_building_tests=False, cmake_args=None, cmake_clean_cache=False, cmake_clean_first=False, cmake_force_configure=False, cmake_target=None, cmake_target_skip_unavailable=False, continue_on_error=False, event_handlers=None, executor='parallel', ignore_user_meta=False, install_base='install', log_base=None, log_level=None, main=<bound method BuildVerb.main of <colcon_core.verb.build.BuildVerb object at 0xffff857f05e0>>, merge_install=False, metas=['./colcon.meta'], packages_above=None, packages_above_and_dependencies=None, packages_above_depth=None, packages_end=None, packages_ignore=None, packages_ignore_regex=None, packages_select=['vesc_device_namer.cpp'], packages_select_build_failed=False, packages_select_by_dep=None, packages_select_regex=None, packages_select_test_failures=False, packages_skip=None, packages_skip_build_finished=False, packages_skip_by_dep=None, packages_skip_regex=None, packages_skip_test_passed=False, packages_skip_up_to=None, packages_start=None, packages_up_to=None, packages_up_to_regex=None, parallel_workers=6, paths=None, symlink_install=False, test_result_base=None, verb_extension=<colcon_core.verb.build.BuildVerb object at 0xffff857f05e0>, verb_name='build', verb_parser=<colcon_defaults.argument_parser.defaults.DefaultArgumentsDecorator object at 0xffff857f0b20>)
[2.554s] Level 1:colcon.colcon_core.package_discovery:discover_packages(colcon_meta) check parameters
[2.554s] Level 1:colcon.colcon_core.package_discovery:discover_packages(recursive) check parameters
[2.555s] Level 1:colcon.colcon_core.package_discovery:discover_packages(ignore) check parameters
[2.555s] Level 1:colcon.colcon_core.package_discovery:discover_packages(path) check parameters
[2.555s] Level 1:colcon.colcon_core.package_discovery:discover_packages(colcon_meta) discover
[2.556s] Level 1:colcon.colcon_core.package_discovery:discover_packages(recursive) discover
[2.556s] INFO:colcon.colcon_core.package_discovery:Crawling recursively for packages in '/home/yvxaiver/f1tenth_ws/src'
[2.556s] Level 1:colcon.colcon_core.package_identification:_identify(.) by extensions ['ignore', 'ignore_ament_install']
[2.557s] Level 1:colcon.colcon_core.package_identification:_identify(.) by extension 'ignore'
[2.557s] Level 1:colcon.colcon_core.package_identification:_identify(.) by extension 'ignore_ament_install'
[2.557s] Level 1:colcon.colcon_core.package_identification:_identify(.) by extensions ['colcon_pkg']
[2.558s] Level 1:colcon.colcon_core.package_identification:_identify(.) by extension 'colcon_pkg'
[2.558s] Level 1:colcon.colcon_core.package_identification:_identify(.) by extensions ['colcon_meta']
[2.558s] Level 1:colcon.colcon_core.package_identification:_identify(.) by extension 'colcon_meta'
[2.558s] Level 1:colcon.colcon_core.package_identification:_identify(.) by extensions ['ros']
[2.558s] Level 1:colcon.colcon_core.package_identification:_identify(.) by extension 'ros'
[2.633s] Level 1:colcon.colcon_core.package_identification:_identify(.) by extensions ['cmake', 'python']
[2.633s] Level 1:colcon.colcon_core.package_identification:_identify(.) by extension 'cmake'
[2.634s] Level 1:colcon.colcon_core.package_identification:_identify(.) by extension 'python'
[2.634s] Level 1:colcon.colcon_core.package_identification:_identify(.) by extensions ['python_setup_py']
[2.634s] Level 1:colcon.colcon_core.package_identification:_identify(.) by extension 'python_setup_py'
[2.635s] Level 1:colcon.colcon_core.package_identification:_identify(build) by extensions ['ignore', 'ignore_ament_install']
[2.635s] Level 1:colcon.colcon_core.package_identification:_identify(build) by extension 'ignore'
[2.636s] Level 1:colcon.colcon_core.package_identification:_identify(build) ignored
[2.636s] Level 1:colcon.colcon_core.package_identification:_identify(f1tenth_system) by extensions ['ignore', 'ignore_ament_install']
[2.637s] Level 1:colcon.colcon_core.package_identification:_identify(f1tenth_system) by extension 'ignore'
[2.637s] Level 1:colcon.colcon_core.package_identification:_identify(f1tenth_system) by extension 'ignore_ament_install'
[2.637s] Level 1:colcon.colcon_core.package_identification:_identify(f1tenth_system) by extensions ['colcon_pkg']
[2.638s] Level 1:colcon.colcon_core.package_identification:_identify(f1tenth_system) by extension 'colcon_pkg'
[2.638s] Level 1:colcon.colcon_core.package_identification:_identify(f1tenth_system) by extensions ['colcon_meta']
[2.638s] Level 1:colcon.colcon_core.package_identification:_identify(f1tenth_system) by extension 'colcon_meta'
[2.638s] Level 1:colcon.colcon_core.package_identification:_identify(f1tenth_system) by extensions ['ros']
[2.638s] Level 1:colcon.colcon_core.package_identification:_identify(f1tenth_system) by extension 'ros'
[2.639s] Level 1:colcon.colcon_core.package_identification:_identify(f1tenth_system) by extensions ['cmake', 'python']
[2.639s] Level 1:colcon.colcon_core.package_identification:_identify(f1tenth_system) by extension 'cmake'
[2.639s] Level 1:colcon.colcon_core.package_identification:_identify(f1tenth_system) by extension 'python'
[2.640s] Level 1:colcon.colcon_core.package_identification:_identify(f1tenth_system) by extensions ['python_setup_py']
[2.640s] Level 1:colcon.colcon_core.package_identification:_identify(f1tenth_system) by extension 'python_setup_py'
[2.640s] Level 1:colcon.colcon_core.package_identification:_identify(f1tenth_system/ackermann_mux) by extensions ['ignore', 'ignore_ament_install']
[2.641s] Level 1:colcon.colcon_core.package_identification:_identify(f1tenth_system/ackermann_mux) by extension 'ignore'
[2.641s] Level 1:colcon.colcon_core.package_identification:_identify(f1tenth_system/ackermann_mux) by extension 'ignore_ament_install'
[2.641s] Level 1:colcon.colcon_core.package_identification:_identify(f1tenth_system/ackermann_mux) by extensions ['colcon_pkg']
[2.642s] Level 1:colcon.colcon_core.package_identification:_identify(f1tenth_system/ackermann_mux) by extension 'colcon_pkg'
[2.642s] Level 1:colcon.colcon_core.package_identification:_identify(f1tenth_system/ackermann_mux) by extensions ['colcon_meta']
[2.642s] Level 1:colcon.colcon_core.package_identification:_identify(f1tenth_system/ackermann_mux) by extension 'colcon_meta'
[2.642s] Level 1:colcon.colcon_core.package_identification:_identify(f1tenth_system/ackermann_mux) by extensions ['ros']
[2.642s] Level 1:colcon.colcon_core.package_identification:_identify(f1tenth_system/ackermann_mux) by extension 'ros'
[2.662s] DEBUG:colcon.colcon_core.package_identification:Package 'f1tenth_system/ackermann_mux' with type 'ros.ament_cmake' and name 'ackermann_mux'
[2.663s] Level 1:colcon.colcon_core.package_identification:_identify(f1tenth_system/f1tenth_stack) by extensions ['ignore', 'ignore_ament_install']
[2.664s] Level 1:colcon.colcon_core.package_identification:_identify(f1tenth_system/f1tenth_stack) by extension 'ignore'
[2.664s] Level 1:colcon.colcon_core.package_identification:_identify(f1tenth_system/f1tenth_stack) by extension 'ignore_ament_install'
[2.664s] Level 1:colcon.colcon_core.package_identification:_identify(f1tenth_system/f1tenth_stack) by extensions ['colcon_pkg']
[2.664s] Level 1:colcon.colcon_core.package_identification:_identify(f1tenth_system/f1tenth_stack) by extension 'colcon_pkg'
[2.665s] Level 1:colcon.colcon_core.package_identification:_identify(f1tenth_system/f1tenth_stack) by extensions ['colcon_meta']
[2.665s] Level 1:colcon.colcon_core.package_identification:_identify(f1tenth_system/f1tenth_stack) by extension 'colcon_meta'
[2.665s] Level 1:colcon.colcon_core.package_identification:_identify(f1tenth_system/f1tenth_stack) by extensions ['ros']
[2.665s] Level 1:colcon.colcon_core.package_identification:_identify(f1tenth_system/f1tenth_stack) by extension 'ros'
[2.672s] DEBUG:colcon.colcon_core.package_identification:Package 'f1tenth_system/f1tenth_stack' with type 'ros.ament_python' and name 'f1tenth_stack'
[2.673s] Level 1:colcon.colcon_core.package_identification:_identify(f1tenth_system/lanenet_driver) by extensions ['ignore', 'ignore_ament_install']
[2.673s] Level 1:colcon.colcon_core.package_identification:_identify(f1tenth_system/lanenet_driver) by extension 'ignore'
[2.674s] Level 1:colcon.colcon_core.package_identification:_identify(f1tenth_system/lanenet_driver) by extension 'ignore_ament_install'
[2.674s] Level 1:colcon.colcon_core.package_identification:_identify(f1tenth_system/lanenet_driver) by extensions ['colcon_pkg']
[2.674s] Level 1:colcon.colcon_core.package_identification:_identify(f1tenth_system/lanenet_driver) by extension 'colcon_pkg'
[2.675s] Level 1:colcon.colcon_core.package_identification:_identify(f1tenth_system/lanenet_driver) by extensions ['colcon_meta']
[2.675s] Level 1:colcon.colcon_core.package_identification:_identify(f1tenth_system/lanenet_driver) by extension 'colcon_meta'
[2.675s] Level 1:colcon.colcon_core.package_identification:_identify(f1tenth_system/lanenet_driver) by extensions ['ros']
[2.675s] Level 1:colcon.colcon_core.package_identification:_identify(f1tenth_system/lanenet_driver) by extension 'ros'
[2.680s] DEBUG:colcon.colcon_core.package_identification:Package 'f1tenth_system/lanenet_driver' with type 'ros.ament_python' and name 'lanenet_driver'
[2.681s] Level 1:colcon.colcon_core.package_identification:_identify(f1tenth_system/planned_path) by extensions ['ignore', 'ignore_ament_install']
[2.681s] Level 1:colcon.colcon_core.package_identification:_identify(f1tenth_system/planned_path) by extension 'ignore'
[2.681s] Level 1:colcon.colcon_core.package_identification:_identify(f1tenth_system/planned_path) by extension 'ignore_ament_install'
[2.682s] Level 1:colcon.colcon_core.package_identification:_identify(f1tenth_system/planned_path) by extensions ['colcon_pkg']
[2.682s] Level 1:colcon.colcon_core.package_identification:_identify(f1tenth_system/planned_path) by extension 'colcon_pkg'
[2.682s] Level 1:colcon.colcon_core.package_identification:_identify(f1tenth_system/planned_path) by extensions ['colcon_meta']
[2.682s] Level 1:colcon.colcon_core.package_identification:_identify(f1tenth_system/planned_path) by extension 'colcon_meta'
[2.683s] Level 1:colcon.colcon_core.package_identification:_identify(f1tenth_system/planned_path) by extensions ['ros']
[2.683s] Level 1:colcon.colcon_core.package_identification:_identify(f1tenth_system/planned_path) by extension 'ros'
[2.686s] DEBUG:colcon.colcon_core.package_identification:Package 'f1tenth_system/planned_path' with type 'ros.ament_python' and name 'planned_path'
[2.687s] Level 1:colcon.colcon_core.package_identification:_identify(f1tenth_system/scripts) by extensions ['ignore', 'ignore_ament_install']
[2.687s] Level 1:colcon.colcon_core.package_identification:_identify(f1tenth_system/scripts) by extension 'ignore'
[2.688s] Level 1:colcon.colcon_core.package_identification:_identify(f1tenth_system/scripts) by extension 'ignore_ament_install'
[2.688s] Level 1:colcon.colcon_core.package_identification:_identify(f1tenth_system/scripts) by extensions ['colcon_pkg']
[2.688s] Level 1:colcon.colcon_core.package_identification:_identify(f1tenth_system/scripts) by extension 'colcon_pkg'
[2.689s] Level 1:colcon.colcon_core.package_identification:_identify(f1tenth_system/scripts) by extensions ['colcon_meta']
[2.689s] Level 1:colcon.colcon_core.package_identification:_identify(f1tenth_system/scripts) by extension 'colcon_meta'
[2.689s] Level 1:colcon.colcon_core.package_identification:_identify(f1tenth_system/scripts) by extensions ['ros']
[2.689s] Level 1:colcon.colcon_core.package_identification:_identify(f1tenth_system/scripts) by extension 'ros'
[2.689s] Level 1:colcon.colcon_core.package_identification:_identify(f1tenth_system/scripts) by extensions ['cmake', 'python']
[2.690s] Level 1:colcon.colcon_core.package_identification:_identify(f1tenth_system/scripts) by extension 'cmake'
[2.690s] Level 1:colcon.colcon_core.package_identification:_identify(f1tenth_system/scripts) by extension 'python'
[2.690s] Level 1:colcon.colcon_core.package_identification:_identify(f1tenth_system/scripts) by extensions ['python_setup_py']
[2.690s] Level 1:colcon.colcon_core.package_identification:_identify(f1tenth_system/scripts) by extension 'python_setup_py'
[2.691s] Level 1:colcon.colcon_core.package_identification:_identify(f1tenth_system/teleop_tools) by extensions ['ignore', 'ignore_ament_install']
[2.691s] Level 1:colcon.colcon_core.package_identification:_identify(f1tenth_system/teleop_tools) by extension 'ignore'
[2.692s] Level 1:colcon.colcon_core.package_identification:_identify(f1tenth_system/teleop_tools) by extension 'ignore_ament_install'
[2.692s] Level 1:colcon.colcon_core.package_identification:_identify(f1tenth_system/teleop_tools) by extensions ['colcon_pkg']
[2.692s] Level 1:colcon.colcon_core.package_identification:_identify(f1tenth_system/teleop_tools) by extension 'colcon_pkg'
[2.692s] Level 1:colcon.colcon_core.package_identification:_identify(f1tenth_system/teleop_tools) by extensions ['colcon_meta']
[2.692s] Level 1:colcon.colcon_core.package_identification:_identify(f1tenth_system/teleop_tools) by extension 'colcon_meta'
[2.693s] Level 1:colcon.colcon_core.package_identification:_identify(f1tenth_system/teleop_tools) by extensions ['ros']
[2.693s] Level 1:colcon.colcon_core.package_identification:_identify(f1tenth_system/teleop_tools) by extension 'ros'
[2.693s] Level 1:colcon.colcon_core.package_identification:_identify(f1tenth_system/teleop_tools) by extensions ['cmake', 'python']
[2.693s] Level 1:colcon.colcon_core.package_identification:_identify(f1tenth_system/teleop_tools) by extension 'cmake'
[2.694s] Level 1:colcon.colcon_core.package_identification:_identify(f1tenth_system/teleop_tools) by extension 'python'
[2.694s] Level 1:colcon.colcon_core.package_identification:_identify(f1tenth_system/teleop_tools) by extensions ['python_setup_py']
[2.694s] Level 1:colcon.colcon_core.package_identification:_identify(f1tenth_system/teleop_tools) by extension 'python_setup_py'
[2.695s] Level 1:colcon.colcon_core.package_identification:_identify(f1tenth_system/teleop_tools/joy_teleop) by extensions ['ignore', 'ignore_ament_install']
[2.695s] Level 1:colcon.colcon_core.package_identification:_identify(f1tenth_system/teleop_tools/joy_teleop) by extension 'ignore'
[2.695s] Level 1:colcon.colcon_core.package_identification:_identify(f1tenth_system/teleop_tools/joy_teleop) by extension 'ignore_ament_install'
[2.696s] Level 1:colcon.colcon_core.package_identification:_identify(f1tenth_system/teleop_tools/joy_teleop) by extensions ['colcon_pkg']
[2.696s] Level 1:colcon.colcon_core.package_identification:_identify(f1tenth_system/teleop_tools/joy_teleop) by extension 'colcon_pkg'
[2.696s] Level 1:colcon.colcon_core.package_identification:_identify(f1tenth_system/teleop_tools/joy_teleop) by extensions ['colcon_meta']
[2.696s] Level 1:colcon.colcon_core.package_identification:_identify(f1tenth_system/teleop_tools/joy_teleop) by extension 'colcon_meta'
[2.696s] Level 1:colcon.colcon_core.package_identification:_identify(f1tenth_system/teleop_tools/joy_teleop) by extensions ['ros']
[2.697s] Level 1:colcon.colcon_core.package_identification:_identify(f1tenth_system/teleop_tools/joy_teleop) by extension 'ros'
[2.703s] DEBUG:colcon.colcon_core.package_identification:Package 'f1tenth_system/teleop_tools/joy_teleop' with type 'ros.ament_python' and name 'joy_teleop'
[2.704s] Level 1:colcon.colcon_core.package_identification:_identify(f1tenth_system/teleop_tools/key_teleop) by extensions ['ignore', 'ignore_ament_install']
[2.704s] Level 1:colcon.colcon_core.package_identification:_identify(f1tenth_system/teleop_tools/key_teleop) by extension 'ignore'
[2.705s] Level 1:colcon.colcon_core.package_identification:_identify(f1tenth_system/teleop_tools/key_teleop) by extension 'ignore_ament_install'
[2.705s] Level 1:colcon.colcon_core.package_identification:_identify(f1tenth_system/teleop_tools/key_teleop) by extensions ['colcon_pkg']
[2.705s] Level 1:colcon.colcon_core.package_identification:_identify(f1tenth_system/teleop_tools/key_teleop) by extension 'colcon_pkg'
[2.705s] Level 1:colcon.colcon_core.package_identification:_identify(f1tenth_system/teleop_tools/key_teleop) by extensions ['colcon_meta']
[2.706s] Level 1:colcon.colcon_core.package_identification:_identify(f1tenth_system/teleop_tools/key_teleop) by extension 'colcon_meta'
[2.706s] Level 1:colcon.colcon_core.package_identification:_identify(f1tenth_system/teleop_tools/key_teleop) by extensions ['ros']
[2.706s] Level 1:colcon.colcon_core.package_identification:_identify(f1tenth_system/teleop_tools/key_teleop) by extension 'ros'
[2.710s] DEBUG:colcon.colcon_core.package_identification:Package 'f1tenth_system/teleop_tools/key_teleop' with type 'ros.ament_python' and name 'key_teleop'
[2.710s] Level 1:colcon.colcon_core.package_identification:_identify(f1tenth_system/teleop_tools/mouse_teleop) by extensions ['ignore', 'ignore_ament_install']
[2.711s] Level 1:colcon.colcon_core.package_identification:_identify(f1tenth_system/teleop_tools/mouse_teleop) by extension 'ignore'
[2.711s] Level 1:colcon.colcon_core.package_identification:_identify(f1tenth_system/teleop_tools/mouse_teleop) by extension 'ignore_ament_install'
[2.711s] Level 1:colcon.colcon_core.package_identification:_identify(f1tenth_system/teleop_tools/mouse_teleop) by extensions ['colcon_pkg']
[2.712s] Level 1:colcon.colcon_core.package_identification:_identify(f1tenth_system/teleop_tools/mouse_teleop) by extension 'colcon_pkg'
[2.712s] Level 1:colcon.colcon_core.package_identification:_identify(f1tenth_system/teleop_tools/mouse_teleop) by extensions ['colcon_meta']
[2.712s] Level 1:colcon.colcon_core.package_identification:_identify(f1tenth_system/teleop_tools/mouse_teleop) by extension 'colcon_meta'
[2.712s] Level 1:colcon.colcon_core.package_identification:_identify(f1tenth_system/teleop_tools/mouse_teleop) by extensions ['ros']
[2.712s] Level 1:colcon.colcon_core.package_identification:_identify(f1tenth_system/teleop_tools/mouse_teleop) by extension 'ros'
[2.716s] DEBUG:colcon.colcon_core.package_identification:Package 'f1tenth_system/teleop_tools/mouse_teleop' with type 'ros.ament_python' and name 'mouse_teleop'
[2.717s] Level 1:colcon.colcon_core.package_identification:_identify(f1tenth_system/teleop_tools/teleop_tools) by extensions ['ignore', 'ignore_ament_install']
[2.717s] Level 1:colcon.colcon_core.package_identification:_identify(f1tenth_system/teleop_tools/teleop_tools) by extension 'ignore'
[2.718s] Level 1:colcon.colcon_core.package_identification:_identify(f1tenth_system/teleop_tools/teleop_tools) by extension 'ignore_ament_install'
[2.718s] Level 1:colcon.colcon_core.package_identification:_identify(f1tenth_system/teleop_tools/teleop_tools) by extensions ['colcon_pkg']
[2.718s] Level 1:colcon.colcon_core.package_identification:_identify(f1tenth_system/teleop_tools/teleop_tools) by extension 'colcon_pkg'
[2.718s] Level 1:colcon.colcon_core.package_identification:_identify(f1tenth_system/teleop_tools/teleop_tools) by extensions ['colcon_meta']
[2.719s] Level 1:colcon.colcon_core.package_identification:_identify(f1tenth_system/teleop_tools/teleop_tools) by extension 'colcon_meta'
[2.719s] Level 1:colcon.colcon_core.package_identification:_identify(f1tenth_system/teleop_tools/teleop_tools) by extensions ['ros']
[2.719s] Level 1:colcon.colcon_core.package_identification:_identify(f1tenth_system/teleop_tools/teleop_tools) by extension 'ros'
[2.722s] DEBUG:colcon.colcon_core.package_identification:Package 'f1tenth_system/teleop_tools/teleop_tools' with type 'ros.ament_cmake' and name 'teleop_tools'
[2.723s] Level 1:colcon.colcon_core.package_identification:_identify(f1tenth_system/teleop_tools/teleop_tools_msgs) by extensions ['ignore', 'ignore_ament_install']
[2.723s] Level 1:colcon.colcon_core.package_identification:_identify(f1tenth_system/teleop_tools/teleop_tools_msgs) by extension 'ignore'
[2.724s] Level 1:colcon.colcon_core.package_identification:_identify(f1tenth_system/teleop_tools/teleop_tools_msgs) by extension 'ignore_ament_install'
[2.724s] Level 1:colcon.colcon_core.package_identification:_identify(f1tenth_system/teleop_tools/teleop_tools_msgs) by extensions ['colcon_pkg']
[2.724s] Level 1:colcon.colcon_core.package_identification:_identify(f1tenth_system/teleop_tools/teleop_tools_msgs) by extension 'colcon_pkg'
[2.724s] Level 1:colcon.colcon_core.package_identification:_identify(f1tenth_system/teleop_tools/teleop_tools_msgs) by extensions ['colcon_meta']
[2.725s] Level 1:colcon.colcon_core.package_identification:_identify(f1tenth_system/teleop_tools/teleop_tools_msgs) by extension 'colcon_meta'
[2.725s] Level 1:colcon.colcon_core.package_identification:_identify(f1tenth_system/teleop_tools/teleop_tools_msgs) by extensions ['ros']
[2.725s] Level 1:colcon.colcon_core.package_identification:_identify(f1tenth_system/teleop_tools/teleop_tools_msgs) by extension 'ros'
[2.729s] DEBUG:colcon.colcon_core.package_identification:Package 'f1tenth_system/teleop_tools/teleop_tools_msgs' with type 'ros.ament_cmake' and name 'teleop_tools_msgs'
[2.729s] Level 1:colcon.colcon_core.package_identification:_identify(f1tenth_system/vesc) by extensions ['ignore', 'ignore_ament_install']
[2.729s] Level 1:colcon.colcon_core.package_identification:_identify(f1tenth_system/vesc) by extension 'ignore'
[2.730s] Level 1:colcon.colcon_core.package_identification:_identify(f1tenth_system/vesc) by extension 'ignore_ament_install'
[2.730s] Level 1:colcon.colcon_core.package_identification:_identify(f1tenth_system/vesc) by extensions ['colcon_pkg']
[2.730s] Level 1:colcon.colcon_core.package_identification:_identify(f1tenth_system/vesc) by extension 'colcon_pkg'
[2.730s] Level 1:colcon.colcon_core.package_identification:_identify(f1tenth_system/vesc) by extensions ['colcon_meta']
[2.731s] Level 1:colcon.colcon_core.package_identification:_identify(f1tenth_system/vesc) by extension 'colcon_meta'
[2.731s] Level 1:colcon.colcon_core.package_identification:_identify(f1tenth_system/vesc) by extensions ['ros']
[2.731s] Level 1:colcon.colcon_core.package_identification:_identify(f1tenth_system/vesc) by extension 'ros'
[2.732s] Level 1:colcon.colcon_core.package_identification:_identify(f1tenth_system/vesc) by extensions ['cmake', 'python']
[2.732s] Level 1:colcon.colcon_core.package_identification:_identify(f1tenth_system/vesc) by extension 'cmake'
[2.732s] Level 1:colcon.colcon_core.package_identification:_identify(f1tenth_system/vesc) by extension 'python'
[2.732s] Level 1:colcon.colcon_core.package_identification:_identify(f1tenth_system/vesc) by extensions ['python_setup_py']
[2.732s] Level 1:colcon.colcon_core.package_identification:_identify(f1tenth_system/vesc) by extension 'python_setup_py'
[2.733s] Level 1:colcon.colcon_core.package_identification:_identify(f1tenth_system/vesc/vesc) by extensions ['ignore', 'ignore_ament_install']
[2.733s] Level 1:colcon.colcon_core.package_identification:_identify(f1tenth_system/vesc/vesc) by extension 'ignore'
[2.734s] Level 1:colcon.colcon_core.package_identification:_identify(f1tenth_system/vesc/vesc) by extension 'ignore_ament_install'
[2.734s] Level 1:colcon.colcon_core.package_identification:_identify(f1tenth_system/vesc/vesc) by extensions ['colcon_pkg']
[2.734s] Level 1:colcon.colcon_core.package_identification:_identify(f1tenth_system/vesc/vesc) by extension 'colcon_pkg'
[2.734s] Level 1:colcon.colcon_core.package_identification:_identify(f1tenth_system/vesc/vesc) by extensions ['colcon_meta']
[2.735s] Level 1:colcon.colcon_core.package_identification:_identify(f1tenth_system/vesc/vesc) by extension 'colcon_meta'
[2.735s] Level 1:colcon.colcon_core.package_identification:_identify(f1tenth_system/vesc/vesc) by extensions ['ros']
[2.735s] Level 1:colcon.colcon_core.package_identification:_identify(f1tenth_system/vesc/vesc) by extension 'ros'
[2.739s] DEBUG:colcon.colcon_core.package_identification:Package 'f1tenth_system/vesc/vesc' with type 'ros.ament_cmake' and name 'vesc'
[2.740s] Level 1:colcon.colcon_core.package_identification:_identify(f1tenth_system/vesc/vesc_ackermann) by extensions ['ignore', 'ignore_ament_install']
[2.740s] Level 1:colcon.colcon_core.package_identification:_identify(f1tenth_system/vesc/vesc_ackermann) by extension 'ignore'
[2.740s] Level 1:colcon.colcon_core.package_identification:_identify(f1tenth_system/vesc/vesc_ackermann) by extension 'ignore_ament_install'
[2.741s] Level 1:colcon.colcon_core.package_identification:_identify(f1tenth_system/vesc/vesc_ackermann) by extensions ['colcon_pkg']
[2.741s] Level 1:colcon.colcon_core.package_identification:_identify(f1tenth_system/vesc/vesc_ackermann) by extension 'colcon_pkg'
[2.741s] Level 1:colcon.colcon_core.package_identification:_identify(f1tenth_system/vesc/vesc_ackermann) by extensions ['colcon_meta']
[2.741s] Level 1:colcon.colcon_core.package_identification:_identify(f1tenth_system/vesc/vesc_ackermann) by extension 'colcon_meta'
[2.742s] Level 1:colcon.colcon_core.package_identification:_identify(f1tenth_system/vesc/vesc_ackermann) by extensions ['ros']
[2.742s] Level 1:colcon.colcon_core.package_identification:_identify(f1tenth_system/vesc/vesc_ackermann) by extension 'ros'
[2.749s] DEBUG:colcon.colcon_core.package_identification:Package 'f1tenth_system/vesc/vesc_ackermann' with type 'ros.ament_cmake' and name 'vesc_ackermann'
[2.749s] Level 1:colcon.colcon_core.package_identification:_identify(f1tenth_system/vesc/vesc_driver) by extensions ['ignore', 'ignore_ament_install']
[2.750s] Level 1:colcon.colcon_core.package_identification:_identify(f1tenth_system/vesc/vesc_driver) by extension 'ignore'
[2.750s] Level 1:colcon.colcon_core.package_identification:_identify(f1tenth_system/vesc/vesc_driver) by extension 'ignore_ament_install'
[2.750s] Level 1:colcon.colcon_core.package_identification:_identify(f1tenth_system/vesc/vesc_driver) by extensions ['colcon_pkg']
[2.750s] Level 1:colcon.colcon_core.package_identification:_identify(f1tenth_system/vesc/vesc_driver) by extension 'colcon_pkg'
[2.751s] Level 1:colcon.colcon_core.package_identification:_identify(f1tenth_system/vesc/vesc_driver) by extensions ['colcon_meta']
[2.751s] Level 1:colcon.colcon_core.package_identification:_identify(f1tenth_system/vesc/vesc_driver) by extension 'colcon_meta'
[2.751s] Level 1:colcon.colcon_core.package_identification:_identify(f1tenth_system/vesc/vesc_driver) by extensions ['ros']
[2.751s] Level 1:colcon.colcon_core.package_identification:_identify(f1tenth_system/vesc/vesc_driver) by extension 'ros'
[2.758s] DEBUG:colcon.colcon_core.package_identification:Package 'f1tenth_system/vesc/vesc_driver' with type 'ros.ament_cmake' and name 'vesc_driver'
[2.759s] Level 1:colcon.colcon_core.package_identification:_identify(f1tenth_system/vesc/vesc_msgs) by extensions ['ignore', 'ignore_ament_install']
[2.761s] Level 1:colcon.colcon_core.package_identification:_identify(f1tenth_system/vesc/vesc_msgs) by extension 'ignore'
[2.761s] Level 1:colcon.colcon_core.package_identification:_identify(f1tenth_system/vesc/vesc_msgs) by extension 'ignore_ament_install'
[2.762s] Level 1:colcon.colcon_core.package_identification:_identify(f1tenth_system/vesc/vesc_msgs) by extensions ['colcon_pkg']
[2.762s] Level 1:colcon.colcon_core.package_identification:_identify(f1tenth_system/vesc/vesc_msgs) by extension 'colcon_pkg'
[2.762s] Level 1:colcon.colcon_core.package_identification:_identify(f1tenth_system/vesc/vesc_msgs) by extensions ['colcon_meta']
[2.763s] Level 1:colcon.colcon_core.package_identification:_identify(f1tenth_system/vesc/vesc_msgs) by extension 'colcon_meta'
[2.763s] Level 1:colcon.colcon_core.package_identification:_identify(f1tenth_system/vesc/vesc_msgs) by extensions ['ros']
[2.763s] Level 1:colcon.colcon_core.package_identification:_identify(f1tenth_system/vesc/vesc_msgs) by extension 'ros'
[2.769s] DEBUG:colcon.colcon_core.package_identification:Package 'f1tenth_system/vesc/vesc_msgs' with type 'ros.ament_cmake' and name 'vesc_msgs'
[2.769s] Level 1:colcon.colcon_core.package_identification:_identify(install) by extensions ['ignore', 'ignore_ament_install']
[2.770s] Level 1:colcon.colcon_core.package_identification:_identify(install) by extension 'ignore'
[2.770s] Level 1:colcon.colcon_core.package_identification:_identify(install) ignored
[2.770s] Level 1:colcon.colcon_core.package_identification:_identify(log) by extensions ['ignore', 'ignore_ament_install']
[2.771s] Level 1:colcon.colcon_core.package_identification:_identify(log) by extension 'ignore'
[2.771s] Level 1:colcon.colcon_core.package_identification:_identify(log) ignored
[2.771s] Level 1:colcon.colcon_core.package_discovery:discover_packages(recursive) using defaults
[2.772s] Level 1:colcon.colcon_core.package_discovery:discover_packages(ignore) discover
[2.772s] Level 1:colcon.colcon_core.package_discovery:discover_packages(ignore) using defaults
[2.772s] Level 1:colcon.colcon_core.package_discovery:discover_packages(path) discover
[2.772s] Level 1:colcon.colcon_core.package_discovery:discover_packages(path) using defaults
[2.781s] WARNING:colcon.colcon_core.package_selection:ignoring unknown package 'vesc_device_namer.cpp' in --packages-select
[2.942s] INFO:colcon.colcon_core.package_selection:Skipping not selected package 'ackermann_mux' in 'f1tenth_system/ackermann_mux'
[2.942s] INFO:colcon.colcon_core.package_selection:Skipping not selected package 'key_teleop' in 'f1tenth_system/teleop_tools/key_teleop'
[2.942s] INFO:colcon.colcon_core.package_selection:Skipping not selected package 'lanenet_driver' in 'f1tenth_system/lanenet_driver'
[2.942s] INFO:colcon.colcon_core.package_selection:Skipping not selected package 'mouse_teleop' in 'f1tenth_system/teleop_tools/mouse_teleop'
[2.943s] INFO:colcon.colcon_core.package_selection:Skipping not selected package 'planned_path' in 'f1tenth_system/planned_path'
[2.943s] INFO:colcon.colcon_core.package_selection:Skipping not selected package 'teleop_tools_msgs' in 'f1tenth_system/teleop_tools/teleop_tools_msgs'
[2.943s] INFO:colcon.colcon_core.package_selection:Skipping not selected package 'vesc_msgs' in 'f1tenth_system/vesc/vesc_msgs'
[2.943s] INFO:colcon.colcon_core.package_selection:Skipping not selected package 'joy_teleop' in 'f1tenth_system/teleop_tools/joy_teleop'
[2.943s] INFO:colcon.colcon_core.package_selection:Skipping not selected package 'vesc_ackermann' in 'f1tenth_system/vesc/vesc_ackermann'
[2.943s] INFO:colcon.colcon_core.package_selection:Skipping not selected package 'vesc_driver' in 'f1tenth_system/vesc/vesc_driver'
[2.943s] INFO:colcon.colcon_core.package_selection:Skipping not selected package 'teleop_tools' in 'f1tenth_system/teleop_tools/teleop_tools'
[2.944s] INFO:colcon.colcon_core.package_selection:Skipping not selected package 'vesc' in 'f1tenth_system/vesc/vesc'
[2.944s] INFO:colcon.colcon_core.package_selection:Skipping not selected package 'f1tenth_stack' in 'f1tenth_system/f1tenth_stack'
[2.950s] Level 1:colcon.colcon_core.package_discovery:discover_packages(prefix_path) check parameters
[2.951s] Level 1:colcon.colcon_core.package_discovery:discover_packages(prefix_path) discover
[2.981s] DEBUG:colcon.colcon_installed_package_information.package_discovery:Found 9 installed packages in /home/yvxaiver/camera_ws/install
[2.989s] DEBUG:colcon.colcon_installed_package_information.package_discovery:Found 14 installed packages in /home/yvxaiver/f1tenth_ws/install
[3.001s] DEBUG:colcon.colcon_installed_package_information.package_discovery:Found 283 installed packages in /opt/ros/foxy
[3.011s] Level 1:colcon.colcon_core.package_discovery:discover_packages(prefix_path) using defaults
[3.486s] INFO:colcon.colcon_core.executor:Executing jobs using 'parallel' executor
[3.510s] DEBUG:colcon.colcon_parallel_executor.executor.parallel:run_until_complete
[3.511s] DEBUG:colcon.colcon_parallel_executor.executor.parallel:closing loop
[3.512s] DEBUG:colcon.colcon_parallel_executor.executor.parallel:loop closed
[3.512s] DEBUG:colcon.colcon_parallel_executor.executor.parallel:run_until_complete finished with '0'
[3.512s] DEBUG:colcon.colcon_core.event_reactor:joining thread
[3.546s] INFO:colcon.colcon_core.plugin_system:Skipping extension 'colcon_notification.desktop_notification.terminal_notifier': Not used on non-Darwin systems
[3.547s] INFO:colcon.colcon_core.plugin_system:Skipping extension 'colcon_notification.desktop_notification.win32': Not used on non-Windows systems
[3.547s] INFO:colcon.colcon_notification.desktop_notification:Sending desktop notification using 'notify2'
[3.620s] DEBUG:colcon.colcon_core.event_reactor:joined thread
[3.672s] INFO:colcon.colcon_core.plugin_system:Skipping extension 'colcon_core.shell.bat': Not used on non-Windows systems
[3.673s] INFO:colcon.colcon_core.shell:Creating prefix script '/home/yvxaiver/f1tenth_ws/src/install/local_setup.ps1'
[3.679s] INFO:colcon.colcon_core.shell:Creating prefix util module '/home/yvxaiver/f1tenth_ws/src/install/_local_setup_util_ps1.py'
[3.686s] INFO:colcon.colcon_core.shell:Creating prefix chain script '/home/yvxaiver/f1tenth_ws/src/install/setup.ps1'
[3.703s] INFO:colcon.colcon_core.shell:Creating prefix script '/home/yvxaiver/f1tenth_ws/src/install/local_setup.sh'
[3.706s] INFO:colcon.colcon_core.shell:Creating prefix util module '/home/yvxaiver/f1tenth_ws/src/install/_local_setup_util_sh.py'
[3.708s] INFO:colcon.colcon_core.shell:Creating prefix chain script '/home/yvxaiver/f1tenth_ws/src/install/setup.sh'
[3.724s] INFO:colcon.colcon_core.shell:Creating prefix script '/home/yvxaiver/f1tenth_ws/src/install/local_setup.bash'
[3.728s] INFO:colcon.colcon_core.shell:Creating prefix chain script '/home/yvxaiver/f1tenth_ws/src/install/setup.bash'
[3.746s] INFO:colcon.colcon_core.shell:Creating prefix script '/home/yvxaiver/f1tenth_ws/src/install/local_setup.zsh'
[3.749s] INFO:colcon.colcon_core.shell:Creating prefix chain script '/home/yvxaiver/f1tenth_ws/src/install/setup.zsh'
