[9.505s] Invoking command in '/home/yvxaiver/f1tenth_ws/src/f1tenth_system/teleop_tools/key_teleop': PYTHONPATH=/home/yvxaiver/f1tenth_ws/build/key_teleop/prefix_override:/home/yvxaiver/f1tenth_ws/install/key_teleop/lib/python3.8/site-packages:${PYTHONPATH} /usr/bin/python3 setup.py egg_info --egg-base ../../../../build/key_teleop build --build-base /home/yvxaiver/f1tenth_ws/build/key_teleop/build install --record /home/yvxaiver/f1tenth_ws/build/key_teleop/install.log --install-scripts $base/lib/key_teleop --single-version-externally-managed
[11.478s] running egg_info
[11.483s] writing ../../../../build/key_teleop/key_teleop.egg-info/PKG-INFO
[11.489s] writing dependency_links to ../../../../build/key_teleop/key_teleop.egg-info/dependency_links.txt
[11.491s] writing entry points to ../../../../build/key_teleop/key_teleop.egg-info/entry_points.txt
[11.492s] writing requirements to ../../../../build/key_teleop/key_teleop.egg-info/requires.txt
[11.493s] writing top-level names to ../../../../build/key_teleop/key_teleop.egg-info/top_level.txt
[11.740s] reading manifest file '../../../../build/key_teleop/key_teleop.egg-info/SOURCES.txt'
[11.749s] writing manifest file '../../../../build/key_teleop/key_teleop.egg-info/SOURCES.txt'
[11.751s] running build
[11.752s] running build_py
[11.754s] running install
[11.762s] running install_lib
[11.782s] running install_data
[11.782s] running install_egg_info
[11.789s] removing '/home/yvxaiver/f1tenth_ws/install/key_teleop/lib/python3.8/site-packages/key_teleop-0.3.0-py3.8.egg-info' (and everything under it)
[11.795s] Copying ../../../../build/key_teleop/key_teleop.egg-info to /home/yvxaiver/f1tenth_ws/install/key_teleop/lib/python3.8/site-packages/key_teleop-0.3.0-py3.8.egg-info
[11.813s] running install_scripts
[11.899s] Installing key_teleop script to /home/yvxaiver/f1tenth_ws/install/key_teleop/lib/key_teleop
[11.902s] writing list of installed files to '/home/yvxaiver/f1tenth_ws/build/key_teleop/install.log'
[12.310s] Invoked command in '/home/yvxaiver/f1tenth_ws/src/f1tenth_system/teleop_tools/key_teleop' returned '0': PYTHONPATH=/home/yvxaiver/f1tenth_ws/build/key_teleop/prefix_override:/home/yvxaiver/f1tenth_ws/install/key_teleop/lib/python3.8/site-packages:${PYTHONPATH} /usr/bin/python3 setup.py egg_info --egg-base ../../../../build/key_teleop build --build-base /home/yvxaiver/f1tenth_ws/build/key_teleop/build install --record /home/yvxaiver/f1tenth_ws/build/key_teleop/install.log --install-scripts $base/lib/key_teleop --single-version-externally-managed
