[0.169s] Invoking command in '/home/yvxaiver/Desktop/f1tenth_ws/build/vesc_ackermann': AMENT_PREFIX_PATH=/home/yvxaiver/Desktop/f1tenth_ws/install/vesc_msgs:${AMENT_PREFIX_PATH} CMAKE_PREFIX_PATH=/home/yvxaiver/Desktop/f1tenth_ws/install/vesc_msgs:/home/yvxaiver/f1tenth_ws/install/vesc:/home/yvxaiver/f1tenth_ws/install/vesc_driver:/home/yvxaiver/f1tenth_ws/install/vesc_ackermann:/home/yvxaiver/f1tenth_ws/install/vesc_msgs:/home/yvxaiver/f1tenth_ws/install/v4l2_camera:/home/yvxaiver/f1tenth_ws/install/teleop_tools:/home/yvxaiver/f1tenth_ws/install/teleop_tools_msgs:/home/yvxaiver/f1tenth_ws/install/ackermann_mux:/home/yvxaiver/camera_ws/install/usb_camera_driver:/home/yvxaiver/camera_ws/install/usb_cam:/home/yvxaiver/camera_ws/install/camera_bringup:/home/yvxaiver/camera_ws/install/ros2_numpy:/home/yvxaiver/camera_ws/install/points_vector:/home/yvxaiver/camera_ws/install/lanenet_out:/home/yvxaiver/f1tenth_ws/install/f1tenth_stack:/home/yvxaiver/f1tenth_ws/install/joy_teleop:/home/yvxaiver/f1tenth_ws/install/planned_path:/home/yvxaiver/f1tenth_ws/install/mouse_teleop:/home/yvxaiver/f1tenth_ws/install/lanenet_driver:/home/yvxaiver/f1tenth_ws/install/key_teleop:/home/yvxaiver/camera_ws/install/lanenet_postprocess:/home/yvxaiver/camera_ws/install/image_processor:/home/yvxaiver/camera_ws/install/inv_mux:/opt/ros/foxy LD_LIBRARY_PATH=/home/yvxaiver/Desktop/f1tenth_ws/install/vesc_msgs/lib:/home/yvxaiver/f1tenth_ws/install/vesc_driver/lib:/home/yvxaiver/f1tenth_ws/install/vesc_ackermann/lib:/home/yvxaiver/f1tenth_ws/install/vesc_msgs/lib:/home/yvxaiver/f1tenth_ws/install/v4l2_camera/lib:/home/yvxaiver/f1tenth_ws/install/teleop_tools_msgs/lib:/home/yvxaiver/camera_ws/install/usb_camera_driver/lib:/home/yvxaiver/camera_ws/install/usb_cam/lib:/home/yvxaiver/camera_ws/install/points_vector/lib:/home/yvxaiver/camera_ws/install/lanenet_out/lib:/opt/ros/foxy/opt/yaml_cpp_vendor/lib:/opt/ros/foxy/opt/rviz_ogre_vendor/lib:/opt/ros/foxy/lib/aarch64-linux-gnu:/opt/ros/foxy/lib:/usr/local/cuda-11.4/lib64 PYTHONPATH=/home/yvxaiver/Desktop/f1tenth_ws/install/vesc_msgs/lib/python3.8/site-packages:${PYTHONPATH} /usr/bin/cmake /home/yvxaiver/Desktop/f1tenth_ws/src/f1tenth_system/vesc/vesc_ackermann -DCMAKE_INSTALL_PREFIX=/home/yvxaiver/Desktop/f1tenth_ws/install/vesc_ackermann
[0.536s] -- The C compiler identification is GNU 9.4.0
[0.886s] -- The CXX compiler identification is GNU 9.4.0
[0.918s] -- Check for working C compiler: /usr/bin/cc
[1.337s] -- Check for working C compiler: /usr/bin/cc -- works
[1.341s] -- Detecting C compiler ABI info
[1.747s] -- Detecting C compiler ABI info - done
[1.812s] -- Detecting C compile features
[1.813s] -- Detecting C compile features - done
[1.824s] -- Check for working CXX compiler: /usr/bin/c++
[2.282s] -- Check for working CXX compiler: /usr/bin/c++ -- works
[2.288s] -- Detecting CXX compiler ABI info
[2.744s] -- Detecting CXX compiler ABI info - done
[2.805s] -- Detecting CXX compile features
[2.807s] -- Detecting CXX compile features - done
[2.830s] -- Found ament_cmake_auto: 0.9.12 (/opt/ros/foxy/share/ament_cmake_auto/cmake)
[3.028s] -- Found PythonInterp: /usr/bin/python3 (found suitable version "3.8.10", minimum required is "3") 
[3.028s] -- Using PYTHON_EXECUTABLE: /usr/bin/python3
[5.073s] -- Using all available rosidl_typesupport_c: rosidl_typesupport_fastrtps_c;rosidl_typesupport_introspection_c
[5.145s] -- Found rosidl_adapter: 1.3.1 (/opt/ros/foxy/share/rosidl_adapter/cmake)
[5.722s] -- Found OpenSSL: /usr/lib/aarch64-linux-gnu/libcrypto.so (found version "1.1.1f")  
[5.880s] -- Found FastRTPS: /opt/ros/foxy/include  
[6.379s] -- Using all available rosidl_typesupport_cpp: rosidl_typesupport_fastrtps_cpp;rosidl_typesupport_introspection_cpp
[7.862s] -- Found rmw_implementation_cmake: 1.0.4 (/opt/ros/foxy/share/rmw_implementation_cmake/cmake)
[7.874s] -- Using RMW implementation 'rmw_fastrtps_cpp' as default
[7.878s] -- Looking for pthread.h
[8.323s] -- Looking for pthread.h - found
[8.324s] -- Performing Test CMAKE_HAVE_LIBC_PTHREAD
[8.783s] -- Performing Test CMAKE_HAVE_LIBC_PTHREAD - Failed
[8.785s] -- Looking for pthread_create in pthreads
[9.144s] -- Looking for pthread_create in pthreads - not found
[9.145s] -- Looking for pthread_create in pthread
[9.553s] -- Looking for pthread_create in pthread - found
[9.559s] -- Found Threads: TRUE  
[12.539s] -- Found ament_lint_auto: 0.9.8 (/opt/ros/foxy/share/ament_lint_auto/cmake)
[12.754s] -- Added test 'copyright' to check source files copyright and LICENSE
[12.765s] -- Added test 'cppcheck' to perform static code analysis on C / C++ code
[12.766s] -- Configured cppcheck include dirs: /home/yvxaiver/Desktop/f1tenth_ws/src/f1tenth_system/vesc/vesc_ackermann/include
[12.766s] -- Configured cppcheck exclude dirs and/or files: 
[12.774s] -- Added test 'cpplint' to check C / C++ code against the Google style
[12.774s] -- Configured cpplint exclude dirs and/or files: 
[12.780s] -- Added test 'lint_cmake' to check CMake code style
[12.788s] -- Added test 'uncrustify' to check C / C++ code style
[12.789s] -- Configured uncrustify additional arguments: 
[12.793s] -- Added test 'xmllint' to check XML markup files
[12.827s] -- Configuring done
[12.954s] -- Generating done
[12.965s] -- Build files have been written to: /home/yvxaiver/Desktop/f1tenth_ws/build/vesc_ackermann
[13.010s] Invoked command in '/home/yvxaiver/Desktop/f1tenth_ws/build/vesc_ackermann' returned '0': AMENT_PREFIX_PATH=/home/yvxaiver/Desktop/f1tenth_ws/install/vesc_msgs:${AMENT_PREFIX_PATH} CMAKE_PREFIX_PATH=/home/yvxaiver/Desktop/f1tenth_ws/install/vesc_msgs:/home/yvxaiver/f1tenth_ws/install/vesc:/home/yvxaiver/f1tenth_ws/install/vesc_driver:/home/yvxaiver/f1tenth_ws/install/vesc_ackermann:/home/yvxaiver/f1tenth_ws/install/vesc_msgs:/home/yvxaiver/f1tenth_ws/install/v4l2_camera:/home/yvxaiver/f1tenth_ws/install/teleop_tools:/home/yvxaiver/f1tenth_ws/install/teleop_tools_msgs:/home/yvxaiver/f1tenth_ws/install/ackermann_mux:/home/yvxaiver/camera_ws/install/usb_camera_driver:/home/yvxaiver/camera_ws/install/usb_cam:/home/yvxaiver/camera_ws/install/camera_bringup:/home/yvxaiver/camera_ws/install/ros2_numpy:/home/yvxaiver/camera_ws/install/points_vector:/home/yvxaiver/camera_ws/install/lanenet_out:/home/yvxaiver/f1tenth_ws/install/f1tenth_stack:/home/yvxaiver/f1tenth_ws/install/joy_teleop:/home/yvxaiver/f1tenth_ws/install/planned_path:/home/yvxaiver/f1tenth_ws/install/mouse_teleop:/home/yvxaiver/f1tenth_ws/install/lanenet_driver:/home/yvxaiver/f1tenth_ws/install/key_teleop:/home/yvxaiver/camera_ws/install/lanenet_postprocess:/home/yvxaiver/camera_ws/install/image_processor:/home/yvxaiver/camera_ws/install/inv_mux:/opt/ros/foxy LD_LIBRARY_PATH=/home/yvxaiver/Desktop/f1tenth_ws/install/vesc_msgs/lib:/home/yvxaiver/f1tenth_ws/install/vesc_driver/lib:/home/yvxaiver/f1tenth_ws/install/vesc_ackermann/lib:/home/yvxaiver/f1tenth_ws/install/vesc_msgs/lib:/home/yvxaiver/f1tenth_ws/install/v4l2_camera/lib:/home/yvxaiver/f1tenth_ws/install/teleop_tools_msgs/lib:/home/yvxaiver/camera_ws/install/usb_camera_driver/lib:/home/yvxaiver/camera_ws/install/usb_cam/lib:/home/yvxaiver/camera_ws/install/points_vector/lib:/home/yvxaiver/camera_ws/install/lanenet_out/lib:/opt/ros/foxy/opt/yaml_cpp_vendor/lib:/opt/ros/foxy/opt/rviz_ogre_vendor/lib:/opt/ros/foxy/lib/aarch64-linux-gnu:/opt/ros/foxy/lib:/usr/local/cuda-11.4/lib64 PYTHONPATH=/home/yvxaiver/Desktop/f1tenth_ws/install/vesc_msgs/lib/python3.8/site-packages:${PYTHONPATH} /usr/bin/cmake /home/yvxaiver/Desktop/f1tenth_ws/src/f1tenth_system/vesc/vesc_ackermann -DCMAKE_INSTALL_PREFIX=/home/yvxaiver/Desktop/f1tenth_ws/install/vesc_ackermann
[13.026s] Invoking command in '/home/yvxaiver/Desktop/f1tenth_ws/build/vesc_ackermann': AMENT_PREFIX_PATH=/home/yvxaiver/Desktop/f1tenth_ws/install/vesc_msgs:${AMENT_PREFIX_PATH} CMAKE_PREFIX_PATH=/home/yvxaiver/Desktop/f1tenth_ws/install/vesc_msgs:/home/yvxaiver/f1tenth_ws/install/vesc:/home/yvxaiver/f1tenth_ws/install/vesc_driver:/home/yvxaiver/f1tenth_ws/install/vesc_ackermann:/home/yvxaiver/f1tenth_ws/install/vesc_msgs:/home/yvxaiver/f1tenth_ws/install/v4l2_camera:/home/yvxaiver/f1tenth_ws/install/teleop_tools:/home/yvxaiver/f1tenth_ws/install/teleop_tools_msgs:/home/yvxaiver/f1tenth_ws/install/ackermann_mux:/home/yvxaiver/camera_ws/install/usb_camera_driver:/home/yvxaiver/camera_ws/install/usb_cam:/home/yvxaiver/camera_ws/install/camera_bringup:/home/yvxaiver/camera_ws/install/ros2_numpy:/home/yvxaiver/camera_ws/install/points_vector:/home/yvxaiver/camera_ws/install/lanenet_out:/home/yvxaiver/f1tenth_ws/install/f1tenth_stack:/home/yvxaiver/f1tenth_ws/install/joy_teleop:/home/yvxaiver/f1tenth_ws/install/planned_path:/home/yvxaiver/f1tenth_ws/install/mouse_teleop:/home/yvxaiver/f1tenth_ws/install/lanenet_driver:/home/yvxaiver/f1tenth_ws/install/key_teleop:/home/yvxaiver/camera_ws/install/lanenet_postprocess:/home/yvxaiver/camera_ws/install/image_processor:/home/yvxaiver/camera_ws/install/inv_mux:/opt/ros/foxy LD_LIBRARY_PATH=/home/yvxaiver/Desktop/f1tenth_ws/install/vesc_msgs/lib:/home/yvxaiver/f1tenth_ws/install/vesc_driver/lib:/home/yvxaiver/f1tenth_ws/install/vesc_ackermann/lib:/home/yvxaiver/f1tenth_ws/install/vesc_msgs/lib:/home/yvxaiver/f1tenth_ws/install/v4l2_camera/lib:/home/yvxaiver/f1tenth_ws/install/teleop_tools_msgs/lib:/home/yvxaiver/camera_ws/install/usb_camera_driver/lib:/home/yvxaiver/camera_ws/install/usb_cam/lib:/home/yvxaiver/camera_ws/install/points_vector/lib:/home/yvxaiver/camera_ws/install/lanenet_out/lib:/opt/ros/foxy/opt/yaml_cpp_vendor/lib:/opt/ros/foxy/opt/rviz_ogre_vendor/lib:/opt/ros/foxy/lib/aarch64-linux-gnu:/opt/ros/foxy/lib:/usr/local/cuda-11.4/lib64 PYTHONPATH=/home/yvxaiver/Desktop/f1tenth_ws/install/vesc_msgs/lib/python3.8/site-packages:${PYTHONPATH} /usr/bin/cmake --build /home/yvxaiver/Desktop/f1tenth_ws/build/vesc_ackermann -- -j6 -l6
[13.266s] [35m[1mScanning dependencies of target ackermann_to_vesc_node[0m
[13.276s] [35m[1mScanning dependencies of target vesc_to_odom_node[0m
[13.559s] [ 14%] [32mBuilding CXX object CMakeFiles/ackermann_to_vesc_node.dir/rclcpp_components/node_main_ackermann_to_vesc_node.cpp.o[0m
[13.563s] [ 28%] [32mBuilding CXX object CMakeFiles/vesc_to_odom_node.dir/rclcpp_components/node_main_vesc_to_odom_node.cpp.o[0m
[25.518s] [ 42%] [32m[1mLinking CXX executable vesc_to_odom_node[0m
[26.215s] [ 42%] Built target vesc_to_odom_node
[27.292s] [ 57%] [32m[1mLinking CXX executable ackermann_to_vesc_node[0m
[27.858s] [ 57%] Built target ackermann_to_vesc_node
[27.918s] [35m[1mScanning dependencies of target vesc_ackermann[0m
[28.275s] [ 71%] [32mBuilding CXX object CMakeFiles/vesc_ackermann.dir/src/ackermann_to_vesc.cpp.o[0m
[52.739s] [ 85%] [32mBuilding CXX object CMakeFiles/vesc_ackermann.dir/src/vesc_to_odom.cpp.o[0m
[81.407s] [100%] [32m[1mLinking CXX shared library libvesc_ackermann.so[0m
[83.652s] [100%] Built target vesc_ackermann
[83.720s] Invoked command in '/home/yvxaiver/Desktop/f1tenth_ws/build/vesc_ackermann' returned '0': AMENT_PREFIX_PATH=/home/yvxaiver/Desktop/f1tenth_ws/install/vesc_msgs:${AMENT_PREFIX_PATH} CMAKE_PREFIX_PATH=/home/yvxaiver/Desktop/f1tenth_ws/install/vesc_msgs:/home/yvxaiver/f1tenth_ws/install/vesc:/home/yvxaiver/f1tenth_ws/install/vesc_driver:/home/yvxaiver/f1tenth_ws/install/vesc_ackermann:/home/yvxaiver/f1tenth_ws/install/vesc_msgs:/home/yvxaiver/f1tenth_ws/install/v4l2_camera:/home/yvxaiver/f1tenth_ws/install/teleop_tools:/home/yvxaiver/f1tenth_ws/install/teleop_tools_msgs:/home/yvxaiver/f1tenth_ws/install/ackermann_mux:/home/yvxaiver/camera_ws/install/usb_camera_driver:/home/yvxaiver/camera_ws/install/usb_cam:/home/yvxaiver/camera_ws/install/camera_bringup:/home/yvxaiver/camera_ws/install/ros2_numpy:/home/yvxaiver/camera_ws/install/points_vector:/home/yvxaiver/camera_ws/install/lanenet_out:/home/yvxaiver/f1tenth_ws/install/f1tenth_stack:/home/yvxaiver/f1tenth_ws/install/joy_teleop:/home/yvxaiver/f1tenth_ws/install/planned_path:/home/yvxaiver/f1tenth_ws/install/mouse_teleop:/home/yvxaiver/f1tenth_ws/install/lanenet_driver:/home/yvxaiver/f1tenth_ws/install/key_teleop:/home/yvxaiver/camera_ws/install/lanenet_postprocess:/home/yvxaiver/camera_ws/install/image_processor:/home/yvxaiver/camera_ws/install/inv_mux:/opt/ros/foxy LD_LIBRARY_PATH=/home/yvxaiver/Desktop/f1tenth_ws/install/vesc_msgs/lib:/home/yvxaiver/f1tenth_ws/install/vesc_driver/lib:/home/yvxaiver/f1tenth_ws/install/vesc_ackermann/lib:/home/yvxaiver/f1tenth_ws/install/vesc_msgs/lib:/home/yvxaiver/f1tenth_ws/install/v4l2_camera/lib:/home/yvxaiver/f1tenth_ws/install/teleop_tools_msgs/lib:/home/yvxaiver/camera_ws/install/usb_camera_driver/lib:/home/yvxaiver/camera_ws/install/usb_cam/lib:/home/yvxaiver/camera_ws/install/points_vector/lib:/home/yvxaiver/camera_ws/install/lanenet_out/lib:/opt/ros/foxy/opt/yaml_cpp_vendor/lib:/opt/ros/foxy/opt/rviz_ogre_vendor/lib:/opt/ros/foxy/lib/aarch64-linux-gnu:/opt/ros/foxy/lib:/usr/local/cuda-11.4/lib64 PYTHONPATH=/home/yvxaiver/Desktop/f1tenth_ws/install/vesc_msgs/lib/python3.8/site-packages:${PYTHONPATH} /usr/bin/cmake --build /home/yvxaiver/Desktop/f1tenth_ws/build/vesc_ackermann -- -j6 -l6
[83.932s] Invoking command in '/home/yvxaiver/Desktop/f1tenth_ws/build/vesc_ackermann': AMENT_PREFIX_PATH=/home/yvxaiver/Desktop/f1tenth_ws/install/vesc_msgs:${AMENT_PREFIX_PATH} CMAKE_PREFIX_PATH=/home/yvxaiver/Desktop/f1tenth_ws/install/vesc_msgs:/home/yvxaiver/f1tenth_ws/install/vesc:/home/yvxaiver/f1tenth_ws/install/vesc_driver:/home/yvxaiver/f1tenth_ws/install/vesc_ackermann:/home/yvxaiver/f1tenth_ws/install/vesc_msgs:/home/yvxaiver/f1tenth_ws/install/v4l2_camera:/home/yvxaiver/f1tenth_ws/install/teleop_tools:/home/yvxaiver/f1tenth_ws/install/teleop_tools_msgs:/home/yvxaiver/f1tenth_ws/install/ackermann_mux:/home/yvxaiver/camera_ws/install/usb_camera_driver:/home/yvxaiver/camera_ws/install/usb_cam:/home/yvxaiver/camera_ws/install/camera_bringup:/home/yvxaiver/camera_ws/install/ros2_numpy:/home/yvxaiver/camera_ws/install/points_vector:/home/yvxaiver/camera_ws/install/lanenet_out:/home/yvxaiver/f1tenth_ws/install/f1tenth_stack:/home/yvxaiver/f1tenth_ws/install/joy_teleop:/home/yvxaiver/f1tenth_ws/install/planned_path:/home/yvxaiver/f1tenth_ws/install/mouse_teleop:/home/yvxaiver/f1tenth_ws/install/lanenet_driver:/home/yvxaiver/f1tenth_ws/install/key_teleop:/home/yvxaiver/camera_ws/install/lanenet_postprocess:/home/yvxaiver/camera_ws/install/image_processor:/home/yvxaiver/camera_ws/install/inv_mux:/opt/ros/foxy LD_LIBRARY_PATH=/home/yvxaiver/Desktop/f1tenth_ws/install/vesc_msgs/lib:/home/yvxaiver/f1tenth_ws/install/vesc_driver/lib:/home/yvxaiver/f1tenth_ws/install/vesc_ackermann/lib:/home/yvxaiver/f1tenth_ws/install/vesc_msgs/lib:/home/yvxaiver/f1tenth_ws/install/v4l2_camera/lib:/home/yvxaiver/f1tenth_ws/install/teleop_tools_msgs/lib:/home/yvxaiver/camera_ws/install/usb_camera_driver/lib:/home/yvxaiver/camera_ws/install/usb_cam/lib:/home/yvxaiver/camera_ws/install/points_vector/lib:/home/yvxaiver/camera_ws/install/lanenet_out/lib:/opt/ros/foxy/opt/yaml_cpp_vendor/lib:/opt/ros/foxy/opt/rviz_ogre_vendor/lib:/opt/ros/foxy/lib/aarch64-linux-gnu:/opt/ros/foxy/lib:/usr/local/cuda-11.4/lib64 PYTHONPATH=/home/yvxaiver/Desktop/f1tenth_ws/install/vesc_msgs/lib/python3.8/site-packages:${PYTHONPATH} /usr/bin/cmake --install /home/yvxaiver/Desktop/f1tenth_ws/build/vesc_ackermann
[83.975s] -- Install configuration: ""
[83.976s] -- Installing: /home/yvxaiver/Desktop/f1tenth_ws/install/vesc_ackermann/lib/vesc_ackermann/ackermann_to_vesc_node
[83.981s] -- Set runtime path of "/home/yvxaiver/Desktop/f1tenth_ws/install/vesc_ackermann/lib/vesc_ackermann/ackermann_to_vesc_node" to ""
[83.982s] -- Installing: /home/yvxaiver/Desktop/f1tenth_ws/install/vesc_ackermann/lib/vesc_ackermann/vesc_to_odom_node
[83.986s] -- Set runtime path of "/home/yvxaiver/Desktop/f1tenth_ws/install/vesc_ackermann/lib/vesc_ackermann/vesc_to_odom_node" to ""
[83.987s] -- Installing: /home/yvxaiver/Desktop/f1tenth_ws/install/vesc_ackermann/include
[83.988s] -- Installing: /home/yvxaiver/Desktop/f1tenth_ws/install/vesc_ackermann/include/vesc_ackermann
[83.988s] -- Installing: /home/yvxaiver/Desktop/f1tenth_ws/install/vesc_ackermann/include/vesc_ackermann/ackermann_to_vesc.hpp
[83.989s] -- Installing: /home/yvxaiver/Desktop/f1tenth_ws/install/vesc_ackermann/include/vesc_ackermann/vesc_to_odom.hpp
[83.989s] -- Installing: /home/yvxaiver/Desktop/f1tenth_ws/install/vesc_ackermann/share/vesc_ackermann/environment/library_path.sh
[83.990s] -- Installing: /home/yvxaiver/Desktop/f1tenth_ws/install/vesc_ackermann/share/vesc_ackermann/environment/library_path.dsv
[83.991s] -- Installing: /home/yvxaiver/Desktop/f1tenth_ws/install/vesc_ackermann/lib/libvesc_ackermann.so
[84.043s] -- Set runtime path of "/home/yvxaiver/Desktop/f1tenth_ws/install/vesc_ackermann/lib/libvesc_ackermann.so" to ""
[84.044s] -- Installing: /home/yvxaiver/Desktop/f1tenth_ws/install/vesc_ackermann/share/vesc_ackermann/launch
[84.045s] -- Installing: /home/yvxaiver/Desktop/f1tenth_ws/install/vesc_ackermann/share/vesc_ackermann/launch/vesc_to_odom_node.launch.xml
[84.045s] -- Installing: /home/yvxaiver/Desktop/f1tenth_ws/install/vesc_ackermann/share/vesc_ackermann/launch/ackermann_to_vesc_node.launch.xml
[84.046s] -- Installing: /home/yvxaiver/Desktop/f1tenth_ws/install/vesc_ackermann/share/ament_index/resource_index/package_run_dependencies/vesc_ackermann
[84.048s] -- Installing: /home/yvxaiver/Desktop/f1tenth_ws/install/vesc_ackermann/share/ament_index/resource_index/parent_prefix_path/vesc_ackermann
[84.048s] -- Installing: /home/yvxaiver/Desktop/f1tenth_ws/install/vesc_ackermann/share/vesc_ackermann/environment/ament_prefix_path.sh
[84.049s] -- Installing: /home/yvxaiver/Desktop/f1tenth_ws/install/vesc_ackermann/share/vesc_ackermann/environment/ament_prefix_path.dsv
[84.050s] -- Installing: /home/yvxaiver/Desktop/f1tenth_ws/install/vesc_ackermann/share/vesc_ackermann/environment/path.sh
[84.051s] -- Installing: /home/yvxaiver/Desktop/f1tenth_ws/install/vesc_ackermann/share/vesc_ackermann/environment/path.dsv
[84.052s] -- Installing: /home/yvxaiver/Desktop/f1tenth_ws/install/vesc_ackermann/share/vesc_ackermann/local_setup.bash
[84.053s] -- Installing: /home/yvxaiver/Desktop/f1tenth_ws/install/vesc_ackermann/share/vesc_ackermann/local_setup.sh
[84.054s] -- Installing: /home/yvxaiver/Desktop/f1tenth_ws/install/vesc_ackermann/share/vesc_ackermann/local_setup.zsh
[84.055s] -- Installing: /home/yvxaiver/Desktop/f1tenth_ws/install/vesc_ackermann/share/vesc_ackermann/local_setup.dsv
[84.055s] -- Installing: /home/yvxaiver/Desktop/f1tenth_ws/install/vesc_ackermann/share/vesc_ackermann/package.dsv
[84.057s] -- Installing: /home/yvxaiver/Desktop/f1tenth_ws/install/vesc_ackermann/share/ament_index/resource_index/packages/vesc_ackermann
[84.058s] -- Installing: /home/yvxaiver/Desktop/f1tenth_ws/install/vesc_ackermann/share/ament_index/resource_index/rclcpp_components/vesc_ackermann
[84.059s] -- Installing: /home/yvxaiver/Desktop/f1tenth_ws/install/vesc_ackermann/share/vesc_ackermann/cmake/ament_cmake_export_dependencies-extras.cmake
[84.060s] -- Installing: /home/yvxaiver/Desktop/f1tenth_ws/install/vesc_ackermann/share/vesc_ackermann/cmake/ament_cmake_export_include_directories-extras.cmake
[84.061s] -- Installing: /home/yvxaiver/Desktop/f1tenth_ws/install/vesc_ackermann/share/vesc_ackermann/cmake/ament_cmake_export_libraries-extras.cmake
[84.062s] -- Installing: /home/yvxaiver/Desktop/f1tenth_ws/install/vesc_ackermann/share/vesc_ackermann/cmake/vesc_ackermannConfig.cmake
[84.062s] -- Installing: /home/yvxaiver/Desktop/f1tenth_ws/install/vesc_ackermann/share/vesc_ackermann/cmake/vesc_ackermannConfig-version.cmake
[84.063s] -- Installing: /home/yvxaiver/Desktop/f1tenth_ws/install/vesc_ackermann/share/vesc_ackermann/package.xml
[84.084s] Invoked command in '/home/yvxaiver/Desktop/f1tenth_ws/build/vesc_ackermann' returned '0': AMENT_PREFIX_PATH=/home/yvxaiver/Desktop/f1tenth_ws/install/vesc_msgs:${AMENT_PREFIX_PATH} CMAKE_PREFIX_PATH=/home/yvxaiver/Desktop/f1tenth_ws/install/vesc_msgs:/home/yvxaiver/f1tenth_ws/install/vesc:/home/yvxaiver/f1tenth_ws/install/vesc_driver:/home/yvxaiver/f1tenth_ws/install/vesc_ackermann:/home/yvxaiver/f1tenth_ws/install/vesc_msgs:/home/yvxaiver/f1tenth_ws/install/v4l2_camera:/home/yvxaiver/f1tenth_ws/install/teleop_tools:/home/yvxaiver/f1tenth_ws/install/teleop_tools_msgs:/home/yvxaiver/f1tenth_ws/install/ackermann_mux:/home/yvxaiver/camera_ws/install/usb_camera_driver:/home/yvxaiver/camera_ws/install/usb_cam:/home/yvxaiver/camera_ws/install/camera_bringup:/home/yvxaiver/camera_ws/install/ros2_numpy:/home/yvxaiver/camera_ws/install/points_vector:/home/yvxaiver/camera_ws/install/lanenet_out:/home/yvxaiver/f1tenth_ws/install/f1tenth_stack:/home/yvxaiver/f1tenth_ws/install/joy_teleop:/home/yvxaiver/f1tenth_ws/install/planned_path:/home/yvxaiver/f1tenth_ws/install/mouse_teleop:/home/yvxaiver/f1tenth_ws/install/lanenet_driver:/home/yvxaiver/f1tenth_ws/install/key_teleop:/home/yvxaiver/camera_ws/install/lanenet_postprocess:/home/yvxaiver/camera_ws/install/image_processor:/home/yvxaiver/camera_ws/install/inv_mux:/opt/ros/foxy LD_LIBRARY_PATH=/home/yvxaiver/Desktop/f1tenth_ws/install/vesc_msgs/lib:/home/yvxaiver/f1tenth_ws/install/vesc_driver/lib:/home/yvxaiver/f1tenth_ws/install/vesc_ackermann/lib:/home/yvxaiver/f1tenth_ws/install/vesc_msgs/lib:/home/yvxaiver/f1tenth_ws/install/v4l2_camera/lib:/home/yvxaiver/f1tenth_ws/install/teleop_tools_msgs/lib:/home/yvxaiver/camera_ws/install/usb_camera_driver/lib:/home/yvxaiver/camera_ws/install/usb_cam/lib:/home/yvxaiver/camera_ws/install/points_vector/lib:/home/yvxaiver/camera_ws/install/lanenet_out/lib:/opt/ros/foxy/opt/yaml_cpp_vendor/lib:/opt/ros/foxy/opt/rviz_ogre_vendor/lib:/opt/ros/foxy/lib/aarch64-linux-gnu:/opt/ros/foxy/lib:/usr/local/cuda-11.4/lib64 PYTHONPATH=/home/yvxaiver/Desktop/f1tenth_ws/install/vesc_msgs/lib/python3.8/site-packages:${PYTHONPATH} /usr/bin/cmake --install /home/yvxaiver/Desktop/f1tenth_ws/build/vesc_ackermann
