[9.610s] Invoking command in '/home/yvxaiver/Desktop/f1tenth_ws/src/f1tenth_system/teleop_tools/key_teleop': PYTHONPATH=/home/yvxaiver/Desktop/f1tenth_ws/build/key_teleop/prefix_override:/home/yvxaiver/Desktop/f1tenth_ws/install/key_teleop/lib/python3.8/site-packages:${PYTHONPATH} /usr/bin/python3 setup.py egg_info --egg-base ../../../../build/key_teleop build --build-base /home/yvxaiver/Desktop/f1tenth_ws/build/key_teleop/build install --record /home/yvxaiver/Desktop/f1tenth_ws/build/key_teleop/install.log --install-scripts $base/lib/key_teleop --single-version-externally-managed
[11.841s] running egg_info
[11.842s] creating ../../../../build/key_teleop/key_teleop.egg-info
[11.844s] writing ../../../../build/key_teleop/key_teleop.egg-info/PKG-INFO
[11.844s] writing dependency_links to ../../../../build/key_teleop/key_teleop.egg-info/dependency_links.txt
[11.845s] writing entry points to ../../../../build/key_teleop/key_teleop.egg-info/entry_points.txt
[11.845s] writing requirements to ../../../../build/key_teleop/key_teleop.egg-info/requires.txt
[11.846s] writing top-level names to ../../../../build/key_teleop/key_teleop.egg-info/top_level.txt
[11.846s] writing manifest file '../../../../build/key_teleop/key_teleop.egg-info/SOURCES.txt'
[11.846s] reading manifest file '../../../../build/key_teleop/key_teleop.egg-info/SOURCES.txt'
[11.847s] writing manifest file '../../../../build/key_teleop/key_teleop.egg-info/SOURCES.txt'
[11.847s] running build
[11.848s] running build_py
[11.848s] creating /home/yvxaiver/Desktop/f1tenth_ws/build/key_teleop/build
[11.849s] creating /home/yvxaiver/Desktop/f1tenth_ws/build/key_teleop/build/lib
[11.849s] creating /home/yvxaiver/Desktop/f1tenth_ws/build/key_teleop/build/lib/key_teleop
[11.850s] copying key_teleop/key_teleop.py -> /home/yvxaiver/Desktop/f1tenth_ws/build/key_teleop/build/lib/key_teleop
[11.850s] copying key_teleop/__init__.py -> /home/yvxaiver/Desktop/f1tenth_ws/build/key_teleop/build/lib/key_teleop
[11.850s] running install
[11.851s] running install_lib
[11.851s] creating /home/yvxaiver/Desktop/f1tenth_ws/install/key_teleop/lib/python3.8/site-packages/key_teleop
[11.852s] copying /home/yvxaiver/Desktop/f1tenth_ws/build/key_teleop/build/lib/key_teleop/key_teleop.py -> /home/yvxaiver/Desktop/f1tenth_ws/install/key_teleop/lib/python3.8/site-packages/key_teleop
[11.852s] copying /home/yvxaiver/Desktop/f1tenth_ws/build/key_teleop/build/lib/key_teleop/__init__.py -> /home/yvxaiver/Desktop/f1tenth_ws/install/key_teleop/lib/python3.8/site-packages/key_teleop
[11.853s] byte-compiling /home/yvxaiver/Desktop/f1tenth_ws/install/key_teleop/lib/python3.8/site-packages/key_teleop/key_teleop.py to key_teleop.cpython-38.pyc
[11.854s] byte-compiling /home/yvxaiver/Desktop/f1tenth_ws/install/key_teleop/lib/python3.8/site-packages/key_teleop/__init__.py to __init__.cpython-38.pyc
[11.854s] running install_data
[11.854s] copying package.xml -> /home/yvxaiver/Desktop/f1tenth_ws/install/key_teleop/share/key_teleop
[11.855s] creating /home/yvxaiver/Desktop/f1tenth_ws/install/key_teleop/share/key_teleop/config
[11.855s] copying config/key_teleop.yaml -> /home/yvxaiver/Desktop/f1tenth_ws/install/key_teleop/share/key_teleop/config
[11.856s] creating /home/yvxaiver/Desktop/f1tenth_ws/install/key_teleop/share/ament_index
[11.856s] creating /home/yvxaiver/Desktop/f1tenth_ws/install/key_teleop/share/ament_index/resource_index
[11.857s] creating /home/yvxaiver/Desktop/f1tenth_ws/install/key_teleop/share/ament_index/resource_index/packages
[11.858s] copying resource/key_teleop -> /home/yvxaiver/Desktop/f1tenth_ws/install/key_teleop/share/ament_index/resource_index/packages
[11.859s] running install_egg_info
[11.859s] Copying ../../../../build/key_teleop/key_teleop.egg-info to /home/yvxaiver/Desktop/f1tenth_ws/install/key_teleop/lib/python3.8/site-packages/key_teleop-0.3.0-py3.8.egg-info
[11.859s] running install_scripts
[11.866s] Installing key_teleop script to /home/yvxaiver/Desktop/f1tenth_ws/install/key_teleop/lib/key_teleop
[11.870s] writing list of installed files to '/home/yvxaiver/Desktop/f1tenth_ws/build/key_teleop/install.log'
[12.198s] Invoked command in '/home/yvxaiver/Desktop/f1tenth_ws/src/f1tenth_system/teleop_tools/key_teleop' returned '0': PYTHONPATH=/home/yvxaiver/Desktop/f1tenth_ws/build/key_teleop/prefix_override:/home/yvxaiver/Desktop/f1tenth_ws/install/key_teleop/lib/python3.8/site-packages:${PYTHONPATH} /usr/bin/python3 setup.py egg_info --egg-base ../../../../build/key_teleop build --build-base /home/yvxaiver/Desktop/f1tenth_ws/build/key_teleop/build install --record /home/yvxaiver/Desktop/f1tenth_ws/build/key_teleop/install.log --install-scripts $base/lib/key_teleop --single-version-externally-managed
