[11.386s] Invoking command in '/home/yvxaiver/f1tenth_ws/src/f1tenth_system/teleop_tools/key_teleop': PYTHONPATH=/home/yvxaiver/f1tenth_ws/build/key_teleop/prefix_override:/home/yvxaiver/f1tenth_ws/install/key_teleop/lib/python3.8/site-packages:${PYTHONPATH} /usr/bin/python3 setup.py egg_info --egg-base ../../../../build/key_teleop build --build-base /home/yvxaiver/f1tenth_ws/build/key_teleop/build install --record /home/yvxaiver/f1tenth_ws/build/key_teleop/install.log --install-scripts $base/lib/key_teleop --single-version-externally-managed
[14.154s] running egg_info
[14.169s] writing ../../../../build/key_teleop/key_teleop.egg-info/PKG-INFO
[14.172s] writing dependency_links to ../../../../build/key_teleop/key_teleop.egg-info/dependency_links.txt
[14.174s] writing entry points to ../../../../build/key_teleop/key_teleop.egg-info/entry_points.txt
[14.183s] writing requirements to ../../../../build/key_teleop/key_teleop.egg-info/requires.txt
[14.184s] writing top-level names to ../../../../build/key_teleop/key_teleop.egg-info/top_level.txt
[14.588s] reading manifest file '../../../../build/key_teleop/key_teleop.egg-info/SOURCES.txt'
[14.600s] writing manifest file '../../../../build/key_teleop/key_teleop.egg-info/SOURCES.txt'
[14.601s] running build
[14.601s] running build_py
[14.615s] running install
[14.623s] running install_lib
[14.646s] running install_data
[14.651s] running install_egg_info
[14.663s] removing '/home/yvxaiver/f1tenth_ws/install/key_teleop/lib/python3.8/site-packages/key_teleop-0.3.0-py3.8.egg-info' (and everything under it)
[14.665s] Copying ../../../../build/key_teleop/key_teleop.egg-info to /home/yvxaiver/f1tenth_ws/install/key_teleop/lib/python3.8/site-packages/key_teleop-0.3.0-py3.8.egg-info
[14.710s] running install_scripts
[14.817s] Installing key_teleop script to /home/yvxaiver/f1tenth_ws/install/key_teleop/lib/key_teleop
[14.824s] writing list of installed files to '/home/yvxaiver/f1tenth_ws/build/key_teleop/install.log'
[15.540s] Invoked command in '/home/yvxaiver/f1tenth_ws/src/f1tenth_system/teleop_tools/key_teleop' returned '0': PYTHONPATH=/home/yvxaiver/f1tenth_ws/build/key_teleop/prefix_override:/home/yvxaiver/f1tenth_ws/install/key_teleop/lib/python3.8/site-packages:${PYTHONPATH} /usr/bin/python3 setup.py egg_info --egg-base ../../../../build/key_teleop build --build-base /home/yvxaiver/f1tenth_ws/build/key_teleop/build install --record /home/yvxaiver/f1tenth_ws/build/key_teleop/install.log --install-scripts $base/lib/key_teleop --single-version-externally-managed
