[3.763s] Invoking command in '/home/yvxaiver/f1tenth_ws/src/f1tenth_system/lanenet_driver': PYTHONPATH=/home/yvxaiver/f1tenth_ws/install/lanenet_driver/lib/python3.8/site-packages:${PYTHONPATH} /usr/bin/python3 setup.py egg_info --egg-base ../../../build/lanenet_driver build --build-base /home/yvxaiver/f1tenth_ws/build/lanenet_driver/build install --prefix /home/yvxaiver/f1tenth_ws/install/lanenet_driver --record /home/yvxaiver/f1tenth_ws/build/lanenet_driver/install.log --single-version-externally-managed
[5.001s] running egg_info
[5.019s] writing ../../../build/lanenet_driver/lanenet_driver.egg-info/PKG-INFO
[5.019s] writing dependency_links to ../../../build/lanenet_driver/lanenet_driver.egg-info/dependency_links.txt
[5.020s] writing entry points to ../../../build/lanenet_driver/lanenet_driver.egg-info/entry_points.txt
[5.020s] writing requirements to ../../../build/lanenet_driver/lanenet_driver.egg-info/requires.txt
[5.020s] writing top-level names to ../../../build/lanenet_driver/lanenet_driver.egg-info/top_level.txt
[5.180s] reading manifest file '../../../build/lanenet_driver/lanenet_driver.egg-info/SOURCES.txt'
[5.184s] writing manifest file '../../../build/lanenet_driver/lanenet_driver.egg-info/SOURCES.txt'
[5.185s] running build
[5.186s] running build_py
[5.189s] copying lanenet_driver/stanley_controller/stanley_controller.py -> /home/yvxaiver/f1tenth_ws/build/lanenet_driver/build/lib/lanenet_driver/stanley_controller
[5.191s] running install
[5.195s] running install_lib
[5.208s] copying /home/yvxaiver/f1tenth_ws/build/lanenet_driver/build/lib/lanenet_driver/stanley_controller/stanley_controller.py -> /home/yvxaiver/f1tenth_ws/install/lanenet_driver/lib/python3.8/site-packages/lanenet_driver/stanley_controller
[5.211s] byte-compiling /home/yvxaiver/f1tenth_ws/install/lanenet_driver/lib/python3.8/site-packages/lanenet_driver/stanley_controller/stanley_controller.py to stanley_controller.cpython-38.pyc
[5.217s] running install_data
[5.220s] running install_egg_info
[5.227s] removing '/home/yvxaiver/f1tenth_ws/install/lanenet_driver/lib/python3.8/site-packages/lanenet_driver-0.0.0-py3.8.egg-info' (and everything under it)
[5.228s] Copying ../../../build/lanenet_driver/lanenet_driver.egg-info to /home/yvxaiver/f1tenth_ws/install/lanenet_driver/lib/python3.8/site-packages/lanenet_driver-0.0.0-py3.8.egg-info
[5.232s] running install_scripts
[5.300s] Installing lanenet_driver_node script to /home/yvxaiver/f1tenth_ws/install/lanenet_driver/lib/lanenet_driver
[5.308s] writing list of installed files to '/home/yvxaiver/f1tenth_ws/build/lanenet_driver/install.log'
[5.407s] Invoked command in '/home/yvxaiver/f1tenth_ws/src/f1tenth_system/lanenet_driver' returned '0': PYTHONPATH=/home/yvxaiver/f1tenth_ws/install/lanenet_driver/lib/python3.8/site-packages:${PYTHONPATH} /usr/bin/python3 setup.py egg_info --egg-base ../../../build/lanenet_driver build --build-base /home/yvxaiver/f1tenth_ws/build/lanenet_driver/build install --prefix /home/yvxaiver/f1tenth_ws/install/lanenet_driver --record /home/yvxaiver/f1tenth_ws/build/lanenet_driver/install.log --single-version-externally-managed
