[8.472s] Invoking command in '/home/yvxaiver/f1tenth_ws/src/f1tenth_system/teleop_tools/key_teleop': PYTHONPATH=/home/yvxaiver/f1tenth_ws/build/key_teleop/prefix_override:/home/yvxaiver/f1tenth_ws/install/key_teleop/lib/python3.8/site-packages:${PYTHONPATH} /usr/bin/python3 setup.py egg_info --egg-base ../../../../build/key_teleop build --build-base /home/yvxaiver/f1tenth_ws/build/key_teleop/build install --record /home/yvxaiver/f1tenth_ws/build/key_teleop/install.log --install-scripts $base/lib/key_teleop --single-version-externally-managed
[9.947s] running egg_info
[9.951s] writing ../../../../build/key_teleop/key_teleop.egg-info/PKG-INFO
[9.954s] writing dependency_links to ../../../../build/key_teleop/key_teleop.egg-info/dependency_links.txt
[9.955s] writing entry points to ../../../../build/key_teleop/key_teleop.egg-info/entry_points.txt
[9.957s] writing requirements to ../../../../build/key_teleop/key_teleop.egg-info/requires.txt
[9.959s] writing top-level names to ../../../../build/key_teleop/key_teleop.egg-info/top_level.txt
[10.201s] reading manifest file '../../../../build/key_teleop/key_teleop.egg-info/SOURCES.txt'
[10.207s] writing manifest file '../../../../build/key_teleop/key_teleop.egg-info/SOURCES.txt'
[10.207s] running build
[10.208s] running build_py
[10.211s] running install
[10.219s] running install_lib
[10.226s] running install_data
[10.230s] running install_egg_info
[10.243s] removing '/home/yvxaiver/f1tenth_ws/install/key_teleop/lib/python3.8/site-packages/key_teleop-0.3.0-py3.8.egg-info' (and everything under it)
[10.250s] Copying ../../../../build/key_teleop/key_teleop.egg-info to /home/yvxaiver/f1tenth_ws/install/key_teleop/lib/python3.8/site-packages/key_teleop-0.3.0-py3.8.egg-info
[10.256s] running install_scripts
[10.346s] Installing key_teleop script to /home/yvxaiver/f1tenth_ws/install/key_teleop/lib/key_teleop
[10.352s] writing list of installed files to '/home/yvxaiver/f1tenth_ws/build/key_teleop/install.log'
[10.568s] Invoked command in '/home/yvxaiver/f1tenth_ws/src/f1tenth_system/teleop_tools/key_teleop' returned '0': PYTHONPATH=/home/yvxaiver/f1tenth_ws/build/key_teleop/prefix_override:/home/yvxaiver/f1tenth_ws/install/key_teleop/lib/python3.8/site-packages:${PYTHONPATH} /usr/bin/python3 setup.py egg_info --egg-base ../../../../build/key_teleop build --build-base /home/yvxaiver/f1tenth_ws/build/key_teleop/build install --record /home/yvxaiver/f1tenth_ws/build/key_teleop/install.log --install-scripts $base/lib/key_teleop --single-version-externally-managed
