running egg_info
writing ../../../build/lanenet_driver/lanenet_driver.egg-info/PKG-INFO
writing dependency_links to ../../../build/lanenet_driver/lanenet_driver.egg-info/dependency_links.txt
writing entry points to ../../../build/lanenet_driver/lanenet_driver.egg-info/entry_points.txt
writing requirements to ../../../build/lanenet_driver/lanenet_driver.egg-info/requires.txt
writing top-level names to ../../../build/lanenet_driver/lanenet_driver.egg-info/top_level.txt
reading manifest file '../../../build/lanenet_driver/lanenet_driver.egg-info/SOURCES.txt'
writing manifest file '../../../build/lanenet_driver/lanenet_driver.egg-info/SOURCES.txt'
running build
running build_py
copying lanenet_driver/stanley_controller/cubic_spline_planner.py -> /home/yvxaiver/f1tenth_ws/build/lanenet_driver/build/lib/lanenet_driver/stanley_controller
running install
running install_lib
copying /home/yvxaiver/f1tenth_ws/build/lanenet_driver/build/lib/lanenet_driver/stanley_controller/cubic_spline_planner.py -> /home/yvxaiver/f1tenth_ws/install/lanenet_driver/lib/python3.8/site-packages/lanenet_driver/stanley_controller
byte-compiling /home/yvxaiver/f1tenth_ws/install/lanenet_driver/lib/python3.8/site-packages/lanenet_driver/stanley_controller/cubic_spline_planner.py to cubic_spline_planner.cpython-38.pyc
running install_data
running install_egg_info
removing '/home/yvxaiver/f1tenth_ws/install/lanenet_driver/lib/python3.8/site-packages/lanenet_driver-0.0.0-py3.8.egg-info' (and everything under it)
Copying ../../../build/lanenet_driver/lanenet_driver.egg-info to /home/yvxaiver/f1tenth_ws/install/lanenet_driver/lib/python3.8/site-packages/lanenet_driver-0.0.0-py3.8.egg-info
running install_scripts
Installing lanenet_driver_node script to /home/yvxaiver/f1tenth_ws/install/lanenet_driver/lib/lanenet_driver
writing list of installed files to '/home/yvxaiver/f1tenth_ws/build/lanenet_driver/install.log'
