[0.078s] Invoking command in '/home/yvxaiver/f1tenth_ws/build/vesc_driver': AMENT_PREFIX_PATH=/home/yvxaiver/f1tenth_ws/install/vesc_msgs:${AMENT_PREFIX_PATH} CMAKE_PREFIX_PATH=/home/yvxaiver/f1tenth_ws/install/vesc_msgs:/opt/ros/foxy LD_LIBRARY_PATH=/home/yvxaiver/f1tenth_ws/install/vesc_msgs/lib:/usr/local/cuda-11.4/lib64:/opt/ros/foxy/opt/yaml_cpp_vendor/lib:/opt/ros/foxy/opt/rviz_ogre_vendor/lib:/opt/ros/foxy/lib/aarch64-linux-gnu:/opt/ros/foxy/lib:/usr/local/cuda-11.4/lib64:/usr/local/cuda-11.4/lib64 PYTHONPATH=/home/yvxaiver/f1tenth_ws/install/vesc_msgs/lib/python3.8/site-packages:${PYTHONPATH} /usr/bin/cmake /home/yvxaiver/f1tenth_ws/src/f1tenth_system/vesc/vesc_driver -DCMAKE_INSTALL_PREFIX=/home/yvxaiver/f1tenth_ws/install/vesc_driver
[0.348s] -- The C compiler identification is GNU 9.4.0
[0.608s] -- The CXX compiler identification is GNU 9.4.0
[0.630s] -- Check for working C compiler: /usr/bin/cc
[0.933s] -- Check for working C compiler: /usr/bin/cc -- works
[0.938s] -- Detecting C compiler ABI info
[1.256s] -- Detecting C compiler ABI info - done
[1.311s] -- Detecting C compile features
[1.312s] -- Detecting C compile features - done
[1.325s] -- Check for working CXX compiler: /usr/bin/c++
[1.673s] -- Check for working CXX compiler: /usr/bin/c++ -- works
[1.679s] -- Detecting CXX compiler ABI info
[2.029s] -- Detecting CXX compiler ABI info - done
[2.083s] -- Detecting CXX compile features
[2.086s] -- Detecting CXX compile features - done
[2.096s] -- Found ament_cmake_auto: 0.9.9 (/opt/ros/foxy/share/ament_cmake_auto/cmake)
[2.210s] -- Found PythonInterp: /usr/bin/python3 (found suitable version "3.8.10", minimum required is "3") 
[2.211s] -- Using PYTHON_EXECUTABLE: /usr/bin/python3
[3.531s] -- Using all available rosidl_typesupport_c: rosidl_typesupport_fastrtps_c;rosidl_typesupport_introspection_c
[3.560s] -- Found rosidl_adapter: 1.2.1 (/opt/ros/foxy/share/rosidl_adapter/cmake)
[3.897s] -- Found OpenSSL: /usr/lib/aarch64-linux-gnu/libcrypto.so (found version "1.1.1f")  
[4.008s] -- Found FastRTPS: /opt/ros/foxy/include  
[4.430s] -- Using all available rosidl_typesupport_cpp: rosidl_typesupport_fastrtps_cpp;rosidl_typesupport_introspection_cpp
[4.682s] -- Found rmw_implementation_cmake: 1.0.3 (/opt/ros/foxy/share/rmw_implementation_cmake/cmake)
[4.688s] -- Using RMW implementation 'rmw_fastrtps_cpp' as default
[4.691s] -- Looking for pthread.h
[4.999s] -- Looking for pthread.h - found
[5.002s] -- Performing Test CMAKE_HAVE_LIBC_PTHREAD
[5.331s] -- Performing Test CMAKE_HAVE_LIBC_PTHREAD - Failed
[5.332s] -- Looking for pthread_create in pthreads
[5.590s] -- Looking for pthread_create in pthreads - not found
[5.592s] -- Looking for pthread_create in pthread
[5.898s] -- Looking for pthread_create in pthread - found
[5.906s] -- Found Threads: TRUE  
[8.567s] -- Found ament_lint_auto: 0.9.6 (/opt/ros/foxy/share/ament_lint_auto/cmake)
[8.634s] -- Added test 'copyright' to check source files copyright and LICENSE
[8.641s] -- Added test 'cppcheck' to perform static code analysis on C / C++ code
[8.643s] -- Configured cppcheck include dirs: /home/yvxaiver/f1tenth_ws/src/f1tenth_system/vesc/vesc_driver/include
[8.644s] -- Configured cppcheck exclude dirs and/or files: 
[8.650s] -- Added test 'cpplint' to check C / C++ code against the Google style
[8.650s] -- Configured cpplint exclude dirs and/or files: 
[8.652s] -- Added test 'flake8' to check Python code syntax and style conventions
[8.655s] -- Added test 'lint_cmake' to check CMake code style
[8.658s] -- Added test 'pep257' to check Python code against some of the style conventions in PEP 257
[8.664s] -- Added test 'uncrustify' to check C / C++ code style
[8.664s] -- Configured uncrustify additional arguments: 
[8.666s] -- Added test 'xmllint' to check XML markup files
[8.690s] -- Configuring done
[8.940s] -- Generating done
[8.949s] -- Build files have been written to: /home/yvxaiver/f1tenth_ws/build/vesc_driver
[9.004s] Invoked command in '/home/yvxaiver/f1tenth_ws/build/vesc_driver' returned '0': AMENT_PREFIX_PATH=/home/yvxaiver/f1tenth_ws/install/vesc_msgs:${AMENT_PREFIX_PATH} CMAKE_PREFIX_PATH=/home/yvxaiver/f1tenth_ws/install/vesc_msgs:/opt/ros/foxy LD_LIBRARY_PATH=/home/yvxaiver/f1tenth_ws/install/vesc_msgs/lib:/usr/local/cuda-11.4/lib64:/opt/ros/foxy/opt/yaml_cpp_vendor/lib:/opt/ros/foxy/opt/rviz_ogre_vendor/lib:/opt/ros/foxy/lib/aarch64-linux-gnu:/opt/ros/foxy/lib:/usr/local/cuda-11.4/lib64:/usr/local/cuda-11.4/lib64 PYTHONPATH=/home/yvxaiver/f1tenth_ws/install/vesc_msgs/lib/python3.8/site-packages:${PYTHONPATH} /usr/bin/cmake /home/yvxaiver/f1tenth_ws/src/f1tenth_system/vesc/vesc_driver -DCMAKE_INSTALL_PREFIX=/home/yvxaiver/f1tenth_ws/install/vesc_driver
[9.007s] Invoking command in '/home/yvxaiver/f1tenth_ws/build/vesc_driver': AMENT_PREFIX_PATH=/home/yvxaiver/f1tenth_ws/install/vesc_msgs:${AMENT_PREFIX_PATH} CMAKE_PREFIX_PATH=/home/yvxaiver/f1tenth_ws/install/vesc_msgs:/opt/ros/foxy LD_LIBRARY_PATH=/home/yvxaiver/f1tenth_ws/install/vesc_msgs/lib:/usr/local/cuda-11.4/lib64:/opt/ros/foxy/opt/yaml_cpp_vendor/lib:/opt/ros/foxy/opt/rviz_ogre_vendor/lib:/opt/ros/foxy/lib/aarch64-linux-gnu:/opt/ros/foxy/lib:/usr/local/cuda-11.4/lib64:/usr/local/cuda-11.4/lib64 PYTHONPATH=/home/yvxaiver/f1tenth_ws/install/vesc_msgs/lib/python3.8/site-packages:${PYTHONPATH} /usr/bin/cmake --build /home/yvxaiver/f1tenth_ws/build/vesc_driver -- -j4 -l4
[9.205s] [35m[1mScanning dependencies of target vesc_driver[0m
[9.257s] [35m[1mScanning dependencies of target vesc_driver_node[0m
[9.537s] [ 10%] [32mBuilding CXX object CMakeFiles/vesc_driver_node.dir/rclcpp_components/node_main_vesc_driver_node.cpp.o[0m
[9.545s] [ 20%] [32mBuilding CXX object CMakeFiles/vesc_driver.dir/src/vesc_driver.cpp.o[0m
[9.571s] [ 30%] [32mBuilding CXX object CMakeFiles/vesc_driver.dir/src/vesc_interface.cpp.o[0m
[10.689s] [ 40%] [32mBuilding CXX object CMakeFiles/vesc_driver.dir/src/vesc_packet.cpp.o[0m
[27.623s] [ 50%] [32m[1mLinking CXX executable vesc_driver_node[0m
[28.123s] [ 50%] Built target vesc_driver_node
[44.445s] [ 60%] [32mBuilding CXX object CMakeFiles/vesc_driver.dir/src/vesc_packet_factory.cpp.o[0m
[46.728s] [ 70%] [32m[1mLinking CXX shared library libvesc_driver.so[0m
[48.343s] [ 70%] Built target vesc_driver
[48.384s] [35m[1mScanning dependencies of target vesc_device_namer[0m
[48.433s] [ 80%] [32mBuilding CXX object CMakeFiles/vesc_device_namer.dir/src/vesc_device_namer.cpp.o[0m
[49.959s] [ 90%] [32mBuilding CXX object CMakeFiles/vesc_device_namer.dir/src/vesc_device_uuid_lookup.cpp.o[0m
[52.120s] [100%] [32m[1mLinking CXX executable vesc_device_namer[0m
[52.844s] [100%] Built target vesc_device_namer
[52.887s] Invoked command in '/home/yvxaiver/f1tenth_ws/build/vesc_driver' returned '0': AMENT_PREFIX_PATH=/home/yvxaiver/f1tenth_ws/install/vesc_msgs:${AMENT_PREFIX_PATH} CMAKE_PREFIX_PATH=/home/yvxaiver/f1tenth_ws/install/vesc_msgs:/opt/ros/foxy LD_LIBRARY_PATH=/home/yvxaiver/f1tenth_ws/install/vesc_msgs/lib:/usr/local/cuda-11.4/lib64:/opt/ros/foxy/opt/yaml_cpp_vendor/lib:/opt/ros/foxy/opt/rviz_ogre_vendor/lib:/opt/ros/foxy/lib/aarch64-linux-gnu:/opt/ros/foxy/lib:/usr/local/cuda-11.4/lib64:/usr/local/cuda-11.4/lib64 PYTHONPATH=/home/yvxaiver/f1tenth_ws/install/vesc_msgs/lib/python3.8/site-packages:${PYTHONPATH} /usr/bin/cmake --build /home/yvxaiver/f1tenth_ws/build/vesc_driver -- -j4 -l4
[53.033s] Invoking command in '/home/yvxaiver/f1tenth_ws/build/vesc_driver': AMENT_PREFIX_PATH=/home/yvxaiver/f1tenth_ws/install/vesc_msgs:${AMENT_PREFIX_PATH} CMAKE_PREFIX_PATH=/home/yvxaiver/f1tenth_ws/install/vesc_msgs:/opt/ros/foxy LD_LIBRARY_PATH=/home/yvxaiver/f1tenth_ws/install/vesc_msgs/lib:/usr/local/cuda-11.4/lib64:/opt/ros/foxy/opt/yaml_cpp_vendor/lib:/opt/ros/foxy/opt/rviz_ogre_vendor/lib:/opt/ros/foxy/lib/aarch64-linux-gnu:/opt/ros/foxy/lib:/usr/local/cuda-11.4/lib64:/usr/local/cuda-11.4/lib64 PYTHONPATH=/home/yvxaiver/f1tenth_ws/install/vesc_msgs/lib/python3.8/site-packages:${PYTHONPATH} /usr/bin/cmake --install /home/yvxaiver/f1tenth_ws/build/vesc_driver
[53.063s] -- Install configuration: ""
[53.064s] -- Installing: /home/yvxaiver/f1tenth_ws/install/vesc_driver/lib/vesc_driver/vesc_driver_node
[53.067s] -- Set runtime path of "/home/yvxaiver/f1tenth_ws/install/vesc_driver/lib/vesc_driver/vesc_driver_node" to ""
[53.068s] -- Installing: /home/yvxaiver/f1tenth_ws/install/vesc_driver/include
[53.068s] -- Installing: /home/yvxaiver/f1tenth_ws/install/vesc_driver/include/vesc_driver
[53.068s] -- Installing: /home/yvxaiver/f1tenth_ws/install/vesc_driver/include/vesc_driver/crc.hpp
[53.069s] -- Installing: /home/yvxaiver/f1tenth_ws/install/vesc_driver/include/vesc_driver/vesc_packet.hpp
[53.069s] -- Installing: /home/yvxaiver/f1tenth_ws/install/vesc_driver/include/vesc_driver/vesc_driver.hpp
[53.070s] -- Installing: /home/yvxaiver/f1tenth_ws/install/vesc_driver/include/vesc_driver/vesc_packet_factory.hpp
[53.070s] -- Installing: /home/yvxaiver/f1tenth_ws/install/vesc_driver/include/vesc_driver/vesc_device_uuid_lookup.hpp
[53.070s] -- Installing: /home/yvxaiver/f1tenth_ws/install/vesc_driver/include/vesc_driver/vesc_interface.hpp
[53.071s] -- Installing: /home/yvxaiver/f1tenth_ws/install/vesc_driver/include/vesc_driver/datatypes.hpp
[53.072s] -- Installing: /home/yvxaiver/f1tenth_ws/install/vesc_driver/share/vesc_driver/environment/library_path.sh
[53.073s] -- Installing: /home/yvxaiver/f1tenth_ws/install/vesc_driver/share/vesc_driver/environment/library_path.dsv
[53.073s] -- Installing: /home/yvxaiver/f1tenth_ws/install/vesc_driver/lib/libvesc_driver.so
[53.100s] -- Set runtime path of "/home/yvxaiver/f1tenth_ws/install/vesc_driver/lib/libvesc_driver.so" to ""
[53.101s] -- Installing: /home/yvxaiver/f1tenth_ws/install/vesc_driver/lib/vesc_driver/vesc_device_namer
[53.103s] -- Set runtime path of "/home/yvxaiver/f1tenth_ws/install/vesc_driver/lib/vesc_driver/vesc_device_namer" to ""
[53.103s] -- Installing: /home/yvxaiver/f1tenth_ws/install/vesc_driver/share/vesc_driver/launch
[53.104s] -- Installing: /home/yvxaiver/f1tenth_ws/install/vesc_driver/share/vesc_driver/launch/vesc_driver_node.launch.py
[53.104s] -- Installing: /home/yvxaiver/f1tenth_ws/install/vesc_driver/share/vesc_driver/params
[53.105s] -- Installing: /home/yvxaiver/f1tenth_ws/install/vesc_driver/share/vesc_driver/params/vesc_config.yaml
[53.106s] -- Installing: /home/yvxaiver/f1tenth_ws/install/vesc_driver/share/ament_index/resource_index/package_run_dependencies/vesc_driver
[53.106s] -- Installing: /home/yvxaiver/f1tenth_ws/install/vesc_driver/share/ament_index/resource_index/parent_prefix_path/vesc_driver
[53.107s] -- Installing: /home/yvxaiver/f1tenth_ws/install/vesc_driver/share/vesc_driver/environment/ament_prefix_path.sh
[53.107s] -- Installing: /home/yvxaiver/f1tenth_ws/install/vesc_driver/share/vesc_driver/environment/ament_prefix_path.dsv
[53.108s] -- Installing: /home/yvxaiver/f1tenth_ws/install/vesc_driver/share/vesc_driver/environment/path.sh
[53.109s] -- Installing: /home/yvxaiver/f1tenth_ws/install/vesc_driver/share/vesc_driver/environment/path.dsv
[53.109s] -- Installing: /home/yvxaiver/f1tenth_ws/install/vesc_driver/share/vesc_driver/local_setup.bash
[53.110s] -- Installing: /home/yvxaiver/f1tenth_ws/install/vesc_driver/share/vesc_driver/local_setup.sh
[53.110s] -- Installing: /home/yvxaiver/f1tenth_ws/install/vesc_driver/share/vesc_driver/local_setup.zsh
[53.111s] -- Installing: /home/yvxaiver/f1tenth_ws/install/vesc_driver/share/vesc_driver/local_setup.dsv
[53.111s] -- Installing: /home/yvxaiver/f1tenth_ws/install/vesc_driver/share/vesc_driver/package.dsv
[53.112s] -- Installing: /home/yvxaiver/f1tenth_ws/install/vesc_driver/share/ament_index/resource_index/packages/vesc_driver
[53.113s] -- Installing: /home/yvxaiver/f1tenth_ws/install/vesc_driver/share/ament_index/resource_index/rclcpp_components/vesc_driver
[53.113s] -- Installing: /home/yvxaiver/f1tenth_ws/install/vesc_driver/share/vesc_driver/cmake/ament_cmake_export_dependencies-extras.cmake
[53.114s] -- Installing: /home/yvxaiver/f1tenth_ws/install/vesc_driver/share/vesc_driver/cmake/ament_cmake_export_include_directories-extras.cmake
[53.115s] -- Installing: /home/yvxaiver/f1tenth_ws/install/vesc_driver/share/vesc_driver/cmake/ament_cmake_export_libraries-extras.cmake
[53.115s] -- Installing: /home/yvxaiver/f1tenth_ws/install/vesc_driver/share/vesc_driver/cmake/vesc_driverConfig.cmake
[53.116s] -- Installing: /home/yvxaiver/f1tenth_ws/install/vesc_driver/share/vesc_driver/cmake/vesc_driverConfig-version.cmake
[53.116s] -- Installing: /home/yvxaiver/f1tenth_ws/install/vesc_driver/share/vesc_driver/package.xml
[53.133s] Invoked command in '/home/yvxaiver/f1tenth_ws/build/vesc_driver' returned '0': AMENT_PREFIX_PATH=/home/yvxaiver/f1tenth_ws/install/vesc_msgs:${AMENT_PREFIX_PATH} CMAKE_PREFIX_PATH=/home/yvxaiver/f1tenth_ws/install/vesc_msgs:/opt/ros/foxy LD_LIBRARY_PATH=/home/yvxaiver/f1tenth_ws/install/vesc_msgs/lib:/usr/local/cuda-11.4/lib64:/opt/ros/foxy/opt/yaml_cpp_vendor/lib:/opt/ros/foxy/opt/rviz_ogre_vendor/lib:/opt/ros/foxy/lib/aarch64-linux-gnu:/opt/ros/foxy/lib:/usr/local/cuda-11.4/lib64:/usr/local/cuda-11.4/lib64 PYTHONPATH=/home/yvxaiver/f1tenth_ws/install/vesc_msgs/lib/python3.8/site-packages:${PYTHONPATH} /usr/bin/cmake --install /home/yvxaiver/f1tenth_ws/build/vesc_driver
