[7.317s] Invoking command in '/home/yvxaiver/f1tenth_ws/src/f1tenth_system/planned_path': PYTHONPATH=/home/yvxaiver/f1tenth_ws/install/planned_path/lib/python3.8/site-packages:${PYTHONPATH} /usr/bin/python3 setup.py egg_info --egg-base ../../../build/planned_path build --build-base /home/yvxaiver/f1tenth_ws/build/planned_path/build install --prefix /home/yvxaiver/f1tenth_ws/install/planned_path --record /home/yvxaiver/f1tenth_ws/build/planned_path/install.log --single-version-externally-managed
[10.312s] running egg_info
[10.324s] writing ../../../build/planned_path/planned_path.egg-info/PKG-INFO
[10.329s] writing dependency_links to ../../../build/planned_path/planned_path.egg-info/dependency_links.txt
[10.330s] writing entry points to ../../../build/planned_path/planned_path.egg-info/entry_points.txt
[10.331s] writing requirements to ../../../build/planned_path/planned_path.egg-info/requires.txt
[10.332s] writing top-level names to ../../../build/planned_path/planned_path.egg-info/top_level.txt
[10.817s] reading manifest file '../../../build/planned_path/planned_path.egg-info/SOURCES.txt'
[10.823s] writing manifest file '../../../build/planned_path/planned_path.egg-info/SOURCES.txt'
[10.824s] running build
[10.824s] running build_py
[10.828s] copying planned_path/ppath_control.py -> /home/yvxaiver/f1tenth_ws/build/planned_path/build/lib/planned_path
[10.829s] running install
[10.833s] running install_lib
[10.863s] copying /home/yvxaiver/f1tenth_ws/build/planned_path/build/lib/planned_path/ppath_control.py -> /home/yvxaiver/f1tenth_ws/install/planned_path/lib/python3.8/site-packages/planned_path
[10.870s] byte-compiling /home/yvxaiver/f1tenth_ws/install/planned_path/lib/python3.8/site-packages/planned_path/ppath_control.py to ppath_control.cpython-38.pyc
[10.874s] running install_data
[10.879s] copying package.xml -> /home/yvxaiver/f1tenth_ws/install/planned_path/share/planned_path
[10.880s] running install_egg_info
[10.894s] removing '/home/yvxaiver/f1tenth_ws/install/planned_path/lib/python3.8/site-packages/planned_path-0.0.0-py3.8.egg-info' (and everything under it)
[10.896s] Copying ../../../build/planned_path/planned_path.egg-info to /home/yvxaiver/f1tenth_ws/install/planned_path/lib/python3.8/site-packages/planned_path-0.0.0-py3.8.egg-info
[10.907s] running install_scripts
[11.008s] Installing ppath script to /home/yvxaiver/f1tenth_ws/install/planned_path/lib/planned_path
[11.014s] writing list of installed files to '/home/yvxaiver/f1tenth_ws/build/planned_path/install.log'
[11.230s] Invoked command in '/home/yvxaiver/f1tenth_ws/src/f1tenth_system/planned_path' returned '0': PYTHONPATH=/home/yvxaiver/f1tenth_ws/install/planned_path/lib/python3.8/site-packages:${PYTHONPATH} /usr/bin/python3 setup.py egg_info --egg-base ../../../build/planned_path build --build-base /home/yvxaiver/f1tenth_ws/build/planned_path/build install --prefix /home/yvxaiver/f1tenth_ws/install/planned_path --record /home/yvxaiver/f1tenth_ws/build/planned_path/install.log --single-version-externally-managed
