[3.574s] Invoking command in '/home/yvxaiver/f1tenth_ws/src/f1tenth_system/lanenet_driver': PYTHONPATH=/home/yvxaiver/f1tenth_ws/install/lanenet_driver/lib/python3.8/site-packages:${PYTHONPATH} /usr/bin/python3 setup.py egg_info --egg-base ../../../build/lanenet_driver build --build-base /home/yvxaiver/f1tenth_ws/build/lanenet_driver/build install --prefix /home/yvxaiver/f1tenth_ws/install/lanenet_driver --record /home/yvxaiver/f1tenth_ws/build/lanenet_driver/install.log --single-version-externally-managed
[4.838s] running egg_info
[4.841s] writing ../../../build/lanenet_driver/lanenet_driver.egg-info/PKG-INFO
[4.842s] writing dependency_links to ../../../build/lanenet_driver/lanenet_driver.egg-info/dependency_links.txt
[4.847s] writing entry points to ../../../build/lanenet_driver/lanenet_driver.egg-info/entry_points.txt
[4.850s] writing requirements to ../../../build/lanenet_driver/lanenet_driver.egg-info/requires.txt
[4.851s] writing top-level names to ../../../build/lanenet_driver/lanenet_driver.egg-info/top_level.txt
[5.033s] reading manifest file '../../../build/lanenet_driver/lanenet_driver.egg-info/SOURCES.txt'
[5.036s] writing manifest file '../../../build/lanenet_driver/lanenet_driver.egg-info/SOURCES.txt'
[5.037s] running build
[5.037s] running build_py
[5.039s] copying lanenet_driver/stanley_controller/stanley_controller.py -> /home/yvxaiver/f1tenth_ws/build/lanenet_driver/build/lib/lanenet_driver/stanley_controller
[5.040s] running install
[5.043s] running install_lib
[5.048s] copying /home/yvxaiver/f1tenth_ws/build/lanenet_driver/build/lib/lanenet_driver/stanley_controller/stanley_controller.py -> /home/yvxaiver/f1tenth_ws/install/lanenet_driver/lib/python3.8/site-packages/lanenet_driver/stanley_controller
[5.058s] byte-compiling /home/yvxaiver/f1tenth_ws/install/lanenet_driver/lib/python3.8/site-packages/lanenet_driver/stanley_controller/stanley_controller.py to stanley_controller.cpython-38.pyc
[5.059s] running install_data
[5.062s] running install_egg_info
[5.070s] removing '/home/yvxaiver/f1tenth_ws/install/lanenet_driver/lib/python3.8/site-packages/lanenet_driver-0.0.0-py3.8.egg-info' (and everything under it)
[5.072s] Copying ../../../build/lanenet_driver/lanenet_driver.egg-info to /home/yvxaiver/f1tenth_ws/install/lanenet_driver/lib/python3.8/site-packages/lanenet_driver-0.0.0-py3.8.egg-info
[5.077s] running install_scripts
[5.143s] Installing lanenet_driver_node script to /home/yvxaiver/f1tenth_ws/install/lanenet_driver/lib/lanenet_driver
[5.146s] writing list of installed files to '/home/yvxaiver/f1tenth_ws/build/lanenet_driver/install.log'
[5.243s] Invoked command in '/home/yvxaiver/f1tenth_ws/src/f1tenth_system/lanenet_driver' returned '0': PYTHONPATH=/home/yvxaiver/f1tenth_ws/install/lanenet_driver/lib/python3.8/site-packages:${PYTHONPATH} /usr/bin/python3 setup.py egg_info --egg-base ../../../build/lanenet_driver build --build-base /home/yvxaiver/f1tenth_ws/build/lanenet_driver/build install --prefix /home/yvxaiver/f1tenth_ws/install/lanenet_driver --record /home/yvxaiver/f1tenth_ws/build/lanenet_driver/install.log --single-version-externally-managed
