[0.347s] Invoking command in '/home/yvxaiver/f1tenth_ws/build/ackermann_mux': CMAKE_PREFIX_PATH=${CMAKE_PREFIX_PATH}:/home/yvxaiver/f1tenth_ws/install/f1tenth_stack:/home/yvxaiver/f1tenth_ws/install/joy_teleop:/home/yvxaiver/f1tenth_ws/install/planned_path:/home/yvxaiver/f1tenth_ws/install/mouse_teleop:/home/yvxaiver/f1tenth_ws/install/lanenet_driver:/home/yvxaiver/f1tenth_ws/install/key_teleop:/home/yvxaiver/camera_ws/install/image_processor:/opt/ros/foxy /usr/bin/cmake --build /home/yvxaiver/f1tenth_ws/build/ackermann_mux -- -j4 -l4
[1.088s] [100%] Built target ackermann_mux
[2.940s] Invoked command in '/home/yvxaiver/f1tenth_ws/build/ackermann_mux' returned '0': CMAKE_PREFIX_PATH=${CMAKE_PREFIX_PATH}:/home/yvxaiver/f1tenth_ws/install/f1tenth_stack:/home/yvxaiver/f1tenth_ws/install/joy_teleop:/home/yvxaiver/f1tenth_ws/install/planned_path:/home/yvxaiver/f1tenth_ws/install/mouse_teleop:/home/yvxaiver/f1tenth_ws/install/lanenet_driver:/home/yvxaiver/f1tenth_ws/install/key_teleop:/home/yvxaiver/camera_ws/install/image_processor:/opt/ros/foxy /usr/bin/cmake --build /home/yvxaiver/f1tenth_ws/build/ackermann_mux -- -j4 -l4
[3.483s] Invoking command in '/home/yvxaiver/f1tenth_ws/build/ackermann_mux': CMAKE_PREFIX_PATH=${CMAKE_PREFIX_PATH}:/home/yvxaiver/f1tenth_ws/install/f1tenth_stack:/home/yvxaiver/f1tenth_ws/install/joy_teleop:/home/yvxaiver/f1tenth_ws/install/planned_path:/home/yvxaiver/f1tenth_ws/install/mouse_teleop:/home/yvxaiver/f1tenth_ws/install/lanenet_driver:/home/yvxaiver/f1tenth_ws/install/key_teleop:/home/yvxaiver/camera_ws/install/image_processor:/opt/ros/foxy /usr/bin/cmake --install /home/yvxaiver/f1tenth_ws/build/ackermann_mux
[3.608s] -- Install configuration: ""
[3.617s] -- Up-to-date: /home/yvxaiver/f1tenth_ws/install/ackermann_mux/lib/ackermann_mux/ackermann_mux
[3.625s] -- Up-to-date: /home/yvxaiver/f1tenth_ws/install/ackermann_mux/share/ackermann_mux/launch
[3.627s] -- Up-to-date: /home/yvxaiver/f1tenth_ws/install/ackermann_mux/share/ackermann_mux/launch/ackermann_mux_launch.py
[3.627s] -- Up-to-date: /home/yvxaiver/f1tenth_ws/install/ackermann_mux/share/ackermann_mux/config
[3.628s] -- Up-to-date: /home/yvxaiver/f1tenth_ws/install/ackermann_mux/share/ackermann_mux/config/joystick.yaml
[3.629s] -- Up-to-date: /home/yvxaiver/f1tenth_ws/install/ackermann_mux/share/ackermann_mux/config/ackermann_mux_topics.yaml
[3.629s] -- Up-to-date: /home/yvxaiver/f1tenth_ws/install/ackermann_mux/share/ackermann_mux/config/ackermann_mux_locks.yaml
[3.630s] -- Up-to-date: /home/yvxaiver/f1tenth_ws/install/ackermann_mux/include
[3.630s] -- Up-to-date: /home/yvxaiver/f1tenth_ws/install/ackermann_mux/include/ackermann_mux
[3.631s] -- Up-to-date: /home/yvxaiver/f1tenth_ws/install/ackermann_mux/include/ackermann_mux/ackermann_mux_diagnostics_status.hpp
[3.631s] -- Up-to-date: /home/yvxaiver/f1tenth_ws/install/ackermann_mux/include/ackermann_mux/params_helpers.hpp
[3.632s] -- Up-to-date: /home/yvxaiver/f1tenth_ws/install/ackermann_mux/include/ackermann_mux/ackermann_mux.hpp
[3.633s] -- Up-to-date: /home/yvxaiver/f1tenth_ws/install/ackermann_mux/include/ackermann_mux/ackermann_mux_diagnostics.hpp
[3.634s] -- Up-to-date: /home/yvxaiver/f1tenth_ws/install/ackermann_mux/include/ackermann_mux/utils.hpp
[3.634s] -- Up-to-date: /home/yvxaiver/f1tenth_ws/install/ackermann_mux/include/ackermann_mux/topic_handle.hpp
[3.634s] -- Up-to-date: /home/yvxaiver/f1tenth_ws/install/ackermann_mux/share/ament_index/resource_index/package_run_dependencies/ackermann_mux
[3.635s] -- Up-to-date: /home/yvxaiver/f1tenth_ws/install/ackermann_mux/share/ament_index/resource_index/parent_prefix_path/ackermann_mux
[3.635s] -- Up-to-date: /home/yvxaiver/f1tenth_ws/install/ackermann_mux/share/ackermann_mux/environment/ament_prefix_path.sh
[3.635s] -- Up-to-date: /home/yvxaiver/f1tenth_ws/install/ackermann_mux/share/ackermann_mux/environment/ament_prefix_path.dsv
[3.636s] -- Up-to-date: /home/yvxaiver/f1tenth_ws/install/ackermann_mux/share/ackermann_mux/environment/path.sh
[3.644s] -- Up-to-date: /home/yvxaiver/f1tenth_ws/install/ackermann_mux/share/ackermann_mux/environment/path.dsv
[3.645s] -- Up-to-date: /home/yvxaiver/f1tenth_ws/install/ackermann_mux/share/ackermann_mux/local_setup.bash
[3.648s] -- Up-to-date: /home/yvxaiver/f1tenth_ws/install/ackermann_mux/share/ackermann_mux/local_setup.sh
[3.650s] -- Up-to-date: /home/yvxaiver/f1tenth_ws/install/ackermann_mux/share/ackermann_mux/local_setup.zsh
[3.651s] -- Up-to-date: /home/yvxaiver/f1tenth_ws/install/ackermann_mux/share/ackermann_mux/local_setup.dsv
[3.651s] -- Installing: /home/yvxaiver/f1tenth_ws/install/ackermann_mux/share/ackermann_mux/package.dsv
[3.651s] -- Up-to-date: /home/yvxaiver/f1tenth_ws/install/ackermann_mux/share/ament_index/resource_index/packages/ackermann_mux
[3.651s] -- Up-to-date: /home/yvxaiver/f1tenth_ws/install/ackermann_mux/share/ackermann_mux/cmake/ament_cmake_export_include_directories-extras.cmake
[3.652s] -- Up-to-date: /home/yvxaiver/f1tenth_ws/install/ackermann_mux/share/ackermann_mux/cmake/ament_cmake_export_dependencies-extras.cmake
[3.652s] -- Up-to-date: /home/yvxaiver/f1tenth_ws/install/ackermann_mux/share/ackermann_mux/cmake/ackermann_muxConfig.cmake
[3.653s] -- Up-to-date: /home/yvxaiver/f1tenth_ws/install/ackermann_mux/share/ackermann_mux/cmake/ackermann_muxConfig-version.cmake
[3.653s] -- Up-to-date: /home/yvxaiver/f1tenth_ws/install/ackermann_mux/share/ackermann_mux/package.xml
[3.674s] Invoked command in '/home/yvxaiver/f1tenth_ws/build/ackermann_mux' returned '0': CMAKE_PREFIX_PATH=${CMAKE_PREFIX_PATH}:/home/yvxaiver/f1tenth_ws/install/f1tenth_stack:/home/yvxaiver/f1tenth_ws/install/joy_teleop:/home/yvxaiver/f1tenth_ws/install/planned_path:/home/yvxaiver/f1tenth_ws/install/mouse_teleop:/home/yvxaiver/f1tenth_ws/install/lanenet_driver:/home/yvxaiver/f1tenth_ws/install/key_teleop:/home/yvxaiver/camera_ws/install/image_processor:/opt/ros/foxy /usr/bin/cmake --install /home/yvxaiver/f1tenth_ws/build/ackermann_mux
