[0.598s] Invoking command in '/home/yvxaiver/f1tenth_ws/build/vesc_msgs': CMAKE_PREFIX_PATH=${CMAKE_PREFIX_PATH}:/home/yvxaiver/f1tenth_ws/install/f1tenth_stack:/home/yvxaiver/f1tenth_ws/install/joy_teleop:/home/yvxaiver/f1tenth_ws/install/planned_path:/home/yvxaiver/f1tenth_ws/install/mouse_teleop:/home/yvxaiver/f1tenth_ws/install/lanenet_driver:/home/yvxaiver/f1tenth_ws/install/key_teleop:/home/yvxaiver/camera_ws/install/lanenet_postprocess:/home/yvxaiver/camera_ws/install/image_processor:/home/yvxaiver/camera_ws/install/inv_mux:/opt/ros/foxy /usr/bin/cmake --build /home/yvxaiver/f1tenth_ws/build/vesc_msgs -- -j6 -l6
[4.616s] [  1%] Built target vesc_msgs__cpp
[4.618s] [ 12%] Built target vesc_msgs__rosidl_generator_c
[4.619s] [ 23%] Built target vesc_msgs__rosidl_typesupport_c
[4.620s] [ 34%] Built target vesc_msgs__rosidl_typesupport_introspection_cpp
[4.634s] [ 45%] Built target vesc_msgs__rosidl_typesupport_cpp
[4.635s] [ 56%] Built target vesc_msgs__rosidl_typesupport_introspection_c
[4.636s] [ 67%] Built target vesc_msgs__rosidl_typesupport_fastrtps_cpp
[4.636s] [ 78%] Built target vesc_msgs__rosidl_typesupport_fastrtps_c
[4.636s] [ 78%] Built target vesc_msgs
[4.637s] [ 80%] Built target vesc_msgs__py
[4.637s] [ 89%] Built target vesc_msgs__python
[4.638s] [ 92%] Built target vesc_msgs__rosidl_typesupport_fastrtps_c__pyext
[4.638s] [ 96%] Built target vesc_msgs__rosidl_typesupport_c__pyext
[4.639s] [100%] Built target vesc_msgs__rosidl_typesupport_introspection_c__pyext
[6.226s] Invoked command in '/home/yvxaiver/f1tenth_ws/build/vesc_msgs' returned '0': CMAKE_PREFIX_PATH=${CMAKE_PREFIX_PATH}:/home/yvxaiver/f1tenth_ws/install/f1tenth_stack:/home/yvxaiver/f1tenth_ws/install/joy_teleop:/home/yvxaiver/f1tenth_ws/install/planned_path:/home/yvxaiver/f1tenth_ws/install/mouse_teleop:/home/yvxaiver/f1tenth_ws/install/lanenet_driver:/home/yvxaiver/f1tenth_ws/install/key_teleop:/home/yvxaiver/camera_ws/install/lanenet_postprocess:/home/yvxaiver/camera_ws/install/image_processor:/home/yvxaiver/camera_ws/install/inv_mux:/opt/ros/foxy /usr/bin/cmake --build /home/yvxaiver/f1tenth_ws/build/vesc_msgs -- -j6 -l6
[7.441s] Invoking command in '/home/yvxaiver/f1tenth_ws/build/vesc_msgs': CMAKE_PREFIX_PATH=${CMAKE_PREFIX_PATH}:/home/yvxaiver/f1tenth_ws/install/f1tenth_stack:/home/yvxaiver/f1tenth_ws/install/joy_teleop:/home/yvxaiver/f1tenth_ws/install/planned_path:/home/yvxaiver/f1tenth_ws/install/mouse_teleop:/home/yvxaiver/f1tenth_ws/install/lanenet_driver:/home/yvxaiver/f1tenth_ws/install/key_teleop:/home/yvxaiver/camera_ws/install/lanenet_postprocess:/home/yvxaiver/camera_ws/install/image_processor:/home/yvxaiver/camera_ws/install/inv_mux:/opt/ros/foxy /usr/bin/cmake --install /home/yvxaiver/f1tenth_ws/build/vesc_msgs
[7.506s] -- Install configuration: ""
[7.507s] -- Up-to-date: /home/yvxaiver/f1tenth_ws/install/vesc_msgs/share/ament_index/resource_index/rosidl_interfaces/vesc_msgs
[7.507s] -- Up-to-date: /home/yvxaiver/f1tenth_ws/install/vesc_msgs/include/vesc_msgs
[7.508s] -- Up-to-date: /home/yvxaiver/f1tenth_ws/install/vesc_msgs/include/vesc_msgs/msg
[7.508s] -- Up-to-date: /home/yvxaiver/f1tenth_ws/install/vesc_msgs/include/vesc_msgs/msg/vesc_state.h
[7.509s] -- Up-to-date: /home/yvxaiver/f1tenth_ws/install/vesc_msgs/include/vesc_msgs/msg/vesc_state_stamped.h
[7.509s] -- Up-to-date: /home/yvxaiver/f1tenth_ws/install/vesc_msgs/include/vesc_msgs/msg/rosidl_generator_c__visibility_control.h
[7.509s] -- Up-to-date: /home/yvxaiver/f1tenth_ws/install/vesc_msgs/include/vesc_msgs/msg/vesc_imu.h
[7.510s] -- Up-to-date: /home/yvxaiver/f1tenth_ws/install/vesc_msgs/include/vesc_msgs/msg/detail
[7.510s] -- Up-to-date: /home/yvxaiver/f1tenth_ws/install/vesc_msgs/include/vesc_msgs/msg/detail/vesc_imu_stamped__type_support.h
[7.510s] -- Up-to-date: /home/yvxaiver/f1tenth_ws/install/vesc_msgs/include/vesc_msgs/msg/detail/vesc_state__functions.h
[7.511s] -- Up-to-date: /home/yvxaiver/f1tenth_ws/install/vesc_msgs/include/vesc_msgs/msg/detail/vesc_imu__type_support.h
[7.512s] -- Up-to-date: /home/yvxaiver/f1tenth_ws/install/vesc_msgs/include/vesc_msgs/msg/detail/vesc_state__struct.h
[7.516s] -- Up-to-date: /home/yvxaiver/f1tenth_ws/install/vesc_msgs/include/vesc_msgs/msg/detail/vesc_state__functions.c
[7.517s] -- Up-to-date: /home/yvxaiver/f1tenth_ws/install/vesc_msgs/include/vesc_msgs/msg/detail/vesc_state_stamped__functions.h
[7.517s] -- Up-to-date: /home/yvxaiver/f1tenth_ws/install/vesc_msgs/include/vesc_msgs/msg/detail/vesc_imu__functions.h
[7.518s] -- Up-to-date: /home/yvxaiver/f1tenth_ws/install/vesc_msgs/include/vesc_msgs/msg/detail/vesc_imu_stamped__struct.h
[7.519s] -- Up-to-date: /home/yvxaiver/f1tenth_ws/install/vesc_msgs/include/vesc_msgs/msg/detail/vesc_imu_stamped__functions.h
[7.520s] -- Up-to-date: /home/yvxaiver/f1tenth_ws/install/vesc_msgs/include/vesc_msgs/msg/detail/vesc_imu_stamped__functions.c
[7.521s] -- Up-to-date: /home/yvxaiver/f1tenth_ws/install/vesc_msgs/include/vesc_msgs/msg/detail/vesc_state_stamped__type_support.h
[7.521s] -- Up-to-date: /home/yvxaiver/f1tenth_ws/install/vesc_msgs/include/vesc_msgs/msg/detail/vesc_state_stamped__struct.h
[7.522s] -- Up-to-date: /home/yvxaiver/f1tenth_ws/install/vesc_msgs/include/vesc_msgs/msg/detail/vesc_state_stamped__functions.c
[7.522s] -- Up-to-date: /home/yvxaiver/f1tenth_ws/install/vesc_msgs/include/vesc_msgs/msg/detail/vesc_imu__functions.c
[7.523s] -- Up-to-date: /home/yvxaiver/f1tenth_ws/install/vesc_msgs/include/vesc_msgs/msg/detail/vesc_imu__struct.h
[7.523s] -- Up-to-date: /home/yvxaiver/f1tenth_ws/install/vesc_msgs/include/vesc_msgs/msg/detail/vesc_state__type_support.h
[7.524s] -- Up-to-date: /home/yvxaiver/f1tenth_ws/install/vesc_msgs/include/vesc_msgs/msg/vesc_imu_stamped.h
[7.524s] -- Up-to-date: /home/yvxaiver/f1tenth_ws/install/vesc_msgs/share/vesc_msgs/environment/library_path.sh
[7.530s] -- Up-to-date: /home/yvxaiver/f1tenth_ws/install/vesc_msgs/share/vesc_msgs/environment/library_path.dsv
[7.546s] -- Up-to-date: /home/yvxaiver/f1tenth_ws/install/vesc_msgs/lib/libvesc_msgs__rosidl_generator_c.so
[7.550s] -- Up-to-date: /home/yvxaiver/f1tenth_ws/install/vesc_msgs/include/vesc_msgs
[7.550s] -- Up-to-date: /home/yvxaiver/f1tenth_ws/install/vesc_msgs/include/vesc_msgs/msg
[7.551s] -- Up-to-date: /home/yvxaiver/f1tenth_ws/install/vesc_msgs/include/vesc_msgs/msg/rosidl_typesupport_fastrtps_c__visibility_control.h
[7.552s] -- Up-to-date: /home/yvxaiver/f1tenth_ws/install/vesc_msgs/include/vesc_msgs/msg/detail
[7.552s] -- Up-to-date: /home/yvxaiver/f1tenth_ws/install/vesc_msgs/include/vesc_msgs/msg/detail/vesc_imu__rosidl_typesupport_fastrtps_c.h
[7.553s] -- Up-to-date: /home/yvxaiver/f1tenth_ws/install/vesc_msgs/include/vesc_msgs/msg/detail/vesc_imu_stamped__rosidl_typesupport_fastrtps_c.h
[7.553s] -- Up-to-date: /home/yvxaiver/f1tenth_ws/install/vesc_msgs/include/vesc_msgs/msg/detail/vesc_state__rosidl_typesupport_fastrtps_c.h
[7.554s] -- Up-to-date: /home/yvxaiver/f1tenth_ws/install/vesc_msgs/include/vesc_msgs/msg/detail/vesc_state_stamped__rosidl_typesupport_fastrtps_c.h
[7.554s] -- Up-to-date: /home/yvxaiver/f1tenth_ws/install/vesc_msgs/lib/libvesc_msgs__rosidl_typesupport_fastrtps_c.so
[7.554s] -- Up-to-date: /home/yvxaiver/f1tenth_ws/install/vesc_msgs/include/vesc_msgs
[7.555s] -- Up-to-date: /home/yvxaiver/f1tenth_ws/install/vesc_msgs/include/vesc_msgs/msg
[7.555s] -- Up-to-date: /home/yvxaiver/f1tenth_ws/install/vesc_msgs/include/vesc_msgs/msg/rosidl_typesupport_fastrtps_cpp__visibility_control.h
[7.555s] -- Up-to-date: /home/yvxaiver/f1tenth_ws/install/vesc_msgs/include/vesc_msgs/msg/detail
[7.556s] -- Up-to-date: /home/yvxaiver/f1tenth_ws/install/vesc_msgs/include/vesc_msgs/msg/detail/dds_fastrtps
[7.556s] -- Up-to-date: /home/yvxaiver/f1tenth_ws/install/vesc_msgs/include/vesc_msgs/msg/detail/vesc_imu_stamped__rosidl_typesupport_fastrtps_cpp.hpp
[7.557s] -- Up-to-date: /home/yvxaiver/f1tenth_ws/install/vesc_msgs/include/vesc_msgs/msg/detail/vesc_state__rosidl_typesupport_fastrtps_cpp.hpp
[7.557s] -- Up-to-date: /home/yvxaiver/f1tenth_ws/install/vesc_msgs/include/vesc_msgs/msg/detail/vesc_imu__rosidl_typesupport_fastrtps_cpp.hpp
[7.557s] -- Up-to-date: /home/yvxaiver/f1tenth_ws/install/vesc_msgs/include/vesc_msgs/msg/detail/vesc_state_stamped__rosidl_typesupport_fastrtps_cpp.hpp
[7.558s] -- Up-to-date: /home/yvxaiver/f1tenth_ws/install/vesc_msgs/lib/libvesc_msgs__rosidl_typesupport_fastrtps_cpp.so
[7.558s] -- Up-to-date: /home/yvxaiver/f1tenth_ws/install/vesc_msgs/include/vesc_msgs
[7.558s] -- Up-to-date: /home/yvxaiver/f1tenth_ws/install/vesc_msgs/include/vesc_msgs/msg
[7.559s] -- Up-to-date: /home/yvxaiver/f1tenth_ws/install/vesc_msgs/include/vesc_msgs/msg/rosidl_typesupport_introspection_c__visibility_control.h
[7.559s] -- Up-to-date: /home/yvxaiver/f1tenth_ws/install/vesc_msgs/include/vesc_msgs/msg/detail
[7.569s] -- Up-to-date: /home/yvxaiver/f1tenth_ws/install/vesc_msgs/include/vesc_msgs/msg/detail/vesc_state_stamped__type_support.c
[7.571s] -- Up-to-date: /home/yvxaiver/f1tenth_ws/install/vesc_msgs/include/vesc_msgs/msg/detail/vesc_state_stamped__rosidl_typesupport_introspection_c.h
[7.571s] -- Up-to-date: /home/yvxaiver/f1tenth_ws/install/vesc_msgs/include/vesc_msgs/msg/detail/vesc_imu__type_support.c
[7.580s] -- Up-to-date: /home/yvxaiver/f1tenth_ws/install/vesc_msgs/include/vesc_msgs/msg/detail/vesc_imu_stamped__rosidl_typesupport_introspection_c.h
[7.581s] -- Up-to-date: /home/yvxaiver/f1tenth_ws/install/vesc_msgs/include/vesc_msgs/msg/detail/vesc_imu_stamped__type_support.c
[7.582s] -- Up-to-date: /home/yvxaiver/f1tenth_ws/install/vesc_msgs/include/vesc_msgs/msg/detail/vesc_imu__rosidl_typesupport_introspection_c.h
[7.591s] -- Up-to-date: /home/yvxaiver/f1tenth_ws/install/vesc_msgs/include/vesc_msgs/msg/detail/vesc_state__rosidl_typesupport_introspection_c.h
[7.592s] -- Up-to-date: /home/yvxaiver/f1tenth_ws/install/vesc_msgs/include/vesc_msgs/msg/detail/vesc_state__type_support.c
[7.593s] -- Up-to-date: /home/yvxaiver/f1tenth_ws/install/vesc_msgs/lib/libvesc_msgs__rosidl_typesupport_introspection_c.so
[7.594s] -- Up-to-date: /home/yvxaiver/f1tenth_ws/install/vesc_msgs/lib/libvesc_msgs__rosidl_typesupport_c.so
[7.595s] -- Up-to-date: /home/yvxaiver/f1tenth_ws/install/vesc_msgs/include/vesc_msgs
[7.602s] -- Up-to-date: /home/yvxaiver/f1tenth_ws/install/vesc_msgs/include/vesc_msgs/msg
[7.604s] -- Up-to-date: /home/yvxaiver/f1tenth_ws/install/vesc_msgs/include/vesc_msgs/msg/vesc_imu.hpp
[7.605s] -- Up-to-date: /home/yvxaiver/f1tenth_ws/install/vesc_msgs/include/vesc_msgs/msg/vesc_state_stamped.hpp
[7.609s] -- Up-to-date: /home/yvxaiver/f1tenth_ws/install/vesc_msgs/include/vesc_msgs/msg/vesc_state.hpp
[7.609s] -- Up-to-date: /home/yvxaiver/f1tenth_ws/install/vesc_msgs/include/vesc_msgs/msg/vesc_imu_stamped.hpp
[7.610s] -- Up-to-date: /home/yvxaiver/f1tenth_ws/install/vesc_msgs/include/vesc_msgs/msg/detail
[7.610s] -- Up-to-date: /home/yvxaiver/f1tenth_ws/install/vesc_msgs/include/vesc_msgs/msg/detail/vesc_state__traits.hpp
[7.611s] -- Up-to-date: /home/yvxaiver/f1tenth_ws/install/vesc_msgs/include/vesc_msgs/msg/detail/vesc_state_stamped__builder.hpp
[7.611s] -- Up-to-date: /home/yvxaiver/f1tenth_ws/install/vesc_msgs/include/vesc_msgs/msg/detail/vesc_imu_stamped__struct.hpp
[7.611s] -- Up-to-date: /home/yvxaiver/f1tenth_ws/install/vesc_msgs/include/vesc_msgs/msg/detail/vesc_imu__struct.hpp
[7.618s] -- Up-to-date: /home/yvxaiver/f1tenth_ws/install/vesc_msgs/include/vesc_msgs/msg/detail/vesc_imu__builder.hpp
[7.619s] -- Up-to-date: /home/yvxaiver/f1tenth_ws/install/vesc_msgs/include/vesc_msgs/msg/detail/vesc_imu_stamped__traits.hpp
[7.619s] -- Up-to-date: /home/yvxaiver/f1tenth_ws/install/vesc_msgs/include/vesc_msgs/msg/detail/vesc_imu__traits.hpp
[7.620s] -- Up-to-date: /home/yvxaiver/f1tenth_ws/install/vesc_msgs/include/vesc_msgs/msg/detail/vesc_imu_stamped__builder.hpp
[7.620s] -- Up-to-date: /home/yvxaiver/f1tenth_ws/install/vesc_msgs/include/vesc_msgs/msg/detail/vesc_state_stamped__traits.hpp
[7.620s] -- Up-to-date: /home/yvxaiver/f1tenth_ws/install/vesc_msgs/include/vesc_msgs/msg/detail/vesc_state__builder.hpp
[7.621s] -- Up-to-date: /home/yvxaiver/f1tenth_ws/install/vesc_msgs/include/vesc_msgs/msg/detail/vesc_state_stamped__struct.hpp
[7.621s] -- Up-to-date: /home/yvxaiver/f1tenth_ws/install/vesc_msgs/include/vesc_msgs/msg/detail/vesc_state__struct.hpp
[7.622s] -- Up-to-date: /home/yvxaiver/f1tenth_ws/install/vesc_msgs/include/vesc_msgs
[7.622s] -- Up-to-date: /home/yvxaiver/f1tenth_ws/install/vesc_msgs/include/vesc_msgs/msg
[7.623s] -- Up-to-date: /home/yvxaiver/f1tenth_ws/install/vesc_msgs/include/vesc_msgs/msg/detail
[7.623s] -- Up-to-date: /home/yvxaiver/f1tenth_ws/install/vesc_msgs/include/vesc_msgs/msg/detail/vesc_imu_stamped__type_support.cpp
[7.630s] -- Up-to-date: /home/yvxaiver/f1tenth_ws/install/vesc_msgs/include/vesc_msgs/msg/detail/vesc_state__rosidl_typesupport_introspection_cpp.hpp
[7.634s] -- Up-to-date: /home/yvxaiver/f1tenth_ws/install/vesc_msgs/include/vesc_msgs/msg/detail/vesc_state__type_support.cpp
[7.635s] -- Up-to-date: /home/yvxaiver/f1tenth_ws/install/vesc_msgs/include/vesc_msgs/msg/detail/vesc_imu_stamped__rosidl_typesupport_introspection_cpp.hpp
[7.636s] -- Up-to-date: /home/yvxaiver/f1tenth_ws/install/vesc_msgs/include/vesc_msgs/msg/detail/vesc_imu__type_support.cpp
[7.636s] -- Up-to-date: /home/yvxaiver/f1tenth_ws/install/vesc_msgs/include/vesc_msgs/msg/detail/vesc_state_stamped__type_support.cpp
[7.636s] -- Up-to-date: /home/yvxaiver/f1tenth_ws/install/vesc_msgs/include/vesc_msgs/msg/detail/vesc_state_stamped__rosidl_typesupport_introspection_cpp.hpp
[7.640s] -- Up-to-date: /home/yvxaiver/f1tenth_ws/install/vesc_msgs/include/vesc_msgs/msg/detail/vesc_imu__rosidl_typesupport_introspection_cpp.hpp
[7.641s] -- Up-to-date: /home/yvxaiver/f1tenth_ws/install/vesc_msgs/lib/libvesc_msgs__rosidl_typesupport_introspection_cpp.so
[7.642s] -- Up-to-date: /home/yvxaiver/f1tenth_ws/install/vesc_msgs/lib/libvesc_msgs__rosidl_typesupport_cpp.so
[7.643s] -- Up-to-date: /home/yvxaiver/f1tenth_ws/install/vesc_msgs/share/vesc_msgs/environment/pythonpath.sh
[7.644s] -- Up-to-date: /home/yvxaiver/f1tenth_ws/install/vesc_msgs/share/vesc_msgs/environment/pythonpath.dsv
[7.645s] -- Up-to-date: /home/yvxaiver/f1tenth_ws/install/vesc_msgs/lib/python3.8/site-packages/vesc_msgs/__init__.py
[7.891s] -- Up-to-date: /home/yvxaiver/f1tenth_ws/install/vesc_msgs/lib/python3.8/site-packages/vesc_msgs/msg
[7.903s] -- Up-to-date: /home/yvxaiver/f1tenth_ws/install/vesc_msgs/lib/python3.8/site-packages/vesc_msgs/msg/_vesc_state_s.c
[7.904s] -- Up-to-date: /home/yvxaiver/f1tenth_ws/install/vesc_msgs/lib/python3.8/site-packages/vesc_msgs/msg/_vesc_imu_stamped.py
[7.904s] -- Up-to-date: /home/yvxaiver/f1tenth_ws/install/vesc_msgs/lib/python3.8/site-packages/vesc_msgs/msg/_vesc_state_stamped_s.c
[7.905s] -- Up-to-date: /home/yvxaiver/f1tenth_ws/install/vesc_msgs/lib/python3.8/site-packages/vesc_msgs/msg/_vesc_state.py
[7.911s] -- Up-to-date: /home/yvxaiver/f1tenth_ws/install/vesc_msgs/lib/python3.8/site-packages/vesc_msgs/msg/_vesc_imu_stamped_s.c
[7.912s] -- Up-to-date: /home/yvxaiver/f1tenth_ws/install/vesc_msgs/lib/python3.8/site-packages/vesc_msgs/msg/_vesc_imu_s.c
[7.913s] -- Up-to-date: /home/yvxaiver/f1tenth_ws/install/vesc_msgs/lib/python3.8/site-packages/vesc_msgs/msg/_vesc_imu.py
[7.913s] -- Up-to-date: /home/yvxaiver/f1tenth_ws/install/vesc_msgs/lib/python3.8/site-packages/vesc_msgs/msg/__init__.py
[7.914s] -- Up-to-date: /home/yvxaiver/f1tenth_ws/install/vesc_msgs/lib/python3.8/site-packages/vesc_msgs/msg/_vesc_state_stamped.py
[7.914s] -- Up-to-date: /home/yvxaiver/f1tenth_ws/install/vesc_msgs/lib/python3.8/site-packages/vesc_msgs/vesc_msgs_s__rosidl_typesupport_fastrtps_c.cpython-38-aarch64-linux-gnu.so
[7.916s] -- Up-to-date: /home/yvxaiver/f1tenth_ws/install/vesc_msgs/lib/python3.8/site-packages/vesc_msgs/vesc_msgs_s__rosidl_typesupport_introspection_c.cpython-38-aarch64-linux-gnu.so
[7.916s] -- Up-to-date: /home/yvxaiver/f1tenth_ws/install/vesc_msgs/lib/python3.8/site-packages/vesc_msgs/vesc_msgs_s__rosidl_typesupport_c.cpython-38-aarch64-linux-gnu.so
[7.917s] -- Up-to-date: /home/yvxaiver/f1tenth_ws/install/vesc_msgs/lib/libvesc_msgs__python.so
[7.921s] -- Up-to-date: /home/yvxaiver/f1tenth_ws/install/vesc_msgs/share/vesc_msgs/msg/VescState.idl
[7.922s] -- Up-to-date: /home/yvxaiver/f1tenth_ws/install/vesc_msgs/share/vesc_msgs/msg/VescStateStamped.idl
[7.923s] -- Up-to-date: /home/yvxaiver/f1tenth_ws/install/vesc_msgs/share/vesc_msgs/msg/VescImu.idl
[7.928s] -- Up-to-date: /home/yvxaiver/f1tenth_ws/install/vesc_msgs/share/vesc_msgs/msg/VescImuStamped.idl
[7.928s] -- Up-to-date: /home/yvxaiver/f1tenth_ws/install/vesc_msgs/share/vesc_msgs/msg/VescState.msg
[7.929s] -- Up-to-date: /home/yvxaiver/f1tenth_ws/install/vesc_msgs/share/vesc_msgs/msg/VescStateStamped.msg
[7.929s] -- Up-to-date: /home/yvxaiver/f1tenth_ws/install/vesc_msgs/share/vesc_msgs/msg/VescImu.msg
[7.930s] -- Up-to-date: /home/yvxaiver/f1tenth_ws/install/vesc_msgs/share/vesc_msgs/msg/VescImuStamped.msg
[7.930s] -- Up-to-date: /home/yvxaiver/f1tenth_ws/install/vesc_msgs/share/ament_index/resource_index/package_run_dependencies/vesc_msgs
[7.930s] -- Up-to-date: /home/yvxaiver/f1tenth_ws/install/vesc_msgs/share/ament_index/resource_index/parent_prefix_path/vesc_msgs
[7.931s] -- Up-to-date: /home/yvxaiver/f1tenth_ws/install/vesc_msgs/share/vesc_msgs/environment/ament_prefix_path.sh
[7.931s] -- Up-to-date: /home/yvxaiver/f1tenth_ws/install/vesc_msgs/share/vesc_msgs/environment/ament_prefix_path.dsv
[7.934s] -- Up-to-date: /home/yvxaiver/f1tenth_ws/install/vesc_msgs/share/vesc_msgs/environment/path.sh
[7.940s] -- Up-to-date: /home/yvxaiver/f1tenth_ws/install/vesc_msgs/share/vesc_msgs/environment/path.dsv
[7.944s] -- Up-to-date: /home/yvxaiver/f1tenth_ws/install/vesc_msgs/share/vesc_msgs/local_setup.bash
[7.948s] -- Up-to-date: /home/yvxaiver/f1tenth_ws/install/vesc_msgs/share/vesc_msgs/local_setup.sh
[7.949s] -- Up-to-date: /home/yvxaiver/f1tenth_ws/install/vesc_msgs/share/vesc_msgs/local_setup.zsh
[7.954s] -- Up-to-date: /home/yvxaiver/f1tenth_ws/install/vesc_msgs/share/vesc_msgs/local_setup.dsv
[7.973s] -- Installing: /home/yvxaiver/f1tenth_ws/install/vesc_msgs/share/vesc_msgs/package.dsv
[7.974s] -- Up-to-date: /home/yvxaiver/f1tenth_ws/install/vesc_msgs/share/ament_index/resource_index/packages/vesc_msgs
[7.975s] -- Up-to-date: /home/yvxaiver/f1tenth_ws/install/vesc_msgs/share/vesc_msgs/cmake/vesc_msgs__rosidl_generator_cExport.cmake
[7.975s] -- Up-to-date: /home/yvxaiver/f1tenth_ws/install/vesc_msgs/share/vesc_msgs/cmake/vesc_msgs__rosidl_generator_cExport-noconfig.cmake
[7.976s] -- Up-to-date: /home/yvxaiver/f1tenth_ws/install/vesc_msgs/share/vesc_msgs/cmake/vesc_msgs__rosidl_typesupport_introspection_cExport.cmake
[7.977s] -- Up-to-date: /home/yvxaiver/f1tenth_ws/install/vesc_msgs/share/vesc_msgs/cmake/vesc_msgs__rosidl_typesupport_introspection_cExport-noconfig.cmake
[7.978s] -- Up-to-date: /home/yvxaiver/f1tenth_ws/install/vesc_msgs/share/vesc_msgs/cmake/vesc_msgs__rosidl_typesupport_cExport.cmake
[7.978s] -- Up-to-date: /home/yvxaiver/f1tenth_ws/install/vesc_msgs/share/vesc_msgs/cmake/vesc_msgs__rosidl_typesupport_cExport-noconfig.cmake
[7.980s] -- Up-to-date: /home/yvxaiver/f1tenth_ws/install/vesc_msgs/share/vesc_msgs/cmake/vesc_msgs__rosidl_generator_cppExport.cmake
[7.981s] -- Up-to-date: /home/yvxaiver/f1tenth_ws/install/vesc_msgs/share/vesc_msgs/cmake/vesc_msgs__rosidl_typesupport_introspection_cppExport.cmake
[7.984s] -- Up-to-date: /home/yvxaiver/f1tenth_ws/install/vesc_msgs/share/vesc_msgs/cmake/vesc_msgs__rosidl_typesupport_introspection_cppExport-noconfig.cmake
[7.985s] -- Up-to-date: /home/yvxaiver/f1tenth_ws/install/vesc_msgs/share/vesc_msgs/cmake/vesc_msgs__rosidl_typesupport_cppExport.cmake
[7.986s] -- Up-to-date: /home/yvxaiver/f1tenth_ws/install/vesc_msgs/share/vesc_msgs/cmake/vesc_msgs__rosidl_typesupport_cppExport-noconfig.cmake
[7.986s] -- Up-to-date: /home/yvxaiver/f1tenth_ws/install/vesc_msgs/share/vesc_msgs/cmake/rosidl_cmake-extras.cmake
[7.986s] -- Up-to-date: /home/yvxaiver/f1tenth_ws/install/vesc_msgs/share/vesc_msgs/cmake/ament_cmake_export_dependencies-extras.cmake
[7.987s] -- Up-to-date: /home/yvxaiver/f1tenth_ws/install/vesc_msgs/share/vesc_msgs/cmake/ament_cmake_export_libraries-extras.cmake
[7.987s] -- Up-to-date: /home/yvxaiver/f1tenth_ws/install/vesc_msgs/share/vesc_msgs/cmake/ament_cmake_export_targets-extras.cmake
[7.990s] -- Up-to-date: /home/yvxaiver/f1tenth_ws/install/vesc_msgs/share/vesc_msgs/cmake/ament_cmake_export_include_directories-extras.cmake
[7.990s] -- Up-to-date: /home/yvxaiver/f1tenth_ws/install/vesc_msgs/share/vesc_msgs/cmake/rosidl_cmake_export_typesupport_libraries-extras.cmake
[7.991s] -- Up-to-date: /home/yvxaiver/f1tenth_ws/install/vesc_msgs/share/vesc_msgs/cmake/rosidl_cmake_export_typesupport_targets-extras.cmake
[7.991s] -- Up-to-date: /home/yvxaiver/f1tenth_ws/install/vesc_msgs/share/vesc_msgs/cmake/vesc_msgsConfig.cmake
[7.995s] -- Up-to-date: /home/yvxaiver/f1tenth_ws/install/vesc_msgs/share/vesc_msgs/cmake/vesc_msgsConfig-version.cmake
[7.996s] -- Up-to-date: /home/yvxaiver/f1tenth_ws/install/vesc_msgs/share/vesc_msgs/package.xml
[8.110s] Invoked command in '/home/yvxaiver/f1tenth_ws/build/vesc_msgs' returned '0': CMAKE_PREFIX_PATH=${CMAKE_PREFIX_PATH}:/home/yvxaiver/f1tenth_ws/install/f1tenth_stack:/home/yvxaiver/f1tenth_ws/install/joy_teleop:/home/yvxaiver/f1tenth_ws/install/planned_path:/home/yvxaiver/f1tenth_ws/install/mouse_teleop:/home/yvxaiver/f1tenth_ws/install/lanenet_driver:/home/yvxaiver/f1tenth_ws/install/key_teleop:/home/yvxaiver/camera_ws/install/lanenet_postprocess:/home/yvxaiver/camera_ws/install/image_processor:/home/yvxaiver/camera_ws/install/inv_mux:/opt/ros/foxy /usr/bin/cmake --install /home/yvxaiver/f1tenth_ws/build/vesc_msgs
