[0.149s] Invoking command in '/home/yvxaiver/Desktop/f1tenth_ws/build/vesc_driver': AMENT_PREFIX_PATH=/home/yvxaiver/Desktop/f1tenth_ws/install/vesc_msgs:${AMENT_PREFIX_PATH} CMAKE_PREFIX_PATH=/home/yvxaiver/Desktop/f1tenth_ws/install/vesc_msgs:/home/yvxaiver/f1tenth_ws/install/vesc:/home/yvxaiver/f1tenth_ws/install/vesc_driver:/home/yvxaiver/f1tenth_ws/install/vesc_ackermann:/home/yvxaiver/f1tenth_ws/install/vesc_msgs:/home/yvxaiver/f1tenth_ws/install/v4l2_camera:/home/yvxaiver/f1tenth_ws/install/teleop_tools:/home/yvxaiver/f1tenth_ws/install/teleop_tools_msgs:/home/yvxaiver/f1tenth_ws/install/ackermann_mux:/home/yvxaiver/camera_ws/install/usb_camera_driver:/home/yvxaiver/camera_ws/install/usb_cam:/home/yvxaiver/camera_ws/install/camera_bringup:/home/yvxaiver/camera_ws/install/ros2_numpy:/home/yvxaiver/camera_ws/install/points_vector:/home/yvxaiver/camera_ws/install/lanenet_out:/home/yvxaiver/f1tenth_ws/install/f1tenth_stack:/home/yvxaiver/f1tenth_ws/install/joy_teleop:/home/yvxaiver/f1tenth_ws/install/planned_path:/home/yvxaiver/f1tenth_ws/install/mouse_teleop:/home/yvxaiver/f1tenth_ws/install/lanenet_driver:/home/yvxaiver/f1tenth_ws/install/key_teleop:/home/yvxaiver/camera_ws/install/lanenet_postprocess:/home/yvxaiver/camera_ws/install/image_processor:/home/yvxaiver/camera_ws/install/inv_mux:/opt/ros/foxy LD_LIBRARY_PATH=/home/yvxaiver/Desktop/f1tenth_ws/install/vesc_msgs/lib:/home/yvxaiver/f1tenth_ws/install/vesc_driver/lib:/home/yvxaiver/f1tenth_ws/install/vesc_ackermann/lib:/home/yvxaiver/f1tenth_ws/install/vesc_msgs/lib:/home/yvxaiver/f1tenth_ws/install/v4l2_camera/lib:/home/yvxaiver/f1tenth_ws/install/teleop_tools_msgs/lib:/home/yvxaiver/camera_ws/install/usb_camera_driver/lib:/home/yvxaiver/camera_ws/install/usb_cam/lib:/home/yvxaiver/camera_ws/install/points_vector/lib:/home/yvxaiver/camera_ws/install/lanenet_out/lib:/opt/ros/foxy/opt/yaml_cpp_vendor/lib:/opt/ros/foxy/opt/rviz_ogre_vendor/lib:/opt/ros/foxy/lib/aarch64-linux-gnu:/opt/ros/foxy/lib:/usr/local/cuda-11.4/lib64 PYTHONPATH=/home/yvxaiver/Desktop/f1tenth_ws/install/vesc_msgs/lib/python3.8/site-packages:${PYTHONPATH} /usr/bin/cmake /home/yvxaiver/Desktop/f1tenth_ws/src/f1tenth_system/vesc/vesc_driver -DCMAKE_INSTALL_PREFIX=/home/yvxaiver/Desktop/f1tenth_ws/install/vesc_driver
[0.485s] -- The C compiler identification is GNU 9.4.0
[0.823s] -- The CXX compiler identification is GNU 9.4.0
[0.855s] -- Check for working C compiler: /usr/bin/cc
[1.262s] -- Check for working C compiler: /usr/bin/cc -- works
[1.268s] -- Detecting C compiler ABI info
[1.693s] -- Detecting C compiler ABI info - done
[1.751s] -- Detecting C compile features
[1.754s] -- Detecting C compile features - done
[1.766s] -- Check for working CXX compiler: /usr/bin/c++
[2.212s] -- Check for working CXX compiler: /usr/bin/c++ -- works
[2.218s] -- Detecting CXX compiler ABI info
[2.683s] -- Detecting CXX compiler ABI info - done
[2.743s] -- Detecting CXX compile features
[2.745s] -- Detecting CXX compile features - done
[2.768s] -- Found ament_cmake_auto: 0.9.12 (/opt/ros/foxy/share/ament_cmake_auto/cmake)
[2.968s] -- Found PythonInterp: /usr/bin/python3 (found suitable version "3.8.10", minimum required is "3") 
[2.969s] -- Using PYTHON_EXECUTABLE: /usr/bin/python3
[5.134s] -- Using all available rosidl_typesupport_c: rosidl_typesupport_fastrtps_c;rosidl_typesupport_introspection_c
[5.206s] -- Found rosidl_adapter: 1.3.1 (/opt/ros/foxy/share/rosidl_adapter/cmake)
[5.786s] -- Found OpenSSL: /usr/lib/aarch64-linux-gnu/libcrypto.so (found version "1.1.1f")  
[5.955s] -- Found FastRTPS: /opt/ros/foxy/include  
[7.110s] -- Using all available rosidl_typesupport_cpp: rosidl_typesupport_fastrtps_cpp;rosidl_typesupport_introspection_cpp
[7.111s] -- Found rmw_implementation_cmake: 1.0.4 (/opt/ros/foxy/share/rmw_implementation_cmake/cmake)
[7.113s] -- Using RMW implementation 'rmw_fastrtps_cpp' as default
[7.114s] -- Looking for pthread.h
[7.532s] -- Looking for pthread.h - found
[7.534s] -- Performing Test CMAKE_HAVE_LIBC_PTHREAD
[8.039s] -- Performing Test CMAKE_HAVE_LIBC_PTHREAD - Failed
[8.042s] -- Looking for pthread_create in pthreads
[8.429s] -- Looking for pthread_create in pthreads - not found
[8.430s] -- Looking for pthread_create in pthread
[8.865s] -- Looking for pthread_create in pthread - found
[8.873s] -- Found Threads: TRUE  
[12.873s] -- Found ament_lint_auto: 0.9.8 (/opt/ros/foxy/share/ament_lint_auto/cmake)
[13.099s] -- Added test 'copyright' to check source files copyright and LICENSE
[13.119s] -- Added test 'cppcheck' to perform static code analysis on C / C++ code
[13.121s] -- Configured cppcheck include dirs: /home/yvxaiver/Desktop/f1tenth_ws/src/f1tenth_system/vesc/vesc_driver/include
[13.121s] -- Configured cppcheck exclude dirs and/or files: 
[13.140s] -- Added test 'cpplint' to check C / C++ code against the Google style
[13.141s] -- Configured cpplint exclude dirs and/or files: 
[13.146s] -- Added test 'flake8' to check Python code syntax and style conventions
[13.154s] -- Added test 'lint_cmake' to check CMake code style
[13.161s] -- Added test 'pep257' to check Python code against some of the style conventions in PEP 257
[13.180s] -- Added test 'uncrustify' to check C / C++ code style
[13.181s] -- Configured uncrustify additional arguments: 
[13.186s] -- Added test 'xmllint' to check XML markup files
[13.227s] -- Configuring done
[13.608s] -- Generating done
[13.620s] -- Build files have been written to: /home/yvxaiver/Desktop/f1tenth_ws/build/vesc_driver
[13.673s] Invoked command in '/home/yvxaiver/Desktop/f1tenth_ws/build/vesc_driver' returned '0': AMENT_PREFIX_PATH=/home/yvxaiver/Desktop/f1tenth_ws/install/vesc_msgs:${AMENT_PREFIX_PATH} CMAKE_PREFIX_PATH=/home/yvxaiver/Desktop/f1tenth_ws/install/vesc_msgs:/home/yvxaiver/f1tenth_ws/install/vesc:/home/yvxaiver/f1tenth_ws/install/vesc_driver:/home/yvxaiver/f1tenth_ws/install/vesc_ackermann:/home/yvxaiver/f1tenth_ws/install/vesc_msgs:/home/yvxaiver/f1tenth_ws/install/v4l2_camera:/home/yvxaiver/f1tenth_ws/install/teleop_tools:/home/yvxaiver/f1tenth_ws/install/teleop_tools_msgs:/home/yvxaiver/f1tenth_ws/install/ackermann_mux:/home/yvxaiver/camera_ws/install/usb_camera_driver:/home/yvxaiver/camera_ws/install/usb_cam:/home/yvxaiver/camera_ws/install/camera_bringup:/home/yvxaiver/camera_ws/install/ros2_numpy:/home/yvxaiver/camera_ws/install/points_vector:/home/yvxaiver/camera_ws/install/lanenet_out:/home/yvxaiver/f1tenth_ws/install/f1tenth_stack:/home/yvxaiver/f1tenth_ws/install/joy_teleop:/home/yvxaiver/f1tenth_ws/install/planned_path:/home/yvxaiver/f1tenth_ws/install/mouse_teleop:/home/yvxaiver/f1tenth_ws/install/lanenet_driver:/home/yvxaiver/f1tenth_ws/install/key_teleop:/home/yvxaiver/camera_ws/install/lanenet_postprocess:/home/yvxaiver/camera_ws/install/image_processor:/home/yvxaiver/camera_ws/install/inv_mux:/opt/ros/foxy LD_LIBRARY_PATH=/home/yvxaiver/Desktop/f1tenth_ws/install/vesc_msgs/lib:/home/yvxaiver/f1tenth_ws/install/vesc_driver/lib:/home/yvxaiver/f1tenth_ws/install/vesc_ackermann/lib:/home/yvxaiver/f1tenth_ws/install/vesc_msgs/lib:/home/yvxaiver/f1tenth_ws/install/v4l2_camera/lib:/home/yvxaiver/f1tenth_ws/install/teleop_tools_msgs/lib:/home/yvxaiver/camera_ws/install/usb_camera_driver/lib:/home/yvxaiver/camera_ws/install/usb_cam/lib:/home/yvxaiver/camera_ws/install/points_vector/lib:/home/yvxaiver/camera_ws/install/lanenet_out/lib:/opt/ros/foxy/opt/yaml_cpp_vendor/lib:/opt/ros/foxy/opt/rviz_ogre_vendor/lib:/opt/ros/foxy/lib/aarch64-linux-gnu:/opt/ros/foxy/lib:/usr/local/cuda-11.4/lib64 PYTHONPATH=/home/yvxaiver/Desktop/f1tenth_ws/install/vesc_msgs/lib/python3.8/site-packages:${PYTHONPATH} /usr/bin/cmake /home/yvxaiver/Desktop/f1tenth_ws/src/f1tenth_system/vesc/vesc_driver -DCMAKE_INSTALL_PREFIX=/home/yvxaiver/Desktop/f1tenth_ws/install/vesc_driver
[13.678s] Invoking command in '/home/yvxaiver/Desktop/f1tenth_ws/build/vesc_driver': AMENT_PREFIX_PATH=/home/yvxaiver/Desktop/f1tenth_ws/install/vesc_msgs:${AMENT_PREFIX_PATH} CMAKE_PREFIX_PATH=/home/yvxaiver/Desktop/f1tenth_ws/install/vesc_msgs:/home/yvxaiver/f1tenth_ws/install/vesc:/home/yvxaiver/f1tenth_ws/install/vesc_driver:/home/yvxaiver/f1tenth_ws/install/vesc_ackermann:/home/yvxaiver/f1tenth_ws/install/vesc_msgs:/home/yvxaiver/f1tenth_ws/install/v4l2_camera:/home/yvxaiver/f1tenth_ws/install/teleop_tools:/home/yvxaiver/f1tenth_ws/install/teleop_tools_msgs:/home/yvxaiver/f1tenth_ws/install/ackermann_mux:/home/yvxaiver/camera_ws/install/usb_camera_driver:/home/yvxaiver/camera_ws/install/usb_cam:/home/yvxaiver/camera_ws/install/camera_bringup:/home/yvxaiver/camera_ws/install/ros2_numpy:/home/yvxaiver/camera_ws/install/points_vector:/home/yvxaiver/camera_ws/install/lanenet_out:/home/yvxaiver/f1tenth_ws/install/f1tenth_stack:/home/yvxaiver/f1tenth_ws/install/joy_teleop:/home/yvxaiver/f1tenth_ws/install/planned_path:/home/yvxaiver/f1tenth_ws/install/mouse_teleop:/home/yvxaiver/f1tenth_ws/install/lanenet_driver:/home/yvxaiver/f1tenth_ws/install/key_teleop:/home/yvxaiver/camera_ws/install/lanenet_postprocess:/home/yvxaiver/camera_ws/install/image_processor:/home/yvxaiver/camera_ws/install/inv_mux:/opt/ros/foxy LD_LIBRARY_PATH=/home/yvxaiver/Desktop/f1tenth_ws/install/vesc_msgs/lib:/home/yvxaiver/f1tenth_ws/install/vesc_driver/lib:/home/yvxaiver/f1tenth_ws/install/vesc_ackermann/lib:/home/yvxaiver/f1tenth_ws/install/vesc_msgs/lib:/home/yvxaiver/f1tenth_ws/install/v4l2_camera/lib:/home/yvxaiver/f1tenth_ws/install/teleop_tools_msgs/lib:/home/yvxaiver/camera_ws/install/usb_camera_driver/lib:/home/yvxaiver/camera_ws/install/usb_cam/lib:/home/yvxaiver/camera_ws/install/points_vector/lib:/home/yvxaiver/camera_ws/install/lanenet_out/lib:/opt/ros/foxy/opt/yaml_cpp_vendor/lib:/opt/ros/foxy/opt/rviz_ogre_vendor/lib:/opt/ros/foxy/lib/aarch64-linux-gnu:/opt/ros/foxy/lib:/usr/local/cuda-11.4/lib64 PYTHONPATH=/home/yvxaiver/Desktop/f1tenth_ws/install/vesc_msgs/lib/python3.8/site-packages:${PYTHONPATH} /usr/bin/cmake --build /home/yvxaiver/Desktop/f1tenth_ws/build/vesc_driver -- -j6 -l6
[13.941s] [35m[1mScanning dependencies of target vesc_driver_node[0m
[13.947s] [35m[1mScanning dependencies of target vesc_driver[0m
[14.221s] [ 10%] [32mBuilding CXX object CMakeFiles/vesc_driver_node.dir/rclcpp_components/node_main_vesc_driver_node.cpp.o[0m
[14.357s] [ 20%] [32mBuilding CXX object CMakeFiles/vesc_driver.dir/src/vesc_driver.cpp.o[0m
[14.369s] [ 30%] [32mBuilding CXX object CMakeFiles/vesc_driver.dir/src/vesc_interface.cpp.o[0m
[14.397s] [ 40%] [32mBuilding CXX object CMakeFiles/vesc_driver.dir/src/vesc_packet.cpp.o[0m
[18.246s] [ 50%] [32mBuilding CXX object CMakeFiles/vesc_driver.dir/src/vesc_packet_factory.cpp.o[0m
[26.392s] [ 60%] [32m[1mLinking CXX executable vesc_driver_node[0m
[27.253s] [ 60%] Built target vesc_driver_node
[47.742s] [ 70%] [32m[1mLinking CXX shared library libvesc_driver.so[0m
[49.837s] [ 70%] Built target vesc_driver
[49.904s] [35m[1mScanning dependencies of target vesc_device_namer[0m
[49.984s] [ 80%] [32mBuilding CXX object CMakeFiles/vesc_device_namer.dir/src/vesc_device_uuid_lookup.cpp.o[0m
[49.988s] [ 90%] [32mBuilding CXX object CMakeFiles/vesc_device_namer.dir/src/vesc_device_namer.cpp.o[0m
[52.888s] [100%] [32m[1mLinking CXX executable vesc_device_namer[0m
[53.863s] [100%] Built target vesc_device_namer
[53.954s] Invoked command in '/home/yvxaiver/Desktop/f1tenth_ws/build/vesc_driver' returned '0': AMENT_PREFIX_PATH=/home/yvxaiver/Desktop/f1tenth_ws/install/vesc_msgs:${AMENT_PREFIX_PATH} CMAKE_PREFIX_PATH=/home/yvxaiver/Desktop/f1tenth_ws/install/vesc_msgs:/home/yvxaiver/f1tenth_ws/install/vesc:/home/yvxaiver/f1tenth_ws/install/vesc_driver:/home/yvxaiver/f1tenth_ws/install/vesc_ackermann:/home/yvxaiver/f1tenth_ws/install/vesc_msgs:/home/yvxaiver/f1tenth_ws/install/v4l2_camera:/home/yvxaiver/f1tenth_ws/install/teleop_tools:/home/yvxaiver/f1tenth_ws/install/teleop_tools_msgs:/home/yvxaiver/f1tenth_ws/install/ackermann_mux:/home/yvxaiver/camera_ws/install/usb_camera_driver:/home/yvxaiver/camera_ws/install/usb_cam:/home/yvxaiver/camera_ws/install/camera_bringup:/home/yvxaiver/camera_ws/install/ros2_numpy:/home/yvxaiver/camera_ws/install/points_vector:/home/yvxaiver/camera_ws/install/lanenet_out:/home/yvxaiver/f1tenth_ws/install/f1tenth_stack:/home/yvxaiver/f1tenth_ws/install/joy_teleop:/home/yvxaiver/f1tenth_ws/install/planned_path:/home/yvxaiver/f1tenth_ws/install/mouse_teleop:/home/yvxaiver/f1tenth_ws/install/lanenet_driver:/home/yvxaiver/f1tenth_ws/install/key_teleop:/home/yvxaiver/camera_ws/install/lanenet_postprocess:/home/yvxaiver/camera_ws/install/image_processor:/home/yvxaiver/camera_ws/install/inv_mux:/opt/ros/foxy LD_LIBRARY_PATH=/home/yvxaiver/Desktop/f1tenth_ws/install/vesc_msgs/lib:/home/yvxaiver/f1tenth_ws/install/vesc_driver/lib:/home/yvxaiver/f1tenth_ws/install/vesc_ackermann/lib:/home/yvxaiver/f1tenth_ws/install/vesc_msgs/lib:/home/yvxaiver/f1tenth_ws/install/v4l2_camera/lib:/home/yvxaiver/f1tenth_ws/install/teleop_tools_msgs/lib:/home/yvxaiver/camera_ws/install/usb_camera_driver/lib:/home/yvxaiver/camera_ws/install/usb_cam/lib:/home/yvxaiver/camera_ws/install/points_vector/lib:/home/yvxaiver/camera_ws/install/lanenet_out/lib:/opt/ros/foxy/opt/yaml_cpp_vendor/lib:/opt/ros/foxy/opt/rviz_ogre_vendor/lib:/opt/ros/foxy/lib/aarch64-linux-gnu:/opt/ros/foxy/lib:/usr/local/cuda-11.4/lib64 PYTHONPATH=/home/yvxaiver/Desktop/f1tenth_ws/install/vesc_msgs/lib/python3.8/site-packages:${PYTHONPATH} /usr/bin/cmake --build /home/yvxaiver/Desktop/f1tenth_ws/build/vesc_driver -- -j6 -l6
[54.206s] Invoking command in '/home/yvxaiver/Desktop/f1tenth_ws/build/vesc_driver': AMENT_PREFIX_PATH=/home/yvxaiver/Desktop/f1tenth_ws/install/vesc_msgs:${AMENT_PREFIX_PATH} CMAKE_PREFIX_PATH=/home/yvxaiver/Desktop/f1tenth_ws/install/vesc_msgs:/home/yvxaiver/f1tenth_ws/install/vesc:/home/yvxaiver/f1tenth_ws/install/vesc_driver:/home/yvxaiver/f1tenth_ws/install/vesc_ackermann:/home/yvxaiver/f1tenth_ws/install/vesc_msgs:/home/yvxaiver/f1tenth_ws/install/v4l2_camera:/home/yvxaiver/f1tenth_ws/install/teleop_tools:/home/yvxaiver/f1tenth_ws/install/teleop_tools_msgs:/home/yvxaiver/f1tenth_ws/install/ackermann_mux:/home/yvxaiver/camera_ws/install/usb_camera_driver:/home/yvxaiver/camera_ws/install/usb_cam:/home/yvxaiver/camera_ws/install/camera_bringup:/home/yvxaiver/camera_ws/install/ros2_numpy:/home/yvxaiver/camera_ws/install/points_vector:/home/yvxaiver/camera_ws/install/lanenet_out:/home/yvxaiver/f1tenth_ws/install/f1tenth_stack:/home/yvxaiver/f1tenth_ws/install/joy_teleop:/home/yvxaiver/f1tenth_ws/install/planned_path:/home/yvxaiver/f1tenth_ws/install/mouse_teleop:/home/yvxaiver/f1tenth_ws/install/lanenet_driver:/home/yvxaiver/f1tenth_ws/install/key_teleop:/home/yvxaiver/camera_ws/install/lanenet_postprocess:/home/yvxaiver/camera_ws/install/image_processor:/home/yvxaiver/camera_ws/install/inv_mux:/opt/ros/foxy LD_LIBRARY_PATH=/home/yvxaiver/Desktop/f1tenth_ws/install/vesc_msgs/lib:/home/yvxaiver/f1tenth_ws/install/vesc_driver/lib:/home/yvxaiver/f1tenth_ws/install/vesc_ackermann/lib:/home/yvxaiver/f1tenth_ws/install/vesc_msgs/lib:/home/yvxaiver/f1tenth_ws/install/v4l2_camera/lib:/home/yvxaiver/f1tenth_ws/install/teleop_tools_msgs/lib:/home/yvxaiver/camera_ws/install/usb_camera_driver/lib:/home/yvxaiver/camera_ws/install/usb_cam/lib:/home/yvxaiver/camera_ws/install/points_vector/lib:/home/yvxaiver/camera_ws/install/lanenet_out/lib:/opt/ros/foxy/opt/yaml_cpp_vendor/lib:/opt/ros/foxy/opt/rviz_ogre_vendor/lib:/opt/ros/foxy/lib/aarch64-linux-gnu:/opt/ros/foxy/lib:/usr/local/cuda-11.4/lib64 PYTHONPATH=/home/yvxaiver/Desktop/f1tenth_ws/install/vesc_msgs/lib/python3.8/site-packages:${PYTHONPATH} /usr/bin/cmake --install /home/yvxaiver/Desktop/f1tenth_ws/build/vesc_driver
[54.253s] -- Install configuration: ""
[54.254s] -- Installing: /home/yvxaiver/Desktop/f1tenth_ws/install/vesc_driver/lib/vesc_driver/vesc_driver_node
[54.261s] -- Set runtime path of "/home/yvxaiver/Desktop/f1tenth_ws/install/vesc_driver/lib/vesc_driver/vesc_driver_node" to ""
[54.262s] -- Installing: /home/yvxaiver/Desktop/f1tenth_ws/install/vesc_driver/include
[54.263s] -- Installing: /home/yvxaiver/Desktop/f1tenth_ws/install/vesc_driver/include/vesc_driver
[54.265s] -- Installing: /home/yvxaiver/Desktop/f1tenth_ws/install/vesc_driver/include/vesc_driver/crc.hpp
[54.266s] -- Installing: /home/yvxaiver/Desktop/f1tenth_ws/install/vesc_driver/include/vesc_driver/vesc_packet.hpp
[54.267s] -- Installing: /home/yvxaiver/Desktop/f1tenth_ws/install/vesc_driver/include/vesc_driver/vesc_driver.hpp
[54.267s] -- Installing: /home/yvxaiver/Desktop/f1tenth_ws/install/vesc_driver/include/vesc_driver/vesc_packet_factory.hpp
[54.268s] -- Installing: /home/yvxaiver/Desktop/f1tenth_ws/install/vesc_driver/include/vesc_driver/vesc_device_uuid_lookup.hpp
[54.269s] -- Installing: /home/yvxaiver/Desktop/f1tenth_ws/install/vesc_driver/include/vesc_driver/vesc_interface.hpp
[54.269s] -- Installing: /home/yvxaiver/Desktop/f1tenth_ws/install/vesc_driver/include/vesc_driver/datatypes.hpp
[54.270s] -- Installing: /home/yvxaiver/Desktop/f1tenth_ws/install/vesc_driver/share/vesc_driver/environment/library_path.sh
[54.270s] -- Installing: /home/yvxaiver/Desktop/f1tenth_ws/install/vesc_driver/share/vesc_driver/environment/library_path.dsv
[54.271s] -- Installing: /home/yvxaiver/Desktop/f1tenth_ws/install/vesc_driver/lib/libvesc_driver.so
[54.310s] -- Set runtime path of "/home/yvxaiver/Desktop/f1tenth_ws/install/vesc_driver/lib/libvesc_driver.so" to ""
[54.311s] -- Installing: /home/yvxaiver/Desktop/f1tenth_ws/install/vesc_driver/lib/vesc_driver/vesc_device_namer
[54.314s] -- Set runtime path of "/home/yvxaiver/Desktop/f1tenth_ws/install/vesc_driver/lib/vesc_driver/vesc_device_namer" to ""
[54.315s] -- Installing: /home/yvxaiver/Desktop/f1tenth_ws/install/vesc_driver/share/vesc_driver/launch
[54.315s] -- Installing: /home/yvxaiver/Desktop/f1tenth_ws/install/vesc_driver/share/vesc_driver/launch/vesc_driver_node.launch.py
[54.320s] -- Installing: /home/yvxaiver/Desktop/f1tenth_ws/install/vesc_driver/share/vesc_driver/params
[54.321s] -- Installing: /home/yvxaiver/Desktop/f1tenth_ws/install/vesc_driver/share/vesc_driver/params/vesc_config.yaml
[54.321s] -- Installing: /home/yvxaiver/Desktop/f1tenth_ws/install/vesc_driver/share/ament_index/resource_index/package_run_dependencies/vesc_driver
[54.323s] -- Installing: /home/yvxaiver/Desktop/f1tenth_ws/install/vesc_driver/share/ament_index/resource_index/parent_prefix_path/vesc_driver
[54.324s] -- Installing: /home/yvxaiver/Desktop/f1tenth_ws/install/vesc_driver/share/vesc_driver/environment/ament_prefix_path.sh
[54.326s] -- Installing: /home/yvxaiver/Desktop/f1tenth_ws/install/vesc_driver/share/vesc_driver/environment/ament_prefix_path.dsv
[54.326s] -- Installing: /home/yvxaiver/Desktop/f1tenth_ws/install/vesc_driver/share/vesc_driver/environment/path.sh
[54.327s] -- Installing: /home/yvxaiver/Desktop/f1tenth_ws/install/vesc_driver/share/vesc_driver/environment/path.dsv
[54.330s] -- Installing: /home/yvxaiver/Desktop/f1tenth_ws/install/vesc_driver/share/vesc_driver/local_setup.bash
[54.331s] -- Installing: /home/yvxaiver/Desktop/f1tenth_ws/install/vesc_driver/share/vesc_driver/local_setup.sh
[54.332s] -- Installing: /home/yvxaiver/Desktop/f1tenth_ws/install/vesc_driver/share/vesc_driver/local_setup.zsh
[54.332s] -- Installing: /home/yvxaiver/Desktop/f1tenth_ws/install/vesc_driver/share/vesc_driver/local_setup.dsv
[54.333s] -- Installing: /home/yvxaiver/Desktop/f1tenth_ws/install/vesc_driver/share/vesc_driver/package.dsv
[54.333s] -- Installing: /home/yvxaiver/Desktop/f1tenth_ws/install/vesc_driver/share/ament_index/resource_index/packages/vesc_driver
[54.335s] -- Installing: /home/yvxaiver/Desktop/f1tenth_ws/install/vesc_driver/share/ament_index/resource_index/rclcpp_components/vesc_driver
[54.336s] -- Installing: /home/yvxaiver/Desktop/f1tenth_ws/install/vesc_driver/share/vesc_driver/cmake/ament_cmake_export_dependencies-extras.cmake
[54.336s] -- Installing: /home/yvxaiver/Desktop/f1tenth_ws/install/vesc_driver/share/vesc_driver/cmake/ament_cmake_export_include_directories-extras.cmake
[54.337s] -- Installing: /home/yvxaiver/Desktop/f1tenth_ws/install/vesc_driver/share/vesc_driver/cmake/ament_cmake_export_libraries-extras.cmake
[54.337s] -- Installing: /home/yvxaiver/Desktop/f1tenth_ws/install/vesc_driver/share/vesc_driver/cmake/vesc_driverConfig.cmake
[54.338s] -- Installing: /home/yvxaiver/Desktop/f1tenth_ws/install/vesc_driver/share/vesc_driver/cmake/vesc_driverConfig-version.cmake
[54.338s] -- Installing: /home/yvxaiver/Desktop/f1tenth_ws/install/vesc_driver/share/vesc_driver/package.xml
[54.353s] Invoked command in '/home/yvxaiver/Desktop/f1tenth_ws/build/vesc_driver' returned '0': AMENT_PREFIX_PATH=/home/yvxaiver/Desktop/f1tenth_ws/install/vesc_msgs:${AMENT_PREFIX_PATH} CMAKE_PREFIX_PATH=/home/yvxaiver/Desktop/f1tenth_ws/install/vesc_msgs:/home/yvxaiver/f1tenth_ws/install/vesc:/home/yvxaiver/f1tenth_ws/install/vesc_driver:/home/yvxaiver/f1tenth_ws/install/vesc_ackermann:/home/yvxaiver/f1tenth_ws/install/vesc_msgs:/home/yvxaiver/f1tenth_ws/install/v4l2_camera:/home/yvxaiver/f1tenth_ws/install/teleop_tools:/home/yvxaiver/f1tenth_ws/install/teleop_tools_msgs:/home/yvxaiver/f1tenth_ws/install/ackermann_mux:/home/yvxaiver/camera_ws/install/usb_camera_driver:/home/yvxaiver/camera_ws/install/usb_cam:/home/yvxaiver/camera_ws/install/camera_bringup:/home/yvxaiver/camera_ws/install/ros2_numpy:/home/yvxaiver/camera_ws/install/points_vector:/home/yvxaiver/camera_ws/install/lanenet_out:/home/yvxaiver/f1tenth_ws/install/f1tenth_stack:/home/yvxaiver/f1tenth_ws/install/joy_teleop:/home/yvxaiver/f1tenth_ws/install/planned_path:/home/yvxaiver/f1tenth_ws/install/mouse_teleop:/home/yvxaiver/f1tenth_ws/install/lanenet_driver:/home/yvxaiver/f1tenth_ws/install/key_teleop:/home/yvxaiver/camera_ws/install/lanenet_postprocess:/home/yvxaiver/camera_ws/install/image_processor:/home/yvxaiver/camera_ws/install/inv_mux:/opt/ros/foxy LD_LIBRARY_PATH=/home/yvxaiver/Desktop/f1tenth_ws/install/vesc_msgs/lib:/home/yvxaiver/f1tenth_ws/install/vesc_driver/lib:/home/yvxaiver/f1tenth_ws/install/vesc_ackermann/lib:/home/yvxaiver/f1tenth_ws/install/vesc_msgs/lib:/home/yvxaiver/f1tenth_ws/install/v4l2_camera/lib:/home/yvxaiver/f1tenth_ws/install/teleop_tools_msgs/lib:/home/yvxaiver/camera_ws/install/usb_camera_driver/lib:/home/yvxaiver/camera_ws/install/usb_cam/lib:/home/yvxaiver/camera_ws/install/points_vector/lib:/home/yvxaiver/camera_ws/install/lanenet_out/lib:/opt/ros/foxy/opt/yaml_cpp_vendor/lib:/opt/ros/foxy/opt/rviz_ogre_vendor/lib:/opt/ros/foxy/lib/aarch64-linux-gnu:/opt/ros/foxy/lib:/usr/local/cuda-11.4/lib64 PYTHONPATH=/home/yvxaiver/Desktop/f1tenth_ws/install/vesc_msgs/lib/python3.8/site-packages:${PYTHONPATH} /usr/bin/cmake --install /home/yvxaiver/Desktop/f1tenth_ws/build/vesc_driver
