[0.643s] Invoking command in '/home/yvxaiver/f1tenth_ws/build/vesc_msgs': CMAKE_PREFIX_PATH=${CMAKE_PREFIX_PATH}:/home/yvxaiver/f1tenth_ws/install/f1tenth_stack:/home/yvxaiver/f1tenth_ws/install/joy_teleop:/home/yvxaiver/f1tenth_ws/install/planned_path:/home/yvxaiver/f1tenth_ws/install/mouse_teleop:/home/yvxaiver/f1tenth_ws/install/lanenet_driver:/home/yvxaiver/f1tenth_ws/install/key_teleop:/home/yvxaiver/camera_ws/install/lanenet_postprocess:/home/yvxaiver/camera_ws/install/image_processor:/home/yvxaiver/camera_ws/install/inv_mux:/opt/ros/foxy /usr/bin/cmake --build /home/yvxaiver/f1tenth_ws/build/vesc_msgs -- -j6 -l6
[6.488s] [  1%] Built target vesc_msgs__cpp
[6.493s] [ 12%] Built target vesc_msgs__rosidl_generator_c
[6.494s] [ 23%] Built target vesc_msgs__rosidl_typesupport_fastrtps_cpp
[6.496s] [ 34%] Built target vesc_msgs__rosidl_typesupport_introspection_cpp
[6.497s] [ 45%] Built target vesc_msgs__rosidl_typesupport_introspection_c
[6.503s] [ 56%] Built target vesc_msgs__rosidl_typesupport_cpp
[6.504s] [ 67%] Built target vesc_msgs__rosidl_typesupport_c
[6.507s] [ 78%] Built target vesc_msgs__rosidl_typesupport_fastrtps_c
[6.514s] [ 78%] Built target vesc_msgs
[6.516s] [ 80%] Built target vesc_msgs__py
[6.517s] [ 89%] Built target vesc_msgs__python
[6.517s] [ 92%] Built target vesc_msgs__rosidl_typesupport_c__pyext
[6.518s] [ 96%] Built target vesc_msgs__rosidl_typesupport_introspection_c__pyext
[6.523s] [100%] Built target vesc_msgs__rosidl_typesupport_fastrtps_c__pyext
[6.583s] Invoked command in '/home/yvxaiver/f1tenth_ws/build/vesc_msgs' returned '0': CMAKE_PREFIX_PATH=${CMAKE_PREFIX_PATH}:/home/yvxaiver/f1tenth_ws/install/f1tenth_stack:/home/yvxaiver/f1tenth_ws/install/joy_teleop:/home/yvxaiver/f1tenth_ws/install/planned_path:/home/yvxaiver/f1tenth_ws/install/mouse_teleop:/home/yvxaiver/f1tenth_ws/install/lanenet_driver:/home/yvxaiver/f1tenth_ws/install/key_teleop:/home/yvxaiver/camera_ws/install/lanenet_postprocess:/home/yvxaiver/camera_ws/install/image_processor:/home/yvxaiver/camera_ws/install/inv_mux:/opt/ros/foxy /usr/bin/cmake --build /home/yvxaiver/f1tenth_ws/build/vesc_msgs -- -j6 -l6
[8.148s] Invoking command in '/home/yvxaiver/f1tenth_ws/build/vesc_msgs': CMAKE_PREFIX_PATH=${CMAKE_PREFIX_PATH}:/home/yvxaiver/f1tenth_ws/install/f1tenth_stack:/home/yvxaiver/f1tenth_ws/install/joy_teleop:/home/yvxaiver/f1tenth_ws/install/planned_path:/home/yvxaiver/f1tenth_ws/install/mouse_teleop:/home/yvxaiver/f1tenth_ws/install/lanenet_driver:/home/yvxaiver/f1tenth_ws/install/key_teleop:/home/yvxaiver/camera_ws/install/lanenet_postprocess:/home/yvxaiver/camera_ws/install/image_processor:/home/yvxaiver/camera_ws/install/inv_mux:/opt/ros/foxy /usr/bin/cmake --install /home/yvxaiver/f1tenth_ws/build/vesc_msgs
[8.261s] -- Install configuration: ""
[8.265s] -- Up-to-date: /home/yvxaiver/f1tenth_ws/install/vesc_msgs/share/ament_index/resource_index/rosidl_interfaces/vesc_msgs
[8.273s] -- Up-to-date: /home/yvxaiver/f1tenth_ws/install/vesc_msgs/include/vesc_msgs
[8.276s] -- Up-to-date: /home/yvxaiver/f1tenth_ws/install/vesc_msgs/include/vesc_msgs/msg
[8.278s] -- Up-to-date: /home/yvxaiver/f1tenth_ws/install/vesc_msgs/include/vesc_msgs/msg/vesc_state.h
[8.279s] -- Up-to-date: /home/yvxaiver/f1tenth_ws/install/vesc_msgs/include/vesc_msgs/msg/vesc_state_stamped.h
[8.280s] -- Up-to-date: /home/yvxaiver/f1tenth_ws/install/vesc_msgs/include/vesc_msgs/msg/rosidl_generator_c__visibility_control.h
[8.281s] -- Up-to-date: /home/yvxaiver/f1tenth_ws/install/vesc_msgs/include/vesc_msgs/msg/vesc_imu.h
[8.283s] -- Up-to-date: /home/yvxaiver/f1tenth_ws/install/vesc_msgs/include/vesc_msgs/msg/detail
[8.286s] -- Up-to-date: /home/yvxaiver/f1tenth_ws/install/vesc_msgs/include/vesc_msgs/msg/detail/vesc_imu_stamped__type_support.h
[8.287s] -- Up-to-date: /home/yvxaiver/f1tenth_ws/install/vesc_msgs/include/vesc_msgs/msg/detail/vesc_state__functions.h
[8.298s] -- Up-to-date: /home/yvxaiver/f1tenth_ws/install/vesc_msgs/include/vesc_msgs/msg/detail/vesc_imu__type_support.h
[8.300s] -- Up-to-date: /home/yvxaiver/f1tenth_ws/install/vesc_msgs/include/vesc_msgs/msg/detail/vesc_state__struct.h
[8.304s] -- Up-to-date: /home/yvxaiver/f1tenth_ws/install/vesc_msgs/include/vesc_msgs/msg/detail/vesc_state__functions.c
[8.308s] -- Up-to-date: /home/yvxaiver/f1tenth_ws/install/vesc_msgs/include/vesc_msgs/msg/detail/vesc_state_stamped__functions.h
[8.310s] -- Up-to-date: /home/yvxaiver/f1tenth_ws/install/vesc_msgs/include/vesc_msgs/msg/detail/vesc_imu__functions.h
[8.310s] -- Up-to-date: /home/yvxaiver/f1tenth_ws/install/vesc_msgs/include/vesc_msgs/msg/detail/vesc_imu_stamped__struct.h
[8.311s] -- Up-to-date: /home/yvxaiver/f1tenth_ws/install/vesc_msgs/include/vesc_msgs/msg/detail/vesc_imu_stamped__functions.h
[8.311s] -- Up-to-date: /home/yvxaiver/f1tenth_ws/install/vesc_msgs/include/vesc_msgs/msg/detail/vesc_imu_stamped__functions.c
[8.312s] -- Up-to-date: /home/yvxaiver/f1tenth_ws/install/vesc_msgs/include/vesc_msgs/msg/detail/vesc_state_stamped__type_support.h
[8.312s] -- Up-to-date: /home/yvxaiver/f1tenth_ws/install/vesc_msgs/include/vesc_msgs/msg/detail/vesc_state_stamped__struct.h
[8.313s] -- Up-to-date: /home/yvxaiver/f1tenth_ws/install/vesc_msgs/include/vesc_msgs/msg/detail/vesc_state_stamped__functions.c
[8.313s] -- Up-to-date: /home/yvxaiver/f1tenth_ws/install/vesc_msgs/include/vesc_msgs/msg/detail/vesc_imu__functions.c
[8.316s] -- Up-to-date: /home/yvxaiver/f1tenth_ws/install/vesc_msgs/include/vesc_msgs/msg/detail/vesc_imu__struct.h
[8.330s] -- Up-to-date: /home/yvxaiver/f1tenth_ws/install/vesc_msgs/include/vesc_msgs/msg/detail/vesc_state__type_support.h
[8.332s] -- Up-to-date: /home/yvxaiver/f1tenth_ws/install/vesc_msgs/include/vesc_msgs/msg/vesc_imu_stamped.h
[8.338s] -- Up-to-date: /home/yvxaiver/f1tenth_ws/install/vesc_msgs/share/vesc_msgs/environment/library_path.sh
[8.344s] -- Up-to-date: /home/yvxaiver/f1tenth_ws/install/vesc_msgs/share/vesc_msgs/environment/library_path.dsv
[8.348s] -- Up-to-date: /home/yvxaiver/f1tenth_ws/install/vesc_msgs/lib/libvesc_msgs__rosidl_generator_c.so
[8.353s] -- Up-to-date: /home/yvxaiver/f1tenth_ws/install/vesc_msgs/include/vesc_msgs
[8.354s] -- Up-to-date: /home/yvxaiver/f1tenth_ws/install/vesc_msgs/include/vesc_msgs/msg
[8.359s] -- Up-to-date: /home/yvxaiver/f1tenth_ws/install/vesc_msgs/include/vesc_msgs/msg/rosidl_typesupport_fastrtps_c__visibility_control.h
[8.360s] -- Up-to-date: /home/yvxaiver/f1tenth_ws/install/vesc_msgs/include/vesc_msgs/msg/detail
[8.361s] -- Up-to-date: /home/yvxaiver/f1tenth_ws/install/vesc_msgs/include/vesc_msgs/msg/detail/vesc_imu__rosidl_typesupport_fastrtps_c.h
[8.361s] -- Up-to-date: /home/yvxaiver/f1tenth_ws/install/vesc_msgs/include/vesc_msgs/msg/detail/vesc_imu_stamped__rosidl_typesupport_fastrtps_c.h
[8.362s] -- Up-to-date: /home/yvxaiver/f1tenth_ws/install/vesc_msgs/include/vesc_msgs/msg/detail/vesc_state__rosidl_typesupport_fastrtps_c.h
[8.362s] -- Up-to-date: /home/yvxaiver/f1tenth_ws/install/vesc_msgs/include/vesc_msgs/msg/detail/vesc_state_stamped__rosidl_typesupport_fastrtps_c.h
[8.363s] -- Up-to-date: /home/yvxaiver/f1tenth_ws/install/vesc_msgs/lib/libvesc_msgs__rosidl_typesupport_fastrtps_c.so
[8.368s] -- Up-to-date: /home/yvxaiver/f1tenth_ws/install/vesc_msgs/include/vesc_msgs
[8.392s] -- Up-to-date: /home/yvxaiver/f1tenth_ws/install/vesc_msgs/include/vesc_msgs/msg
[8.400s] -- Up-to-date: /home/yvxaiver/f1tenth_ws/install/vesc_msgs/include/vesc_msgs/msg/rosidl_typesupport_fastrtps_cpp__visibility_control.h
[8.406s] -- Up-to-date: /home/yvxaiver/f1tenth_ws/install/vesc_msgs/include/vesc_msgs/msg/detail
[8.409s] -- Up-to-date: /home/yvxaiver/f1tenth_ws/install/vesc_msgs/include/vesc_msgs/msg/detail/dds_fastrtps
[8.419s] -- Up-to-date: /home/yvxaiver/f1tenth_ws/install/vesc_msgs/include/vesc_msgs/msg/detail/vesc_imu_stamped__rosidl_typesupport_fastrtps_cpp.hpp
[8.423s] -- Up-to-date: /home/yvxaiver/f1tenth_ws/install/vesc_msgs/include/vesc_msgs/msg/detail/vesc_state__rosidl_typesupport_fastrtps_cpp.hpp
[8.424s] -- Up-to-date: /home/yvxaiver/f1tenth_ws/install/vesc_msgs/include/vesc_msgs/msg/detail/vesc_imu__rosidl_typesupport_fastrtps_cpp.hpp
[8.427s] -- Up-to-date: /home/yvxaiver/f1tenth_ws/install/vesc_msgs/include/vesc_msgs/msg/detail/vesc_state_stamped__rosidl_typesupport_fastrtps_cpp.hpp
[8.431s] -- Up-to-date: /home/yvxaiver/f1tenth_ws/install/vesc_msgs/lib/libvesc_msgs__rosidl_typesupport_fastrtps_cpp.so
[8.434s] -- Up-to-date: /home/yvxaiver/f1tenth_ws/install/vesc_msgs/include/vesc_msgs
[8.444s] -- Up-to-date: /home/yvxaiver/f1tenth_ws/install/vesc_msgs/include/vesc_msgs/msg
[8.445s] -- Up-to-date: /home/yvxaiver/f1tenth_ws/install/vesc_msgs/include/vesc_msgs/msg/rosidl_typesupport_introspection_c__visibility_control.h
[8.446s] -- Up-to-date: /home/yvxaiver/f1tenth_ws/install/vesc_msgs/include/vesc_msgs/msg/detail
[8.454s] -- Up-to-date: /home/yvxaiver/f1tenth_ws/install/vesc_msgs/include/vesc_msgs/msg/detail/vesc_state_stamped__type_support.c
[8.455s] -- Up-to-date: /home/yvxaiver/f1tenth_ws/install/vesc_msgs/include/vesc_msgs/msg/detail/vesc_state_stamped__rosidl_typesupport_introspection_c.h
[8.460s] -- Up-to-date: /home/yvxaiver/f1tenth_ws/install/vesc_msgs/include/vesc_msgs/msg/detail/vesc_imu__type_support.c
[8.466s] -- Up-to-date: /home/yvxaiver/f1tenth_ws/install/vesc_msgs/include/vesc_msgs/msg/detail/vesc_imu_stamped__rosidl_typesupport_introspection_c.h
[8.468s] -- Up-to-date: /home/yvxaiver/f1tenth_ws/install/vesc_msgs/include/vesc_msgs/msg/detail/vesc_imu_stamped__type_support.c
[8.476s] -- Up-to-date: /home/yvxaiver/f1tenth_ws/install/vesc_msgs/include/vesc_msgs/msg/detail/vesc_imu__rosidl_typesupport_introspection_c.h
[8.478s] -- Up-to-date: /home/yvxaiver/f1tenth_ws/install/vesc_msgs/include/vesc_msgs/msg/detail/vesc_state__rosidl_typesupport_introspection_c.h
[8.505s] -- Up-to-date: /home/yvxaiver/f1tenth_ws/install/vesc_msgs/include/vesc_msgs/msg/detail/vesc_state__type_support.c
[8.506s] -- Up-to-date: /home/yvxaiver/f1tenth_ws/install/vesc_msgs/lib/libvesc_msgs__rosidl_typesupport_introspection_c.so
[8.508s] -- Up-to-date: /home/yvxaiver/f1tenth_ws/install/vesc_msgs/lib/libvesc_msgs__rosidl_typesupport_c.so
[8.509s] -- Up-to-date: /home/yvxaiver/f1tenth_ws/install/vesc_msgs/include/vesc_msgs
[8.510s] -- Up-to-date: /home/yvxaiver/f1tenth_ws/install/vesc_msgs/include/vesc_msgs/msg
[8.510s] -- Up-to-date: /home/yvxaiver/f1tenth_ws/install/vesc_msgs/include/vesc_msgs/msg/vesc_imu.hpp
[8.511s] -- Up-to-date: /home/yvxaiver/f1tenth_ws/install/vesc_msgs/include/vesc_msgs/msg/vesc_state_stamped.hpp
[8.511s] -- Up-to-date: /home/yvxaiver/f1tenth_ws/install/vesc_msgs/include/vesc_msgs/msg/vesc_state.hpp
[8.529s] -- Up-to-date: /home/yvxaiver/f1tenth_ws/install/vesc_msgs/include/vesc_msgs/msg/vesc_imu_stamped.hpp
[8.533s] -- Up-to-date: /home/yvxaiver/f1tenth_ws/install/vesc_msgs/include/vesc_msgs/msg/detail
[8.534s] -- Up-to-date: /home/yvxaiver/f1tenth_ws/install/vesc_msgs/include/vesc_msgs/msg/detail/vesc_state__traits.hpp
[8.535s] -- Up-to-date: /home/yvxaiver/f1tenth_ws/install/vesc_msgs/include/vesc_msgs/msg/detail/vesc_state_stamped__builder.hpp
[8.545s] -- Up-to-date: /home/yvxaiver/f1tenth_ws/install/vesc_msgs/include/vesc_msgs/msg/detail/vesc_imu_stamped__struct.hpp
[8.546s] -- Up-to-date: /home/yvxaiver/f1tenth_ws/install/vesc_msgs/include/vesc_msgs/msg/detail/vesc_imu__struct.hpp
[8.546s] -- Up-to-date: /home/yvxaiver/f1tenth_ws/install/vesc_msgs/include/vesc_msgs/msg/detail/vesc_imu__builder.hpp
[8.547s] -- Up-to-date: /home/yvxaiver/f1tenth_ws/install/vesc_msgs/include/vesc_msgs/msg/detail/vesc_imu_stamped__traits.hpp
[8.547s] -- Up-to-date: /home/yvxaiver/f1tenth_ws/install/vesc_msgs/include/vesc_msgs/msg/detail/vesc_imu__traits.hpp
[8.547s] -- Up-to-date: /home/yvxaiver/f1tenth_ws/install/vesc_msgs/include/vesc_msgs/msg/detail/vesc_imu_stamped__builder.hpp
[8.548s] -- Up-to-date: /home/yvxaiver/f1tenth_ws/install/vesc_msgs/include/vesc_msgs/msg/detail/vesc_state_stamped__traits.hpp
[8.548s] -- Up-to-date: /home/yvxaiver/f1tenth_ws/install/vesc_msgs/include/vesc_msgs/msg/detail/vesc_state__builder.hpp
[8.549s] -- Up-to-date: /home/yvxaiver/f1tenth_ws/install/vesc_msgs/include/vesc_msgs/msg/detail/vesc_state_stamped__struct.hpp
[8.549s] -- Up-to-date: /home/yvxaiver/f1tenth_ws/install/vesc_msgs/include/vesc_msgs/msg/detail/vesc_state__struct.hpp
[8.550s] -- Up-to-date: /home/yvxaiver/f1tenth_ws/install/vesc_msgs/include/vesc_msgs
[8.550s] -- Up-to-date: /home/yvxaiver/f1tenth_ws/install/vesc_msgs/include/vesc_msgs/msg
[8.550s] -- Up-to-date: /home/yvxaiver/f1tenth_ws/install/vesc_msgs/include/vesc_msgs/msg/detail
[8.551s] -- Up-to-date: /home/yvxaiver/f1tenth_ws/install/vesc_msgs/include/vesc_msgs/msg/detail/vesc_imu_stamped__type_support.cpp
[8.551s] -- Up-to-date: /home/yvxaiver/f1tenth_ws/install/vesc_msgs/include/vesc_msgs/msg/detail/vesc_state__rosidl_typesupport_introspection_cpp.hpp
[8.552s] -- Up-to-date: /home/yvxaiver/f1tenth_ws/install/vesc_msgs/include/vesc_msgs/msg/detail/vesc_state__type_support.cpp
[8.552s] -- Up-to-date: /home/yvxaiver/f1tenth_ws/install/vesc_msgs/include/vesc_msgs/msg/detail/vesc_imu_stamped__rosidl_typesupport_introspection_cpp.hpp
[8.553s] -- Up-to-date: /home/yvxaiver/f1tenth_ws/install/vesc_msgs/include/vesc_msgs/msg/detail/vesc_imu__type_support.cpp
[8.553s] -- Up-to-date: /home/yvxaiver/f1tenth_ws/install/vesc_msgs/include/vesc_msgs/msg/detail/vesc_state_stamped__type_support.cpp
[8.554s] -- Up-to-date: /home/yvxaiver/f1tenth_ws/install/vesc_msgs/include/vesc_msgs/msg/detail/vesc_state_stamped__rosidl_typesupport_introspection_cpp.hpp
[8.554s] -- Up-to-date: /home/yvxaiver/f1tenth_ws/install/vesc_msgs/include/vesc_msgs/msg/detail/vesc_imu__rosidl_typesupport_introspection_cpp.hpp
[8.554s] -- Up-to-date: /home/yvxaiver/f1tenth_ws/install/vesc_msgs/lib/libvesc_msgs__rosidl_typesupport_introspection_cpp.so
[8.555s] -- Up-to-date: /home/yvxaiver/f1tenth_ws/install/vesc_msgs/lib/libvesc_msgs__rosidl_typesupport_cpp.so
[8.555s] -- Up-to-date: /home/yvxaiver/f1tenth_ws/install/vesc_msgs/share/vesc_msgs/environment/pythonpath.sh
[8.556s] -- Up-to-date: /home/yvxaiver/f1tenth_ws/install/vesc_msgs/share/vesc_msgs/environment/pythonpath.dsv
[8.556s] -- Up-to-date: /home/yvxaiver/f1tenth_ws/install/vesc_msgs/lib/python3.8/site-packages/vesc_msgs/__init__.py
[8.677s] -- Up-to-date: /home/yvxaiver/f1tenth_ws/install/vesc_msgs/lib/python3.8/site-packages/vesc_msgs/msg
[8.680s] -- Up-to-date: /home/yvxaiver/f1tenth_ws/install/vesc_msgs/lib/python3.8/site-packages/vesc_msgs/msg/_vesc_state_s.c
[8.683s] -- Up-to-date: /home/yvxaiver/f1tenth_ws/install/vesc_msgs/lib/python3.8/site-packages/vesc_msgs/msg/_vesc_imu_stamped.py
[8.684s] -- Up-to-date: /home/yvxaiver/f1tenth_ws/install/vesc_msgs/lib/python3.8/site-packages/vesc_msgs/msg/_vesc_state_stamped_s.c
[8.684s] -- Up-to-date: /home/yvxaiver/f1tenth_ws/install/vesc_msgs/lib/python3.8/site-packages/vesc_msgs/msg/_vesc_state.py
[8.685s] -- Up-to-date: /home/yvxaiver/f1tenth_ws/install/vesc_msgs/lib/python3.8/site-packages/vesc_msgs/msg/_vesc_imu_stamped_s.c
[8.685s] -- Up-to-date: /home/yvxaiver/f1tenth_ws/install/vesc_msgs/lib/python3.8/site-packages/vesc_msgs/msg/_vesc_imu_s.c
[8.686s] -- Up-to-date: /home/yvxaiver/f1tenth_ws/install/vesc_msgs/lib/python3.8/site-packages/vesc_msgs/msg/_vesc_imu.py
[8.686s] -- Up-to-date: /home/yvxaiver/f1tenth_ws/install/vesc_msgs/lib/python3.8/site-packages/vesc_msgs/msg/__init__.py
[8.687s] -- Up-to-date: /home/yvxaiver/f1tenth_ws/install/vesc_msgs/lib/python3.8/site-packages/vesc_msgs/msg/_vesc_state_stamped.py
[8.687s] -- Up-to-date: /home/yvxaiver/f1tenth_ws/install/vesc_msgs/lib/python3.8/site-packages/vesc_msgs/vesc_msgs_s__rosidl_typesupport_fastrtps_c.cpython-38-aarch64-linux-gnu.so
[8.688s] -- Up-to-date: /home/yvxaiver/f1tenth_ws/install/vesc_msgs/lib/python3.8/site-packages/vesc_msgs/vesc_msgs_s__rosidl_typesupport_introspection_c.cpython-38-aarch64-linux-gnu.so
[8.688s] -- Up-to-date: /home/yvxaiver/f1tenth_ws/install/vesc_msgs/lib/python3.8/site-packages/vesc_msgs/vesc_msgs_s__rosidl_typesupport_c.cpython-38-aarch64-linux-gnu.so
[8.694s] -- Up-to-date: /home/yvxaiver/f1tenth_ws/install/vesc_msgs/lib/libvesc_msgs__python.so
[8.698s] -- Up-to-date: /home/yvxaiver/f1tenth_ws/install/vesc_msgs/share/vesc_msgs/msg/VescState.idl
[8.740s] -- Up-to-date: /home/yvxaiver/f1tenth_ws/install/vesc_msgs/share/vesc_msgs/msg/VescStateStamped.idl
[8.750s] -- Up-to-date: /home/yvxaiver/f1tenth_ws/install/vesc_msgs/share/vesc_msgs/msg/VescImu.idl
[8.752s] -- Up-to-date: /home/yvxaiver/f1tenth_ws/install/vesc_msgs/share/vesc_msgs/msg/VescImuStamped.idl
[8.755s] -- Up-to-date: /home/yvxaiver/f1tenth_ws/install/vesc_msgs/share/vesc_msgs/msg/VescState.msg
[8.758s] -- Up-to-date: /home/yvxaiver/f1tenth_ws/install/vesc_msgs/share/vesc_msgs/msg/VescStateStamped.msg
[8.758s] -- Up-to-date: /home/yvxaiver/f1tenth_ws/install/vesc_msgs/share/vesc_msgs/msg/VescImu.msg
[8.759s] -- Up-to-date: /home/yvxaiver/f1tenth_ws/install/vesc_msgs/share/vesc_msgs/msg/VescImuStamped.msg
[8.759s] -- Up-to-date: /home/yvxaiver/f1tenth_ws/install/vesc_msgs/share/ament_index/resource_index/package_run_dependencies/vesc_msgs
[8.760s] -- Up-to-date: /home/yvxaiver/f1tenth_ws/install/vesc_msgs/share/ament_index/resource_index/parent_prefix_path/vesc_msgs
[8.760s] -- Up-to-date: /home/yvxaiver/f1tenth_ws/install/vesc_msgs/share/vesc_msgs/environment/ament_prefix_path.sh
[8.761s] -- Up-to-date: /home/yvxaiver/f1tenth_ws/install/vesc_msgs/share/vesc_msgs/environment/ament_prefix_path.dsv
[8.763s] -- Up-to-date: /home/yvxaiver/f1tenth_ws/install/vesc_msgs/share/vesc_msgs/environment/path.sh
[8.763s] -- Up-to-date: /home/yvxaiver/f1tenth_ws/install/vesc_msgs/share/vesc_msgs/environment/path.dsv
[8.763s] -- Up-to-date: /home/yvxaiver/f1tenth_ws/install/vesc_msgs/share/vesc_msgs/local_setup.bash
[8.764s] -- Up-to-date: /home/yvxaiver/f1tenth_ws/install/vesc_msgs/share/vesc_msgs/local_setup.sh
[8.764s] -- Up-to-date: /home/yvxaiver/f1tenth_ws/install/vesc_msgs/share/vesc_msgs/local_setup.zsh
[8.767s] -- Up-to-date: /home/yvxaiver/f1tenth_ws/install/vesc_msgs/share/vesc_msgs/local_setup.dsv
[8.768s] -- Installing: /home/yvxaiver/f1tenth_ws/install/vesc_msgs/share/vesc_msgs/package.dsv
[8.768s] -- Up-to-date: /home/yvxaiver/f1tenth_ws/install/vesc_msgs/share/ament_index/resource_index/packages/vesc_msgs
[8.769s] -- Up-to-date: /home/yvxaiver/f1tenth_ws/install/vesc_msgs/share/vesc_msgs/cmake/vesc_msgs__rosidl_generator_cExport.cmake
[8.770s] -- Up-to-date: /home/yvxaiver/f1tenth_ws/install/vesc_msgs/share/vesc_msgs/cmake/vesc_msgs__rosidl_generator_cExport-noconfig.cmake
[8.770s] -- Up-to-date: /home/yvxaiver/f1tenth_ws/install/vesc_msgs/share/vesc_msgs/cmake/vesc_msgs__rosidl_typesupport_introspection_cExport.cmake
[8.771s] -- Up-to-date: /home/yvxaiver/f1tenth_ws/install/vesc_msgs/share/vesc_msgs/cmake/vesc_msgs__rosidl_typesupport_introspection_cExport-noconfig.cmake
[8.771s] -- Up-to-date: /home/yvxaiver/f1tenth_ws/install/vesc_msgs/share/vesc_msgs/cmake/vesc_msgs__rosidl_typesupport_cExport.cmake
[8.772s] -- Up-to-date: /home/yvxaiver/f1tenth_ws/install/vesc_msgs/share/vesc_msgs/cmake/vesc_msgs__rosidl_typesupport_cExport-noconfig.cmake
[8.772s] -- Up-to-date: /home/yvxaiver/f1tenth_ws/install/vesc_msgs/share/vesc_msgs/cmake/vesc_msgs__rosidl_generator_cppExport.cmake
[8.772s] -- Up-to-date: /home/yvxaiver/f1tenth_ws/install/vesc_msgs/share/vesc_msgs/cmake/vesc_msgs__rosidl_typesupport_introspection_cppExport.cmake
[8.773s] -- Up-to-date: /home/yvxaiver/f1tenth_ws/install/vesc_msgs/share/vesc_msgs/cmake/vesc_msgs__rosidl_typesupport_introspection_cppExport-noconfig.cmake
[8.773s] -- Up-to-date: /home/yvxaiver/f1tenth_ws/install/vesc_msgs/share/vesc_msgs/cmake/vesc_msgs__rosidl_typesupport_cppExport.cmake
[8.774s] -- Up-to-date: /home/yvxaiver/f1tenth_ws/install/vesc_msgs/share/vesc_msgs/cmake/vesc_msgs__rosidl_typesupport_cppExport-noconfig.cmake
[8.774s] -- Up-to-date: /home/yvxaiver/f1tenth_ws/install/vesc_msgs/share/vesc_msgs/cmake/rosidl_cmake-extras.cmake
[8.775s] -- Up-to-date: /home/yvxaiver/f1tenth_ws/install/vesc_msgs/share/vesc_msgs/cmake/ament_cmake_export_dependencies-extras.cmake
[8.775s] -- Up-to-date: /home/yvxaiver/f1tenth_ws/install/vesc_msgs/share/vesc_msgs/cmake/ament_cmake_export_libraries-extras.cmake
[8.776s] -- Up-to-date: /home/yvxaiver/f1tenth_ws/install/vesc_msgs/share/vesc_msgs/cmake/ament_cmake_export_targets-extras.cmake
[8.776s] -- Up-to-date: /home/yvxaiver/f1tenth_ws/install/vesc_msgs/share/vesc_msgs/cmake/ament_cmake_export_include_directories-extras.cmake
[8.777s] -- Up-to-date: /home/yvxaiver/f1tenth_ws/install/vesc_msgs/share/vesc_msgs/cmake/rosidl_cmake_export_typesupport_libraries-extras.cmake
[8.778s] -- Up-to-date: /home/yvxaiver/f1tenth_ws/install/vesc_msgs/share/vesc_msgs/cmake/rosidl_cmake_export_typesupport_targets-extras.cmake
[8.778s] -- Up-to-date: /home/yvxaiver/f1tenth_ws/install/vesc_msgs/share/vesc_msgs/cmake/vesc_msgsConfig.cmake
[8.779s] -- Up-to-date: /home/yvxaiver/f1tenth_ws/install/vesc_msgs/share/vesc_msgs/cmake/vesc_msgsConfig-version.cmake
[8.780s] -- Up-to-date: /home/yvxaiver/f1tenth_ws/install/vesc_msgs/share/vesc_msgs/package.xml
[11.169s] Invoked command in '/home/yvxaiver/f1tenth_ws/build/vesc_msgs' returned '0': CMAKE_PREFIX_PATH=${CMAKE_PREFIX_PATH}:/home/yvxaiver/f1tenth_ws/install/f1tenth_stack:/home/yvxaiver/f1tenth_ws/install/joy_teleop:/home/yvxaiver/f1tenth_ws/install/planned_path:/home/yvxaiver/f1tenth_ws/install/mouse_teleop:/home/yvxaiver/f1tenth_ws/install/lanenet_driver:/home/yvxaiver/f1tenth_ws/install/key_teleop:/home/yvxaiver/camera_ws/install/lanenet_postprocess:/home/yvxaiver/camera_ws/install/image_processor:/home/yvxaiver/camera_ws/install/inv_mux:/opt/ros/foxy /usr/bin/cmake --install /home/yvxaiver/f1tenth_ws/build/vesc_msgs
