[5.669s] Invoking command in '/home/yvxaiver/f1tenth_ws/src/f1tenth_system/planned_path': PYTHONPATH=/home/yvxaiver/f1tenth_ws/build/planned_path/prefix_override:/home/yvxaiver/f1tenth_ws/install/planned_path/lib/python3.8/site-packages:${PYTHONPATH} /usr/bin/python3 setup.py egg_info --egg-base ../../../build/planned_path build --build-base /home/yvxaiver/f1tenth_ws/build/planned_path/build install --record /home/yvxaiver/f1tenth_ws/build/planned_path/install.log --install-scripts $base/lib/planned_path --single-version-externally-managed
[7.351s] running egg_info
[7.356s] writing ../../../build/planned_path/planned_path.egg-info/PKG-INFO
[7.363s] writing dependency_links to ../../../build/planned_path/planned_path.egg-info/dependency_links.txt
[7.372s] writing entry points to ../../../build/planned_path/planned_path.egg-info/entry_points.txt
[7.372s] writing requirements to ../../../build/planned_path/planned_path.egg-info/requires.txt
[7.380s] writing top-level names to ../../../build/planned_path/planned_path.egg-info/top_level.txt
[7.595s] reading manifest file '../../../build/planned_path/planned_path.egg-info/SOURCES.txt'
[7.611s] writing manifest file '../../../build/planned_path/planned_path.egg-info/SOURCES.txt'
[7.612s] running build
[7.612s] running build_py
[7.618s] running install
[7.620s] running install_lib
[7.625s] running install_data
[7.627s] running install_egg_info
[7.638s] removing '/home/yvxaiver/f1tenth_ws/install/planned_path/lib/python3.8/site-packages/planned_path-0.0.0-py3.8.egg-info' (and everything under it)
[7.639s] Copying ../../../build/planned_path/planned_path.egg-info to /home/yvxaiver/f1tenth_ws/install/planned_path/lib/python3.8/site-packages/planned_path-0.0.0-py3.8.egg-info
[7.650s] running install_scripts
[7.753s] Installing ppath script to /home/yvxaiver/f1tenth_ws/install/planned_path/lib/planned_path
[7.754s] writing list of installed files to '/home/yvxaiver/f1tenth_ws/build/planned_path/install.log'
[7.882s] Invoked command in '/home/yvxaiver/f1tenth_ws/src/f1tenth_system/planned_path' returned '0': PYTHONPATH=/home/yvxaiver/f1tenth_ws/build/planned_path/prefix_override:/home/yvxaiver/f1tenth_ws/install/planned_path/lib/python3.8/site-packages:${PYTHONPATH} /usr/bin/python3 setup.py egg_info --egg-base ../../../build/planned_path build --build-base /home/yvxaiver/f1tenth_ws/build/planned_path/build install --record /home/yvxaiver/f1tenth_ws/build/planned_path/install.log --install-scripts $base/lib/planned_path --single-version-externally-managed
