[9.173s] Invoking command in '/home/yvxaiver/Desktop/f1tenth_ws/src/f1tenth_system/teleop_tools/mouse_teleop': PYTHONPATH=/home/yvxaiver/Desktop/f1tenth_ws/build/mouse_teleop/prefix_override:/home/yvxaiver/Desktop/f1tenth_ws/install/mouse_teleop/lib/python3.8/site-packages:${PYTHONPATH} /usr/bin/python3 setup.py egg_info --egg-base ../../../../build/mouse_teleop build --build-base /home/yvxaiver/Desktop/f1tenth_ws/build/mouse_teleop/build install --record /home/yvxaiver/Desktop/f1tenth_ws/build/mouse_teleop/install.log --install-scripts $base/lib/mouse_teleop --single-version-externally-managed
[11.095s] running egg_info
[11.098s] creating ../../../../build/mouse_teleop/mouse_teleop.egg-info
[11.100s] writing ../../../../build/mouse_teleop/mouse_teleop.egg-info/PKG-INFO
[11.103s] writing dependency_links to ../../../../build/mouse_teleop/mouse_teleop.egg-info/dependency_links.txt
[11.107s] writing entry points to ../../../../build/mouse_teleop/mouse_teleop.egg-info/entry_points.txt
[11.107s] writing requirements to ../../../../build/mouse_teleop/mouse_teleop.egg-info/requires.txt
[11.108s] writing top-level names to ../../../../build/mouse_teleop/mouse_teleop.egg-info/top_level.txt
[11.154s] writing manifest file '../../../../build/mouse_teleop/mouse_teleop.egg-info/SOURCES.txt'
[11.357s] reading manifest file '../../../../build/mouse_teleop/mouse_teleop.egg-info/SOURCES.txt'
[11.365s] writing manifest file '../../../../build/mouse_teleop/mouse_teleop.egg-info/SOURCES.txt'
[11.367s] running build
[11.367s] running build_py
[11.369s] creating /home/yvxaiver/Desktop/f1tenth_ws/build/mouse_teleop/build
[11.380s] creating /home/yvxaiver/Desktop/f1tenth_ws/build/mouse_teleop/build/lib
[11.380s] creating /home/yvxaiver/Desktop/f1tenth_ws/build/mouse_teleop/build/lib/mouse_teleop
[11.381s] copying mouse_teleop/__init__.py -> /home/yvxaiver/Desktop/f1tenth_ws/build/mouse_teleop/build/lib/mouse_teleop
[11.381s] copying mouse_teleop/mouse_teleop.py -> /home/yvxaiver/Desktop/f1tenth_ws/build/mouse_teleop/build/lib/mouse_teleop
[11.385s] running install
[11.390s] running install_lib
[11.394s] creating /home/yvxaiver/Desktop/f1tenth_ws/install/mouse_teleop/lib/python3.8/site-packages/mouse_teleop
[11.395s] copying /home/yvxaiver/Desktop/f1tenth_ws/build/mouse_teleop/build/lib/mouse_teleop/__init__.py -> /home/yvxaiver/Desktop/f1tenth_ws/install/mouse_teleop/lib/python3.8/site-packages/mouse_teleop
[11.395s] copying /home/yvxaiver/Desktop/f1tenth_ws/build/mouse_teleop/build/lib/mouse_teleop/mouse_teleop.py -> /home/yvxaiver/Desktop/f1tenth_ws/install/mouse_teleop/lib/python3.8/site-packages/mouse_teleop
[11.399s] byte-compiling /home/yvxaiver/Desktop/f1tenth_ws/install/mouse_teleop/lib/python3.8/site-packages/mouse_teleop/__init__.py to __init__.cpython-38.pyc
[11.400s] byte-compiling /home/yvxaiver/Desktop/f1tenth_ws/install/mouse_teleop/lib/python3.8/site-packages/mouse_teleop/mouse_teleop.py to mouse_teleop.cpython-38.pyc
[11.423s] running install_data
[11.424s] copying package.xml -> /home/yvxaiver/Desktop/f1tenth_ws/install/mouse_teleop/share/mouse_teleop
[11.424s] creating /home/yvxaiver/Desktop/f1tenth_ws/install/mouse_teleop/share/mouse_teleop/config
[11.425s] copying config/mouse_teleop.yaml -> /home/yvxaiver/Desktop/f1tenth_ws/install/mouse_teleop/share/mouse_teleop/config
[11.425s] creating /home/yvxaiver/Desktop/f1tenth_ws/install/mouse_teleop/share/mouse_teleop/launch
[11.425s] copying launch/mouse_teleop.launch.py -> /home/yvxaiver/Desktop/f1tenth_ws/install/mouse_teleop/share/mouse_teleop/launch
[11.427s] creating /home/yvxaiver/Desktop/f1tenth_ws/install/mouse_teleop/share/ament_index
[11.427s] creating /home/yvxaiver/Desktop/f1tenth_ws/install/mouse_teleop/share/ament_index/resource_index
[11.429s] creating /home/yvxaiver/Desktop/f1tenth_ws/install/mouse_teleop/share/ament_index/resource_index/packages
[11.429s] copying resource/mouse_teleop -> /home/yvxaiver/Desktop/f1tenth_ws/install/mouse_teleop/share/ament_index/resource_index/packages
[11.430s] running install_egg_info
[11.431s] Copying ../../../../build/mouse_teleop/mouse_teleop.egg-info to /home/yvxaiver/Desktop/f1tenth_ws/install/mouse_teleop/lib/python3.8/site-packages/mouse_teleop-0.3.0-py3.8.egg-info
[11.432s] running install_scripts
[11.516s] Installing mouse_teleop script to /home/yvxaiver/Desktop/f1tenth_ws/install/mouse_teleop/lib/mouse_teleop
[11.518s] writing list of installed files to '/home/yvxaiver/Desktop/f1tenth_ws/build/mouse_teleop/install.log'
[11.911s] Invoked command in '/home/yvxaiver/Desktop/f1tenth_ws/src/f1tenth_system/teleop_tools/mouse_teleop' returned '0': PYTHONPATH=/home/yvxaiver/Desktop/f1tenth_ws/build/mouse_teleop/prefix_override:/home/yvxaiver/Desktop/f1tenth_ws/install/mouse_teleop/lib/python3.8/site-packages:${PYTHONPATH} /usr/bin/python3 setup.py egg_info --egg-base ../../../../build/mouse_teleop build --build-base /home/yvxaiver/Desktop/f1tenth_ws/build/mouse_teleop/build install --record /home/yvxaiver/Desktop/f1tenth_ws/build/mouse_teleop/install.log --install-scripts $base/lib/mouse_teleop --single-version-externally-managed
