[0.130s] Invoking command in '/home/yvxaiver/f1tenth_ws/build/ackermann_mux': CMAKE_PREFIX_PATH=/opt/ros/foxy /usr/bin/cmake /home/yvxaiver/f1tenth_ws/src/f1tenth_system/ackermann_mux -DCMAKE_INSTALL_PREFIX=/home/yvxaiver/f1tenth_ws/install/ackermann_mux
[1.272s] -- The C compiler identification is GNU 9.4.0
[1.273s] -- The CXX compiler identification is GNU 9.4.0
[1.273s] -- Check for working C compiler: /usr/bin/cc
[1.499s] -- Check for working C compiler: /usr/bin/cc -- works
[1.504s] -- Detecting C compiler ABI info
[1.847s] -- Detecting C compiler ABI info - done
[1.909s] -- Detecting C compile features
[1.912s] -- Detecting C compile features - done
[1.925s] -- Check for working CXX compiler: /usr/bin/c++
[2.329s] -- Check for working CXX compiler: /usr/bin/c++ -- works
[2.335s] -- Detecting CXX compiler ABI info
[2.723s] -- Detecting CXX compiler ABI info - done
[2.786s] -- Detecting CXX compile features
[2.788s] -- Detecting CXX compile features - done
[2.797s] -- Found ament_cmake: 0.9.9 (/opt/ros/foxy/share/ament_cmake/cmake)
[2.904s] -- Found PythonInterp: /usr/bin/python3 (found suitable version "3.8.10", minimum required is "3") 
[2.905s] -- Using PYTHON_EXECUTABLE: /usr/bin/python3
[3.859s] -- Found rclcpp: 2.4.1 (/opt/ros/foxy/share/rclcpp/cmake)
[4.043s] -- Using all available rosidl_typesupport_c: rosidl_typesupport_fastrtps_c;rosidl_typesupport_introspection_c
[4.071s] -- Found rosidl_adapter: 1.2.1 (/opt/ros/foxy/share/rosidl_adapter/cmake)
[4.443s] -- Found OpenSSL: /usr/lib/aarch64-linux-gnu/libcrypto.so (found version "1.1.1f")  
[4.585s] -- Found FastRTPS: /opt/ros/foxy/include  
[4.951s] -- Using all available rosidl_typesupport_cpp: rosidl_typesupport_fastrtps_cpp;rosidl_typesupport_introspection_cpp
[5.223s] -- Found rmw_implementation_cmake: 1.0.3 (/opt/ros/foxy/share/rmw_implementation_cmake/cmake)
[5.229s] -- Using RMW implementation 'rmw_fastrtps_cpp' as default
[5.244s] -- Looking for pthread.h
[5.630s] -- Looking for pthread.h - found
[5.631s] -- Performing Test CMAKE_HAVE_LIBC_PTHREAD
[5.980s] -- Performing Test CMAKE_HAVE_LIBC_PTHREAD - Failed
[5.981s] -- Looking for pthread_create in pthreads
[6.277s] -- Looking for pthread_create in pthreads - not found
[6.278s] -- Looking for pthread_create in pthread
[6.597s] -- Looking for pthread_create in pthread - found
[6.603s] -- Found Threads: TRUE  
[7.309s] -- Found ackermann_msgs: 2.0.2 (/opt/ros/foxy/share/ackermann_msgs/cmake)
[7.468s] -- Found diagnostic_updater: 2.0.8 (/opt/ros/foxy/share/diagnostic_updater/cmake)
[7.869s] -- Found ament_lint_auto: 0.9.6 (/opt/ros/foxy/share/ament_lint_auto/cmake)
[8.298s] -- Found python_cmake_module: 0.8.1 (/opt/ros/foxy/share/python_cmake_module/cmake)
[8.453s] -- Found PythonInterp: /usr/bin/python3 (found suitable version "3.8.10", minimum required is "3.5") 
[8.477s] -- Found PythonLibs: /usr/lib/aarch64-linux-gnu/libpython3.8.so (found suitable version "3.8.10", minimum required is "3.5") 
[8.478s] -- Using PYTHON_EXECUTABLE: /usr/bin/python3
[8.479s] -- Using PYTHON_INCLUDE_DIRS: /usr/include/python3.8
[8.479s] -- Using PYTHON_LIBRARIES: /usr/lib/aarch64-linux-gnu/libpython3.8.so
[8.607s] -- Found PythonExtra: .so  
[8.666s] -- Added test 'xmllint' to check XML markup files
[8.668s] -- Added test 'copyright' to check source files copyright and LICENSE
[8.677s] -- Added test 'cppcheck' to perform static code analysis on C / C++ code
[8.680s] -- Configured cppcheck include dirs: /home/yvxaiver/f1tenth_ws/src/f1tenth_system/ackermann_mux/include
[8.681s] -- Configured cppcheck exclude dirs and/or files: 
[8.689s] -- Added test 'cpplint' to check C / C++ code against the Google style
[8.689s] -- Configured cpplint exclude dirs and/or files: 
[8.692s] -- Added test 'flake8' to check Python code syntax and style conventions
[8.696s] -- Added test 'lint_cmake' to check CMake code style
[8.699s] -- Added test 'pep257' to check Python code against some of the style conventions in PEP 257
[8.709s] -- Added test 'uncrustify' to check C / C++ code style
[8.710s] -- Configured uncrustify additional arguments: 
[8.731s] -- Configuring done
[8.826s] -- Generating done
[8.833s] -- Build files have been written to: /home/yvxaiver/f1tenth_ws/build/ackermann_mux
[8.878s] Invoked command in '/home/yvxaiver/f1tenth_ws/build/ackermann_mux' returned '0': CMAKE_PREFIX_PATH=/opt/ros/foxy /usr/bin/cmake /home/yvxaiver/f1tenth_ws/src/f1tenth_system/ackermann_mux -DCMAKE_INSTALL_PREFIX=/home/yvxaiver/f1tenth_ws/install/ackermann_mux
[8.893s] Invoking command in '/home/yvxaiver/f1tenth_ws/build/ackermann_mux': CMAKE_PREFIX_PATH=/opt/ros/foxy /usr/bin/cmake --build /home/yvxaiver/f1tenth_ws/build/ackermann_mux -- -j4 -l4
[9.276s] [35m[1mScanning dependencies of target ackermann_mux[0m
[9.701s] [ 25%] [32mBuilding CXX object CMakeFiles/ackermann_mux.dir/src/ackermann_mux.cpp.o[0m
[9.704s] [ 50%] [32mBuilding CXX object CMakeFiles/ackermann_mux.dir/src/ackermann_mux_node.cpp.o[0m
[9.711s] [ 75%] [32mBuilding CXX object CMakeFiles/ackermann_mux.dir/src/ackermann_mux_diagnostics.cpp.o[0m
[55.671s] [100%] [32m[1mLinking CXX executable ackermann_mux[0m
[57.360s] [100%] Built target ackermann_mux
[57.414s] Invoked command in '/home/yvxaiver/f1tenth_ws/build/ackermann_mux' returned '0': CMAKE_PREFIX_PATH=/opt/ros/foxy /usr/bin/cmake --build /home/yvxaiver/f1tenth_ws/build/ackermann_mux -- -j4 -l4
[57.535s] Invoking command in '/home/yvxaiver/f1tenth_ws/build/ackermann_mux': CMAKE_PREFIX_PATH=/opt/ros/foxy /usr/bin/cmake --install /home/yvxaiver/f1tenth_ws/build/ackermann_mux
[57.569s] -- Install configuration: ""
[57.571s] -- Installing: /home/yvxaiver/f1tenth_ws/install/ackermann_mux/lib/ackermann_mux/ackermann_mux
[57.590s] -- Set runtime path of "/home/yvxaiver/f1tenth_ws/install/ackermann_mux/lib/ackermann_mux/ackermann_mux" to ""
[57.590s] -- Installing: /home/yvxaiver/f1tenth_ws/install/ackermann_mux/share/ackermann_mux/launch
[57.591s] -- Installing: /home/yvxaiver/f1tenth_ws/install/ackermann_mux/share/ackermann_mux/launch/ackermann_mux_launch.py
[57.592s] -- Installing: /home/yvxaiver/f1tenth_ws/install/ackermann_mux/share/ackermann_mux/config
[57.592s] -- Installing: /home/yvxaiver/f1tenth_ws/install/ackermann_mux/share/ackermann_mux/config/joystick.yaml
[57.592s] -- Installing: /home/yvxaiver/f1tenth_ws/install/ackermann_mux/share/ackermann_mux/config/ackermann_mux_topics.yaml
[57.593s] -- Installing: /home/yvxaiver/f1tenth_ws/install/ackermann_mux/share/ackermann_mux/config/ackermann_mux_locks.yaml
[57.594s] -- Installing: /home/yvxaiver/f1tenth_ws/install/ackermann_mux/include
[57.594s] -- Installing: /home/yvxaiver/f1tenth_ws/install/ackermann_mux/include/ackermann_mux
[57.595s] -- Installing: /home/yvxaiver/f1tenth_ws/install/ackermann_mux/include/ackermann_mux/ackermann_mux_diagnostics_status.hpp
[57.595s] -- Installing: /home/yvxaiver/f1tenth_ws/install/ackermann_mux/include/ackermann_mux/params_helpers.hpp
[57.596s] -- Installing: /home/yvxaiver/f1tenth_ws/install/ackermann_mux/include/ackermann_mux/ackermann_mux.hpp
[57.596s] -- Installing: /home/yvxaiver/f1tenth_ws/install/ackermann_mux/include/ackermann_mux/ackermann_mux_diagnostics.hpp
[57.597s] -- Installing: /home/yvxaiver/f1tenth_ws/install/ackermann_mux/include/ackermann_mux/utils.hpp
[57.597s] -- Installing: /home/yvxaiver/f1tenth_ws/install/ackermann_mux/include/ackermann_mux/topic_handle.hpp
[57.597s] -- Installing: /home/yvxaiver/f1tenth_ws/install/ackermann_mux/share/ament_index/resource_index/package_run_dependencies/ackermann_mux
[57.598s] -- Installing: /home/yvxaiver/f1tenth_ws/install/ackermann_mux/share/ament_index/resource_index/parent_prefix_path/ackermann_mux
[57.598s] -- Installing: /home/yvxaiver/f1tenth_ws/install/ackermann_mux/share/ackermann_mux/environment/ament_prefix_path.sh
[57.599s] -- Installing: /home/yvxaiver/f1tenth_ws/install/ackermann_mux/share/ackermann_mux/environment/ament_prefix_path.dsv
[57.599s] -- Installing: /home/yvxaiver/f1tenth_ws/install/ackermann_mux/share/ackermann_mux/environment/path.sh
[57.600s] -- Installing: /home/yvxaiver/f1tenth_ws/install/ackermann_mux/share/ackermann_mux/environment/path.dsv
[57.600s] -- Installing: /home/yvxaiver/f1tenth_ws/install/ackermann_mux/share/ackermann_mux/local_setup.bash
[57.601s] -- Installing: /home/yvxaiver/f1tenth_ws/install/ackermann_mux/share/ackermann_mux/local_setup.sh
[57.601s] -- Installing: /home/yvxaiver/f1tenth_ws/install/ackermann_mux/share/ackermann_mux/local_setup.zsh
[57.602s] -- Installing: /home/yvxaiver/f1tenth_ws/install/ackermann_mux/share/ackermann_mux/local_setup.dsv
[57.602s] -- Installing: /home/yvxaiver/f1tenth_ws/install/ackermann_mux/share/ackermann_mux/package.dsv
[57.603s] -- Installing: /home/yvxaiver/f1tenth_ws/install/ackermann_mux/share/ament_index/resource_index/packages/ackermann_mux
[57.604s] -- Installing: /home/yvxaiver/f1tenth_ws/install/ackermann_mux/share/ackermann_mux/cmake/ament_cmake_export_include_directories-extras.cmake
[57.604s] -- Installing: /home/yvxaiver/f1tenth_ws/install/ackermann_mux/share/ackermann_mux/cmake/ament_cmake_export_dependencies-extras.cmake
[57.605s] -- Installing: /home/yvxaiver/f1tenth_ws/install/ackermann_mux/share/ackermann_mux/cmake/ackermann_muxConfig.cmake
[57.605s] -- Installing: /home/yvxaiver/f1tenth_ws/install/ackermann_mux/share/ackermann_mux/cmake/ackermann_muxConfig-version.cmake
[57.606s] -- Installing: /home/yvxaiver/f1tenth_ws/install/ackermann_mux/share/ackermann_mux/package.xml
[57.620s] Invoked command in '/home/yvxaiver/f1tenth_ws/build/ackermann_mux' returned '0': CMAKE_PREFIX_PATH=/opt/ros/foxy /usr/bin/cmake --install /home/yvxaiver/f1tenth_ws/build/ackermann_mux
