[9.332s] Invoking command in '/home/yvxaiver/Desktop/f1tenth_ws/src/f1tenth_system/lanenet_driver': PYTHONPATH=/home/yvxaiver/Desktop/f1tenth_ws/build/lanenet_driver/prefix_override:/home/yvxaiver/Desktop/f1tenth_ws/install/lanenet_driver/lib/python3.8/site-packages:${PYTHONPATH} /usr/bin/python3 setup.py egg_info --egg-base ../../../build/lanenet_driver build --build-base /home/yvxaiver/Desktop/f1tenth_ws/build/lanenet_driver/build install --record /home/yvxaiver/Desktop/f1tenth_ws/build/lanenet_driver/install.log --install-scripts $base/lib/lanenet_driver --single-version-externally-managed
[11.201s] running egg_info
[11.202s] creating ../../../build/lanenet_driver/lanenet_driver.egg-info
[11.203s] writing ../../../build/lanenet_driver/lanenet_driver.egg-info/PKG-INFO
[11.204s] writing dependency_links to ../../../build/lanenet_driver/lanenet_driver.egg-info/dependency_links.txt
[11.205s] writing entry points to ../../../build/lanenet_driver/lanenet_driver.egg-info/entry_points.txt
[11.206s] writing requirements to ../../../build/lanenet_driver/lanenet_driver.egg-info/requires.txt
[11.206s] writing top-level names to ../../../build/lanenet_driver/lanenet_driver.egg-info/top_level.txt
[11.248s] writing manifest file '../../../build/lanenet_driver/lanenet_driver.egg-info/SOURCES.txt'
[11.437s] reading manifest file '../../../build/lanenet_driver/lanenet_driver.egg-info/SOURCES.txt'
[11.440s] writing manifest file '../../../build/lanenet_driver/lanenet_driver.egg-info/SOURCES.txt'
[11.441s] running build
[11.442s] running build_py
[11.444s] creating /home/yvxaiver/Desktop/f1tenth_ws/build/lanenet_driver/build
[11.444s] creating /home/yvxaiver/Desktop/f1tenth_ws/build/lanenet_driver/build/lib
[11.445s] creating /home/yvxaiver/Desktop/f1tenth_ws/build/lanenet_driver/build/lib/lanenet_driver
[11.445s] copying lanenet_driver/lanenet_driver_node.py -> /home/yvxaiver/Desktop/f1tenth_ws/build/lanenet_driver/build/lib/lanenet_driver
[11.446s] copying lanenet_driver/__init__.py -> /home/yvxaiver/Desktop/f1tenth_ws/build/lanenet_driver/build/lib/lanenet_driver
[11.447s] creating /home/yvxaiver/Desktop/f1tenth_ws/build/lanenet_driver/build/lib/lanenet_driver/stanley_controller
[11.448s] copying lanenet_driver/stanley_controller/cubic_spline_planner.py -> /home/yvxaiver/Desktop/f1tenth_ws/build/lanenet_driver/build/lib/lanenet_driver/stanley_controller
[11.449s] copying lanenet_driver/stanley_controller/stanley_controller.py -> /home/yvxaiver/Desktop/f1tenth_ws/build/lanenet_driver/build/lib/lanenet_driver/stanley_controller
[11.451s] copying lanenet_driver/stanley_controller/__init__.py -> /home/yvxaiver/Desktop/f1tenth_ws/build/lanenet_driver/build/lib/lanenet_driver/stanley_controller
[11.456s] running install
[11.457s] running install_lib
[11.463s] creating /home/yvxaiver/Desktop/f1tenth_ws/install/lanenet_driver/lib/python3.8/site-packages/lanenet_driver
[11.464s] creating /home/yvxaiver/Desktop/f1tenth_ws/install/lanenet_driver/lib/python3.8/site-packages/lanenet_driver/stanley_controller
[11.464s] copying /home/yvxaiver/Desktop/f1tenth_ws/build/lanenet_driver/build/lib/lanenet_driver/stanley_controller/cubic_spline_planner.py -> /home/yvxaiver/Desktop/f1tenth_ws/install/lanenet_driver/lib/python3.8/site-packages/lanenet_driver/stanley_controller
[11.467s] copying /home/yvxaiver/Desktop/f1tenth_ws/build/lanenet_driver/build/lib/lanenet_driver/stanley_controller/stanley_controller.py -> /home/yvxaiver/Desktop/f1tenth_ws/install/lanenet_driver/lib/python3.8/site-packages/lanenet_driver/stanley_controller
[11.467s] copying /home/yvxaiver/Desktop/f1tenth_ws/build/lanenet_driver/build/lib/lanenet_driver/stanley_controller/__init__.py -> /home/yvxaiver/Desktop/f1tenth_ws/install/lanenet_driver/lib/python3.8/site-packages/lanenet_driver/stanley_controller
[11.469s] copying /home/yvxaiver/Desktop/f1tenth_ws/build/lanenet_driver/build/lib/lanenet_driver/lanenet_driver_node.py -> /home/yvxaiver/Desktop/f1tenth_ws/install/lanenet_driver/lib/python3.8/site-packages/lanenet_driver
[11.472s] copying /home/yvxaiver/Desktop/f1tenth_ws/build/lanenet_driver/build/lib/lanenet_driver/__init__.py -> /home/yvxaiver/Desktop/f1tenth_ws/install/lanenet_driver/lib/python3.8/site-packages/lanenet_driver
[11.474s] byte-compiling /home/yvxaiver/Desktop/f1tenth_ws/install/lanenet_driver/lib/python3.8/site-packages/lanenet_driver/stanley_controller/cubic_spline_planner.py to cubic_spline_planner.cpython-38.pyc
[11.479s] byte-compiling /home/yvxaiver/Desktop/f1tenth_ws/install/lanenet_driver/lib/python3.8/site-packages/lanenet_driver/stanley_controller/stanley_controller.py to stanley_controller.cpython-38.pyc
[11.486s] byte-compiling /home/yvxaiver/Desktop/f1tenth_ws/install/lanenet_driver/lib/python3.8/site-packages/lanenet_driver/stanley_controller/__init__.py to __init__.cpython-38.pyc
[11.487s] byte-compiling /home/yvxaiver/Desktop/f1tenth_ws/install/lanenet_driver/lib/python3.8/site-packages/lanenet_driver/lanenet_driver_node.py to lanenet_driver_node.cpython-38.pyc
[11.491s] byte-compiling /home/yvxaiver/Desktop/f1tenth_ws/install/lanenet_driver/lib/python3.8/site-packages/lanenet_driver/__init__.py to __init__.cpython-38.pyc
[11.492s] running install_data
[11.511s] creating /home/yvxaiver/Desktop/f1tenth_ws/install/lanenet_driver/share/ament_index
[11.514s] creating /home/yvxaiver/Desktop/f1tenth_ws/install/lanenet_driver/share/ament_index/resource_index
[11.514s] creating /home/yvxaiver/Desktop/f1tenth_ws/install/lanenet_driver/share/ament_index/resource_index/packages
[11.515s] copying resource/lanenet_driver -> /home/yvxaiver/Desktop/f1tenth_ws/install/lanenet_driver/share/ament_index/resource_index/packages
[11.515s] copying package.xml -> /home/yvxaiver/Desktop/f1tenth_ws/install/lanenet_driver/share/lanenet_driver
[11.515s] running install_egg_info
[11.516s] Copying ../../../build/lanenet_driver/lanenet_driver.egg-info to /home/yvxaiver/Desktop/f1tenth_ws/install/lanenet_driver/lib/python3.8/site-packages/lanenet_driver-0.0.0-py3.8.egg-info
[11.521s] running install_scripts
[11.592s] Installing lanenet_driver_node script to /home/yvxaiver/Desktop/f1tenth_ws/install/lanenet_driver/lib/lanenet_driver
[11.594s] writing list of installed files to '/home/yvxaiver/Desktop/f1tenth_ws/build/lanenet_driver/install.log'
[11.731s] Invoked command in '/home/yvxaiver/Desktop/f1tenth_ws/src/f1tenth_system/lanenet_driver' returned '0': PYTHONPATH=/home/yvxaiver/Desktop/f1tenth_ws/build/lanenet_driver/prefix_override:/home/yvxaiver/Desktop/f1tenth_ws/install/lanenet_driver/lib/python3.8/site-packages:${PYTHONPATH} /usr/bin/python3 setup.py egg_info --egg-base ../../../build/lanenet_driver build --build-base /home/yvxaiver/Desktop/f1tenth_ws/build/lanenet_driver/build install --record /home/yvxaiver/Desktop/f1tenth_ws/build/lanenet_driver/install.log --install-scripts $base/lib/lanenet_driver --single-version-externally-managed
