[0.566s] Invoking command in '/home/yvxaiver/f1tenth_ws/build/vesc_msgs': CMAKE_PREFIX_PATH=${CMAKE_PREFIX_PATH}:/home/yvxaiver/f1tenth_ws/install/f1tenth_stack:/home/yvxaiver/f1tenth_ws/install/joy_teleop:/home/yvxaiver/f1tenth_ws/install/planned_path:/home/yvxaiver/f1tenth_ws/install/mouse_teleop:/home/yvxaiver/f1tenth_ws/install/lanenet_driver:/home/yvxaiver/f1tenth_ws/install/key_teleop:/home/yvxaiver/camera_ws/install/lanenet_postprocess:/home/yvxaiver/camera_ws/install/image_processor:/home/yvxaiver/camera_ws/install/inv_mux:/opt/ros/foxy /usr/bin/cmake --build /home/yvxaiver/f1tenth_ws/build/vesc_msgs -- -j6 -l6
[6.415s] [  1%] Built target vesc_msgs__cpp
[6.416s] [ 12%] Built target vesc_msgs__rosidl_generator_c
[6.417s] [ 23%] Built target vesc_msgs__rosidl_typesupport_cpp
[6.417s] [ 34%] Built target vesc_msgs__rosidl_typesupport_introspection_c
[6.418s] [ 45%] Built target vesc_msgs__rosidl_typesupport_introspection_cpp
[6.418s] [ 56%] Built target vesc_msgs__rosidl_typesupport_c
[6.419s] [ 67%] Built target vesc_msgs__rosidl_typesupport_fastrtps_cpp
[6.419s] [ 78%] Built target vesc_msgs__rosidl_typesupport_fastrtps_c
[6.420s] [ 78%] Built target vesc_msgs
[6.424s] [ 80%] Built target vesc_msgs__py
[6.430s] [ 89%] Built target vesc_msgs__python
[6.431s] [ 92%] Built target vesc_msgs__rosidl_typesupport_c__pyext
[6.431s] [ 96%] Built target vesc_msgs__rosidl_typesupport_introspection_c__pyext
[6.432s] [100%] Built target vesc_msgs__rosidl_typesupport_fastrtps_c__pyext
[6.444s] Invoked command in '/home/yvxaiver/f1tenth_ws/build/vesc_msgs' returned '0': CMAKE_PREFIX_PATH=${CMAKE_PREFIX_PATH}:/home/yvxaiver/f1tenth_ws/install/f1tenth_stack:/home/yvxaiver/f1tenth_ws/install/joy_teleop:/home/yvxaiver/f1tenth_ws/install/planned_path:/home/yvxaiver/f1tenth_ws/install/mouse_teleop:/home/yvxaiver/f1tenth_ws/install/lanenet_driver:/home/yvxaiver/f1tenth_ws/install/key_teleop:/home/yvxaiver/camera_ws/install/lanenet_postprocess:/home/yvxaiver/camera_ws/install/image_processor:/home/yvxaiver/camera_ws/install/inv_mux:/opt/ros/foxy /usr/bin/cmake --build /home/yvxaiver/f1tenth_ws/build/vesc_msgs -- -j6 -l6
[8.274s] Invoking command in '/home/yvxaiver/f1tenth_ws/build/vesc_msgs': CMAKE_PREFIX_PATH=${CMAKE_PREFIX_PATH}:/home/yvxaiver/f1tenth_ws/install/f1tenth_stack:/home/yvxaiver/f1tenth_ws/install/joy_teleop:/home/yvxaiver/f1tenth_ws/install/planned_path:/home/yvxaiver/f1tenth_ws/install/mouse_teleop:/home/yvxaiver/f1tenth_ws/install/lanenet_driver:/home/yvxaiver/f1tenth_ws/install/key_teleop:/home/yvxaiver/camera_ws/install/lanenet_postprocess:/home/yvxaiver/camera_ws/install/image_processor:/home/yvxaiver/camera_ws/install/inv_mux:/opt/ros/foxy /usr/bin/cmake --install /home/yvxaiver/f1tenth_ws/build/vesc_msgs
[8.442s] -- Install configuration: ""
[8.446s] -- Up-to-date: /home/yvxaiver/f1tenth_ws/install/vesc_msgs/share/ament_index/resource_index/rosidl_interfaces/vesc_msgs
[8.447s] -- Up-to-date: /home/yvxaiver/f1tenth_ws/install/vesc_msgs/include/vesc_msgs
[8.448s] -- Up-to-date: /home/yvxaiver/f1tenth_ws/install/vesc_msgs/include/vesc_msgs/msg
[8.449s] -- Up-to-date: /home/yvxaiver/f1tenth_ws/install/vesc_msgs/include/vesc_msgs/msg/vesc_state.h
[8.451s] -- Up-to-date: /home/yvxaiver/f1tenth_ws/install/vesc_msgs/include/vesc_msgs/msg/vesc_state_stamped.h
[8.452s] -- Up-to-date: /home/yvxaiver/f1tenth_ws/install/vesc_msgs/include/vesc_msgs/msg/rosidl_generator_c__visibility_control.h
[8.453s] -- Up-to-date: /home/yvxaiver/f1tenth_ws/install/vesc_msgs/include/vesc_msgs/msg/vesc_imu.h
[8.454s] -- Up-to-date: /home/yvxaiver/f1tenth_ws/install/vesc_msgs/include/vesc_msgs/msg/detail
[8.455s] -- Up-to-date: /home/yvxaiver/f1tenth_ws/install/vesc_msgs/include/vesc_msgs/msg/detail/vesc_imu_stamped__type_support.h
[8.456s] -- Up-to-date: /home/yvxaiver/f1tenth_ws/install/vesc_msgs/include/vesc_msgs/msg/detail/vesc_state__functions.h
[8.456s] -- Up-to-date: /home/yvxaiver/f1tenth_ws/install/vesc_msgs/include/vesc_msgs/msg/detail/vesc_imu__type_support.h
[8.457s] -- Up-to-date: /home/yvxaiver/f1tenth_ws/install/vesc_msgs/include/vesc_msgs/msg/detail/vesc_state__struct.h
[8.459s] -- Up-to-date: /home/yvxaiver/f1tenth_ws/install/vesc_msgs/include/vesc_msgs/msg/detail/vesc_state__functions.c
[8.459s] -- Up-to-date: /home/yvxaiver/f1tenth_ws/install/vesc_msgs/include/vesc_msgs/msg/detail/vesc_state_stamped__functions.h
[8.460s] -- Up-to-date: /home/yvxaiver/f1tenth_ws/install/vesc_msgs/include/vesc_msgs/msg/detail/vesc_imu__functions.h
[8.464s] -- Up-to-date: /home/yvxaiver/f1tenth_ws/install/vesc_msgs/include/vesc_msgs/msg/detail/vesc_imu_stamped__struct.h
[8.464s] -- Up-to-date: /home/yvxaiver/f1tenth_ws/install/vesc_msgs/include/vesc_msgs/msg/detail/vesc_imu_stamped__functions.h
[8.472s] -- Up-to-date: /home/yvxaiver/f1tenth_ws/install/vesc_msgs/include/vesc_msgs/msg/detail/vesc_imu_stamped__functions.c
[8.475s] -- Up-to-date: /home/yvxaiver/f1tenth_ws/install/vesc_msgs/include/vesc_msgs/msg/detail/vesc_state_stamped__type_support.h
[8.475s] -- Up-to-date: /home/yvxaiver/f1tenth_ws/install/vesc_msgs/include/vesc_msgs/msg/detail/vesc_state_stamped__struct.h
[8.485s] -- Up-to-date: /home/yvxaiver/f1tenth_ws/install/vesc_msgs/include/vesc_msgs/msg/detail/vesc_state_stamped__functions.c
[8.486s] -- Up-to-date: /home/yvxaiver/f1tenth_ws/install/vesc_msgs/include/vesc_msgs/msg/detail/vesc_imu__functions.c
[8.487s] -- Up-to-date: /home/yvxaiver/f1tenth_ws/install/vesc_msgs/include/vesc_msgs/msg/detail/vesc_imu__struct.h
[8.487s] -- Up-to-date: /home/yvxaiver/f1tenth_ws/install/vesc_msgs/include/vesc_msgs/msg/detail/vesc_state__type_support.h
[8.488s] -- Up-to-date: /home/yvxaiver/f1tenth_ws/install/vesc_msgs/include/vesc_msgs/msg/vesc_imu_stamped.h
[8.488s] -- Up-to-date: /home/yvxaiver/f1tenth_ws/install/vesc_msgs/share/vesc_msgs/environment/library_path.sh
[8.489s] -- Up-to-date: /home/yvxaiver/f1tenth_ws/install/vesc_msgs/share/vesc_msgs/environment/library_path.dsv
[8.489s] -- Up-to-date: /home/yvxaiver/f1tenth_ws/install/vesc_msgs/lib/libvesc_msgs__rosidl_generator_c.so
[8.490s] -- Up-to-date: /home/yvxaiver/f1tenth_ws/install/vesc_msgs/include/vesc_msgs
[8.494s] -- Up-to-date: /home/yvxaiver/f1tenth_ws/install/vesc_msgs/include/vesc_msgs/msg
[8.495s] -- Up-to-date: /home/yvxaiver/f1tenth_ws/install/vesc_msgs/include/vesc_msgs/msg/rosidl_typesupport_fastrtps_c__visibility_control.h
[8.495s] -- Up-to-date: /home/yvxaiver/f1tenth_ws/install/vesc_msgs/include/vesc_msgs/msg/detail
[8.496s] -- Up-to-date: /home/yvxaiver/f1tenth_ws/install/vesc_msgs/include/vesc_msgs/msg/detail/vesc_imu__rosidl_typesupport_fastrtps_c.h
[8.496s] -- Up-to-date: /home/yvxaiver/f1tenth_ws/install/vesc_msgs/include/vesc_msgs/msg/detail/vesc_imu_stamped__rosidl_typesupport_fastrtps_c.h
[8.497s] -- Up-to-date: /home/yvxaiver/f1tenth_ws/install/vesc_msgs/include/vesc_msgs/msg/detail/vesc_state__rosidl_typesupport_fastrtps_c.h
[8.497s] -- Up-to-date: /home/yvxaiver/f1tenth_ws/install/vesc_msgs/include/vesc_msgs/msg/detail/vesc_state_stamped__rosidl_typesupport_fastrtps_c.h
[8.499s] -- Up-to-date: /home/yvxaiver/f1tenth_ws/install/vesc_msgs/lib/libvesc_msgs__rosidl_typesupport_fastrtps_c.so
[8.508s] -- Up-to-date: /home/yvxaiver/f1tenth_ws/install/vesc_msgs/include/vesc_msgs
[8.509s] -- Up-to-date: /home/yvxaiver/f1tenth_ws/install/vesc_msgs/include/vesc_msgs/msg
[8.509s] -- Up-to-date: /home/yvxaiver/f1tenth_ws/install/vesc_msgs/include/vesc_msgs/msg/rosidl_typesupport_fastrtps_cpp__visibility_control.h
[8.511s] -- Up-to-date: /home/yvxaiver/f1tenth_ws/install/vesc_msgs/include/vesc_msgs/msg/detail
[8.521s] -- Up-to-date: /home/yvxaiver/f1tenth_ws/install/vesc_msgs/include/vesc_msgs/msg/detail/dds_fastrtps
[8.522s] -- Up-to-date: /home/yvxaiver/f1tenth_ws/install/vesc_msgs/include/vesc_msgs/msg/detail/vesc_imu_stamped__rosidl_typesupport_fastrtps_cpp.hpp
[8.523s] -- Up-to-date: /home/yvxaiver/f1tenth_ws/install/vesc_msgs/include/vesc_msgs/msg/detail/vesc_state__rosidl_typesupport_fastrtps_cpp.hpp
[8.524s] -- Up-to-date: /home/yvxaiver/f1tenth_ws/install/vesc_msgs/include/vesc_msgs/msg/detail/vesc_imu__rosidl_typesupport_fastrtps_cpp.hpp
[8.524s] -- Up-to-date: /home/yvxaiver/f1tenth_ws/install/vesc_msgs/include/vesc_msgs/msg/detail/vesc_state_stamped__rosidl_typesupport_fastrtps_cpp.hpp
[8.547s] -- Up-to-date: /home/yvxaiver/f1tenth_ws/install/vesc_msgs/lib/libvesc_msgs__rosidl_typesupport_fastrtps_cpp.so
[8.548s] -- Up-to-date: /home/yvxaiver/f1tenth_ws/install/vesc_msgs/include/vesc_msgs
[8.548s] -- Up-to-date: /home/yvxaiver/f1tenth_ws/install/vesc_msgs/include/vesc_msgs/msg
[8.549s] -- Up-to-date: /home/yvxaiver/f1tenth_ws/install/vesc_msgs/include/vesc_msgs/msg/rosidl_typesupport_introspection_c__visibility_control.h
[8.552s] -- Up-to-date: /home/yvxaiver/f1tenth_ws/install/vesc_msgs/include/vesc_msgs/msg/detail
[8.553s] -- Up-to-date: /home/yvxaiver/f1tenth_ws/install/vesc_msgs/include/vesc_msgs/msg/detail/vesc_state_stamped__type_support.c
[8.553s] -- Up-to-date: /home/yvxaiver/f1tenth_ws/install/vesc_msgs/include/vesc_msgs/msg/detail/vesc_state_stamped__rosidl_typesupport_introspection_c.h
[8.556s] -- Up-to-date: /home/yvxaiver/f1tenth_ws/install/vesc_msgs/include/vesc_msgs/msg/detail/vesc_imu__type_support.c
[8.556s] -- Up-to-date: /home/yvxaiver/f1tenth_ws/install/vesc_msgs/include/vesc_msgs/msg/detail/vesc_imu_stamped__rosidl_typesupport_introspection_c.h
[8.557s] -- Up-to-date: /home/yvxaiver/f1tenth_ws/install/vesc_msgs/include/vesc_msgs/msg/detail/vesc_imu_stamped__type_support.c
[8.569s] -- Up-to-date: /home/yvxaiver/f1tenth_ws/install/vesc_msgs/include/vesc_msgs/msg/detail/vesc_imu__rosidl_typesupport_introspection_c.h
[8.570s] -- Up-to-date: /home/yvxaiver/f1tenth_ws/install/vesc_msgs/include/vesc_msgs/msg/detail/vesc_state__rosidl_typesupport_introspection_c.h
[8.576s] -- Up-to-date: /home/yvxaiver/f1tenth_ws/install/vesc_msgs/include/vesc_msgs/msg/detail/vesc_state__type_support.c
[8.576s] -- Up-to-date: /home/yvxaiver/f1tenth_ws/install/vesc_msgs/lib/libvesc_msgs__rosidl_typesupport_introspection_c.so
[8.577s] -- Up-to-date: /home/yvxaiver/f1tenth_ws/install/vesc_msgs/lib/libvesc_msgs__rosidl_typesupport_c.so
[8.577s] -- Up-to-date: /home/yvxaiver/f1tenth_ws/install/vesc_msgs/include/vesc_msgs
[8.578s] -- Up-to-date: /home/yvxaiver/f1tenth_ws/install/vesc_msgs/include/vesc_msgs/msg
[8.579s] -- Up-to-date: /home/yvxaiver/f1tenth_ws/install/vesc_msgs/include/vesc_msgs/msg/vesc_imu.hpp
[8.579s] -- Up-to-date: /home/yvxaiver/f1tenth_ws/install/vesc_msgs/include/vesc_msgs/msg/vesc_state_stamped.hpp
[8.580s] -- Up-to-date: /home/yvxaiver/f1tenth_ws/install/vesc_msgs/include/vesc_msgs/msg/vesc_state.hpp
[8.580s] -- Up-to-date: /home/yvxaiver/f1tenth_ws/install/vesc_msgs/include/vesc_msgs/msg/vesc_imu_stamped.hpp
[8.580s] -- Up-to-date: /home/yvxaiver/f1tenth_ws/install/vesc_msgs/include/vesc_msgs/msg/detail
[8.581s] -- Up-to-date: /home/yvxaiver/f1tenth_ws/install/vesc_msgs/include/vesc_msgs/msg/detail/vesc_state__traits.hpp
[8.581s] -- Up-to-date: /home/yvxaiver/f1tenth_ws/install/vesc_msgs/include/vesc_msgs/msg/detail/vesc_state_stamped__builder.hpp
[8.582s] -- Up-to-date: /home/yvxaiver/f1tenth_ws/install/vesc_msgs/include/vesc_msgs/msg/detail/vesc_imu_stamped__struct.hpp
[8.582s] -- Up-to-date: /home/yvxaiver/f1tenth_ws/install/vesc_msgs/include/vesc_msgs/msg/detail/vesc_imu__struct.hpp
[8.583s] -- Up-to-date: /home/yvxaiver/f1tenth_ws/install/vesc_msgs/include/vesc_msgs/msg/detail/vesc_imu__builder.hpp
[8.583s] -- Up-to-date: /home/yvxaiver/f1tenth_ws/install/vesc_msgs/include/vesc_msgs/msg/detail/vesc_imu_stamped__traits.hpp
[8.583s] -- Up-to-date: /home/yvxaiver/f1tenth_ws/install/vesc_msgs/include/vesc_msgs/msg/detail/vesc_imu__traits.hpp
[8.584s] -- Up-to-date: /home/yvxaiver/f1tenth_ws/install/vesc_msgs/include/vesc_msgs/msg/detail/vesc_imu_stamped__builder.hpp
[8.584s] -- Up-to-date: /home/yvxaiver/f1tenth_ws/install/vesc_msgs/include/vesc_msgs/msg/detail/vesc_state_stamped__traits.hpp
[8.585s] -- Up-to-date: /home/yvxaiver/f1tenth_ws/install/vesc_msgs/include/vesc_msgs/msg/detail/vesc_state__builder.hpp
[8.585s] -- Up-to-date: /home/yvxaiver/f1tenth_ws/install/vesc_msgs/include/vesc_msgs/msg/detail/vesc_state_stamped__struct.hpp
[8.585s] -- Up-to-date: /home/yvxaiver/f1tenth_ws/install/vesc_msgs/include/vesc_msgs/msg/detail/vesc_state__struct.hpp
[8.586s] -- Up-to-date: /home/yvxaiver/f1tenth_ws/install/vesc_msgs/include/vesc_msgs
[8.587s] -- Up-to-date: /home/yvxaiver/f1tenth_ws/install/vesc_msgs/include/vesc_msgs/msg
[8.587s] -- Up-to-date: /home/yvxaiver/f1tenth_ws/install/vesc_msgs/include/vesc_msgs/msg/detail
[8.588s] -- Up-to-date: /home/yvxaiver/f1tenth_ws/install/vesc_msgs/include/vesc_msgs/msg/detail/vesc_imu_stamped__type_support.cpp
[8.588s] -- Up-to-date: /home/yvxaiver/f1tenth_ws/install/vesc_msgs/include/vesc_msgs/msg/detail/vesc_state__rosidl_typesupport_introspection_cpp.hpp
[8.588s] -- Up-to-date: /home/yvxaiver/f1tenth_ws/install/vesc_msgs/include/vesc_msgs/msg/detail/vesc_state__type_support.cpp
[8.589s] -- Up-to-date: /home/yvxaiver/f1tenth_ws/install/vesc_msgs/include/vesc_msgs/msg/detail/vesc_imu_stamped__rosidl_typesupport_introspection_cpp.hpp
[8.589s] -- Up-to-date: /home/yvxaiver/f1tenth_ws/install/vesc_msgs/include/vesc_msgs/msg/detail/vesc_imu__type_support.cpp
[8.590s] -- Up-to-date: /home/yvxaiver/f1tenth_ws/install/vesc_msgs/include/vesc_msgs/msg/detail/vesc_state_stamped__type_support.cpp
[8.590s] -- Up-to-date: /home/yvxaiver/f1tenth_ws/install/vesc_msgs/include/vesc_msgs/msg/detail/vesc_state_stamped__rosidl_typesupport_introspection_cpp.hpp
[8.591s] -- Up-to-date: /home/yvxaiver/f1tenth_ws/install/vesc_msgs/include/vesc_msgs/msg/detail/vesc_imu__rosidl_typesupport_introspection_cpp.hpp
[8.592s] -- Up-to-date: /home/yvxaiver/f1tenth_ws/install/vesc_msgs/lib/libvesc_msgs__rosidl_typesupport_introspection_cpp.so
[8.594s] -- Up-to-date: /home/yvxaiver/f1tenth_ws/install/vesc_msgs/lib/libvesc_msgs__rosidl_typesupport_cpp.so
[8.595s] -- Up-to-date: /home/yvxaiver/f1tenth_ws/install/vesc_msgs/share/vesc_msgs/environment/pythonpath.sh
[8.595s] -- Up-to-date: /home/yvxaiver/f1tenth_ws/install/vesc_msgs/share/vesc_msgs/environment/pythonpath.dsv
[8.596s] -- Up-to-date: /home/yvxaiver/f1tenth_ws/install/vesc_msgs/lib/python3.8/site-packages/vesc_msgs/__init__.py
[8.923s] -- Up-to-date: /home/yvxaiver/f1tenth_ws/install/vesc_msgs/lib/python3.8/site-packages/vesc_msgs/msg
[8.933s] -- Up-to-date: /home/yvxaiver/f1tenth_ws/install/vesc_msgs/lib/python3.8/site-packages/vesc_msgs/msg/_vesc_state_s.c
[8.935s] -- Up-to-date: /home/yvxaiver/f1tenth_ws/install/vesc_msgs/lib/python3.8/site-packages/vesc_msgs/msg/_vesc_imu_stamped.py
[8.935s] -- Up-to-date: /home/yvxaiver/f1tenth_ws/install/vesc_msgs/lib/python3.8/site-packages/vesc_msgs/msg/_vesc_state_stamped_s.c
[8.941s] -- Up-to-date: /home/yvxaiver/f1tenth_ws/install/vesc_msgs/lib/python3.8/site-packages/vesc_msgs/msg/_vesc_state.py
[8.942s] -- Up-to-date: /home/yvxaiver/f1tenth_ws/install/vesc_msgs/lib/python3.8/site-packages/vesc_msgs/msg/_vesc_imu_stamped_s.c
[8.943s] -- Up-to-date: /home/yvxaiver/f1tenth_ws/install/vesc_msgs/lib/python3.8/site-packages/vesc_msgs/msg/_vesc_imu_s.c
[8.944s] -- Up-to-date: /home/yvxaiver/f1tenth_ws/install/vesc_msgs/lib/python3.8/site-packages/vesc_msgs/msg/_vesc_imu.py
[8.944s] -- Up-to-date: /home/yvxaiver/f1tenth_ws/install/vesc_msgs/lib/python3.8/site-packages/vesc_msgs/msg/__init__.py
[8.945s] -- Up-to-date: /home/yvxaiver/f1tenth_ws/install/vesc_msgs/lib/python3.8/site-packages/vesc_msgs/msg/_vesc_state_stamped.py
[8.949s] -- Up-to-date: /home/yvxaiver/f1tenth_ws/install/vesc_msgs/lib/python3.8/site-packages/vesc_msgs/vesc_msgs_s__rosidl_typesupport_fastrtps_c.cpython-38-aarch64-linux-gnu.so
[8.950s] -- Up-to-date: /home/yvxaiver/f1tenth_ws/install/vesc_msgs/lib/python3.8/site-packages/vesc_msgs/vesc_msgs_s__rosidl_typesupport_introspection_c.cpython-38-aarch64-linux-gnu.so
[8.954s] -- Up-to-date: /home/yvxaiver/f1tenth_ws/install/vesc_msgs/lib/python3.8/site-packages/vesc_msgs/vesc_msgs_s__rosidl_typesupport_c.cpython-38-aarch64-linux-gnu.so
[8.960s] -- Up-to-date: /home/yvxaiver/f1tenth_ws/install/vesc_msgs/lib/libvesc_msgs__python.so
[8.971s] -- Up-to-date: /home/yvxaiver/f1tenth_ws/install/vesc_msgs/share/vesc_msgs/msg/VescState.idl
[8.982s] -- Up-to-date: /home/yvxaiver/f1tenth_ws/install/vesc_msgs/share/vesc_msgs/msg/VescStateStamped.idl
[8.983s] -- Up-to-date: /home/yvxaiver/f1tenth_ws/install/vesc_msgs/share/vesc_msgs/msg/VescImu.idl
[8.984s] -- Up-to-date: /home/yvxaiver/f1tenth_ws/install/vesc_msgs/share/vesc_msgs/msg/VescImuStamped.idl
[8.984s] -- Up-to-date: /home/yvxaiver/f1tenth_ws/install/vesc_msgs/share/vesc_msgs/msg/VescState.msg
[8.985s] -- Up-to-date: /home/yvxaiver/f1tenth_ws/install/vesc_msgs/share/vesc_msgs/msg/VescStateStamped.msg
[8.985s] -- Up-to-date: /home/yvxaiver/f1tenth_ws/install/vesc_msgs/share/vesc_msgs/msg/VescImu.msg
[8.985s] -- Up-to-date: /home/yvxaiver/f1tenth_ws/install/vesc_msgs/share/vesc_msgs/msg/VescImuStamped.msg
[8.986s] -- Up-to-date: /home/yvxaiver/f1tenth_ws/install/vesc_msgs/share/ament_index/resource_index/package_run_dependencies/vesc_msgs
[8.988s] -- Up-to-date: /home/yvxaiver/f1tenth_ws/install/vesc_msgs/share/ament_index/resource_index/parent_prefix_path/vesc_msgs
[8.989s] -- Up-to-date: /home/yvxaiver/f1tenth_ws/install/vesc_msgs/share/vesc_msgs/environment/ament_prefix_path.sh
[8.989s] -- Up-to-date: /home/yvxaiver/f1tenth_ws/install/vesc_msgs/share/vesc_msgs/environment/ament_prefix_path.dsv
[8.989s] -- Up-to-date: /home/yvxaiver/f1tenth_ws/install/vesc_msgs/share/vesc_msgs/environment/path.sh
[8.990s] -- Up-to-date: /home/yvxaiver/f1tenth_ws/install/vesc_msgs/share/vesc_msgs/environment/path.dsv
[8.990s] -- Up-to-date: /home/yvxaiver/f1tenth_ws/install/vesc_msgs/share/vesc_msgs/local_setup.bash
[8.991s] -- Up-to-date: /home/yvxaiver/f1tenth_ws/install/vesc_msgs/share/vesc_msgs/local_setup.sh
[8.992s] -- Up-to-date: /home/yvxaiver/f1tenth_ws/install/vesc_msgs/share/vesc_msgs/local_setup.zsh
[8.992s] -- Up-to-date: /home/yvxaiver/f1tenth_ws/install/vesc_msgs/share/vesc_msgs/local_setup.dsv
[8.993s] -- Installing: /home/yvxaiver/f1tenth_ws/install/vesc_msgs/share/vesc_msgs/package.dsv
[8.993s] -- Up-to-date: /home/yvxaiver/f1tenth_ws/install/vesc_msgs/share/ament_index/resource_index/packages/vesc_msgs
[8.993s] -- Up-to-date: /home/yvxaiver/f1tenth_ws/install/vesc_msgs/share/vesc_msgs/cmake/vesc_msgs__rosidl_generator_cExport.cmake
[8.994s] -- Up-to-date: /home/yvxaiver/f1tenth_ws/install/vesc_msgs/share/vesc_msgs/cmake/vesc_msgs__rosidl_generator_cExport-noconfig.cmake
[8.995s] -- Up-to-date: /home/yvxaiver/f1tenth_ws/install/vesc_msgs/share/vesc_msgs/cmake/vesc_msgs__rosidl_typesupport_introspection_cExport.cmake
[8.996s] -- Up-to-date: /home/yvxaiver/f1tenth_ws/install/vesc_msgs/share/vesc_msgs/cmake/vesc_msgs__rosidl_typesupport_introspection_cExport-noconfig.cmake
[9.002s] -- Up-to-date: /home/yvxaiver/f1tenth_ws/install/vesc_msgs/share/vesc_msgs/cmake/vesc_msgs__rosidl_typesupport_cExport.cmake
[9.003s] -- Up-to-date: /home/yvxaiver/f1tenth_ws/install/vesc_msgs/share/vesc_msgs/cmake/vesc_msgs__rosidl_typesupport_cExport-noconfig.cmake
[9.020s] -- Up-to-date: /home/yvxaiver/f1tenth_ws/install/vesc_msgs/share/vesc_msgs/cmake/vesc_msgs__rosidl_generator_cppExport.cmake
[9.022s] -- Up-to-date: /home/yvxaiver/f1tenth_ws/install/vesc_msgs/share/vesc_msgs/cmake/vesc_msgs__rosidl_typesupport_introspection_cppExport.cmake
[9.023s] -- Up-to-date: /home/yvxaiver/f1tenth_ws/install/vesc_msgs/share/vesc_msgs/cmake/vesc_msgs__rosidl_typesupport_introspection_cppExport-noconfig.cmake
[9.023s] -- Up-to-date: /home/yvxaiver/f1tenth_ws/install/vesc_msgs/share/vesc_msgs/cmake/vesc_msgs__rosidl_typesupport_cppExport.cmake
[9.024s] -- Up-to-date: /home/yvxaiver/f1tenth_ws/install/vesc_msgs/share/vesc_msgs/cmake/vesc_msgs__rosidl_typesupport_cppExport-noconfig.cmake
[9.032s] -- Up-to-date: /home/yvxaiver/f1tenth_ws/install/vesc_msgs/share/vesc_msgs/cmake/rosidl_cmake-extras.cmake
[9.032s] -- Up-to-date: /home/yvxaiver/f1tenth_ws/install/vesc_msgs/share/vesc_msgs/cmake/ament_cmake_export_dependencies-extras.cmake
[9.045s] -- Up-to-date: /home/yvxaiver/f1tenth_ws/install/vesc_msgs/share/vesc_msgs/cmake/ament_cmake_export_libraries-extras.cmake
[9.045s] -- Up-to-date: /home/yvxaiver/f1tenth_ws/install/vesc_msgs/share/vesc_msgs/cmake/ament_cmake_export_targets-extras.cmake
[9.063s] -- Up-to-date: /home/yvxaiver/f1tenth_ws/install/vesc_msgs/share/vesc_msgs/cmake/ament_cmake_export_include_directories-extras.cmake
[9.064s] -- Up-to-date: /home/yvxaiver/f1tenth_ws/install/vesc_msgs/share/vesc_msgs/cmake/rosidl_cmake_export_typesupport_libraries-extras.cmake
[9.064s] -- Up-to-date: /home/yvxaiver/f1tenth_ws/install/vesc_msgs/share/vesc_msgs/cmake/rosidl_cmake_export_typesupport_targets-extras.cmake
[9.065s] -- Up-to-date: /home/yvxaiver/f1tenth_ws/install/vesc_msgs/share/vesc_msgs/cmake/vesc_msgsConfig.cmake
[9.065s] -- Up-to-date: /home/yvxaiver/f1tenth_ws/install/vesc_msgs/share/vesc_msgs/cmake/vesc_msgsConfig-version.cmake
[9.065s] -- Up-to-date: /home/yvxaiver/f1tenth_ws/install/vesc_msgs/share/vesc_msgs/package.xml
[10.278s] Invoked command in '/home/yvxaiver/f1tenth_ws/build/vesc_msgs' returned '0': CMAKE_PREFIX_PATH=${CMAKE_PREFIX_PATH}:/home/yvxaiver/f1tenth_ws/install/f1tenth_stack:/home/yvxaiver/f1tenth_ws/install/joy_teleop:/home/yvxaiver/f1tenth_ws/install/planned_path:/home/yvxaiver/f1tenth_ws/install/mouse_teleop:/home/yvxaiver/f1tenth_ws/install/lanenet_driver:/home/yvxaiver/f1tenth_ws/install/key_teleop:/home/yvxaiver/camera_ws/install/lanenet_postprocess:/home/yvxaiver/camera_ws/install/image_processor:/home/yvxaiver/camera_ws/install/inv_mux:/opt/ros/foxy /usr/bin/cmake --install /home/yvxaiver/f1tenth_ws/build/vesc_msgs
