[11.084s] Invoking command in '/home/yvxaiver/f1tenth_ws/src/f1tenth_system/teleop_tools/key_teleop': PYTHONPATH=/home/yvxaiver/f1tenth_ws/build/key_teleop/prefix_override:/home/yvxaiver/f1tenth_ws/install/key_teleop/lib/python3.8/site-packages:${PYTHONPATH} /usr/bin/python3 setup.py egg_info --egg-base ../../../../build/key_teleop build --build-base /home/yvxaiver/f1tenth_ws/build/key_teleop/build install --record /home/yvxaiver/f1tenth_ws/build/key_teleop/install.log --install-scripts $base/lib/key_teleop --single-version-externally-managed
[13.736s] running egg_info
[13.738s] writing ../../../../build/key_teleop/key_teleop.egg-info/PKG-INFO
[13.742s] writing dependency_links to ../../../../build/key_teleop/key_teleop.egg-info/dependency_links.txt
[13.745s] writing entry points to ../../../../build/key_teleop/key_teleop.egg-info/entry_points.txt
[13.749s] writing requirements to ../../../../build/key_teleop/key_teleop.egg-info/requires.txt
[13.758s] writing top-level names to ../../../../build/key_teleop/key_teleop.egg-info/top_level.txt
[14.075s] reading manifest file '../../../../build/key_teleop/key_teleop.egg-info/SOURCES.txt'
[14.090s] writing manifest file '../../../../build/key_teleop/key_teleop.egg-info/SOURCES.txt'
[14.090s] running build
[14.091s] running build_py
[14.092s] running install
[14.094s] running install_lib
[14.120s] running install_data
[14.125s] running install_egg_info
[14.148s] removing '/home/yvxaiver/f1tenth_ws/install/key_teleop/lib/python3.8/site-packages/key_teleop-0.3.0-py3.8.egg-info' (and everything under it)
[14.154s] Copying ../../../../build/key_teleop/key_teleop.egg-info to /home/yvxaiver/f1tenth_ws/install/key_teleop/lib/python3.8/site-packages/key_teleop-0.3.0-py3.8.egg-info
[14.155s] running install_scripts
[14.271s] Installing key_teleop script to /home/yvxaiver/f1tenth_ws/install/key_teleop/lib/key_teleop
[14.274s] writing list of installed files to '/home/yvxaiver/f1tenth_ws/build/key_teleop/install.log'
[14.665s] Invoked command in '/home/yvxaiver/f1tenth_ws/src/f1tenth_system/teleop_tools/key_teleop' returned '0': PYTHONPATH=/home/yvxaiver/f1tenth_ws/build/key_teleop/prefix_override:/home/yvxaiver/f1tenth_ws/install/key_teleop/lib/python3.8/site-packages:${PYTHONPATH} /usr/bin/python3 setup.py egg_info --egg-base ../../../../build/key_teleop build --build-base /home/yvxaiver/f1tenth_ws/build/key_teleop/build install --record /home/yvxaiver/f1tenth_ws/build/key_teleop/install.log --install-scripts $base/lib/key_teleop --single-version-externally-managed
