[7.652s] Invoking command in '/home/yvxaiver/f1tenth_ws/src/f1tenth_system/teleop_tools/joy_teleop': CMAKE_PREFIX_PATH=/home/yvxaiver/f1tenth_ws/install/teleop_tools_msgs:/home/yvxaiver/f1tenth_ws/install/vesc:/home/yvxaiver/f1tenth_ws/install/vesc_driver:/home/yvxaiver/f1tenth_ws/install/vesc_ackermann:/home/yvxaiver/f1tenth_ws/install/vesc_msgs:/home/yvxaiver/f1tenth_ws/install/v4l2_camera:/home/yvxaiver/f1tenth_ws/install/teleop_tools:/home/yvxaiver/f1tenth_ws/install/ackermann_mux:/home/yvxaiver/camera_ws/install/usb_camera_driver:/home/yvxaiver/camera_ws/install/usb_cam:/home/yvxaiver/camera_ws/install/points_vector LD_LIBRARY_PATH=/home/yvxaiver/f1tenth_ws/install/teleop_tools_msgs/lib:/home/yvxaiver/f1tenth_ws/install/vesc_driver/lib:/home/yvxaiver/f1tenth_ws/install/vesc_ackermann/lib:/home/yvxaiver/f1tenth_ws/install/vesc_msgs/lib:/home/yvxaiver/f1tenth_ws/install/v4l2_camera/lib:/home/yvxaiver/camera_ws/install/usb_camera_driver/lib:/home/yvxaiver/camera_ws/install/usb_cam/lib:/home/yvxaiver/camera_ws/install/points_vector/lib:/opt/ros/foxy/opt/yaml_cpp_vendor/lib:/opt/ros/foxy/opt/rviz_ogre_vendor/lib:/opt/ros/foxy/lib/aarch64-linux-gnu:/opt/ros/foxy/lib:/usr/local/cuda-11.4/lib64 PYTHONPATH=/home/yvxaiver/f1tenth_ws/install/joy_teleop/lib/python3.8/site-packages:/home/yvxaiver/f1tenth_ws/install/teleop_tools_msgs/lib/python3.8/site-packages:/home/yvxaiver/f1tenth_ws/install/f1tenth_stack/lib/python3.8/site-packages:/home/yvxaiver/f1tenth_ws/install/vesc_msgs/lib/python3.8/site-packages:/home/yvxaiver/f1tenth_ws/install/joy_teleop/lib/python3.8/site-packages:/home/yvxaiver/f1tenth_ws/install/planned_path/lib/python3.8/site-packages:/home/yvxaiver/f1tenth_ws/install/mouse_teleop/lib/python3.8/site-packages:/home/yvxaiver/f1tenth_ws/install/lanenet_driver/lib/python3.8/site-packages:/home/yvxaiver/f1tenth_ws/install/key_teleop/lib/python3.8/site-packages:/home/yvxaiver/camera_ws/install/image_processor/lib/python3.8/site-packages:/home/yvxaiver/camera_ws/install/points_vector/lib/python3.8/site-packages:/opt/ros/foxy/lib/python3.8/site-packages /usr/bin/python3 setup.py egg_info --egg-base ../../../../build/joy_teleop build --build-base /home/yvxaiver/f1tenth_ws/build/joy_teleop/build install --prefix /home/yvxaiver/f1tenth_ws/install/joy_teleop --record /home/yvxaiver/f1tenth_ws/build/joy_teleop/install.log --single-version-externally-managed
[9.919s] running egg_info
[9.927s] writing ../../../../build/joy_teleop/joy_teleop.egg-info/PKG-INFO
[9.940s] writing dependency_links to ../../../../build/joy_teleop/joy_teleop.egg-info/dependency_links.txt
[9.942s] writing entry points to ../../../../build/joy_teleop/joy_teleop.egg-info/entry_points.txt
[9.944s] writing requirements to ../../../../build/joy_teleop/joy_teleop.egg-info/requires.txt
[9.946s] writing top-level names to ../../../../build/joy_teleop/joy_teleop.egg-info/top_level.txt
[10.451s] reading manifest file '../../../../build/joy_teleop/joy_teleop.egg-info/SOURCES.txt'
[10.480s] writing manifest file '../../../../build/joy_teleop/joy_teleop.egg-info/SOURCES.txt'
[10.485s] running build
[10.487s] running build_py
[10.501s] running install
[10.504s] running install_lib
[10.530s] running install_data
[10.539s] running install_egg_info
[10.546s] removing '/home/yvxaiver/f1tenth_ws/install/joy_teleop/lib/python3.8/site-packages/joy_teleop-0.3.0-py3.8.egg-info' (and everything under it)
[10.549s] Copying ../../../../build/joy_teleop/joy_teleop.egg-info to /home/yvxaiver/f1tenth_ws/install/joy_teleop/lib/python3.8/site-packages/joy_teleop-0.3.0-py3.8.egg-info
[10.567s] running install_scripts
[10.663s] Installing incrementer_server script to /home/yvxaiver/f1tenth_ws/install/joy_teleop/lib/joy_teleop
[10.667s] Installing joy_teleop script to /home/yvxaiver/f1tenth_ws/install/joy_teleop/lib/joy_teleop
[10.668s] writing list of installed files to '/home/yvxaiver/f1tenth_ws/build/joy_teleop/install.log'
[11.026s] Invoked command in '/home/yvxaiver/f1tenth_ws/src/f1tenth_system/teleop_tools/joy_teleop' returned '0': CMAKE_PREFIX_PATH=/home/yvxaiver/f1tenth_ws/install/teleop_tools_msgs:/home/yvxaiver/f1tenth_ws/install/vesc:/home/yvxaiver/f1tenth_ws/install/vesc_driver:/home/yvxaiver/f1tenth_ws/install/vesc_ackermann:/home/yvxaiver/f1tenth_ws/install/vesc_msgs:/home/yvxaiver/f1tenth_ws/install/v4l2_camera:/home/yvxaiver/f1tenth_ws/install/teleop_tools:/home/yvxaiver/f1tenth_ws/install/ackermann_mux:/home/yvxaiver/camera_ws/install/usb_camera_driver:/home/yvxaiver/camera_ws/install/usb_cam:/home/yvxaiver/camera_ws/install/points_vector LD_LIBRARY_PATH=/home/yvxaiver/f1tenth_ws/install/teleop_tools_msgs/lib:/home/yvxaiver/f1tenth_ws/install/vesc_driver/lib:/home/yvxaiver/f1tenth_ws/install/vesc_ackermann/lib:/home/yvxaiver/f1tenth_ws/install/vesc_msgs/lib:/home/yvxaiver/f1tenth_ws/install/v4l2_camera/lib:/home/yvxaiver/camera_ws/install/usb_camera_driver/lib:/home/yvxaiver/camera_ws/install/usb_cam/lib:/home/yvxaiver/camera_ws/install/points_vector/lib:/opt/ros/foxy/opt/yaml_cpp_vendor/lib:/opt/ros/foxy/opt/rviz_ogre_vendor/lib:/opt/ros/foxy/lib/aarch64-linux-gnu:/opt/ros/foxy/lib:/usr/local/cuda-11.4/lib64 PYTHONPATH=/home/yvxaiver/f1tenth_ws/install/joy_teleop/lib/python3.8/site-packages:/home/yvxaiver/f1tenth_ws/install/teleop_tools_msgs/lib/python3.8/site-packages:/home/yvxaiver/f1tenth_ws/install/f1tenth_stack/lib/python3.8/site-packages:/home/yvxaiver/f1tenth_ws/install/vesc_msgs/lib/python3.8/site-packages:/home/yvxaiver/f1tenth_ws/install/joy_teleop/lib/python3.8/site-packages:/home/yvxaiver/f1tenth_ws/install/planned_path/lib/python3.8/site-packages:/home/yvxaiver/f1tenth_ws/install/mouse_teleop/lib/python3.8/site-packages:/home/yvxaiver/f1tenth_ws/install/lanenet_driver/lib/python3.8/site-packages:/home/yvxaiver/f1tenth_ws/install/key_teleop/lib/python3.8/site-packages:/home/yvxaiver/camera_ws/install/image_processor/lib/python3.8/site-packages:/home/yvxaiver/camera_ws/install/points_vector/lib/python3.8/site-packages:/opt/ros/foxy/lib/python3.8/site-packages /usr/bin/python3 setup.py egg_info --egg-base ../../../../build/joy_teleop build --build-base /home/yvxaiver/f1tenth_ws/build/joy_teleop/build install --prefix /home/yvxaiver/f1tenth_ws/install/joy_teleop --record /home/yvxaiver/f1tenth_ws/build/joy_teleop/install.log --single-version-externally-managed
