[3.639s] Invoking command in '/home/yvxaiver/f1tenth_ws/src/f1tenth_system/teleop_tools/joy_teleop': AMENT_PREFIX_PATH=/home/yvxaiver/f1tenth_ws/install/teleop_tools_msgs:${AMENT_PREFIX_PATH} CMAKE_PREFIX_PATH=/home/yvxaiver/f1tenth_ws/install/teleop_tools_msgs LD_LIBRARY_PATH=/home/yvxaiver/f1tenth_ws/install/teleop_tools_msgs/lib:/usr/local/cuda-11.4/lib64:/opt/ros/foxy/opt/yaml_cpp_vendor/lib:/opt/ros/foxy/opt/rviz_ogre_vendor/lib:/opt/ros/foxy/lib/aarch64-linux-gnu:/opt/ros/foxy/lib:/usr/local/cuda-11.4/lib64:/usr/local/cuda-11.4/lib64 PYTHONPATH=/home/yvxaiver/f1tenth_ws/install/joy_teleop/lib/python3.8/site-packages:/home/yvxaiver/f1tenth_ws/install/teleop_tools_msgs/lib/python3.8/site-packages:${PYTHONPATH} /usr/bin/python3 setup.py egg_info --egg-base ../../../../build/joy_teleop build --build-base /home/yvxaiver/f1tenth_ws/build/joy_teleop/build install --prefix /home/yvxaiver/f1tenth_ws/install/joy_teleop --record /home/yvxaiver/f1tenth_ws/build/joy_teleop/install.log --single-version-externally-managed
[4.835s] running egg_info
[4.839s] creating ../../../../build/joy_teleop/joy_teleop.egg-info
[4.840s] writing ../../../../build/joy_teleop/joy_teleop.egg-info/PKG-INFO
[4.844s] writing dependency_links to ../../../../build/joy_teleop/joy_teleop.egg-info/dependency_links.txt
[4.845s] writing entry points to ../../../../build/joy_teleop/joy_teleop.egg-info/entry_points.txt
[4.847s] writing requirements to ../../../../build/joy_teleop/joy_teleop.egg-info/requires.txt
[4.848s] writing top-level names to ../../../../build/joy_teleop/joy_teleop.egg-info/top_level.txt
[4.879s] writing manifest file '../../../../build/joy_teleop/joy_teleop.egg-info/SOURCES.txt'
[5.019s] reading manifest file '../../../../build/joy_teleop/joy_teleop.egg-info/SOURCES.txt'
[5.023s] writing manifest file '../../../../build/joy_teleop/joy_teleop.egg-info/SOURCES.txt'
[5.025s] running build
[5.026s] running build_py
[5.028s] creating /home/yvxaiver/f1tenth_ws/build/joy_teleop/build
[5.029s] creating /home/yvxaiver/f1tenth_ws/build/joy_teleop/build/lib
[5.030s] creating /home/yvxaiver/f1tenth_ws/build/joy_teleop/build/lib/joy_teleop
[5.031s] copying joy_teleop/joy_teleop.py -> /home/yvxaiver/f1tenth_ws/build/joy_teleop/build/lib/joy_teleop
[5.032s] copying joy_teleop/__init__.py -> /home/yvxaiver/f1tenth_ws/build/joy_teleop/build/lib/joy_teleop
[5.035s] copying joy_teleop/incrementer_server.py -> /home/yvxaiver/f1tenth_ws/build/joy_teleop/build/lib/joy_teleop
[5.037s] running install
[5.040s] running install_lib
[5.045s] creating /home/yvxaiver/f1tenth_ws/install/joy_teleop/lib/python3.8/site-packages/joy_teleop
[5.046s] copying /home/yvxaiver/f1tenth_ws/build/joy_teleop/build/lib/joy_teleop/joy_teleop.py -> /home/yvxaiver/f1tenth_ws/install/joy_teleop/lib/python3.8/site-packages/joy_teleop
[5.048s] copying /home/yvxaiver/f1tenth_ws/build/joy_teleop/build/lib/joy_teleop/__init__.py -> /home/yvxaiver/f1tenth_ws/install/joy_teleop/lib/python3.8/site-packages/joy_teleop
[5.049s] copying /home/yvxaiver/f1tenth_ws/build/joy_teleop/build/lib/joy_teleop/incrementer_server.py -> /home/yvxaiver/f1tenth_ws/install/joy_teleop/lib/python3.8/site-packages/joy_teleop
[5.052s] byte-compiling /home/yvxaiver/f1tenth_ws/install/joy_teleop/lib/python3.8/site-packages/joy_teleop/joy_teleop.py to joy_teleop.cpython-38.pyc
[5.065s] byte-compiling /home/yvxaiver/f1tenth_ws/install/joy_teleop/lib/python3.8/site-packages/joy_teleop/__init__.py to __init__.cpython-38.pyc
[5.067s] byte-compiling /home/yvxaiver/f1tenth_ws/install/joy_teleop/lib/python3.8/site-packages/joy_teleop/incrementer_server.py to incrementer_server.cpython-38.pyc
[5.070s] running install_data
[5.073s] copying package.xml -> /home/yvxaiver/f1tenth_ws/install/joy_teleop/share/joy_teleop
[5.074s] creating /home/yvxaiver/f1tenth_ws/install/joy_teleop/share/joy_teleop/config
[5.075s] copying config/joy_teleop_example.yaml -> /home/yvxaiver/f1tenth_ws/install/joy_teleop/share/joy_teleop/config
[5.076s] creating /home/yvxaiver/f1tenth_ws/install/joy_teleop/share/joy_teleop/launch
[5.078s] copying launch/example.launch.py -> /home/yvxaiver/f1tenth_ws/install/joy_teleop/share/joy_teleop/launch
[5.080s] creating /home/yvxaiver/f1tenth_ws/install/joy_teleop/share/ament_index
[5.081s] creating /home/yvxaiver/f1tenth_ws/install/joy_teleop/share/ament_index/resource_index
[5.082s] creating /home/yvxaiver/f1tenth_ws/install/joy_teleop/share/ament_index/resource_index/packages
[5.083s] copying resource/joy_teleop -> /home/yvxaiver/f1tenth_ws/install/joy_teleop/share/ament_index/resource_index/packages
[5.084s] running install_egg_info
[5.090s] Copying ../../../../build/joy_teleop/joy_teleop.egg-info to /home/yvxaiver/f1tenth_ws/install/joy_teleop/lib/python3.8/site-packages/joy_teleop-0.3.0-py3.8.egg-info
[5.095s] running install_scripts
[5.162s] Installing incrementer_server script to /home/yvxaiver/f1tenth_ws/install/joy_teleop/lib/joy_teleop
[5.164s] Installing joy_teleop script to /home/yvxaiver/f1tenth_ws/install/joy_teleop/lib/joy_teleop
[5.166s] writing list of installed files to '/home/yvxaiver/f1tenth_ws/build/joy_teleop/install.log'
[5.273s] Invoked command in '/home/yvxaiver/f1tenth_ws/src/f1tenth_system/teleop_tools/joy_teleop' returned '0': AMENT_PREFIX_PATH=/home/yvxaiver/f1tenth_ws/install/teleop_tools_msgs:${AMENT_PREFIX_PATH} CMAKE_PREFIX_PATH=/home/yvxaiver/f1tenth_ws/install/teleop_tools_msgs LD_LIBRARY_PATH=/home/yvxaiver/f1tenth_ws/install/teleop_tools_msgs/lib:/usr/local/cuda-11.4/lib64:/opt/ros/foxy/opt/yaml_cpp_vendor/lib:/opt/ros/foxy/opt/rviz_ogre_vendor/lib:/opt/ros/foxy/lib/aarch64-linux-gnu:/opt/ros/foxy/lib:/usr/local/cuda-11.4/lib64:/usr/local/cuda-11.4/lib64 PYTHONPATH=/home/yvxaiver/f1tenth_ws/install/joy_teleop/lib/python3.8/site-packages:/home/yvxaiver/f1tenth_ws/install/teleop_tools_msgs/lib/python3.8/site-packages:${PYTHONPATH} /usr/bin/python3 setup.py egg_info --egg-base ../../../../build/joy_teleop build --build-base /home/yvxaiver/f1tenth_ws/build/joy_teleop/build install --prefix /home/yvxaiver/f1tenth_ws/install/joy_teleop --record /home/yvxaiver/f1tenth_ws/build/joy_teleop/install.log --single-version-externally-managed
