[0.617s] Invoking command in '/home/yvxaiver/f1tenth_ws/build/teleop_tools_msgs': CMAKE_PREFIX_PATH=${CMAKE_PREFIX_PATH}:/home/yvxaiver/f1tenth_ws/install/f1tenth_stack:/home/yvxaiver/f1tenth_ws/install/joy_teleop:/home/yvxaiver/f1tenth_ws/install/planned_path:/home/yvxaiver/f1tenth_ws/install/mouse_teleop:/home/yvxaiver/f1tenth_ws/install/lanenet_driver:/home/yvxaiver/f1tenth_ws/install/key_teleop:/home/yvxaiver/camera_ws/install/lanenet_postprocess:/home/yvxaiver/camera_ws/install/image_processor:/home/yvxaiver/camera_ws/install/inv_mux:/opt/ros/foxy /usr/bin/cmake --build /home/yvxaiver/f1tenth_ws/build/teleop_tools_msgs -- -j6 -l6
[6.443s] [  3%] Built target teleop_tools_msgs__cpp
[6.449s] [ 12%] Built target teleop_tools_msgs__rosidl_generator_c
[6.450s] [ 22%] Built target teleop_tools_msgs__rosidl_typesupport_introspection_cpp
[6.452s] [ 32%] Built target teleop_tools_msgs__rosidl_typesupport_introspection_c
[6.458s] [ 41%] Built target teleop_tools_msgs__rosidl_typesupport_fastrtps_cpp
[6.464s] [ 51%] Built target teleop_tools_msgs__rosidl_typesupport_c
[6.464s] [ 61%] Built target teleop_tools_msgs__rosidl_typesupport_cpp
[6.466s] [ 70%] Built target teleop_tools_msgs__rosidl_typesupport_fastrtps_c
[6.481s] [ 70%] Built target teleop_tools_msgs
[6.485s] [ 74%] Built target teleop_tools_msgs__py
[6.490s] [ 80%] Built target teleop_tools_msgs__python
[6.491s] [ 87%] Built target teleop_tools_msgs__rosidl_typesupport_c__pyext
[6.491s] [ 93%] Built target teleop_tools_msgs__rosidl_typesupport_introspection_c__pyext
[6.492s] [100%] Built target teleop_tools_msgs__rosidl_typesupport_fastrtps_c__pyext
[6.498s] Invoked command in '/home/yvxaiver/f1tenth_ws/build/teleop_tools_msgs' returned '0': CMAKE_PREFIX_PATH=${CMAKE_PREFIX_PATH}:/home/yvxaiver/f1tenth_ws/install/f1tenth_stack:/home/yvxaiver/f1tenth_ws/install/joy_teleop:/home/yvxaiver/f1tenth_ws/install/planned_path:/home/yvxaiver/f1tenth_ws/install/mouse_teleop:/home/yvxaiver/f1tenth_ws/install/lanenet_driver:/home/yvxaiver/f1tenth_ws/install/key_teleop:/home/yvxaiver/camera_ws/install/lanenet_postprocess:/home/yvxaiver/camera_ws/install/image_processor:/home/yvxaiver/camera_ws/install/inv_mux:/opt/ros/foxy /usr/bin/cmake --build /home/yvxaiver/f1tenth_ws/build/teleop_tools_msgs -- -j6 -l6
[7.342s] Invoking command in '/home/yvxaiver/f1tenth_ws/build/teleop_tools_msgs': CMAKE_PREFIX_PATH=${CMAKE_PREFIX_PATH}:/home/yvxaiver/f1tenth_ws/install/f1tenth_stack:/home/yvxaiver/f1tenth_ws/install/joy_teleop:/home/yvxaiver/f1tenth_ws/install/planned_path:/home/yvxaiver/f1tenth_ws/install/mouse_teleop:/home/yvxaiver/f1tenth_ws/install/lanenet_driver:/home/yvxaiver/f1tenth_ws/install/key_teleop:/home/yvxaiver/camera_ws/install/lanenet_postprocess:/home/yvxaiver/camera_ws/install/image_processor:/home/yvxaiver/camera_ws/install/inv_mux:/opt/ros/foxy /usr/bin/cmake --install /home/yvxaiver/f1tenth_ws/build/teleop_tools_msgs
[7.463s] -- Install configuration: ""
[7.466s] -- Up-to-date: /home/yvxaiver/f1tenth_ws/install/teleop_tools_msgs/share/ament_index/resource_index/rosidl_interfaces/teleop_tools_msgs
[7.467s] -- Up-to-date: /home/yvxaiver/f1tenth_ws/install/teleop_tools_msgs/include/teleop_tools_msgs
[7.468s] -- Up-to-date: /home/yvxaiver/f1tenth_ws/install/teleop_tools_msgs/include/teleop_tools_msgs/action
[7.469s] -- Up-to-date: /home/yvxaiver/f1tenth_ws/install/teleop_tools_msgs/include/teleop_tools_msgs/action/increment.h
[7.470s] -- Up-to-date: /home/yvxaiver/f1tenth_ws/install/teleop_tools_msgs/include/teleop_tools_msgs/action/detail
[7.470s] -- Up-to-date: /home/yvxaiver/f1tenth_ws/install/teleop_tools_msgs/include/teleop_tools_msgs/action/detail/increment__functions.c
[7.471s] -- Up-to-date: /home/yvxaiver/f1tenth_ws/install/teleop_tools_msgs/include/teleop_tools_msgs/action/detail/increment__functions.h
[7.472s] -- Up-to-date: /home/yvxaiver/f1tenth_ws/install/teleop_tools_msgs/include/teleop_tools_msgs/action/detail/increment__type_support.h
[7.473s] -- Up-to-date: /home/yvxaiver/f1tenth_ws/install/teleop_tools_msgs/include/teleop_tools_msgs/action/detail/increment__struct.h
[7.477s] -- Up-to-date: /home/yvxaiver/f1tenth_ws/install/teleop_tools_msgs/include/teleop_tools_msgs/msg
[7.478s] -- Up-to-date: /home/yvxaiver/f1tenth_ws/install/teleop_tools_msgs/include/teleop_tools_msgs/msg/rosidl_generator_c__visibility_control.h
[7.479s] -- Up-to-date: /home/yvxaiver/f1tenth_ws/install/teleop_tools_msgs/share/teleop_tools_msgs/environment/library_path.sh
[7.479s] -- Up-to-date: /home/yvxaiver/f1tenth_ws/install/teleop_tools_msgs/share/teleop_tools_msgs/environment/library_path.dsv
[7.479s] -- Up-to-date: /home/yvxaiver/f1tenth_ws/install/teleop_tools_msgs/lib/libteleop_tools_msgs__rosidl_generator_c.so
[7.480s] -- Up-to-date: /home/yvxaiver/f1tenth_ws/install/teleop_tools_msgs/include/teleop_tools_msgs
[7.480s] -- Up-to-date: /home/yvxaiver/f1tenth_ws/install/teleop_tools_msgs/include/teleop_tools_msgs/action
[7.484s] -- Up-to-date: /home/yvxaiver/f1tenth_ws/install/teleop_tools_msgs/include/teleop_tools_msgs/action/detail
[7.485s] -- Up-to-date: /home/yvxaiver/f1tenth_ws/install/teleop_tools_msgs/include/teleop_tools_msgs/action/detail/increment__rosidl_typesupport_fastrtps_c.h
[7.485s] -- Up-to-date: /home/yvxaiver/f1tenth_ws/install/teleop_tools_msgs/include/teleop_tools_msgs/msg
[7.487s] -- Up-to-date: /home/yvxaiver/f1tenth_ws/install/teleop_tools_msgs/include/teleop_tools_msgs/msg/rosidl_typesupport_fastrtps_c__visibility_control.h
[7.487s] -- Up-to-date: /home/yvxaiver/f1tenth_ws/install/teleop_tools_msgs/lib/libteleop_tools_msgs__rosidl_typesupport_fastrtps_c.so
[7.488s] -- Up-to-date: /home/yvxaiver/f1tenth_ws/install/teleop_tools_msgs/include/teleop_tools_msgs
[7.488s] -- Up-to-date: /home/yvxaiver/f1tenth_ws/install/teleop_tools_msgs/include/teleop_tools_msgs/action
[7.488s] -- Up-to-date: /home/yvxaiver/f1tenth_ws/install/teleop_tools_msgs/include/teleop_tools_msgs/action/detail
[7.490s] -- Up-to-date: /home/yvxaiver/f1tenth_ws/install/teleop_tools_msgs/include/teleop_tools_msgs/action/detail/increment__rosidl_typesupport_fastrtps_cpp.hpp
[7.491s] -- Up-to-date: /home/yvxaiver/f1tenth_ws/install/teleop_tools_msgs/include/teleop_tools_msgs/action/detail/dds_fastrtps
[7.493s] -- Up-to-date: /home/yvxaiver/f1tenth_ws/install/teleop_tools_msgs/include/teleop_tools_msgs/msg
[7.493s] -- Up-to-date: /home/yvxaiver/f1tenth_ws/install/teleop_tools_msgs/include/teleop_tools_msgs/msg/rosidl_typesupport_fastrtps_cpp__visibility_control.h
[7.495s] -- Up-to-date: /home/yvxaiver/f1tenth_ws/install/teleop_tools_msgs/lib/libteleop_tools_msgs__rosidl_typesupport_fastrtps_cpp.so
[7.495s] -- Up-to-date: /home/yvxaiver/f1tenth_ws/install/teleop_tools_msgs/include/teleop_tools_msgs
[7.496s] -- Up-to-date: /home/yvxaiver/f1tenth_ws/install/teleop_tools_msgs/include/teleop_tools_msgs/action
[7.497s] -- Up-to-date: /home/yvxaiver/f1tenth_ws/install/teleop_tools_msgs/include/teleop_tools_msgs/action/detail
[7.498s] -- Up-to-date: /home/yvxaiver/f1tenth_ws/install/teleop_tools_msgs/include/teleop_tools_msgs/action/detail/increment__rosidl_typesupport_introspection_c.h
[7.499s] -- Up-to-date: /home/yvxaiver/f1tenth_ws/install/teleop_tools_msgs/include/teleop_tools_msgs/action/detail/increment__type_support.c
[7.504s] -- Up-to-date: /home/yvxaiver/f1tenth_ws/install/teleop_tools_msgs/include/teleop_tools_msgs/msg
[7.507s] -- Up-to-date: /home/yvxaiver/f1tenth_ws/install/teleop_tools_msgs/include/teleop_tools_msgs/msg/rosidl_typesupport_introspection_c__visibility_control.h
[7.507s] -- Up-to-date: /home/yvxaiver/f1tenth_ws/install/teleop_tools_msgs/lib/libteleop_tools_msgs__rosidl_typesupport_introspection_c.so
[7.508s] -- Up-to-date: /home/yvxaiver/f1tenth_ws/install/teleop_tools_msgs/lib/libteleop_tools_msgs__rosidl_typesupport_c.so
[7.508s] -- Up-to-date: /home/yvxaiver/f1tenth_ws/install/teleop_tools_msgs/include/teleop_tools_msgs
[7.512s] -- Up-to-date: /home/yvxaiver/f1tenth_ws/install/teleop_tools_msgs/include/teleop_tools_msgs/action
[7.513s] -- Up-to-date: /home/yvxaiver/f1tenth_ws/install/teleop_tools_msgs/include/teleop_tools_msgs/action/detail
[7.513s] -- Up-to-date: /home/yvxaiver/f1tenth_ws/install/teleop_tools_msgs/include/teleop_tools_msgs/action/detail/increment__traits.hpp
[7.514s] -- Up-to-date: /home/yvxaiver/f1tenth_ws/install/teleop_tools_msgs/include/teleop_tools_msgs/action/detail/increment__struct.hpp
[7.514s] -- Up-to-date: /home/yvxaiver/f1tenth_ws/install/teleop_tools_msgs/include/teleop_tools_msgs/action/detail/increment__builder.hpp
[7.515s] -- Up-to-date: /home/yvxaiver/f1tenth_ws/install/teleop_tools_msgs/include/teleop_tools_msgs/action/increment.hpp
[7.515s] -- Up-to-date: /home/yvxaiver/f1tenth_ws/install/teleop_tools_msgs/include/teleop_tools_msgs
[7.515s] -- Up-to-date: /home/yvxaiver/f1tenth_ws/install/teleop_tools_msgs/include/teleop_tools_msgs/action
[7.516s] -- Up-to-date: /home/yvxaiver/f1tenth_ws/install/teleop_tools_msgs/include/teleop_tools_msgs/action/detail
[7.516s] -- Up-to-date: /home/yvxaiver/f1tenth_ws/install/teleop_tools_msgs/include/teleop_tools_msgs/action/detail/increment__type_support.cpp
[7.517s] -- Up-to-date: /home/yvxaiver/f1tenth_ws/install/teleop_tools_msgs/include/teleop_tools_msgs/action/detail/increment__rosidl_typesupport_introspection_cpp.hpp
[7.517s] -- Up-to-date: /home/yvxaiver/f1tenth_ws/install/teleop_tools_msgs/lib/libteleop_tools_msgs__rosidl_typesupport_introspection_cpp.so
[7.523s] -- Up-to-date: /home/yvxaiver/f1tenth_ws/install/teleop_tools_msgs/lib/libteleop_tools_msgs__rosidl_typesupport_cpp.so
[7.524s] -- Up-to-date: /home/yvxaiver/f1tenth_ws/install/teleop_tools_msgs/share/teleop_tools_msgs/environment/pythonpath.sh
[7.525s] -- Up-to-date: /home/yvxaiver/f1tenth_ws/install/teleop_tools_msgs/share/teleop_tools_msgs/environment/pythonpath.dsv
[7.525s] -- Up-to-date: /home/yvxaiver/f1tenth_ws/install/teleop_tools_msgs/lib/python3.8/site-packages/teleop_tools_msgs/__init__.py
[7.858s] -- Up-to-date: /home/yvxaiver/f1tenth_ws/install/teleop_tools_msgs/lib/python3.8/site-packages/teleop_tools_msgs/action
[7.859s] -- Up-to-date: /home/yvxaiver/f1tenth_ws/install/teleop_tools_msgs/lib/python3.8/site-packages/teleop_tools_msgs/action/__init__.py
[7.860s] -- Up-to-date: /home/yvxaiver/f1tenth_ws/install/teleop_tools_msgs/lib/python3.8/site-packages/teleop_tools_msgs/action/_increment.py
[7.861s] -- Up-to-date: /home/yvxaiver/f1tenth_ws/install/teleop_tools_msgs/lib/python3.8/site-packages/teleop_tools_msgs/action/_increment_s.c
[7.868s] -- Up-to-date: /home/yvxaiver/f1tenth_ws/install/teleop_tools_msgs/lib/python3.8/site-packages/teleop_tools_msgs/teleop_tools_msgs_s__rosidl_typesupport_fastrtps_c.cpython-38-aarch64-linux-gnu.so
[7.874s] -- Up-to-date: /home/yvxaiver/f1tenth_ws/install/teleop_tools_msgs/lib/python3.8/site-packages/teleop_tools_msgs/teleop_tools_msgs_s__rosidl_typesupport_introspection_c.cpython-38-aarch64-linux-gnu.so
[7.883s] -- Up-to-date: /home/yvxaiver/f1tenth_ws/install/teleop_tools_msgs/lib/python3.8/site-packages/teleop_tools_msgs/teleop_tools_msgs_s__rosidl_typesupport_c.cpython-38-aarch64-linux-gnu.so
[7.883s] -- Up-to-date: /home/yvxaiver/f1tenth_ws/install/teleop_tools_msgs/lib/libteleop_tools_msgs__python.so
[7.884s] -- Up-to-date: /home/yvxaiver/f1tenth_ws/install/teleop_tools_msgs/share/teleop_tools_msgs/action/Increment.idl
[7.886s] -- Up-to-date: /home/yvxaiver/f1tenth_ws/install/teleop_tools_msgs/share/teleop_tools_msgs/action/Increment.action
[7.887s] -- Up-to-date: /home/yvxaiver/f1tenth_ws/install/teleop_tools_msgs/share/ament_index/resource_index/package_run_dependencies/teleop_tools_msgs
[7.900s] -- Up-to-date: /home/yvxaiver/f1tenth_ws/install/teleop_tools_msgs/share/ament_index/resource_index/parent_prefix_path/teleop_tools_msgs
[7.902s] -- Up-to-date: /home/yvxaiver/f1tenth_ws/install/teleop_tools_msgs/share/teleop_tools_msgs/environment/ament_prefix_path.sh
[7.917s] -- Up-to-date: /home/yvxaiver/f1tenth_ws/install/teleop_tools_msgs/share/teleop_tools_msgs/environment/ament_prefix_path.dsv
[7.919s] -- Up-to-date: /home/yvxaiver/f1tenth_ws/install/teleop_tools_msgs/share/teleop_tools_msgs/environment/path.sh
[7.919s] -- Up-to-date: /home/yvxaiver/f1tenth_ws/install/teleop_tools_msgs/share/teleop_tools_msgs/environment/path.dsv
[7.921s] -- Up-to-date: /home/yvxaiver/f1tenth_ws/install/teleop_tools_msgs/share/teleop_tools_msgs/local_setup.bash
[7.922s] -- Up-to-date: /home/yvxaiver/f1tenth_ws/install/teleop_tools_msgs/share/teleop_tools_msgs/local_setup.sh
[7.922s] -- Up-to-date: /home/yvxaiver/f1tenth_ws/install/teleop_tools_msgs/share/teleop_tools_msgs/local_setup.zsh
[7.922s] -- Up-to-date: /home/yvxaiver/f1tenth_ws/install/teleop_tools_msgs/share/teleop_tools_msgs/local_setup.dsv
[7.926s] -- Installing: /home/yvxaiver/f1tenth_ws/install/teleop_tools_msgs/share/teleop_tools_msgs/package.dsv
[7.927s] -- Up-to-date: /home/yvxaiver/f1tenth_ws/install/teleop_tools_msgs/share/ament_index/resource_index/packages/teleop_tools_msgs
[7.927s] -- Up-to-date: /home/yvxaiver/f1tenth_ws/install/teleop_tools_msgs/share/teleop_tools_msgs/cmake/teleop_tools_msgs__rosidl_generator_cExport.cmake
[7.928s] -- Up-to-date: /home/yvxaiver/f1tenth_ws/install/teleop_tools_msgs/share/teleop_tools_msgs/cmake/teleop_tools_msgs__rosidl_generator_cExport-noconfig.cmake
[7.929s] -- Up-to-date: /home/yvxaiver/f1tenth_ws/install/teleop_tools_msgs/share/teleop_tools_msgs/cmake/teleop_tools_msgs__rosidl_typesupport_introspection_cExport.cmake
[7.933s] -- Up-to-date: /home/yvxaiver/f1tenth_ws/install/teleop_tools_msgs/share/teleop_tools_msgs/cmake/teleop_tools_msgs__rosidl_typesupport_introspection_cExport-noconfig.cmake
[7.935s] -- Up-to-date: /home/yvxaiver/f1tenth_ws/install/teleop_tools_msgs/share/teleop_tools_msgs/cmake/teleop_tools_msgs__rosidl_typesupport_cExport.cmake
[7.936s] -- Up-to-date: /home/yvxaiver/f1tenth_ws/install/teleop_tools_msgs/share/teleop_tools_msgs/cmake/teleop_tools_msgs__rosidl_typesupport_cExport-noconfig.cmake
[7.937s] -- Up-to-date: /home/yvxaiver/f1tenth_ws/install/teleop_tools_msgs/share/teleop_tools_msgs/cmake/teleop_tools_msgs__rosidl_generator_cppExport.cmake
[7.942s] -- Up-to-date: /home/yvxaiver/f1tenth_ws/install/teleop_tools_msgs/share/teleop_tools_msgs/cmake/teleop_tools_msgs__rosidl_typesupport_introspection_cppExport.cmake
[7.943s] -- Up-to-date: /home/yvxaiver/f1tenth_ws/install/teleop_tools_msgs/share/teleop_tools_msgs/cmake/teleop_tools_msgs__rosidl_typesupport_introspection_cppExport-noconfig.cmake
[7.954s] -- Up-to-date: /home/yvxaiver/f1tenth_ws/install/teleop_tools_msgs/share/teleop_tools_msgs/cmake/teleop_tools_msgs__rosidl_typesupport_cppExport.cmake
[7.955s] -- Up-to-date: /home/yvxaiver/f1tenth_ws/install/teleop_tools_msgs/share/teleop_tools_msgs/cmake/teleop_tools_msgs__rosidl_typesupport_cppExport-noconfig.cmake
[7.955s] -- Up-to-date: /home/yvxaiver/f1tenth_ws/install/teleop_tools_msgs/share/teleop_tools_msgs/cmake/rosidl_cmake-extras.cmake
[7.956s] -- Up-to-date: /home/yvxaiver/f1tenth_ws/install/teleop_tools_msgs/share/teleop_tools_msgs/cmake/ament_cmake_export_dependencies-extras.cmake
[7.956s] -- Up-to-date: /home/yvxaiver/f1tenth_ws/install/teleop_tools_msgs/share/teleop_tools_msgs/cmake/ament_cmake_export_libraries-extras.cmake
[7.957s] -- Up-to-date: /home/yvxaiver/f1tenth_ws/install/teleop_tools_msgs/share/teleop_tools_msgs/cmake/ament_cmake_export_targets-extras.cmake
[7.957s] -- Up-to-date: /home/yvxaiver/f1tenth_ws/install/teleop_tools_msgs/share/teleop_tools_msgs/cmake/ament_cmake_export_include_directories-extras.cmake
[7.958s] -- Up-to-date: /home/yvxaiver/f1tenth_ws/install/teleop_tools_msgs/share/teleop_tools_msgs/cmake/rosidl_cmake_export_typesupport_libraries-extras.cmake
[7.958s] -- Up-to-date: /home/yvxaiver/f1tenth_ws/install/teleop_tools_msgs/share/teleop_tools_msgs/cmake/rosidl_cmake_export_typesupport_targets-extras.cmake
[7.958s] -- Up-to-date: /home/yvxaiver/f1tenth_ws/install/teleop_tools_msgs/share/teleop_tools_msgs/cmake/teleop_tools_msgsConfig.cmake
[7.959s] -- Up-to-date: /home/yvxaiver/f1tenth_ws/install/teleop_tools_msgs/share/teleop_tools_msgs/cmake/teleop_tools_msgsConfig-version.cmake
[7.959s] -- Up-to-date: /home/yvxaiver/f1tenth_ws/install/teleop_tools_msgs/share/teleop_tools_msgs/package.xml
[8.102s] Invoked command in '/home/yvxaiver/f1tenth_ws/build/teleop_tools_msgs' returned '0': CMAKE_PREFIX_PATH=${CMAKE_PREFIX_PATH}:/home/yvxaiver/f1tenth_ws/install/f1tenth_stack:/home/yvxaiver/f1tenth_ws/install/joy_teleop:/home/yvxaiver/f1tenth_ws/install/planned_path:/home/yvxaiver/f1tenth_ws/install/mouse_teleop:/home/yvxaiver/f1tenth_ws/install/lanenet_driver:/home/yvxaiver/f1tenth_ws/install/key_teleop:/home/yvxaiver/camera_ws/install/lanenet_postprocess:/home/yvxaiver/camera_ws/install/image_processor:/home/yvxaiver/camera_ws/install/inv_mux:/opt/ros/foxy /usr/bin/cmake --install /home/yvxaiver/f1tenth_ws/build/teleop_tools_msgs
