[0.543s] Invoking command in '/home/yvxaiver/Desktop/f1tenth_ws/build/vesc_msgs': CMAKE_PREFIX_PATH=${CMAKE_PREFIX_PATH}:/home/yvxaiver/f1tenth_ws/install/f1tenth_stack:/home/yvxaiver/f1tenth_ws/install/joy_teleop:/home/yvxaiver/f1tenth_ws/install/planned_path:/home/yvxaiver/f1tenth_ws/install/mouse_teleop:/home/yvxaiver/f1tenth_ws/install/lanenet_driver:/home/yvxaiver/f1tenth_ws/install/key_teleop:/home/yvxaiver/camera_ws/install/lanenet_postprocess:/home/yvxaiver/camera_ws/install/image_processor:/home/yvxaiver/camera_ws/install/inv_mux:/opt/ros/foxy /usr/bin/cmake --build /home/yvxaiver/Desktop/f1tenth_ws/build/vesc_msgs -- -j6 -l6
[5.753s] [  1%] Built target vesc_msgs__cpp
[5.758s] [ 12%] Built target vesc_msgs__rosidl_generator_c
[5.761s] [ 23%] Built target vesc_msgs__rosidl_typesupport_cpp
[5.762s] [ 34%] Built target vesc_msgs__rosidl_typesupport_introspection_c
[5.764s] [ 54%] Built target vesc_msgs__rosidl_typesupport_fastrtps_cpp
[5.766s] [ 56%] Built target vesc_msgs__rosidl_typesupport_introspection_cpp
[5.769s] [ 67%] Built target vesc_msgs__rosidl_typesupport_c
[5.779s] [ 78%] Built target vesc_msgs__rosidl_typesupport_fastrtps_c
[5.782s] [ 78%] Built target vesc_msgs
[5.784s] [ 80%] Built target vesc_msgs__py
[5.791s] [ 89%] Built target vesc_msgs__python
[5.798s] [ 92%] Built target vesc_msgs__rosidl_typesupport_c__pyext
[5.799s] [ 96%] Built target vesc_msgs__rosidl_typesupport_introspection_c__pyext
[5.799s] [100%] Built target vesc_msgs__rosidl_typesupport_fastrtps_c__pyext
[5.836s] Invoked command in '/home/yvxaiver/Desktop/f1tenth_ws/build/vesc_msgs' returned '0': CMAKE_PREFIX_PATH=${CMAKE_PREFIX_PATH}:/home/yvxaiver/f1tenth_ws/install/f1tenth_stack:/home/yvxaiver/f1tenth_ws/install/joy_teleop:/home/yvxaiver/f1tenth_ws/install/planned_path:/home/yvxaiver/f1tenth_ws/install/mouse_teleop:/home/yvxaiver/f1tenth_ws/install/lanenet_driver:/home/yvxaiver/f1tenth_ws/install/key_teleop:/home/yvxaiver/camera_ws/install/lanenet_postprocess:/home/yvxaiver/camera_ws/install/image_processor:/home/yvxaiver/camera_ws/install/inv_mux:/opt/ros/foxy /usr/bin/cmake --build /home/yvxaiver/Desktop/f1tenth_ws/build/vesc_msgs -- -j6 -l6
[7.319s] Invoking command in '/home/yvxaiver/Desktop/f1tenth_ws/build/vesc_msgs': CMAKE_PREFIX_PATH=${CMAKE_PREFIX_PATH}:/home/yvxaiver/f1tenth_ws/install/f1tenth_stack:/home/yvxaiver/f1tenth_ws/install/joy_teleop:/home/yvxaiver/f1tenth_ws/install/planned_path:/home/yvxaiver/f1tenth_ws/install/mouse_teleop:/home/yvxaiver/f1tenth_ws/install/lanenet_driver:/home/yvxaiver/f1tenth_ws/install/key_teleop:/home/yvxaiver/camera_ws/install/lanenet_postprocess:/home/yvxaiver/camera_ws/install/image_processor:/home/yvxaiver/camera_ws/install/inv_mux:/opt/ros/foxy /usr/bin/cmake --install /home/yvxaiver/Desktop/f1tenth_ws/build/vesc_msgs
[7.460s] -- Install configuration: ""
[7.461s] -- Up-to-date: /home/yvxaiver/Desktop/f1tenth_ws/install/vesc_msgs/share/ament_index/resource_index/rosidl_interfaces/vesc_msgs
[7.463s] -- Up-to-date: /home/yvxaiver/Desktop/f1tenth_ws/install/vesc_msgs/include/vesc_msgs
[7.464s] -- Up-to-date: /home/yvxaiver/Desktop/f1tenth_ws/install/vesc_msgs/include/vesc_msgs/msg
[7.465s] -- Up-to-date: /home/yvxaiver/Desktop/f1tenth_ws/install/vesc_msgs/include/vesc_msgs/msg/vesc_state.h
[7.465s] -- Up-to-date: /home/yvxaiver/Desktop/f1tenth_ws/install/vesc_msgs/include/vesc_msgs/msg/vesc_state_stamped.h
[7.466s] -- Up-to-date: /home/yvxaiver/Desktop/f1tenth_ws/install/vesc_msgs/include/vesc_msgs/msg/rosidl_generator_c__visibility_control.h
[7.466s] -- Up-to-date: /home/yvxaiver/Desktop/f1tenth_ws/install/vesc_msgs/include/vesc_msgs/msg/vesc_imu.h
[7.467s] -- Up-to-date: /home/yvxaiver/Desktop/f1tenth_ws/install/vesc_msgs/include/vesc_msgs/msg/detail
[7.467s] -- Up-to-date: /home/yvxaiver/Desktop/f1tenth_ws/install/vesc_msgs/include/vesc_msgs/msg/detail/vesc_imu_stamped__type_support.h
[7.480s] -- Up-to-date: /home/yvxaiver/Desktop/f1tenth_ws/install/vesc_msgs/include/vesc_msgs/msg/detail/vesc_state__functions.h
[7.481s] -- Up-to-date: /home/yvxaiver/Desktop/f1tenth_ws/install/vesc_msgs/include/vesc_msgs/msg/detail/vesc_imu__type_support.h
[7.481s] -- Up-to-date: /home/yvxaiver/Desktop/f1tenth_ws/install/vesc_msgs/include/vesc_msgs/msg/detail/vesc_state__struct.h
[7.482s] -- Up-to-date: /home/yvxaiver/Desktop/f1tenth_ws/install/vesc_msgs/include/vesc_msgs/msg/detail/vesc_state__functions.c
[7.482s] -- Up-to-date: /home/yvxaiver/Desktop/f1tenth_ws/install/vesc_msgs/include/vesc_msgs/msg/detail/vesc_state_stamped__functions.h
[7.483s] -- Up-to-date: /home/yvxaiver/Desktop/f1tenth_ws/install/vesc_msgs/include/vesc_msgs/msg/detail/vesc_imu__functions.h
[7.484s] -- Up-to-date: /home/yvxaiver/Desktop/f1tenth_ws/install/vesc_msgs/include/vesc_msgs/msg/detail/vesc_imu_stamped__struct.h
[7.484s] -- Up-to-date: /home/yvxaiver/Desktop/f1tenth_ws/install/vesc_msgs/include/vesc_msgs/msg/detail/vesc_imu_stamped__functions.h
[7.485s] -- Up-to-date: /home/yvxaiver/Desktop/f1tenth_ws/install/vesc_msgs/include/vesc_msgs/msg/detail/vesc_imu_stamped__functions.c
[7.485s] -- Up-to-date: /home/yvxaiver/Desktop/f1tenth_ws/install/vesc_msgs/include/vesc_msgs/msg/detail/vesc_state_stamped__type_support.h
[7.485s] -- Up-to-date: /home/yvxaiver/Desktop/f1tenth_ws/install/vesc_msgs/include/vesc_msgs/msg/detail/vesc_state_stamped__struct.h
[7.486s] -- Up-to-date: /home/yvxaiver/Desktop/f1tenth_ws/install/vesc_msgs/include/vesc_msgs/msg/detail/vesc_state_stamped__functions.c
[7.486s] -- Up-to-date: /home/yvxaiver/Desktop/f1tenth_ws/install/vesc_msgs/include/vesc_msgs/msg/detail/vesc_imu__functions.c
[7.487s] -- Up-to-date: /home/yvxaiver/Desktop/f1tenth_ws/install/vesc_msgs/include/vesc_msgs/msg/detail/vesc_imu__struct.h
[7.487s] -- Up-to-date: /home/yvxaiver/Desktop/f1tenth_ws/install/vesc_msgs/include/vesc_msgs/msg/detail/vesc_state__type_support.h
[7.487s] -- Up-to-date: /home/yvxaiver/Desktop/f1tenth_ws/install/vesc_msgs/include/vesc_msgs/msg/vesc_imu_stamped.h
[7.488s] -- Up-to-date: /home/yvxaiver/Desktop/f1tenth_ws/install/vesc_msgs/share/vesc_msgs/environment/library_path.sh
[7.488s] -- Up-to-date: /home/yvxaiver/Desktop/f1tenth_ws/install/vesc_msgs/share/vesc_msgs/environment/library_path.dsv
[7.489s] -- Up-to-date: /home/yvxaiver/Desktop/f1tenth_ws/install/vesc_msgs/lib/libvesc_msgs__rosidl_generator_c.so
[7.489s] -- Up-to-date: /home/yvxaiver/Desktop/f1tenth_ws/install/vesc_msgs/include/vesc_msgs
[7.490s] -- Up-to-date: /home/yvxaiver/Desktop/f1tenth_ws/install/vesc_msgs/include/vesc_msgs/msg
[7.490s] -- Up-to-date: /home/yvxaiver/Desktop/f1tenth_ws/install/vesc_msgs/include/vesc_msgs/msg/rosidl_typesupport_fastrtps_c__visibility_control.h
[7.491s] -- Up-to-date: /home/yvxaiver/Desktop/f1tenth_ws/install/vesc_msgs/include/vesc_msgs/msg/detail
[7.491s] -- Up-to-date: /home/yvxaiver/Desktop/f1tenth_ws/install/vesc_msgs/include/vesc_msgs/msg/detail/vesc_imu__rosidl_typesupport_fastrtps_c.h
[7.491s] -- Up-to-date: /home/yvxaiver/Desktop/f1tenth_ws/install/vesc_msgs/include/vesc_msgs/msg/detail/vesc_imu_stamped__rosidl_typesupport_fastrtps_c.h
[7.492s] -- Up-to-date: /home/yvxaiver/Desktop/f1tenth_ws/install/vesc_msgs/include/vesc_msgs/msg/detail/vesc_state__rosidl_typesupport_fastrtps_c.h
[7.492s] -- Up-to-date: /home/yvxaiver/Desktop/f1tenth_ws/install/vesc_msgs/include/vesc_msgs/msg/detail/vesc_state_stamped__rosidl_typesupport_fastrtps_c.h
[7.493s] -- Up-to-date: /home/yvxaiver/Desktop/f1tenth_ws/install/vesc_msgs/lib/libvesc_msgs__rosidl_typesupport_fastrtps_c.so
[7.493s] -- Up-to-date: /home/yvxaiver/Desktop/f1tenth_ws/install/vesc_msgs/include/vesc_msgs
[7.494s] -- Up-to-date: /home/yvxaiver/Desktop/f1tenth_ws/install/vesc_msgs/include/vesc_msgs/msg
[7.494s] -- Up-to-date: /home/yvxaiver/Desktop/f1tenth_ws/install/vesc_msgs/include/vesc_msgs/msg/rosidl_typesupport_fastrtps_cpp__visibility_control.h
[7.494s] -- Up-to-date: /home/yvxaiver/Desktop/f1tenth_ws/install/vesc_msgs/include/vesc_msgs/msg/detail
[7.495s] -- Up-to-date: /home/yvxaiver/Desktop/f1tenth_ws/install/vesc_msgs/include/vesc_msgs/msg/detail/dds_fastrtps
[7.495s] -- Up-to-date: /home/yvxaiver/Desktop/f1tenth_ws/install/vesc_msgs/include/vesc_msgs/msg/detail/vesc_imu_stamped__rosidl_typesupport_fastrtps_cpp.hpp
[7.516s] -- Up-to-date: /home/yvxaiver/Desktop/f1tenth_ws/install/vesc_msgs/include/vesc_msgs/msg/detail/vesc_state__rosidl_typesupport_fastrtps_cpp.hpp
[7.517s] -- Up-to-date: /home/yvxaiver/Desktop/f1tenth_ws/install/vesc_msgs/include/vesc_msgs/msg/detail/vesc_imu__rosidl_typesupport_fastrtps_cpp.hpp
[7.517s] -- Up-to-date: /home/yvxaiver/Desktop/f1tenth_ws/install/vesc_msgs/include/vesc_msgs/msg/detail/vesc_state_stamped__rosidl_typesupport_fastrtps_cpp.hpp
[7.518s] -- Up-to-date: /home/yvxaiver/Desktop/f1tenth_ws/install/vesc_msgs/lib/libvesc_msgs__rosidl_typesupport_fastrtps_cpp.so
[7.518s] -- Up-to-date: /home/yvxaiver/Desktop/f1tenth_ws/install/vesc_msgs/include/vesc_msgs
[7.519s] -- Up-to-date: /home/yvxaiver/Desktop/f1tenth_ws/install/vesc_msgs/include/vesc_msgs/msg
[7.519s] -- Up-to-date: /home/yvxaiver/Desktop/f1tenth_ws/install/vesc_msgs/include/vesc_msgs/msg/rosidl_typesupport_introspection_c__visibility_control.h
[7.520s] -- Up-to-date: /home/yvxaiver/Desktop/f1tenth_ws/install/vesc_msgs/include/vesc_msgs/msg/detail
[7.520s] -- Up-to-date: /home/yvxaiver/Desktop/f1tenth_ws/install/vesc_msgs/include/vesc_msgs/msg/detail/vesc_state_stamped__type_support.c
[7.520s] -- Up-to-date: /home/yvxaiver/Desktop/f1tenth_ws/install/vesc_msgs/include/vesc_msgs/msg/detail/vesc_state_stamped__rosidl_typesupport_introspection_c.h
[7.521s] -- Up-to-date: /home/yvxaiver/Desktop/f1tenth_ws/install/vesc_msgs/include/vesc_msgs/msg/detail/vesc_imu__type_support.c
[7.521s] -- Up-to-date: /home/yvxaiver/Desktop/f1tenth_ws/install/vesc_msgs/include/vesc_msgs/msg/detail/vesc_imu_stamped__rosidl_typesupport_introspection_c.h
[7.523s] -- Up-to-date: /home/yvxaiver/Desktop/f1tenth_ws/install/vesc_msgs/include/vesc_msgs/msg/detail/vesc_imu_stamped__type_support.c
[7.523s] -- Up-to-date: /home/yvxaiver/Desktop/f1tenth_ws/install/vesc_msgs/include/vesc_msgs/msg/detail/vesc_imu__rosidl_typesupport_introspection_c.h
[7.524s] -- Up-to-date: /home/yvxaiver/Desktop/f1tenth_ws/install/vesc_msgs/include/vesc_msgs/msg/detail/vesc_state__rosidl_typesupport_introspection_c.h
[7.524s] -- Up-to-date: /home/yvxaiver/Desktop/f1tenth_ws/install/vesc_msgs/include/vesc_msgs/msg/detail/vesc_state__type_support.c
[7.525s] -- Up-to-date: /home/yvxaiver/Desktop/f1tenth_ws/install/vesc_msgs/lib/libvesc_msgs__rosidl_typesupport_introspection_c.so
[7.525s] -- Up-to-date: /home/yvxaiver/Desktop/f1tenth_ws/install/vesc_msgs/lib/libvesc_msgs__rosidl_typesupport_c.so
[7.526s] -- Up-to-date: /home/yvxaiver/Desktop/f1tenth_ws/install/vesc_msgs/include/vesc_msgs
[7.526s] -- Up-to-date: /home/yvxaiver/Desktop/f1tenth_ws/install/vesc_msgs/include/vesc_msgs/msg
[7.527s] -- Up-to-date: /home/yvxaiver/Desktop/f1tenth_ws/install/vesc_msgs/include/vesc_msgs/msg/vesc_imu.hpp
[7.527s] -- Up-to-date: /home/yvxaiver/Desktop/f1tenth_ws/install/vesc_msgs/include/vesc_msgs/msg/vesc_state_stamped.hpp
[7.528s] -- Up-to-date: /home/yvxaiver/Desktop/f1tenth_ws/install/vesc_msgs/include/vesc_msgs/msg/vesc_state.hpp
[7.528s] -- Up-to-date: /home/yvxaiver/Desktop/f1tenth_ws/install/vesc_msgs/include/vesc_msgs/msg/vesc_imu_stamped.hpp
[7.529s] -- Up-to-date: /home/yvxaiver/Desktop/f1tenth_ws/install/vesc_msgs/include/vesc_msgs/msg/rosidl_generator_cpp__visibility_control.hpp
[7.529s] -- Up-to-date: /home/yvxaiver/Desktop/f1tenth_ws/install/vesc_msgs/include/vesc_msgs/msg/detail
[7.529s] -- Up-to-date: /home/yvxaiver/Desktop/f1tenth_ws/install/vesc_msgs/include/vesc_msgs/msg/detail/vesc_state_stamped__type_support.hpp
[7.530s] -- Up-to-date: /home/yvxaiver/Desktop/f1tenth_ws/install/vesc_msgs/include/vesc_msgs/msg/detail/vesc_state__traits.hpp
[7.530s] -- Up-to-date: /home/yvxaiver/Desktop/f1tenth_ws/install/vesc_msgs/include/vesc_msgs/msg/detail/vesc_imu__type_support.hpp
[7.531s] -- Up-to-date: /home/yvxaiver/Desktop/f1tenth_ws/install/vesc_msgs/include/vesc_msgs/msg/detail/vesc_state_stamped__builder.hpp
[7.531s] -- Up-to-date: /home/yvxaiver/Desktop/f1tenth_ws/install/vesc_msgs/include/vesc_msgs/msg/detail/vesc_state__type_support.hpp
[7.532s] -- Up-to-date: /home/yvxaiver/Desktop/f1tenth_ws/install/vesc_msgs/include/vesc_msgs/msg/detail/vesc_imu_stamped__struct.hpp
[7.532s] -- Up-to-date: /home/yvxaiver/Desktop/f1tenth_ws/install/vesc_msgs/include/vesc_msgs/msg/detail/vesc_imu__struct.hpp
[7.532s] -- Up-to-date: /home/yvxaiver/Desktop/f1tenth_ws/install/vesc_msgs/include/vesc_msgs/msg/detail/vesc_imu__builder.hpp
[7.533s] -- Up-to-date: /home/yvxaiver/Desktop/f1tenth_ws/install/vesc_msgs/include/vesc_msgs/msg/detail/vesc_imu_stamped__traits.hpp
[7.533s] -- Up-to-date: /home/yvxaiver/Desktop/f1tenth_ws/install/vesc_msgs/include/vesc_msgs/msg/detail/vesc_imu__traits.hpp
[7.534s] -- Up-to-date: /home/yvxaiver/Desktop/f1tenth_ws/install/vesc_msgs/include/vesc_msgs/msg/detail/vesc_imu_stamped__builder.hpp
[7.534s] -- Up-to-date: /home/yvxaiver/Desktop/f1tenth_ws/install/vesc_msgs/include/vesc_msgs/msg/detail/vesc_state_stamped__traits.hpp
[7.534s] -- Up-to-date: /home/yvxaiver/Desktop/f1tenth_ws/install/vesc_msgs/include/vesc_msgs/msg/detail/vesc_state__builder.hpp
[7.535s] -- Up-to-date: /home/yvxaiver/Desktop/f1tenth_ws/install/vesc_msgs/include/vesc_msgs/msg/detail/vesc_state_stamped__struct.hpp
[7.535s] -- Up-to-date: /home/yvxaiver/Desktop/f1tenth_ws/install/vesc_msgs/include/vesc_msgs/msg/detail/vesc_imu_stamped__type_support.hpp
[7.548s] -- Up-to-date: /home/yvxaiver/Desktop/f1tenth_ws/install/vesc_msgs/include/vesc_msgs/msg/detail/vesc_state__struct.hpp
[7.549s] -- Up-to-date: /home/yvxaiver/Desktop/f1tenth_ws/install/vesc_msgs/include/vesc_msgs
[7.550s] -- Up-to-date: /home/yvxaiver/Desktop/f1tenth_ws/install/vesc_msgs/include/vesc_msgs/msg
[7.550s] -- Up-to-date: /home/yvxaiver/Desktop/f1tenth_ws/install/vesc_msgs/include/vesc_msgs/msg/detail
[7.550s] -- Up-to-date: /home/yvxaiver/Desktop/f1tenth_ws/install/vesc_msgs/include/vesc_msgs/msg/detail/vesc_imu_stamped__type_support.cpp
[7.551s] -- Up-to-date: /home/yvxaiver/Desktop/f1tenth_ws/install/vesc_msgs/include/vesc_msgs/msg/detail/vesc_state__rosidl_typesupport_introspection_cpp.hpp
[7.551s] -- Up-to-date: /home/yvxaiver/Desktop/f1tenth_ws/install/vesc_msgs/include/vesc_msgs/msg/detail/vesc_state__type_support.cpp
[7.552s] -- Up-to-date: /home/yvxaiver/Desktop/f1tenth_ws/install/vesc_msgs/include/vesc_msgs/msg/detail/vesc_imu_stamped__rosidl_typesupport_introspection_cpp.hpp
[7.552s] -- Up-to-date: /home/yvxaiver/Desktop/f1tenth_ws/install/vesc_msgs/include/vesc_msgs/msg/detail/vesc_imu__type_support.cpp
[7.553s] -- Up-to-date: /home/yvxaiver/Desktop/f1tenth_ws/install/vesc_msgs/include/vesc_msgs/msg/detail/vesc_state_stamped__type_support.cpp
[7.554s] -- Up-to-date: /home/yvxaiver/Desktop/f1tenth_ws/install/vesc_msgs/include/vesc_msgs/msg/detail/vesc_state_stamped__rosidl_typesupport_introspection_cpp.hpp
[7.554s] -- Up-to-date: /home/yvxaiver/Desktop/f1tenth_ws/install/vesc_msgs/include/vesc_msgs/msg/detail/vesc_imu__rosidl_typesupport_introspection_cpp.hpp
[7.555s] -- Up-to-date: /home/yvxaiver/Desktop/f1tenth_ws/install/vesc_msgs/lib/libvesc_msgs__rosidl_typesupport_introspection_cpp.so
[7.555s] -- Up-to-date: /home/yvxaiver/Desktop/f1tenth_ws/install/vesc_msgs/lib/libvesc_msgs__rosidl_typesupport_cpp.so
[7.556s] -- Up-to-date: /home/yvxaiver/Desktop/f1tenth_ws/install/vesc_msgs/share/vesc_msgs/environment/pythonpath.sh
[7.556s] -- Up-to-date: /home/yvxaiver/Desktop/f1tenth_ws/install/vesc_msgs/share/vesc_msgs/environment/pythonpath.dsv
[7.556s] -- Up-to-date: /home/yvxaiver/Desktop/f1tenth_ws/install/vesc_msgs/lib/python3.8/site-packages/vesc_msgs/__init__.py
[7.769s] -- Up-to-date: /home/yvxaiver/Desktop/f1tenth_ws/install/vesc_msgs/lib/python3.8/site-packages/vesc_msgs/msg
[7.770s] -- Up-to-date: /home/yvxaiver/Desktop/f1tenth_ws/install/vesc_msgs/lib/python3.8/site-packages/vesc_msgs/msg/_vesc_state_s.c
[7.770s] -- Up-to-date: /home/yvxaiver/Desktop/f1tenth_ws/install/vesc_msgs/lib/python3.8/site-packages/vesc_msgs/msg/_vesc_imu_stamped.py
[7.771s] -- Up-to-date: /home/yvxaiver/Desktop/f1tenth_ws/install/vesc_msgs/lib/python3.8/site-packages/vesc_msgs/msg/_vesc_state_stamped_s.c
[7.771s] -- Up-to-date: /home/yvxaiver/Desktop/f1tenth_ws/install/vesc_msgs/lib/python3.8/site-packages/vesc_msgs/msg/_vesc_state.py
[7.772s] -- Up-to-date: /home/yvxaiver/Desktop/f1tenth_ws/install/vesc_msgs/lib/python3.8/site-packages/vesc_msgs/msg/_vesc_imu_stamped_s.c
[7.772s] -- Up-to-date: /home/yvxaiver/Desktop/f1tenth_ws/install/vesc_msgs/lib/python3.8/site-packages/vesc_msgs/msg/_vesc_imu_s.c
[7.773s] -- Up-to-date: /home/yvxaiver/Desktop/f1tenth_ws/install/vesc_msgs/lib/python3.8/site-packages/vesc_msgs/msg/_vesc_imu.py
[7.773s] -- Up-to-date: /home/yvxaiver/Desktop/f1tenth_ws/install/vesc_msgs/lib/python3.8/site-packages/vesc_msgs/msg/__init__.py
[7.774s] -- Up-to-date: /home/yvxaiver/Desktop/f1tenth_ws/install/vesc_msgs/lib/python3.8/site-packages/vesc_msgs/msg/_vesc_state_stamped.py
[7.774s] -- Up-to-date: /home/yvxaiver/Desktop/f1tenth_ws/install/vesc_msgs/lib/python3.8/site-packages/vesc_msgs/vesc_msgs_s__rosidl_typesupport_fastrtps_c.cpython-38-aarch64-linux-gnu.so
[7.775s] -- Up-to-date: /home/yvxaiver/Desktop/f1tenth_ws/install/vesc_msgs/lib/python3.8/site-packages/vesc_msgs/vesc_msgs_s__rosidl_typesupport_introspection_c.cpython-38-aarch64-linux-gnu.so
[7.778s] -- Up-to-date: /home/yvxaiver/Desktop/f1tenth_ws/install/vesc_msgs/lib/python3.8/site-packages/vesc_msgs/vesc_msgs_s__rosidl_typesupport_c.cpython-38-aarch64-linux-gnu.so
[7.781s] -- Up-to-date: /home/yvxaiver/Desktop/f1tenth_ws/install/vesc_msgs/lib/libvesc_msgs__python.so
[7.783s] -- Up-to-date: /home/yvxaiver/Desktop/f1tenth_ws/install/vesc_msgs/share/vesc_msgs/msg/VescState.idl
[7.784s] -- Up-to-date: /home/yvxaiver/Desktop/f1tenth_ws/install/vesc_msgs/share/vesc_msgs/msg/VescStateStamped.idl
[7.786s] -- Up-to-date: /home/yvxaiver/Desktop/f1tenth_ws/install/vesc_msgs/share/vesc_msgs/msg/VescImu.idl
[7.786s] -- Up-to-date: /home/yvxaiver/Desktop/f1tenth_ws/install/vesc_msgs/share/vesc_msgs/msg/VescImuStamped.idl
[7.787s] -- Up-to-date: /home/yvxaiver/Desktop/f1tenth_ws/install/vesc_msgs/share/vesc_msgs/msg/VescState.msg
[7.797s] -- Up-to-date: /home/yvxaiver/Desktop/f1tenth_ws/install/vesc_msgs/share/vesc_msgs/msg/VescStateStamped.msg
[7.798s] -- Up-to-date: /home/yvxaiver/Desktop/f1tenth_ws/install/vesc_msgs/share/vesc_msgs/msg/VescImu.msg
[7.799s] -- Up-to-date: /home/yvxaiver/Desktop/f1tenth_ws/install/vesc_msgs/share/vesc_msgs/msg/VescImuStamped.msg
[7.800s] -- Up-to-date: /home/yvxaiver/Desktop/f1tenth_ws/install/vesc_msgs/share/ament_index/resource_index/package_run_dependencies/vesc_msgs
[7.801s] -- Up-to-date: /home/yvxaiver/Desktop/f1tenth_ws/install/vesc_msgs/share/ament_index/resource_index/parent_prefix_path/vesc_msgs
[7.801s] -- Up-to-date: /home/yvxaiver/Desktop/f1tenth_ws/install/vesc_msgs/share/vesc_msgs/environment/ament_prefix_path.sh
[7.802s] -- Up-to-date: /home/yvxaiver/Desktop/f1tenth_ws/install/vesc_msgs/share/vesc_msgs/environment/ament_prefix_path.dsv
[7.807s] -- Up-to-date: /home/yvxaiver/Desktop/f1tenth_ws/install/vesc_msgs/share/vesc_msgs/environment/path.sh
[7.807s] -- Up-to-date: /home/yvxaiver/Desktop/f1tenth_ws/install/vesc_msgs/share/vesc_msgs/environment/path.dsv
[7.808s] -- Up-to-date: /home/yvxaiver/Desktop/f1tenth_ws/install/vesc_msgs/share/vesc_msgs/local_setup.bash
[7.809s] -- Up-to-date: /home/yvxaiver/Desktop/f1tenth_ws/install/vesc_msgs/share/vesc_msgs/local_setup.sh
[7.809s] -- Up-to-date: /home/yvxaiver/Desktop/f1tenth_ws/install/vesc_msgs/share/vesc_msgs/local_setup.zsh
[7.810s] -- Up-to-date: /home/yvxaiver/Desktop/f1tenth_ws/install/vesc_msgs/share/vesc_msgs/local_setup.dsv
[7.810s] -- Installing: /home/yvxaiver/Desktop/f1tenth_ws/install/vesc_msgs/share/vesc_msgs/package.dsv
[7.814s] -- Up-to-date: /home/yvxaiver/Desktop/f1tenth_ws/install/vesc_msgs/share/ament_index/resource_index/packages/vesc_msgs
[7.817s] -- Up-to-date: /home/yvxaiver/Desktop/f1tenth_ws/install/vesc_msgs/share/vesc_msgs/cmake/vesc_msgs__rosidl_generator_cExport.cmake
[7.817s] -- Up-to-date: /home/yvxaiver/Desktop/f1tenth_ws/install/vesc_msgs/share/vesc_msgs/cmake/vesc_msgs__rosidl_generator_cExport-noconfig.cmake
[7.819s] -- Up-to-date: /home/yvxaiver/Desktop/f1tenth_ws/install/vesc_msgs/share/vesc_msgs/cmake/vesc_msgs__rosidl_typesupport_introspection_cExport.cmake
[7.821s] -- Up-to-date: /home/yvxaiver/Desktop/f1tenth_ws/install/vesc_msgs/share/vesc_msgs/cmake/vesc_msgs__rosidl_typesupport_introspection_cExport-noconfig.cmake
[7.824s] -- Up-to-date: /home/yvxaiver/Desktop/f1tenth_ws/install/vesc_msgs/share/vesc_msgs/cmake/vesc_msgs__rosidl_typesupport_cExport.cmake
[7.825s] -- Up-to-date: /home/yvxaiver/Desktop/f1tenth_ws/install/vesc_msgs/share/vesc_msgs/cmake/vesc_msgs__rosidl_typesupport_cExport-noconfig.cmake
[7.827s] -- Up-to-date: /home/yvxaiver/Desktop/f1tenth_ws/install/vesc_msgs/share/vesc_msgs/cmake/vesc_msgs__rosidl_generator_cppExport.cmake
[7.830s] -- Up-to-date: /home/yvxaiver/Desktop/f1tenth_ws/install/vesc_msgs/share/vesc_msgs/cmake/vesc_msgs__rosidl_typesupport_introspection_cppExport.cmake
[7.831s] -- Up-to-date: /home/yvxaiver/Desktop/f1tenth_ws/install/vesc_msgs/share/vesc_msgs/cmake/vesc_msgs__rosidl_typesupport_introspection_cppExport-noconfig.cmake
[7.838s] -- Up-to-date: /home/yvxaiver/Desktop/f1tenth_ws/install/vesc_msgs/share/vesc_msgs/cmake/vesc_msgs__rosidl_typesupport_cppExport.cmake
[7.839s] -- Up-to-date: /home/yvxaiver/Desktop/f1tenth_ws/install/vesc_msgs/share/vesc_msgs/cmake/vesc_msgs__rosidl_typesupport_cppExport-noconfig.cmake
[7.839s] -- Up-to-date: /home/yvxaiver/Desktop/f1tenth_ws/install/vesc_msgs/share/vesc_msgs/cmake/rosidl_cmake-extras.cmake
[7.840s] -- Up-to-date: /home/yvxaiver/Desktop/f1tenth_ws/install/vesc_msgs/share/vesc_msgs/cmake/ament_cmake_export_dependencies-extras.cmake
[7.840s] -- Up-to-date: /home/yvxaiver/Desktop/f1tenth_ws/install/vesc_msgs/share/vesc_msgs/cmake/ament_cmake_export_libraries-extras.cmake
[7.841s] -- Up-to-date: /home/yvxaiver/Desktop/f1tenth_ws/install/vesc_msgs/share/vesc_msgs/cmake/ament_cmake_export_targets-extras.cmake
[7.841s] -- Up-to-date: /home/yvxaiver/Desktop/f1tenth_ws/install/vesc_msgs/share/vesc_msgs/cmake/ament_cmake_export_include_directories-extras.cmake
[7.841s] -- Up-to-date: /home/yvxaiver/Desktop/f1tenth_ws/install/vesc_msgs/share/vesc_msgs/cmake/rosidl_cmake_export_typesupport_libraries-extras.cmake
[7.842s] -- Up-to-date: /home/yvxaiver/Desktop/f1tenth_ws/install/vesc_msgs/share/vesc_msgs/cmake/rosidl_cmake_export_typesupport_targets-extras.cmake
[7.842s] -- Up-to-date: /home/yvxaiver/Desktop/f1tenth_ws/install/vesc_msgs/share/vesc_msgs/cmake/vesc_msgsConfig.cmake
[7.843s] -- Up-to-date: /home/yvxaiver/Desktop/f1tenth_ws/install/vesc_msgs/share/vesc_msgs/cmake/vesc_msgsConfig-version.cmake
[7.843s] -- Up-to-date: /home/yvxaiver/Desktop/f1tenth_ws/install/vesc_msgs/share/vesc_msgs/package.xml
[9.425s] Invoked command in '/home/yvxaiver/Desktop/f1tenth_ws/build/vesc_msgs' returned '0': CMAKE_PREFIX_PATH=${CMAKE_PREFIX_PATH}:/home/yvxaiver/f1tenth_ws/install/f1tenth_stack:/home/yvxaiver/f1tenth_ws/install/joy_teleop:/home/yvxaiver/f1tenth_ws/install/planned_path:/home/yvxaiver/f1tenth_ws/install/mouse_teleop:/home/yvxaiver/f1tenth_ws/install/lanenet_driver:/home/yvxaiver/f1tenth_ws/install/key_teleop:/home/yvxaiver/camera_ws/install/lanenet_postprocess:/home/yvxaiver/camera_ws/install/image_processor:/home/yvxaiver/camera_ws/install/inv_mux:/opt/ros/foxy /usr/bin/cmake --install /home/yvxaiver/Desktop/f1tenth_ws/build/vesc_msgs
